#
# There is insufficient memory for the Java Runtime Environment to continue.
# Native memory allocation (malloc) failed to allocate 1111216 bytes for Chunk::new
# Possible reasons:
#   The system is out of physical RAM or swap space
#   In 32 bit mode, the process size limit was hit
# Possible solutions:
#   Reduce memory load on the system
#   Increase physical memory or swap space
#   Check if swap backing store is full
#   Use 64 bit Java on a 64 bit OS
#   Decrease Java heap size (-Xmx/-Xms)
#   Decrease number of Java threads
#   Decrease Java thread stack sizes (-Xss)
#   Set larger code cache with -XX:ReservedCodeCacheSize=
# This output file may be truncated or incomplete.
#
#  Out of Memory Error (allocation.cpp:390), pid=1764, tid=0x00000000000034b0
#
# JRE version: OpenJDK Runtime Environment (8.0_152-b01) (build 1.8.0_152-release-915-b01)
# Java VM: OpenJDK 64-Bit Server VM (25.152-b01 mixed mode windows-amd64 compressed oops)
# Failed to write core dump. Minidumps are not enabled by default on client versions of Windows
#

---------------  T H R E A D  ---------------

Current thread (0x000000001552d800):  JavaThread "C2 CompilerThread1" daemon [_thread_in_native, id=13488, stack(0x0000000015c20000,0x0000000015d20000)]

Stack: [0x0000000015c20000,0x0000000015d20000]
[error occurred during error reporting (printing stack bounds), id 0xc0000005]

Native frames: (J=compiled Java code, j=interpreted, Vv=VM code, C=native code)


Current CompileTask:
C2:  17287 4052       4       java.net.URLClassLoader$1::run (5 bytes)


---------------  P R O C E S S  ---------------

Java Threads: ( => current thread )
  0x0000000019473800 JavaThread "Memory manager" [_thread_blocked, id=16480, stack(0x000000001e480000,0x000000001e580000)]
  0x0000000019473000 JavaThread "build operations Thread 4" [_thread_blocked, id=16692, stack(0x000000001dc80000,0x000000001dd80000)]
  0x000000001b3d6000 JavaThread "build operations Thread 3" [_thread_blocked, id=15236, stack(0x000000001db80000,0x000000001dc80000)]
  0x000000001b3d2000 JavaThread "build operations Thread 2" [_thread_blocked, id=5796, stack(0x000000001bd90000,0x000000001be90000)]
  0x000000001b3d4800 JavaThread "build operations" [_thread_blocked, id=11820, stack(0x000000001ac30000,0x000000001ad30000)]
  0x000000001b3d0800 JavaThread "Cache worker for Artifact transforms cache (X:\Users\asd\.gradle\caches\transforms-1)" [_thread_blocked, id=15736, stack(0x000000001ab30000,0x000000001ac30000)]
  0x00000000177a2000 JavaThread "Cache worker for file hash cache (X:\Users\asd\Clock\.gradle\4.1\fileHashes)" [_thread_blocked, id=15852, stack(0x0000000019860000,0x0000000019960000)]
  0x00000000170ef800 JavaThread "File lock request listener" [_thread_in_native, id=14692, stack(0x0000000018790000,0x0000000018890000)]
  0x00000000170fb800 JavaThread "Cache worker for file hash cache (X:\Users\asd\.gradle\caches\4.1\fileHashes)" [_thread_blocked, id=16008, stack(0x0000000018690000,0x0000000018790000)]
  0x0000000016ee7800 JavaThread "Stdin handler" [_thread_blocked, id=15220, stack(0x0000000018390000,0x0000000018490000)]
  0x0000000016edd000 JavaThread "Asynchronous log dispatcher for DefaultDaemonConnection: socket connection from /127.0.0.1:56443 to /127.0.0.1:56444" [_thread_blocked, id=16620, stack(0x0000000018290000,0x0000000018390000)]
  0x0000000016ed9000 JavaThread "Daemon worker" [_thread_in_Java, id=1044, stack(0x0000000018190000,0x0000000018290000)]
  0x0000000016f2b800 JavaThread "Cancel handler" [_thread_blocked, id=14708, stack(0x0000000018090000,0x0000000018190000)]
  0x0000000016ecb000 JavaThread "Handler for socket connection from /127.0.0.1:56443 to /127.0.0.1:56444" [_thread_in_native, id=15656, stack(0x0000000017d90000,0x0000000017e90000)]
  0x0000000016ec8000 JavaThread "Daemon" [_thread_blocked, id=17244, stack(0x0000000017c90000,0x0000000017d90000)]
  0x0000000017414800 JavaThread "Daemon periodic checks" [_thread_blocked, id=9720, stack(0x0000000017b90000,0x0000000017c90000)]
  0x0000000016df8800 JavaThread "Incoming local TCP Connector on port 56443" [_thread_in_native, id=11564, stack(0x00000000179f0000,0x0000000017af0000)]
  0x000000001559f800 JavaThread "Service Thread" daemon [_thread_blocked, id=12896, stack(0x0000000015e20000,0x0000000015f20000)]
  0x0000000015548800 JavaThread "C1 CompilerThread2" daemon [_thread_in_native, id=14456, stack(0x0000000015d20000,0x0000000015e20000)]
=>0x000000001552d800 JavaThread "C2 CompilerThread1" daemon [_thread_in_native, id=13488, stack(0x0000000015c20000,0x0000000015d20000)]
  0x0000000014170800 JavaThread "C2 CompilerThread0" daemon [_thread_in_native, id=3988, stack(0x0000000015b20000,0x0000000015c20000)]
  0x00000000141be800 JavaThread "Attach Listener" daemon [_thread_blocked, id=16112, stack(0x0000000015a20000,0x0000000015b20000)]
  0x000000001415a800 JavaThread "Signal Dispatcher" daemon [_thread_blocked, id=15592, stack(0x0000000015920000,0x0000000015a20000)]
  0x0000000014149000 JavaThread "Finalizer" daemon [_thread_blocked, id=13080, stack(0x00000000153c0000,0x00000000154c0000)]
  0x0000000002de3800 JavaThread "Reference Handler" daemon [_thread_blocked, id=276, stack(0x00000000152c0000,0x00000000153c0000)]
  0x0000000002cf3800 JavaThread "main" [_thread_blocked, id=6504, stack(0x00000000027c0000,0x00000000028c0000)]

Other Threads:
  0x0000000014126800 VMThread [stack: 0x00000000151c0000,0x00000000152c0000] [id=16160]
  0x00000000155bb000 WatcherThread [stack: 0x0000000015f20000,0x0000000016020000] [id=2024]

VM state:not at safepoint (normal execution)

VM Mutex/Monitor currently owned by a thread: None

Heap:
 PSYoungGen      total 102400K, used 26795K [0x00000000f5580000, 0x00000000fc400000, 0x0000000100000000)
  eden space 91648K, 29% used [0x00000000f5580000,0x00000000f6faaec8,0x00000000faf00000)
  from space 10752K, 0% used [0x00000000faf00000,0x00000000faf00000,0x00000000fb980000)
  to   space 8704K, 0% used [0x00000000fbb80000,0x00000000fbb80000,0x00000000fc400000)
 ParOldGen       total 60416K, used 16270K [0x00000000e0000000, 0x00000000e3b00000, 0x00000000f5580000)
  object space 60416K, 26% used [0x00000000e0000000,0x00000000e0fe3848,0x00000000e3b00000)
 Metaspace       used 38328K, capacity 39198K, committed 39384K, reserved 1083392K
  class space    used 5192K, capacity 5526K, committed 5632K, reserved 1048576K

Card table byte_map: [0x00000000121b0000,0x00000000122c0000] byte_map_base: 0x0000000011ab0000

Marking Bits: (ParMarkBitMap*) 0x0000000073663950
 Begin Bits: [0x00000000126c0000, 0x0000000012ec0000)
 End Bits:   [0x0000000012ec0000, 0x00000000136c0000)

Polling page: 0x0000000000fd0000

CodeCache: size=245760Kb used=14149Kb max_used=14149Kb free=231610Kb
 bounds [0x0000000002df0000, 0x0000000003bd0000, 0x0000000011df0000]
 total_blobs=4473 nmethods=3761 adapters=624
 compilation: enabled

Compilation events (10 events):
Event: 17.281 Thread 0x0000000015548800 nmethod 4066 0x0000000003bc4ed0 code [0x0000000003bc5040, 0x0000000003bc5388]
Event: 17.281 Thread 0x0000000015548800 4067       3       sun.reflect.generics.parser.SignatureParser::parseZeroOrMoreTypeSignatures (174 bytes)
Event: 17.282 Thread 0x0000000015548800 nmethod 4067 0x0000000003bc6490 code [0x0000000003bc66c0, 0x0000000003bc7218]
Event: 17.282 Thread 0x0000000015548800 4068       3       com.google.common.collect.Maps::immutableEntry (10 bytes)
Event: 17.282 Thread 0x0000000015548800 nmethod 4068 0x0000000003bc4950 code [0x0000000003bc4ac0, 0x0000000003bc4d90]
Event: 17.282 Thread 0x0000000015548800 4069       3       org.gradle.internal.reflect.Methods$1::doHash (9 bytes)
Event: 17.283 Thread 0x0000000015548800 nmethod 4069 0x0000000003bc77d0 code [0x0000000003bc79a0, 0x0000000003bc81c8]
Event: 17.283 Thread 0x0000000015548800 4070       3       org.gradle.internal.reflect.Methods$1::doHash (25 bytes)
Event: 17.284 Thread 0x0000000015548800 nmethod 4070 0x0000000003bc8510 code [0x0000000003bc86c0, 0x0000000003bc8d28]
Event: 17.284 Thread 0x0000000015548800 4071       3       org.gradle.model.internal.type.ClassTypeWrapper::equals (41 bytes)

GC Heap History (10 events):
Event: 9.179 GC heap before
{Heap before GC invocations=7 (full 1):
 PSYoungGen      total 68096K, used 65536K [0x00000000f5580000, 0x00000000f9a80000, 0x0000000100000000)
  eden space 65536K, 100% used [0x00000000f5580000,0x00000000f9580000,0x00000000f9580000)
  from space 2560K, 0% used [0x00000000f9580000,0x00000000f9580000,0x00000000f9800000)
  to   space 2560K, 0% used [0x00000000f9800000,0x00000000f9800000,0x00000000f9a80000)
 ParOldGen       total 43520K, used 12411K [0x00000000e0000000, 0x00000000e2a80000, 0x00000000f5580000)
  object space 43520K, 28% used [0x00000000e0000000,0x00000000e0c1ef18,0x00000000e2a80000)
 Metaspace       used 25616K, capacity 26146K, committed 26240K, reserved 1071104K
  class space    used 3536K, capacity 3682K, committed 3712K, reserved 1048576K
Event: 9.250 GC heap after
Heap after GC invocations=7 (full 1):
 PSYoungGen      total 60928K, used 2544K [0x00000000f5580000, 0x00000000fd080000, 0x0000000100000000)
  eden space 58368K, 0% used [0x00000000f5580000,0x00000000f5580000,0x00000000f8e80000)
  from space 2560K, 99% used [0x00000000f9800000,0x00000000f9a7c010,0x00000000f9a80000)
  to   space 9728K, 0% used [0x00000000f8e80000,0x00000000f8e80000,0x00000000f9800000)
 ParOldGen       total 43520K, used 16532K [0x00000000e0000000, 0x00000000e2a80000, 0x00000000f5580000)
  object space 43520K, 37% used [0x00000000e0000000,0x00000000e10253b0,0x00000000e2a80000)
 Metaspace       used 25616K, capacity 26146K, committed 26240K, reserved 1071104K
  class space    used 3536K, capacity 3682K, committed 3712K, reserved 1048576K
}
Event: 10.787 GC heap before
{Heap before GC invocations=8 (full 1):
 PSYoungGen      total 60928K, used 60912K [0x00000000f5580000, 0x00000000fd080000, 0x0000000100000000)
  eden space 58368K, 100% used [0x00000000f5580000,0x00000000f8e80000,0x00000000f8e80000)
  from space 2560K, 99% used [0x00000000f9800000,0x00000000f9a7c010,0x00000000f9a80000)
  to   space 9728K, 0% used [0x00000000f8e80000,0x00000000f8e80000,0x00000000f9800000)
 ParOldGen       total 43520K, used 16532K [0x00000000e0000000, 0x00000000e2a80000, 0x00000000f5580000)
  object space 43520K, 37% used [0x00000000e0000000,0x00000000e10253b0,0x00000000e2a80000)
 Metaspace       used 30925K, capacity 31602K, committed 31744K, reserved 1077248K
  class space    used 4300K, capacity 4584K, committed 4608K, reserved 1048576K
Event: 10.807 GC heap after
Heap after GC invocations=8 (full 1):
 PSYoungGen      total 68096K, used 8921K [0x00000000f5580000, 0x00000000fc600000, 0x0000000100000000)
  eden space 58368K, 0% used [0x00000000f5580000,0x00000000f5580000,0x00000000f8e80000)
  from space 9728K, 91% used [0x00000000f8e80000,0x00000000f97365a0,0x00000000f9800000)
  to   space 10752K, 0% used [0x00000000fbb80000,0x00000000fbb80000,0x00000000fc600000)
 ParOldGen       total 43520K, used 16604K [0x00000000e0000000, 0x00000000e2a80000, 0x00000000f5580000)
  object space 43520K, 38% used [0x00000000e0000000,0x00000000e10373c0,0x00000000e2a80000)
 Metaspace       used 30925K, capacity 31602K, committed 31744K, reserved 1077248K
  class space    used 4300K, capacity 4584K, committed 4608K, reserved 1048576K
}
Event: 12.429 GC heap before
{Heap before GC invocations=9 (full 1):
 PSYoungGen      total 68096K, used 67121K [0x00000000f5580000, 0x00000000fc600000, 0x0000000100000000)
  eden space 58368K, 99% used [0x00000000f5580000,0x00000000f8e56018,0x00000000f8e80000)
  from space 9728K, 91% used [0x00000000f8e80000,0x00000000f97365a0,0x00000000f9800000)
  to   space 10752K, 0% used [0x00000000fbb80000,0x00000000fbb80000,0x00000000fc600000)
 ParOldGen       total 43520K, used 16604K [0x00000000e0000000, 0x00000000e2a80000, 0x00000000f5580000)
  object space 43520K, 38% used [0x00000000e0000000,0x00000000e10373c0,0x00000000e2a80000)
 Metaspace       used 32139K, capacity 32848K, committed 33152K, reserved 1077248K
  class space    used 4393K, capacity 4657K, committed 4736K, reserved 1048576K
Event: 12.442 GC heap after
Heap after GC invocations=9 (full 1):
 PSYoungGen      total 100352K, used 7487K [0x00000000f5580000, 0x00000000fc400000, 0x0000000100000000)
  eden space 91648K, 0% used [0x00000000f5580000,0x00000000f5580000,0x00000000faf00000)
  from space 8704K, 86% used [0x00000000fbb80000,0x00000000fc2cfc30,0x00000000fc400000)
  to   space 10752K, 0% used [0x00000000faf00000,0x00000000faf00000,0x00000000fb980000)
 ParOldGen       total 43520K, used 16612K [0x00000000e0000000, 0x00000000e2a80000, 0x00000000f5580000)
  object space 43520K, 38% used [0x00000000e0000000,0x00000000e10393c0,0x00000000e2a80000)
 Metaspace       used 32139K, capacity 32848K, committed 33152K, reserved 1077248K
  class space    used 4393K, capacity 4657K, committed 4736K, reserved 1048576K
}
Event: 13.652 GC heap before
{Heap before GC invocations=10 (full 1):
 PSYoungGen      total 100352K, used 26245K [0x00000000f5580000, 0x00000000fc400000, 0x0000000100000000)
  eden space 91648K, 20% used [0x00000000f5580000,0x00000000f67d1a98,0x00000000faf00000)
  from space 8704K, 86% used [0x00000000fbb80000,0x00000000fc2cfc30,0x00000000fc400000)
  to   space 10752K, 0% used [0x00000000faf00000,0x00000000faf00000,0x00000000fb980000)
 ParOldGen       total 43520K, used 16612K [0x00000000e0000000, 0x00000000e2a80000, 0x00000000f5580000)
  object space 43520K, 38% used [0x00000000e0000000,0x00000000e10393c0,0x00000000e2a80000)
 Metaspace       used 34479K, capacity 35248K, committed 35416K, reserved 1079296K
  class space    used 4694K, capacity 4974K, committed 4992K, reserved 1048576K
Event: 13.704 GC heap after
Heap after GC invocations=10 (full 1):
 PSYoungGen      total 102400K, used 6879K [0x00000000f5580000, 0x00000000fc400000, 0x0000000100000000)
  eden space 91648K, 0% used [0x00000000f5580000,0x00000000f5580000,0x00000000faf00000)
  from space 10752K, 63% used [0x00000000faf00000,0x00000000fb5b7d20,0x00000000fb980000)
  to   space 8704K, 0% used [0x00000000fbb80000,0x00000000fbb80000,0x00000000fc400000)
 ParOldGen       total 43520K, used 19056K [0x00000000e0000000, 0x00000000e2a80000, 0x00000000f5580000)
  object space 43520K, 43% used [0x00000000e0000000,0x00000000e129c3e8,0x00000000e2a80000)
 Metaspace       used 34479K, capacity 35248K, committed 35416K, reserved 1079296K
  class space    used 4694K, capacity 4974K, committed 4992K, reserved 1048576K
}
Event: 13.704 GC heap before
{Heap before GC invocations=11 (full 2):
 PSYoungGen      total 102400K, used 6879K [0x00000000f5580000, 0x00000000fc400000, 0x0000000100000000)
  eden space 91648K, 0% used [0x00000000f5580000,0x00000000f5580000,0x00000000faf00000)
  from space 10752K, 63% used [0x00000000faf00000,0x00000000fb5b7d20,0x00000000fb980000)
  to   space 8704K, 0% used [0x00000000fbb80000,0x00000000fbb80000,0x00000000fc400000)
 ParOldGen       total 43520K, used 19056K [0x00000000e0000000, 0x00000000e2a80000, 0x00000000f5580000)
  object space 43520K, 43% used [0x00000000e0000000,0x00000000e129c3e8,0x00000000e2a80000)
 Metaspace       used 34479K, capacity 35248K, committed 35416K, reserved 1079296K
  class space    used 4694K, capacity 4974K, committed 4992K, reserved 1048576K
Event: 13.958 GC heap after
Heap after GC invocations=11 (full 2):
 PSYoungGen      total 102400K, used 0K [0x00000000f5580000, 0x00000000fc400000, 0x0000000100000000)
  eden space 91648K, 0% used [0x00000000f5580000,0x00000000f5580000,0x00000000faf00000)
  from space 10752K, 0% used [0x00000000faf00000,0x00000000faf00000,0x00000000fb980000)
  to   space 8704K, 0% used [0x00000000fbb80000,0x00000000fbb80000,0x00000000fc400000)
 ParOldGen       total 60416K, used 16270K [0x00000000e0000000, 0x00000000e3b00000, 0x00000000f5580000)
  object space 60416K, 26% used [0x00000000e0000000,0x00000000e0fe3848,0x00000000e3b00000)
 Metaspace       used 34479K, capacity 35248K, committed 35416K, reserved 1079296K
  class space    used 4694K, capacity 4974K, committed 4992K, reserved 1048576K
}

Deoptimization events (10 events):
Event: 13.404 Thread 0x0000000016ed9000 Uncommon trap: reason=class_check action=maybe_recompile pc=0x0000000003a21708 method=java.util.Hashtable.get(Ljava/lang/Object;)Ljava/lang/Object; @ 6
Event: 13.404 Thread 0x0000000016ed9000 Uncommon trap: reason=class_check action=maybe_recompile pc=0x0000000003a21708 method=java.util.Hashtable.get(Ljava/lang/Object;)Ljava/lang/Object; @ 6
Event: 13.404 Thread 0x0000000016ed9000 Uncommon trap: reason=class_check action=maybe_recompile pc=0x0000000003a21708 method=java.util.Hashtable.get(Ljava/lang/Object;)Ljava/lang/Object; @ 6
Event: 13.446 Thread 0x0000000016ed9000 Uncommon trap: reason=unstable_if action=reinterpret pc=0x0000000002f87678 method=java.lang.String.replace(CC)Ljava/lang/String; @ 2
Event: 13.452 Thread 0x0000000016ed9000 Uncommon trap: reason=unstable_if action=reinterpret pc=0x00000000037440f8 method=groovy.lang.MetaClassImpl.checkIfStdMethod(Lgroovy/lang/MetaMethod;)V @ 55
Event: 13.452 Thread 0x0000000016ed9000 Uncommon trap: reason=unstable_if action=reinterpret pc=0x0000000003ae5904 method=org.codehaus.groovy.runtime.metaclass.MetaMethodIndex.copyNonPrivateNonNewMetaMethods(Lorg/codehaus/groovy/runtime/metaclass/MetaMethodIndex$Entry;Lorg/codehaus/groovy/runti
Event: 13.452 Thread 0x0000000016ed9000 Uncommon trap: reason=unstable_if action=reinterpret pc=0x00000000038ccc28 method=groovy.lang.MetaClassImpl$1MOPIter.methodNameAction(Ljava/lang/Class;Lorg/codehaus/groovy/runtime/metaclass/MetaMethodIndex$Entry;)V @ 259
Event: 13.980 Thread 0x0000000016ed9000 Uncommon trap: reason=unstable_if action=reinterpret pc=0x0000000003929f90 method=java.lang.Integer.valueOf(I)Ljava/lang/Integer; @ 3
Event: 13.986 Thread 0x0000000016ed9000 Uncommon trap: reason=predicate action=maybe_recompile pc=0x0000000003779624 method=java.util.Arrays.binarySearch0([Ljava/lang/Object;IILjava/lang/Object;Ljava/util/Comparator;)I @ 28
Event: 13.986 Thread 0x0000000016ed9000 Uncommon trap: reason=predicate action=maybe_recompile pc=0x00000000037788f8 method=java.util.Arrays.binarySearch0([Ljava/lang/Object;IILjava/lang/Object;Ljava/util/Comparator;)I @ 28

Classes redefined (0 events):
No events

Internal exceptions (10 events):
Event: 13.454 Thread 0x0000000016ed9000 Exception <a 'java/lang/ClassNotFoundException': org/gradle/api/internal/project/DefaultAntBuilderBeanInfo> (0x00000000f62a83a0) thrown at [D:\src\AOSP-openjdk-cygwin\jdk8u\hotspot\src\share\vm\classfile\systemDictionary.cpp, line 210]
Event: 13.455 Thread 0x0000000016ed9000 Exception <a 'java/lang/ClassNotFoundException': org/gradle/api/internal/project/ant/BasicAntBuilderBeanInfo> (0x00000000f62d6248) thrown at [D:\src\AOSP-openjdk-cygwin\jdk8u\hotspot\src\share\vm\classfile\systemDictionary.cpp, line 210]
Event: 13.456 Thread 0x0000000016ed9000 Exception <a 'java/lang/ClassNotFoundException': org/gradle/api/AntBuilderBeanInfo> (0x00000000f62f67c0) thrown at [D:\src\AOSP-openjdk-cygwin\jdk8u\hotspot\src\share\vm\classfile\systemDictionary.cpp, line 210]
Event: 13.457 Thread 0x0000000016ed9000 Exception <a 'java/lang/ClassNotFoundException': groovy/util/AntBuilderBeanInfo> (0x00000000f6315818) thrown at [D:\src\AOSP-openjdk-cygwin\jdk8u\hotspot\src\share\vm\classfile\systemDictionary.cpp, line 210]
Event: 13.458 Thread 0x0000000016ed9000 Exception <a 'java/lang/ClassNotFoundException': groovy/util/BuilderSupportBeanInfo> (0x00000000f6335d68) thrown at [D:\src\AOSP-openjdk-cygwin\jdk8u\hotspot\src\share\vm\classfile\systemDictionary.cpp, line 210]
Event: 13.459 Thread 0x0000000016ed9000 Exception <a 'java/lang/ClassNotFoundException': groovy/util/BuilderSupportCustomizer> (0x00000000f6358148) thrown at [D:\src\AOSP-openjdk-cygwin\jdk8u\hotspot\src\share\vm\classfile\systemDictionary.cpp, line 210]
Event: 13.460 Thread 0x0000000016ed9000 Exception <a 'java/lang/ClassNotFoundException': groovy/util/AntBuilderCustomizer> (0x00000000f637b3c8) thrown at [D:\src\AOSP-openjdk-cygwin\jdk8u\hotspot\src\share\vm\classfile\systemDictionary.cpp, line 210]
Event: 13.462 Thread 0x0000000016ed9000 Exception <a 'java/lang/ClassNotFoundException': org/gradle/api/AntBuilderCustomizer> (0x00000000f63a37a8) thrown at [D:\src\AOSP-openjdk-cygwin\jdk8u\hotspot\src\share\vm\classfile\systemDictionary.cpp, line 210]
Event: 13.463 Thread 0x0000000016ed9000 Exception <a 'java/lang/ClassNotFoundException': org/gradle/api/internal/project/ant/BasicAntBuilderCustomizer> (0x00000000f63dfb18) thrown at [D:\src\AOSP-openjdk-cygwin\jdk8u\hotspot\src\share\vm\classfile\systemDictionary.cpp, line 210]
Event: 13.465 Thread 0x0000000016ed9000 Exception <a 'java/lang/ClassNotFoundException': org/gradle/api/internal/project/DefaultAntBuilderCustomizer> (0x00000000f6422a00) thrown at [D:\src\AOSP-openjdk-cygwin\jdk8u\hotspot\src\share\vm\classfile\systemDictionary.cpp, line 210]

Events (10 events):
Event: 17.059 loading class org/gradle/platform/base/plugins/BinaryBasePlugin$Rules
Event: 17.059 loading class org/gradle/platform/base/plugins/BinaryBasePlugin$Rules done
Event: 17.061 loading class org/gradle/platform/base/internal/BinarySpecInternal
Event: 17.061 loading class org/gradle/platform/base/internal/BinarySpecInternal done
Event: 17.279 loading class org/gradle/platform/base/BinaryTasksCollection
Event: 17.279 loading class org/gradle/platform/base/BinaryTasksCollection done
Event: 17.283 loading class org/gradle/model/internal/manage/schema/cache/MultiWeakClassSet$1
Event: 17.283 loading class org/gradle/model/internal/manage/schema/cache/MultiWeakClassSet$1 done
Event: 17.284 loading class org/gradle/model/internal/manage/schema/cache/MultiWeakClassSet$2
Event: 17.284 loading class org/gradle/model/internal/manage/schema/cache/MultiWeakClassSet$2 done


Dynamic libraries:
0x00007ff62bf30000 - 0x00007ff62bf61000 	X:\Program Files\Android\Android Studio2\jre\bin\java.exe
0x00007ffc7c9d0000 - 0x00007ffc7cba2000 	X:\Windows\SYSTEM32\ntdll.dll
0x00007ffc7af80000 - 0x00007ffc7b02c000 	X:\Windows\System32\KERNEL32.DLL
0x00007ffc79a20000 - 0x00007ffc79c3d000 	X:\Windows\System32\KERNELBASE.dll
0x00007ffc7a950000 - 0x00007ffc7a9f2000 	X:\Windows\System32\ADVAPI32.dll
0x00007ffc7a5b0000 - 0x00007ffc7a64e000 	X:\Windows\System32\msvcrt.dll
0x00007ffc7ace0000 - 0x00007ffc7ad39000 	X:\Windows\System32\sechost.dll
0x00007ffc7a390000 - 0x00007ffc7a4b1000 	X:\Windows\System32\RPCRT4.dll
0x00007ffc7a670000 - 0x00007ffc7a7d5000 	X:\Windows\System32\USER32.dll
0x00007ffc78f40000 - 0x00007ffc78f5e000 	X:\Windows\System32\win32u.dll
0x00007ffc7a510000 - 0x00007ffc7a544000 	X:\Windows\System32\GDI32.dll
0x00007ffc78f60000 - 0x00007ffc790e0000 	X:\Windows\System32\gdi32full.dll
0x00007ffc6b960000 - 0x00007ffc6bbda000 	X:\Windows\WinSxS\amd64_microsoft.windows.common-controls_6595b64144ccf1df_6.0.14393.953_none_42151e83c686086b\COMCTL32.dll
0x00007ffc7aa00000 - 0x00007ffc7acc8000 	X:\Windows\System32\combase.dll
0x00007ffc798c0000 - 0x00007ffc799b5000 	X:\Windows\System32\ucrtbase.dll
0x00007ffc78ed0000 - 0x00007ffc78f3a000 	X:\Windows\System32\bcryptPrimitives.dll
0x00007ffc7a4e0000 - 0x00007ffc7a50e000 	X:\Windows\System32\IMM32.DLL
0x0000000073f90000 - 0x0000000074062000 	X:\Program Files\Android\Android Studio2\jre\jre\bin\msvcr100.dll
0x0000000072ea0000 - 0x00000000736de000 	X:\Program Files\Android\Android Studio2\jre\jre\bin\server\jvm.dll
0x00007ffc7acd0000 - 0x00007ffc7acd8000 	X:\Windows\System32\PSAPI.DLL
0x00007ffc566a0000 - 0x00007ffc566a9000 	X:\Windows\SYSTEM32\WSOCK32.dll
0x00007ffc7a7e0000 - 0x00007ffc7a84a000 	X:\Windows\System32\WS2_32.dll
0x00007ffc76f20000 - 0x00007ffc76f43000 	X:\Windows\SYSTEM32\WINMM.dll
0x00007ffc74320000 - 0x00007ffc7432a000 	X:\Windows\SYSTEM32\VERSION.dll
0x00007ffc76ec0000 - 0x00007ffc76eeb000 	X:\Windows\SYSTEM32\WINMMBASE.dll
0x00007ffc790e0000 - 0x00007ffc79122000 	X:\Windows\System32\cfgmgr32.dll
0x00007ffc761b0000 - 0x00007ffc761bf000 	X:\Program Files\Android\Android Studio2\jre\jre\bin\verify.dll
0x00007ffc76180000 - 0x00007ffc761a9000 	X:\Program Files\Android\Android Studio2\jre\jre\bin\java.dll
0x00007ffc76160000 - 0x00007ffc76176000 	X:\Program Files\Android\Android Studio2\jre\jre\bin\zip.dll
0x00007ffc7b030000 - 0x00007ffc7c538000 	X:\Windows\System32\SHELL32.dll
0x00007ffc791e0000 - 0x00007ffc798b8000 	X:\Windows\System32\windows.storage.dll
0x00007ffc78e80000 - 0x00007ffc78ecc000 	X:\Windows\System32\powrprof.dll
0x00007ffc7a850000 - 0x00007ffc7a8a2000 	X:\Windows\System32\shlwapi.dll
0x00007ffc78e60000 - 0x00007ffc78e6f000 	X:\Windows\System32\kernel.appcore.dll
0x00007ffc79eb0000 - 0x00007ffc79f59000 	X:\Windows\System32\shcore.dll
0x00007ffc78e40000 - 0x00007ffc78e54000 	X:\Windows\System32\profapi.dll
0x00007ffc76140000 - 0x00007ffc7615a000 	X:\Program Files\Android\Android Studio2\jre\jre\bin\net.dll
0x00007ffc78710000 - 0x00007ffc7876c000 	X:\Windows\system32\mswsock.dll
0x00007ffc76100000 - 0x00007ffc76111000 	X:\Program Files\Android\Android Studio2\jre\jre\bin\nio.dll
0x00007ffc6b750000 - 0x00007ffc6b76e000 	X:\Users\asd\.gradle\native\25\windows-amd64\native-platform.dll
0x00007ffc760f0000 - 0x00007ffc760fd000 	X:\Program Files\Android\Android Studio2\jre\jre\bin\management.dll
0x00007ffc788c0000 - 0x00007ffc788d7000 	X:\Windows\SYSTEM32\CRYPTSP.dll
0x00007ffc78310000 - 0x00007ffc78343000 	X:\Windows\system32\rsaenh.dll
0x00007ffc78d80000 - 0x00007ffc78dab000 	X:\Windows\SYSTEM32\bcrypt.dll
0x00007ffc78590000 - 0x00007ffc785af000 	X:\Windows\SYSTEM32\USERENV.dll
0x00007ffc788b0000 - 0x00007ffc788bb000 	X:\Windows\SYSTEM32\CRYPTBASE.dll
0x00007ffc78490000 - 0x00007ffc784c8000 	X:\Windows\SYSTEM32\IPHLPAPI.DLL
0x00007ffc7a4c0000 - 0x00007ffc7a4c8000 	X:\Windows\System32\NSI.dll
0x00007ffc71040000 - 0x00007ffc71056000 	X:\Windows\SYSTEM32\dhcpcsvc6.DLL
0x00007ffc72390000 - 0x00007ffc723aa000 	X:\Windows\SYSTEM32\dhcpcsvc.DLL

VM Arguments:
jvm_args: -XX:MaxPermSize=512m -Xmx512m -Dfile.encoding=GBK -Duser.country=CN -Duser.language=zh -Duser.variant 
java_command: org.gradle.launcher.daemon.bootstrap.GradleDaemon 4.1
java_class_path (initial): X:\Users\asd\.gradle\wrapper\dists\gradle-4.1-all\bzyivzo6n839fup2jbap0tjew\gradle-4.1\lib\gradle-launcher-4.1.jar
Launcher Type: SUN_STANDARD

Environment Variables:
JAVA_HOME=X:\Program Files\Java\jdk1.7.0_17
CLASSPATH=.;%JAVA_HOME%\lib;%JAVA_HOME%\lib\tools.jar;E:\apache-cxf-2.4.2\lib\cxf-manifest.jar;D:\ant\apache-ant-1.9.9\lib;%CXF_HOME%\lib;%JAVA8_HOME%\lib;%JAVA8_HOME%\lib\tools.jar
PATH=X:\ProgramData\Oracle\Java\javapath\;X:\Windows\system32\;X:\Windows\;X:\Windows\System32\Wbem\;X:\Windows\System32\WindowsPowerShell\v1.0\;X:\Program Files (x86)\Java\jdk1.8.0_60\bin\;X:\Program Files (x86)\Java\jdk1.8.0_60\jre\bin;x:\Program Files (x86)\NVIDIA Corporation\PhysX\Common\;E:\mysql-5.6.34-winx64\bin\;x:\Program Files (x86)\Microsoft SQL Server\100\Tools\Binn\;x:\Program Files\Microsoft SQL Server\100\Tools\Binn\;x:\Program Files\Microsoft SQL Server\100\DTS\Binn\;X:\Program Files\Microsoft SQL Server\110\Tools\Binn\;X:\Program Files (x86)\GtkSharp\2.12\bin;X:\Program Files (x86)\Windows Kits\8.1\Windows Performance Toolkit\;X:\Users\asd\Documents\Tencent Files\312018367\FileRecv\cocos2d-x-2.2.6;X:\Program Files (x86)\PCL 1.7.2\bin;X:\Program Files (x86)\PCL 1.7.2\3rdParty\FLANN\bin;X:\Program Files (x86)\PCL 1.7.2\3rdParty\Qhull\bin;X:\Program Files (x86)\PCL 1.7.2\3rdParty\VTK\bin;X:\ProgramData\Microsoft\Windows\Start Menu\Programs\MySQL\MySQL Server 5.6;X:\Program Files (x86)\Java\jdk1.8.0_60\jre;X:\Program Files (x86)\Java\jdk1.8.0_60\bin;X:\Program Files\MySQL\MySQL Utilities 1.6\;X:\ProgramData\Microsoft\Windows\Start Menu\Programs\MySQL\MySQL Server 5.6;X:\Program Files\OpenNI\Bin;X:\Windows\system32\config\systemprofile\.dnx\bin;X:\Program Files\Microsoft DNX\Dnvm\;X:\Program Files\Microsoft SQL Server\120\Tools\Binn\;X:\Program Files\Microsoft SQL Server\130\Tools\Binn\;X:\Program Files\TortoiseSVN\bin;D:\cxf\apache-cxf-2.4.2\bin;x:\Program Files\Git\cmd;%GRADLE_HOME%\bin;X:\Users\asd\AppData\Local\Android\sdk\platforms;X:\Users\asd\AppData\Local\Android\sdk\tools;%SDK_HOME%\tools;%SDK_HOME%\platform-tools;C:\Users\cocos\frameworks\cocos2d-x-3.7\tools\cocos2d-console\bin;E:\BaiduYunDownload\cocos2d-x-3.13.1\templates;E:\BaiduYunDownload\cocos2d-x-3.13.1\tools\cocos2d-console\bin;X:\Users\asd\AppData\Local\Microsoft\WindowsApps;X:\Users\asd\AppData\Roaming\Microsoft\Windows\Start Menu\Programs\Python 3.5£»
USERNAME=asd
OS=Windows_NT
PROCESSOR_IDENTIFIER=Intel64 Family 6 Model 60 Stepping 3, GenuineIntel



---------------  S Y S T E M  ---------------

OS: Windows 10.0 , 64 bit Build 14393 (10.0.14393.1198)

CPU:total 4 (initial active 4) (2 cores per cpu, 2 threads per core) family 6 model 60 stepping 3, cmov, cx8, fxsr, mmx, sse, sse2, sse3, ssse3, sse4.1, sse4.2, popcnt, avx, avx2, aes, clmul, erms, lzcnt, ht, tsc, tscinvbit, bmi1, bmi2

Memory: 4k page, physical 4119916k(153812k free), swap 5949320k(4476k free)

vm_info: OpenJDK 64-Bit Server VM (25.152-b01) for windows-amd64 JRE (1.8.0_152-release-915-b01), built by "builder" with MS VC++ 10.0 (VS2010)

time: Mon Jan 08 15:57:50 2018
elapsed time: 17 seconds (0d 0h 0m 17s)

