#
# There is insufficient memory for the Java Runtime Environment to continue.
# Native memory allocation (malloc) failed to allocate 1070736 bytes for Chunk::new
# Possible reasons:
#   The system is out of physical RAM or swap space
#   In 32 bit mode, the process size limit was hit
# Possible solutions:
#   Reduce memory load on the system
#   Increase physical memory or swap space
#   Check if swap backing store is full
#   Use 64 bit Java on a 64 bit OS
#   Decrease Java heap size (-Xmx/-Xms)
#   Decrease number of Java threads
#   Decrease Java thread stack sizes (-Xss)
#   Set larger code cache with -XX:ReservedCodeCacheSize=
# This output file may be truncated or incomplete.
#
#  Out of Memory Error (allocation.cpp:390), pid=68240, tid=0x00000000000109bc
#
# JRE version: OpenJDK Runtime Environment (8.0_152-b01) (build 1.8.0_152-release-915-b01)
# Java VM: OpenJDK 64-Bit Server VM (25.152-b01 mixed mode windows-amd64 compressed oops)
# Failed to write core dump. Minidumps are not enabled by default on client versions of Windows
#

---------------  T H R E A D  ---------------

Current thread (0x0000000015329800):  JavaThread "C2 CompilerThread0" daemon [_thread_in_native, id=68028, stack(0x0000000015920000,0x0000000015a20000)]

Stack: [0x0000000015920000,0x0000000015a20000]
[error occurred during error reporting (printing stack bounds), id 0xc0000005]

Native frames: (J=compiled Java code, j=interpreted, Vv=VM code, C=native code)


Current CompileTask:
C2:  18517 3888       4       java.net.URLClassLoader$1::run (5 bytes)


---------------  P R O C E S S  ---------------

Java Threads: ( => current thread )
  0x00000000160b0800 JavaThread "build operations Thread 4" [_thread_blocked, id=69608, stack(0x000000001da40000,0x000000001db40000)]
  0x00000000160ae000 JavaThread "build operations Thread 3" [_thread_blocked, id=69604, stack(0x000000001d940000,0x000000001da40000)]
  0x00000000160ad800 JavaThread "build operations Thread 2" [_thread_blocked, id=68688, stack(0x000000001d840000,0x000000001d940000)]
  0x00000000160b2800 JavaThread "build operations" [_thread_blocked, id=58916, stack(0x000000001d740000,0x000000001d840000)]
  0x00000000160b3800 JavaThread "Cache worker for Artifact transforms cache (X:\Users\asd\.gradle\caches\transforms-1)" [_thread_blocked, id=67912, stack(0x000000001bfa0000,0x000000001c0a0000)]
  0x00000000186fb000 JavaThread "Cache worker for file hash cache (X:\Users\asd\Clock\Clock\.gradle\4.1\fileHashes)" [_thread_blocked, id=69144, stack(0x0000000019660000,0x0000000019760000)]
  0x0000000016a9e000 JavaThread "File lock request listener" [_thread_in_native, id=69028, stack(0x0000000018590000,0x0000000018690000)]
  0x00000000173cd000 JavaThread "Cache worker for file hash cache (X:\Users\asd\.gradle\caches\4.1\fileHashes)" [_thread_blocked, id=69344, stack(0x0000000018490000,0x0000000018590000)]
  0x0000000016d09000 JavaThread "Stdin handler" [_thread_blocked, id=67612, stack(0x0000000018190000,0x0000000018290000)]
  0x0000000016d08000 JavaThread "Asynchronous log dispatcher for DefaultDaemonConnection: socket connection from /127.0.0.1:52768 to /127.0.0.1:52770" [_thread_blocked, id=67928, stack(0x0000000018090000,0x0000000018190000)]
  0x0000000016d1a800 JavaThread "Daemon worker" [_thread_in_vm, id=67704, stack(0x0000000017f90000,0x0000000018090000)]
  0x0000000016f3b800 JavaThread "Cancel handler" [_thread_blocked, id=67716, stack(0x0000000017e90000,0x0000000017f90000)]
  0x000000001625e000 JavaThread "Handler for socket connection from /127.0.0.1:52768 to /127.0.0.1:52770" [_thread_in_native, id=67708, stack(0x0000000017b90000,0x0000000017c90000)]
  0x0000000015477800 JavaThread "Daemon" [_thread_blocked, id=67712, stack(0x0000000017a90000,0x0000000017b90000)]
  0x000000001707e000 JavaThread "Daemon periodic checks" [_thread_blocked, id=68540, stack(0x0000000017990000,0x0000000017a90000)]
  0x000000001707d800 JavaThread "Incoming local TCP Connector on port 52768" [_thread_in_native, id=69284, stack(0x00000000177f0000,0x00000000178f0000)]
  0x00000000153a3800 JavaThread "Service Thread" daemon [_thread_blocked, id=45432, stack(0x0000000015c20000,0x0000000015d20000)]
  0x000000001532f800 JavaThread "C1 CompilerThread2" daemon [_thread_blocked, id=67604, stack(0x0000000015b20000,0x0000000015c20000)]
  0x000000001532c000 JavaThread "C2 CompilerThread1" daemon [_thread_in_native, id=67820, stack(0x0000000015a20000,0x0000000015b20000)]
=>0x0000000015329800 JavaThread "C2 CompilerThread0" daemon [_thread_in_native, id=68028, stack(0x0000000015920000,0x0000000015a20000)]
  0x000000001400a000 JavaThread "Attach Listener" daemon [_thread_blocked, id=68648, stack(0x0000000015820000,0x0000000015920000)]
  0x0000000013fc0000 JavaThread "Signal Dispatcher" daemon [_thread_blocked, id=67940, stack(0x0000000015720000,0x0000000015820000)]
  0x0000000013f98000 JavaThread "Finalizer" daemon [_thread_blocked, id=68208, stack(0x0000000015220000,0x0000000015320000)]
  0x0000000002b83800 JavaThread "Reference Handler" daemon [_thread_blocked, id=69268, stack(0x0000000015120000,0x0000000015220000)]
  0x0000000002a93800 JavaThread "main" [_thread_blocked, id=68876, stack(0x0000000002990000,0x0000000002a90000)]

Other Threads:
  0x0000000013f77800 VMThread [stack: 0x0000000015020000,0x0000000015120000] [id=69328]
  0x00000000153a4800 WatcherThread [stack: 0x0000000015d20000,0x0000000015e20000] [id=66136]

VM state:not at safepoint (normal execution)

VM Mutex/Monitor currently owned by a thread: None

Heap:
 PSYoungGen      total 52736K, used 11047K [0x00000000f5580000, 0x00000000f9080000, 0x0000000100000000)
  eden space 45056K, 24% used [0x00000000f5580000,0x00000000f6049f30,0x00000000f8180000)
  from space 7680K, 0% used [0x00000000f8180000,0x00000000f8180000,0x00000000f8900000)
  to   space 6656K, 0% used [0x00000000f8a00000,0x00000000f8a00000,0x00000000f9080000)
 ParOldGen       total 32256K, used 15873K [0x00000000e0000000, 0x00000000e1f80000, 0x00000000f5580000)
  object space 32256K, 49% used [0x00000000e0000000,0x00000000e0f804e8,0x00000000e1f80000)
 Metaspace       used 36164K, capacity 36897K, committed 37080K, reserved 1081344K
  class space    used 4869K, capacity 5095K, committed 5120K, reserved 1048576K

Card table byte_map: [0x0000000011f50000,0x0000000012060000] byte_map_base: 0x0000000011850000

Marking Bits: (ParMarkBitMap*) 0x000000005b0e3950
 Begin Bits: [0x0000000012510000, 0x0000000012d10000)
 End Bits:   [0x0000000012d10000, 0x0000000013510000)

Polling page: 0x00000000005f0000

CodeCache: size=245760Kb used=13358Kb max_used=13367Kb free=232402Kb
 bounds [0x0000000002b90000, 0x00000000038b0000, 0x0000000011b90000]
 total_blobs=4280 nmethods=3578 adapters=615
 compilation: enabled

Compilation events (10 events):
Event: 18.195 Thread 0x000000001532f800 3885       3       java.lang.Class::getSimpleName (120 bytes)
Event: 18.197 Thread 0x000000001532f800 nmethod 3885 0x00000000038a7150 code [0x00000000038a7440, 0x00000000038a8bf8]
Event: 18.199 Thread 0x000000001532f800 3886       3       java.lang.reflect.Constructor::acquireConstructorAccessor (44 bytes)
Event: 18.200 Thread 0x000000001532f800 nmethod 3886 0x00000000038a6790 code [0x00000000038a6920, 0x00000000038a6f78]
Event: 18.305 Thread 0x000000001532c000 3887       4       java.util.concurrent.locks.AbstractQueuedSynchronizer::release (33 bytes)
Event: 18.306 Thread 0x000000001532c000 nmethod 3887 0x00000000038a6410 code [0x00000000038a6560, 0x00000000038a6628]
Event: 18.363 Thread 0x0000000015329800 3888       4       java.net.URLClassLoader$1::run (5 bytes)
Event: 18.377 Thread 0x000000001532c000 3889   !   4       java.net.URLClassLoader$1::run (63 bytes)
Event: 18.508 Thread 0x000000001532f800 3892       3       java.nio.charset.Charset::forName (20 bytes)
Event: 18.509 Thread 0x000000001532f800 nmethod 3892 0x00000000038a5510 code [0x00000000038a5680, 0x00000000038a5898]

GC Heap History (10 events):
Event: 14.463 GC heap before
{Heap before GC invocations=11 (full 1):
 PSYoungGen      total 38400K, used 37791K [0x00000000f5580000, 0x00000000f8180000, 0x0000000100000000)
  eden space 32256K, 100% used [0x00000000f5580000,0x00000000f7500000,0x00000000f7500000)
  from space 6144K, 90% used [0x00000000f7500000,0x00000000f7a67fa8,0x00000000f7b00000)
  to   space 5632K, 0% used [0x00000000f7b00000,0x00000000f7b00000,0x00000000f8080000)
 ParOldGen       total 32256K, used 8988K [0x00000000e0000000, 0x00000000e1f80000, 0x00000000f5580000)
  object space 32256K, 27% used [0x00000000e0000000,0x00000000e08c7258,0x00000000e1f80000)
 Metaspace       used 27949K, capacity 28528K, committed 28672K, reserved 1073152K
  class space    used 3885K, capacity 4067K, committed 4096K, reserved 1048576K
Event: 14.473 GC heap after
Heap after GC invocations=11 (full 1):
 PSYoungGen      total 37888K, used 4765K [0x00000000f5580000, 0x00000000f8180000, 0x0000000100000000)
  eden space 32256K, 0% used [0x00000000f5580000,0x00000000f5580000,0x00000000f7500000)
  from space 5632K, 84% used [0x00000000f7b00000,0x00000000f7fa7758,0x00000000f8080000)
  to   space 6144K, 0% used [0x00000000f7500000,0x00000000f7500000,0x00000000f7b00000)
 ParOldGen       total 32256K, used 11016K [0x00000000e0000000, 0x00000000e1f80000, 0x00000000f5580000)
  object space 32256K, 34% used [0x00000000e0000000,0x00000000e0ac22d8,0x00000000e1f80000)
 Metaspace       used 27949K, capacity 28528K, committed 28672K, reserved 1073152K
  class space    used 3885K, capacity 4067K, committed 4096K, reserved 1048576K
}
Event: 15.568 GC heap before
{Heap before GC invocations=12 (full 1):
 PSYoungGen      total 37888K, used 37021K [0x00000000f5580000, 0x00000000f8180000, 0x0000000100000000)
  eden space 32256K, 99% used [0x00000000f5580000,0x00000000f74ffdf8,0x00000000f7500000)
  from space 5632K, 84% used [0x00000000f7b00000,0x00000000f7fa7758,0x00000000f8080000)
  to   space 6144K, 0% used [0x00000000f7500000,0x00000000f7500000,0x00000000f7b00000)
 ParOldGen       total 32256K, used 11016K [0x00000000e0000000, 0x00000000e1f80000, 0x00000000f5580000)
  object space 32256K, 34% used [0x00000000e0000000,0x00000000e0ac22d8,0x00000000e1f80000)
 Metaspace       used 30277K, capacity 30896K, committed 31232K, reserved 1077248K
  class space    used 4123K, capacity 4323K, committed 4352K, reserved 1048576K
Event: 15.583 GC heap after
Heap after GC invocations=12 (full 1):
 PSYoungGen      total 38400K, used 1496K [0x00000000f5580000, 0x00000000f9180000, 0x0000000100000000)
  eden space 32256K, 0% used [0x00000000f5580000,0x00000000f5580000,0x00000000f7500000)
  from space 6144K, 24% used [0x00000000f7500000,0x00000000f7676370,0x00000000f7b00000)
  to   space 7680K, 0% used [0x00000000f8a00000,0x00000000f8a00000,0x00000000f9180000)
 ParOldGen       total 32256K, used 13645K [0x00000000e0000000, 0x00000000e1f80000, 0x00000000f5580000)
  object space 32256K, 42% used [0x00000000e0000000,0x00000000e0d53578,0x00000000e1f80000)
 Metaspace       used 30277K, capacity 30896K, committed 31232K, reserved 1077248K
  class space    used 4123K, capacity 4323K, committed 4352K, reserved 1048576K
}
Event: 17.020 GC heap before
{Heap before GC invocations=13 (full 1):
 PSYoungGen      total 38400K, used 33751K [0x00000000f5580000, 0x00000000f9180000, 0x0000000100000000)
  eden space 32256K, 99% used [0x00000000f5580000,0x00000000f74ffb18,0x00000000f7500000)
  from space 6144K, 24% used [0x00000000f7500000,0x00000000f7676370,0x00000000f7b00000)
  to   space 7680K, 0% used [0x00000000f8a00000,0x00000000f8a00000,0x00000000f9180000)
 ParOldGen       total 32256K, used 13645K [0x00000000e0000000, 0x00000000e1f80000, 0x00000000f5580000)
  object space 32256K, 42% used [0x00000000e0000000,0x00000000e0d53578,0x00000000e1f80000)
 Metaspace       used 30970K, capacity 31568K, committed 31872K, reserved 1077248K
  class space    used 4200K, capacity 4419K, committed 4480K, reserved 1048576K
Event: 17.026 GC heap after
Heap after GC invocations=13 (full 1):
 PSYoungGen      total 51712K, used 1216K [0x00000000f5580000, 0x00000000f9080000, 0x0000000100000000)
  eden space 45056K, 0% used [0x00000000f5580000,0x00000000f5580000,0x00000000f8180000)
  from space 6656K, 18% used [0x00000000f8a00000,0x00000000f8b30000,0x00000000f9080000)
  to   space 7680K, 0% used [0x00000000f8180000,0x00000000f8180000,0x00000000f8900000)
 ParOldGen       total 32256K, used 14373K [0x00000000e0000000, 0x00000000e1f80000, 0x00000000f5580000)
  object space 32256K, 44% used [0x00000000e0000000,0x00000000e0e09598,0x00000000e1f80000)
 Metaspace       used 30970K, capacity 31568K, committed 31872K, reserved 1077248K
  class space    used 4200K, capacity 4419K, committed 4480K, reserved 1048576K
}
Event: 17.949 GC heap before
{Heap before GC invocations=14 (full 1):
 PSYoungGen      total 51712K, used 26833K [0x00000000f5580000, 0x00000000f9080000, 0x0000000100000000)
  eden space 45056K, 56% used [0x00000000f5580000,0x00000000f6e84588,0x00000000f8180000)
  from space 6656K, 18% used [0x00000000f8a00000,0x00000000f8b30000,0x00000000f9080000)
  to   space 7680K, 0% used [0x00000000f8180000,0x00000000f8180000,0x00000000f8900000)
 ParOldGen       total 32256K, used 14373K [0x00000000e0000000, 0x00000000e1f80000, 0x00000000f5580000)
  object space 32256K, 44% used [0x00000000e0000000,0x00000000e0e09598,0x00000000e1f80000)
 Metaspace       used 34549K, capacity 35233K, committed 35416K, reserved 1079296K
  class space    used 4682K, capacity 4925K, committed 4992K, reserved 1048576K
Event: 17.958 GC heap after
Heap after GC invocations=14 (full 1):
 PSYoungGen      total 52736K, used 3826K [0x00000000f5580000, 0x00000000f9080000, 0x0000000100000000)
  eden space 45056K, 0% used [0x00000000f5580000,0x00000000f5580000,0x00000000f8180000)
  from space 7680K, 49% used [0x00000000f8180000,0x00000000f853c8f8,0x00000000f8900000)
  to   space 6656K, 0% used [0x00000000f8a00000,0x00000000f8a00000,0x00000000f9080000)
 ParOldGen       total 32256K, used 15041K [0x00000000e0000000, 0x00000000e1f80000, 0x00000000f5580000)
  object space 32256K, 46% used [0x00000000e0000000,0x00000000e0eb05d8,0x00000000e1f80000)
 Metaspace       used 34549K, capacity 35233K, committed 35416K, reserved 1079296K
  class space    used 4682K, capacity 4925K, committed 4992K, reserved 1048576K
}
Event: 17.958 GC heap before
{Heap before GC invocations=15 (full 2):
 PSYoungGen      total 52736K, used 3826K [0x00000000f5580000, 0x00000000f9080000, 0x0000000100000000)
  eden space 45056K, 0% used [0x00000000f5580000,0x00000000f5580000,0x00000000f8180000)
  from space 7680K, 49% used [0x00000000f8180000,0x00000000f853c8f8,0x00000000f8900000)
  to   space 6656K, 0% used [0x00000000f8a00000,0x00000000f8a00000,0x00000000f9080000)
 ParOldGen       total 32256K, used 15041K [0x00000000e0000000, 0x00000000e1f80000, 0x00000000f5580000)
  object space 32256K, 46% used [0x00000000e0000000,0x00000000e0eb05d8,0x00000000e1f80000)
 Metaspace       used 34549K, capacity 35233K, committed 35416K, reserved 1079296K
  class space    used 4682K, capacity 4925K, committed 4992K, reserved 1048576K
Event: 18.084 GC heap after
Heap after GC invocations=15 (full 2):
 PSYoungGen      total 52736K, used 0K [0x00000000f5580000, 0x00000000f9080000, 0x0000000100000000)
  eden space 45056K, 0% used [0x00000000f5580000,0x00000000f5580000,0x00000000f8180000)
  from space 7680K, 0% used [0x00000000f8180000,0x00000000f8180000,0x00000000f8900000)
  to   space 6656K, 0% used [0x00000000f8a00000,0x00000000f8a00000,0x00000000f9080000)
 ParOldGen       total 32256K, used 15873K [0x00000000e0000000, 0x00000000e1f80000, 0x00000000f5580000)
  object space 32256K, 49% used [0x00000000e0000000,0x00000000e0f804e8,0x00000000e1f80000)
 Metaspace       used 34549K, capacity 35233K, committed 35416K, reserved 1079296K
  class space    used 4682K, capacity 4925K, committed 4992K, reserved 1048576K
}

Deoptimization events (10 events):
Event: 17.385 Thread 0x0000000016d1a800 Uncommon trap: reason=unstable_if action=reinterpret pc=0x000000000363b9e8 method=sun.nio.cs.UTF_8$Decoder.decodeArrayLoop(Ljava/nio/ByteBuffer;Ljava/nio/CharBuffer;)Ljava/nio/charset/CoderResult; @ 84
Event: 17.679 Thread 0x0000000016d1a800 Uncommon trap: reason=class_check action=maybe_recompile pc=0x000000000342eefc method=java.util.Hashtable.get(Ljava/lang/Object;)Ljava/lang/Object; @ 6
Event: 17.680 Thread 0x0000000016d1a800 Uncommon trap: reason=class_check action=maybe_recompile pc=0x000000000342eefc method=java.util.Hashtable.get(Ljava/lang/Object;)Ljava/lang/Object; @ 6
Event: 17.680 Thread 0x0000000016d1a800 Uncommon trap: reason=class_check action=maybe_recompile pc=0x000000000342eefc method=java.util.Hashtable.get(Ljava/lang/Object;)Ljava/lang/Object; @ 6
Event: 17.680 Thread 0x0000000016d1a800 Uncommon trap: reason=class_check action=maybe_recompile pc=0x000000000342eefc method=java.util.Hashtable.get(Ljava/lang/Object;)Ljava/lang/Object; @ 6
Event: 17.707 Thread 0x0000000016d1a800 Uncommon trap: reason=unstable_if action=reinterpret pc=0x0000000002d2d378 method=java.lang.String.replace(CC)Ljava/lang/String; @ 2
Event: 17.712 Thread 0x0000000016d1a800 Uncommon trap: reason=bimorphic action=maybe_recompile pc=0x00000000033abab4 method=org.codehaus.groovy.runtime.metaclass.MetaMethodIndex.addMethodToList(Ljava/lang/Object;Lgroovy/lang/MetaMethod;)Ljava/lang/Object; @ 96
Event: 17.712 Thread 0x0000000016d1a800 Uncommon trap: reason=unstable_if action=reinterpret pc=0x000000000344dc84 method=groovy.lang.MetaClassImpl$1MOPIter.methodNameAction(Ljava/lang/Class;Lorg/codehaus/groovy/runtime/metaclass/MetaMethodIndex$Entry;)V @ 259
Event: 17.850 Thread 0x0000000016d1a800 Uncommon trap: reason=unstable_if action=reinterpret pc=0x000000000357e3d0 method=java.lang.Integer.valueOf(I)Ljava/lang/Integer; @ 3
Event: 17.855 Thread 0x0000000016d1a800 Uncommon trap: reason=predicate action=maybe_recompile pc=0x00000000033fb4d0 method=java.util.Arrays.binarySearch0([Ljava/lang/Object;IILjava/lang/Object;Ljava/util/Comparator;)I @ 28

Classes redefined (0 events):
No events

Internal exceptions (10 events):
Event: 17.715 Thread 0x0000000016d1a800 Exception <a 'java/lang/ClassNotFoundException': org/gradle/api/internal/project/DefaultAntBuilderBeanInfo> (0x00000000f6856ac0) thrown at [D:\src\AOSP-openjdk-cygwin\jdk8u\hotspot\src\share\vm\classfile\systemDictionary.cpp, line 210]
Event: 17.717 Thread 0x0000000016d1a800 Exception <a 'java/lang/ClassNotFoundException': org/gradle/api/internal/project/ant/BasicAntBuilderBeanInfo> (0x00000000f6884968) thrown at [D:\src\AOSP-openjdk-cygwin\jdk8u\hotspot\src\share\vm\classfile\systemDictionary.cpp, line 210]
Event: 17.718 Thread 0x0000000016d1a800 Exception <a 'java/lang/ClassNotFoundException': org/gradle/api/AntBuilderBeanInfo> (0x00000000f68a4ee0) thrown at [D:\src\AOSP-openjdk-cygwin\jdk8u\hotspot\src\share\vm\classfile\systemDictionary.cpp, line 210]
Event: 17.719 Thread 0x0000000016d1a800 Exception <a 'java/lang/ClassNotFoundException': groovy/util/AntBuilderBeanInfo> (0x00000000f68c3f38) thrown at [D:\src\AOSP-openjdk-cygwin\jdk8u\hotspot\src\share\vm\classfile\systemDictionary.cpp, line 210]
Event: 17.720 Thread 0x0000000016d1a800 Exception <a 'java/lang/ClassNotFoundException': groovy/util/BuilderSupportBeanInfo> (0x00000000f68e44c8) thrown at [D:\src\AOSP-openjdk-cygwin\jdk8u\hotspot\src\share\vm\classfile\systemDictionary.cpp, line 210]
Event: 17.721 Thread 0x0000000016d1a800 Exception <a 'java/lang/ClassNotFoundException': groovy/util/BuilderSupportCustomizer> (0x00000000f69068a8) thrown at [D:\src\AOSP-openjdk-cygwin\jdk8u\hotspot\src\share\vm\classfile\systemDictionary.cpp, line 210]
Event: 17.722 Thread 0x0000000016d1a800 Exception <a 'java/lang/ClassNotFoundException': groovy/util/AntBuilderCustomizer> (0x00000000f6929a80) thrown at [D:\src\AOSP-openjdk-cygwin\jdk8u\hotspot\src\share\vm\classfile\systemDictionary.cpp, line 210]
Event: 17.723 Thread 0x0000000016d1a800 Exception <a 'java/lang/ClassNotFoundException': org/gradle/api/AntBuilderCustomizer> (0x00000000f6951e60) thrown at [D:\src\AOSP-openjdk-cygwin\jdk8u\hotspot\src\share\vm\classfile\systemDictionary.cpp, line 210]
Event: 17.725 Thread 0x0000000016d1a800 Exception <a 'java/lang/ClassNotFoundException': org/gradle/api/internal/project/ant/BasicAntBuilderCustomizer> (0x00000000f698e198) thrown at [D:\src\AOSP-openjdk-cygwin\jdk8u\hotspot\src\share\vm\classfile\systemDictionary.cpp, line 210]
Event: 17.727 Thread 0x0000000016d1a800 Exception <a 'java/lang/ClassNotFoundException': org/gradle/api/internal/project/DefaultAntBuilderCustomizer> (0x00000000f69d12f0) thrown at [D:\src\AOSP-openjdk-cygwin\jdk8u\hotspot\src\share\vm\classfile\systemDictionary.cpp, line 210]

Events (10 events):
Event: 18.503 loading class com/google/protobuf/LazyStringList
Event: 18.503 loading class com/google/protobuf/LazyStringList done
Event: 18.504 loading class com/google/protobuf/ProtocolStringList
Event: 18.504 loading class com/google/protobuf/ProtocolStringList done
Event: 18.506 loading class com/android/tools/analytics/Anonymizer
Event: 18.506 loading class com/android/tools/analytics/Anonymizer done
Event: 18.507 loading class com/google/common/base/Charsets
Event: 18.507 loading class com/google/common/base/Charsets done
Event: 18.509 loading class com/google/common/hash/Hashing
Event: 18.509 loading class com/google/common/hash/Hashing done


Dynamic libraries:
0x00007ff789d40000 - 0x00007ff789d71000 	X:\Program Files\Android\Android Studio2\jre\bin\java.exe
0x00007ffb4d6b0000 - 0x00007ffb4d882000 	X:\Windows\SYSTEM32\ntdll.dll
0x00007ffb4b650000 - 0x00007ffb4b6fc000 	X:\Windows\System32\KERNEL32.DLL
0x00007ffb4a7d0000 - 0x00007ffb4a9ed000 	X:\Windows\System32\KERNELBASE.dll
0x00007ffb4b170000 - 0x00007ffb4b212000 	X:\Windows\System32\ADVAPI32.dll
0x00007ffb4b700000 - 0x00007ffb4b79e000 	X:\Windows\System32\msvcrt.dll
0x00007ffb4d310000 - 0x00007ffb4d369000 	X:\Windows\System32\sechost.dll
0x00007ffb4ade0000 - 0x00007ffb4af01000 	X:\Windows\System32\RPCRT4.dll
0x00007ffb4cd60000 - 0x00007ffb4cec5000 	X:\Windows\System32\USER32.dll
0x00007ffb4ac20000 - 0x00007ffb4ac3e000 	X:\Windows\System32\win32u.dll
0x00007ffb4b800000 - 0x00007ffb4b834000 	X:\Windows\System32\GDI32.dll
0x00007ffb4aaa0000 - 0x00007ffb4ac20000 	X:\Windows\System32\gdi32full.dll
0x00007ffb2d310000 - 0x00007ffb2d58a000 	X:\Windows\WinSxS\amd64_microsoft.windows.common-controls_6595b64144ccf1df_6.0.14393.953_none_42151e83c686086b\COMCTL32.dll
0x00007ffb4d040000 - 0x00007ffb4d308000 	X:\Windows\System32\combase.dll
0x00007ffb49ff0000 - 0x00007ffb4a0e5000 	X:\Windows\System32\ucrtbase.dll
0x00007ffb49bb0000 - 0x00007ffb49c1a000 	X:\Windows\System32\bcryptPrimitives.dll
0x00007ffb4cfa0000 - 0x00007ffb4cfce000 	X:\Windows\System32\IMM32.DLL
0x000000005a840000 - 0x000000005a912000 	X:\Program Files\Android\Android Studio2\jre\jre\bin\msvcr100.dll
0x000000005a920000 - 0x000000005b15e000 	X:\Program Files\Android\Android Studio2\jre\jre\bin\server\jvm.dll
0x00007ffb4d6a0000 - 0x00007ffb4d6a8000 	X:\Windows\System32\PSAPI.DLL
0x00007ffb47fa0000 - 0x00007ffb47fc3000 	X:\Windows\SYSTEM32\WINMM.dll
0x00007ffb312e0000 - 0x00007ffb312e9000 	X:\Windows\SYSTEM32\WSOCK32.dll
0x00007ffb47f40000 - 0x00007ffb47f6b000 	X:\Windows\SYSTEM32\WINMMBASE.dll
0x00007ffb4ced0000 - 0x00007ffb4cf3a000 	X:\Windows\System32\WS2_32.dll
0x00007ffb49c20000 - 0x00007ffb49c62000 	X:\Windows\System32\cfgmgr32.dll
0x00007ffb45200000 - 0x00007ffb4520a000 	X:\Windows\SYSTEM32\VERSION.dll
0x00007ffb47790000 - 0x00007ffb4779f000 	X:\Program Files\Android\Android Studio2\jre\jre\bin\verify.dll
0x00007ffb23290000 - 0x00007ffb232b9000 	X:\Program Files\Android\Android Studio2\jre\jre\bin\java.dll
0x00007ffb44dc0000 - 0x00007ffb44dd6000 	X:\Program Files\Android\Android Studio2\jre\jre\bin\zip.dll
0x00007ffb4b850000 - 0x00007ffb4cd59000 	X:\Windows\System32\SHELL32.dll
0x00007ffb4a0f0000 - 0x00007ffb4a7c9000 	X:\Windows\System32\windows.storage.dll
0x00007ffb49b30000 - 0x00007ffb49b7c000 	X:\Windows\System32\powrprof.dll
0x00007ffb4cfd0000 - 0x00007ffb4d022000 	X:\Windows\System32\shlwapi.dll
0x00007ffb49ba0000 - 0x00007ffb49baf000 	X:\Windows\System32\kernel.appcore.dll
0x00007ffb4a9f0000 - 0x00007ffb4aa99000 	X:\Windows\System32\shcore.dll
0x00007ffb49b80000 - 0x00007ffb49b94000 	X:\Windows\System32\profapi.dll
0x00007ffb2fa20000 - 0x00007ffb2fa3a000 	X:\Program Files\Android\Android Studio2\jre\jre\bin\net.dll
0x00007ffb493f0000 - 0x00007ffb4944c000 	X:\Windows\system32\mswsock.dll
0x00007ffb23270000 - 0x00007ffb23281000 	X:\Program Files\Android\Android Studio2\jre\jre\bin\nio.dll
0x00007ffb38fd0000 - 0x00007ffb38fee000 	X:\Users\asd\.gradle\native\25\windows-amd64\native-platform.dll
0x00007ffb46750000 - 0x00007ffb4675d000 	X:\Program Files\Android\Android Studio2\jre\jre\bin\management.dll
0x00007ffb49590000 - 0x00007ffb495a7000 	X:\Windows\SYSTEM32\CRYPTSP.dll
0x00007ffb48ff0000 - 0x00007ffb49023000 	X:\Windows\system32\rsaenh.dll
0x00007ffb49a60000 - 0x00007ffb49a8b000 	X:\Windows\SYSTEM32\bcrypt.dll
0x00007ffb49270000 - 0x00007ffb4928f000 	X:\Windows\SYSTEM32\USERENV.dll
0x00007ffb49a50000 - 0x00007ffb49a5b000 	X:\Windows\SYSTEM32\CRYPTBASE.dll
0x00007ffb49170000 - 0x00007ffb491a8000 	X:\Windows\SYSTEM32\IPHLPAPI.DLL
0x00007ffb4d030000 - 0x00007ffb4d038000 	X:\Windows\System32\NSI.dll
0x00007ffb41bf0000 - 0x00007ffb41c06000 	X:\Windows\SYSTEM32\dhcpcsvc6.DLL
0x00007ffb41f90000 - 0x00007ffb41faa000 	X:\Windows\SYSTEM32\dhcpcsvc.DLL

VM Arguments:
jvm_args: -XX:MaxPermSize=512m -Xmx512m -Dfile.encoding=GBK -Duser.country=CN -Duser.language=zh -Duser.variant 
java_command: org.gradle.launcher.daemon.bootstrap.GradleDaemon 4.1
java_class_path (initial): X:\Users\asd\.gradle\wrapper\dists\gradle-4.1-all\bzyivzo6n839fup2jbap0tjew\gradle-4.1\lib\gradle-launcher-4.1.jar
Launcher Type: SUN_STANDARD

Environment Variables:
JAVA_HOME=X:\Program Files\Java\jdk1.7.0_17
CLASSPATH=.;%JAVA_HOME%\lib;%JAVA_HOME%\lib\tools.jar;E:\apache-cxf-2.4.2\lib\cxf-manifest.jar;D:\ant\apache-ant-1.9.9\lib;%CXF_HOME%\lib;%JAVA8_HOME%\lib;%JAVA8_HOME%\lib\tools.jar
PATH=X:\ProgramData\Oracle\Java\javapath\;X:\Windows\system32\;X:\Windows\;X:\Windows\System32\Wbem\;X:\Windows\System32\WindowsPowerShell\v1.0\;X:\Program Files (x86)\Java\jdk1.8.0_60\bin\;X:\Program Files (x86)\Java\jdk1.8.0_60\jre\bin;x:\Program Files (x86)\NVIDIA Corporation\PhysX\Common\;E:\mysql-5.6.34-winx64\bin\;x:\Program Files (x86)\Microsoft SQL Server\100\Tools\Binn\;x:\Program Files\Microsoft SQL Server\100\Tools\Binn\;x:\Program Files\Microsoft SQL Server\100\DTS\Binn\;X:\Program Files\Microsoft SQL Server\110\Tools\Binn\;X:\Program Files (x86)\GtkSharp\2.12\bin;X:\Program Files (x86)\Windows Kits\8.1\Windows Performance Toolkit\;X:\Users\asd\Documents\Tencent Files\312018367\FileRecv\cocos2d-x-2.2.6;X:\Program Files (x86)\PCL 1.7.2\bin;X:\Program Files (x86)\PCL 1.7.2\3rdParty\FLANN\bin;X:\Program Files (x86)\PCL 1.7.2\3rdParty\Qhull\bin;X:\Program Files (x86)\PCL 1.7.2\3rdParty\VTK\bin;X:\ProgramData\Microsoft\Windows\Start Menu\Programs\MySQL\MySQL Server 5.6;X:\Program Files (x86)\Java\jdk1.8.0_60\jre;X:\Program Files (x86)\Java\jdk1.8.0_60\bin;X:\Program Files\MySQL\MySQL Utilities 1.6\;X:\ProgramData\Microsoft\Windows\Start Menu\Programs\MySQL\MySQL Server 5.6;X:\Program Files\OpenNI\Bin;X:\Windows\system32\config\systemprofile\.dnx\bin;X:\Program Files\Microsoft DNX\Dnvm\;X:\Program Files\Microsoft SQL Server\120\Tools\Binn\;X:\Program Files\Microsoft SQL Server\130\Tools\Binn\;X:\Program Files\TortoiseSVN\bin;D:\cxf\apache-cxf-2.4.2\bin;x:\Program Files\Git\cmd;%GRADLE_HOME%\bin;X:\Users\asd\AppData\Local\Android\sdk\platforms;X:\Users\asd\AppData\Local\Android\sdk\tools;%SDK_HOME%\tools;%SDK_HOME%\platform-tools;C:\Users\cocos\frameworks\cocos2d-x-3.7\tools\cocos2d-console\bin;E:\BaiduYunDownload\cocos2d-x-3.13.1\templates;E:\BaiduYunDownload\cocos2d-x-3.13.1\tools\cocos2d-console\bin;X:\Users\asd\AppData\Local\Microsoft\WindowsApps;X:\Users\asd\AppData\Roaming\Microsoft\Windows\Start Menu\Programs\Python 3.5£»
USERNAME=asd
OS=Windows_NT
PROCESSOR_IDENTIFIER=Intel64 Family 6 Model 60 Stepping 3, GenuineIntel



---------------  S Y S T E M  ---------------

OS: Windows 10.0 , 64 bit Build 14393 (10.0.14393.1198)

CPU:total 4 (initial active 4) (2 cores per cpu, 2 threads per core) family 6 model 60 stepping 3, cmov, cx8, fxsr, mmx, sse, sse2, sse3, ssse3, sse4.1, sse4.2, popcnt, avx, avx2, aes, clmul, erms, lzcnt, ht, tsc, tscinvbit, bmi1, bmi2

Memory: 4k page, physical 4119916k(144572k free), swap 8770208k(5656k free)

vm_info: OpenJDK 64-Bit Server VM (25.152-b01) for windows-amd64 JRE (1.8.0_152-release-915-b01), built by "builder" with MS VC++ 10.0 (VS2010)

time: Sat Mar 03 16:04:00 2018
elapsed time: 18 seconds (0d 0h 0m 18s)

