#
# There is insufficient memory for the Java Runtime Environment to continue.
# Native memory allocation (malloc) failed to allocate 1402096 bytes for Chunk::new
# Possible reasons:
#   The system is out of physical RAM or swap space
#   In 32 bit mode, the process size limit was hit
# Possible solutions:
#   Reduce memory load on the system
#   Increase physical memory or swap space
#   Check if swap backing store is full
#   Use 64 bit Java on a 64 bit OS
#   Decrease Java heap size (-Xmx/-Xms)
#   Decrease number of Java threads
#   Decrease Java thread stack sizes (-Xss)
#   Set larger code cache with -XX:ReservedCodeCacheSize=
# This output file may be truncated or incomplete.
#
#  Out of Memory Error (allocation.cpp:390), pid=6224, tid=0x0000000000004590
#
# JRE version: OpenJDK Runtime Environment (8.0_152-b01) (build 1.8.0_152-release-915-b01)
# Java VM: OpenJDK 64-Bit Server VM (25.152-b01 mixed mode windows-amd64 compressed oops)
# Failed to write core dump. Minidumps are not enabled by default on client versions of Windows
#

---------------  T H R E A D  ---------------

Current thread (0x0000000017f2a000):  JavaThread "C2 CompilerThread0" daemon [_thread_in_native, id=17808, stack(0x0000000018520000,0x0000000018620000)]

Stack: [0x0000000018520000,0x0000000018620000]
[error occurred during error reporting (printing stack bounds), id 0xc0000005]

Native frames: (J=compiled Java code, j=interpreted, Vv=VM code, C=native code)


Current CompileTask:
C2:8038283 19948       4       org.gradle.api.internal.tasks.compile.incremental.deps.ClassDependentsAccumulator::addClass (266 bytes)


---------------  P R O C E S S  ---------------

Java Threads: ( => current thread )
  0x000000001b325800 JavaThread "ForkJoinPool.commonPool-worker-2" daemon [_thread_in_native, id=20504, stack(0x0000000035ab0000,0x0000000035bb0000)]
  0x000000001b325000 JavaThread "ForkJoinPool.commonPool-worker-1" daemon [_thread_in_native, id=13288, stack(0x00000000359b0000,0x0000000035ab0000)]
  0x000000001b32a000 JavaThread "ForkJoinPool.commonPool-worker-0" daemon [_thread_in_Java, id=14004, stack(0x00000000358b0000,0x00000000359b0000)]
  0x000000001b322000 JavaThread "ForkJoinPool.commonPool-worker-3" daemon [_thread_in_vm, id=15292, stack(0x00000000357b0000,0x00000000358b0000)]
  0x000000001b324000 JavaThread "Cache worker for Java compile cache (X:\Users\asd\Clock\.gradle\4.1\javaCompile)" [_thread_blocked, id=20412, stack(0x00000000356b0000,0x00000000357b0000)]
  0x000000001dc99800 JavaThread "Task worker for ':' Thread 3" [_thread_blocked, id=5816, stack(0x0000000033bb0000,0x0000000033cb0000)]
  0x000000001dc98000 JavaThread "Task worker for ':' Thread 2" [_thread_blocked, id=5844, stack(0x0000000033ab0000,0x0000000033bb0000)]
  0x000000001dc97800 JavaThread "Task worker for ':'" [_thread_blocked, id=22992, stack(0x00000000339b0000,0x0000000033ab0000)]
  0x000000001dc96800 JavaThread "Cache worker for task history cache (X:\Users\asd\Clock\.gradle\4.1\taskHistory)" [_thread_blocked, id=7228, stack(0x00000000338b0000,0x00000000339b0000)]
  0x000000001dc8f000 JavaThread "Cache worker for file content cache (X:\Users\asd\Clock\.gradle\4.1\fileContent)" [_thread_blocked, id=3568, stack(0x00000000337b0000,0x00000000338b0000)]
  0x000000001dc8e800 JavaThread "build operations Thread 4" [_thread_blocked, id=20652, stack(0x00000000336b0000,0x00000000337b0000)]
  0x000000001dc95000 JavaThread "build operations Thread 3" [_thread_blocked, id=17184, stack(0x00000000335b0000,0x00000000336b0000)]
  0x000000001dc8d800 JavaThread "build operations Thread 2" [_thread_blocked, id=20416, stack(0x00000000334b0000,0x00000000335b0000)]
  0x000000001dc94800 JavaThread "build operations" [_thread_blocked, id=19896, stack(0x00000000333b0000,0x00000000334b0000)]
  0x000000001dc8d000 JavaThread "Cache worker for Artifact transforms cache (X:\Users\asd\.gradle\caches\transforms-1)" [_thread_blocked, id=7428, stack(0x00000000332b0000,0x00000000333b0000)]
  0x000000001dc93800 JavaThread "Cache worker for file hash cache (X:\Users\asd\Clock\.gradle\4.1\fileHashes)" [_thread_blocked, id=17900, stack(0x00000000331b0000,0x00000000332b0000)]
  0x000000001dc8c000 JavaThread "Stdin handler" [_thread_blocked, id=12208, stack(0x00000000330b0000,0x00000000331b0000)]
  0x000000001dc93000 JavaThread "Asynchronous log dispatcher for DefaultDaemonConnection: socket connection from /127.0.0.1:54286 to /127.0.0.1:58745" [_thread_blocked, id=11128, stack(0x0000000032fb0000,0x00000000330b0000)]
  0x000000001dc8b800 JavaThread "Daemon worker Thread 5" [_thread_blocked, id=22276, stack(0x0000000032eb0000,0x0000000032fb0000)]
  0x000000001dc92000 JavaThread "Cancel handler" [_thread_blocked, id=21988, stack(0x0000000032db0000,0x0000000032eb0000)]
  0x000000001dc90000 JavaThread "Handler for socket connection from /127.0.0.1:54286 to /127.0.0.1:58745" [_thread_in_native, id=4596, stack(0x0000000032cb0000,0x0000000032db0000)]
  0x000000001dc91800 JavaThread "Daemon Thread 5" [_thread_blocked, id=23836, stack(0x0000000032bb0000,0x0000000032cb0000)]
  0x000000001c691000 JavaThread "Memory manager" [_thread_blocked, id=14044, stack(0x0000000020e70000,0x0000000020f70000)]
  0x0000000019bf7000 JavaThread "File lock request listener" [_thread_in_native, id=20704, stack(0x000000001c0c0000,0x000000001c1c0000)]
  0x000000001a183800 JavaThread "Cache worker for file hash cache (X:\Users\asd\.gradle\caches\4.1\fileHashes)" [_thread_blocked, id=15264, stack(0x000000001bfc0000,0x000000001c0c0000)]
  0x0000000019912000 JavaThread "Daemon periodic checks" [_thread_blocked, id=4640, stack(0x000000001a4f0000,0x000000001a5f0000)]
  0x0000000019915000 JavaThread "Incoming local TCP Connector on port 54286" [_thread_in_native, id=4064, stack(0x000000001a3f0000,0x000000001a4f0000)]
  0x0000000017fa2000 JavaThread "Service Thread" daemon [_thread_blocked, id=22700, stack(0x0000000018820000,0x0000000018920000)]
  0x0000000017f2f000 JavaThread "C1 CompilerThread2" daemon [_thread_blocked, id=10124, stack(0x0000000018720000,0x0000000018820000)]
  0x0000000017f2c000 JavaThread "C2 CompilerThread1" daemon [_thread_blocked, id=7928, stack(0x0000000018620000,0x0000000018720000)]
=>0x0000000017f2a000 JavaThread "C2 CompilerThread0" daemon [_thread_in_native, id=17808, stack(0x0000000018520000,0x0000000018620000)]
  0x0000000016bd6000 JavaThread "Attach Listener" daemon [_thread_blocked, id=18224, stack(0x0000000018420000,0x0000000018520000)]
  0x0000000017f28800 JavaThread "Signal Dispatcher" daemon [_thread_blocked, id=23192, stack(0x0000000018320000,0x0000000018420000)]
  0x0000000016ba8000 JavaThread "Finalizer" daemon [_thread_blocked, id=9492, stack(0x0000000017e20000,0x0000000017f20000)]
  0x0000000003243800 JavaThread "Reference Handler" daemon [_thread_blocked, id=11148, stack(0x0000000017d20000,0x0000000017e20000)]
  0x0000000003152800 JavaThread "main" [_thread_blocked, id=22904, stack(0x0000000002c40000,0x0000000002d40000)]

Other Threads:
  0x0000000016b87800 VMThread [stack: 0x0000000017c20000,0x0000000017d20000] [id=5476]
  0x0000000017fa3000 WatcherThread [stack: 0x0000000018920000,0x0000000018a20000] [id=13812]

VM state:not at safepoint (normal execution)

VM Mutex/Monitor currently owned by a thread: None

Heap:
 PSYoungGen      total 394752K, used 263245K [0x00000000e0000000, 0x00000000ff000000, 0x0000000100000000)
  eden space 339456K, 74% used [0x00000000e0000000,0x00000000ef5bda30,0x00000000f4b80000)
  from space 55296K, 20% used [0x00000000f4b80000,0x00000000f56d5c60,0x00000000f8180000)
  to   space 54784K, 0% used [0x00000000fba80000,0x00000000fba80000,0x00000000ff000000)
 ParOldGen       total 98304K, used 69896K [0x00000000a0000000, 0x00000000a6000000, 0x00000000e0000000)
  object space 98304K, 71% used [0x00000000a0000000,0x00000000a4442388,0x00000000a6000000)
 Metaspace       used 79947K, capacity 84956K, committed 85208K, reserved 1124352K
  class space    used 9910K, capacity 10983K, committed 11008K, reserved 1048576K

Card table byte_map: [0x0000000012610000,0x0000000012920000] byte_map_base: 0x0000000012110000

Marking Bits: (ParMarkBitMap*) 0x0000000072573950
 Begin Bits: [0x0000000012f20000, 0x0000000014720000)
 End Bits:   [0x0000000014720000, 0x0000000015f20000)

Polling page: 0x0000000000bf0000

CodeCache: size=245760Kb used=58126Kb max_used=58126Kb free=187634Kb
 bounds [0x0000000003250000, 0x0000000006b70000, 0x0000000012250000]
 total_blobs=16526 nmethods=15691 adapters=747
 compilation: enabled

Compilation events (10 events):
Event: 8038.045 Thread 0x0000000017f2f000 19974       3       sun.nio.cs.UnicodeEncoder::put (53 bytes)
Event: 8038.045 Thread 0x0000000017f2f000 nmethod 19974 0x0000000004160350 code [0x0000000004160500, 0x00000000041609f8]
Event: 8038.048 Thread 0x0000000017f2f000 19975       3       com.google.gson.stream.JsonReader::peekNumber (468 bytes)
Event: 8038.050 Thread 0x0000000017f2f000 nmethod 19975 0x0000000006b63fd0 code [0x0000000006b641c0, 0x0000000006b64ed8]
Event: 8038.051 Thread 0x0000000017f2f000 19976       3       com.google.gson.stream.JsonReader::nextBoolean (135 bytes)
Event: 8038.052 Thread 0x0000000017f2f000 nmethod 19976 0x0000000006b61fd0 code [0x0000000006b622a0, 0x0000000006b63728]
Event: 8038.052 Thread 0x0000000017f2f000 19977       3       com.android.build.gradle.internal.pipeline.IntermediateFolderUtils$$Lambda$288/702272270::test (8 bytes)
Event: 8038.053 Thread 0x0000000017f2f000 nmethod 19977 0x00000000044ec650 code [0x00000000044ec7c0, 0x00000000044ecab0]
Event: 8038.053 Thread 0x0000000017f2f000 19978       3       com.android.build.gradle.internal.pipeline.IntermediateFolderUtils$$Lambda$289/1108094353::test (8 bytes)
Event: 8038.054 Thread 0x0000000017f2f000 nmethod 19978 0x00000000043bed90 code [0x00000000043bef00, 0x00000000043bf290]

GC Heap History (10 events):
Event: 739.747 GC heap before
{Heap before GC invocations=26 (full 3):
 PSYoungGen      total 276480K, used 250389K [0x00000000e0000000, 0x00000000f6680000, 0x0000000100000000)
  eden space 218112K, 99% used [0x00000000e0000000,0x00000000ed4ff138,0x00000000ed500000)
  from space 58368K, 55% used [0x00000000f0d80000,0x00000000f2d06510,0x00000000f4680000)
  to   space 57856K, 0% used [0x00000000ed500000,0x00000000ed500000,0x00000000f0d80000)
 ParOldGen       total 98304K, used 44998K [0x00000000a0000000, 0x00000000a6000000, 0x00000000e0000000)
  object space 98304K, 45% used [0x00000000a0000000,0x00000000a2bf19d0,0x00000000a6000000)
 Metaspace       used 76094K, capacity 79520K, committed 79704K, reserved 1118208K
  class space    used 9514K, capacity 10283K, committed 10368K, reserved 1048576K
Event: 739.834 GC heap after
Heap after GC invocations=26 (full 3):
 PSYoungGen      total 275968K, used 34303K [0x00000000e0000000, 0x00000000f8c00000, 0x0000000100000000)
  eden space 218112K, 0% used [0x00000000e0000000,0x00000000e0000000,0x00000000ed500000)
  from space 57856K, 59% used [0x00000000ed500000,0x00000000ef67fc78,0x00000000f0d80000)
  to   space 58368K, 0% used [0x00000000f5300000,0x00000000f5300000,0x00000000f8c00000)
 ParOldGen       total 98304K, used 45006K [0x00000000a0000000, 0x00000000a6000000, 0x00000000e0000000)
  object space 98304K, 45% used [0x00000000a0000000,0x00000000a2bf39d0,0x00000000a6000000)
 Metaspace       used 76094K, capacity 79520K, committed 79704K, reserved 1118208K
  class space    used 9514K, capacity 10283K, committed 10368K, reserved 1048576K
}
Event: 768.464 GC heap before
{Heap before GC invocations=27 (full 3):
 PSYoungGen      total 275968K, used 252415K [0x00000000e0000000, 0x00000000f8c00000, 0x0000000100000000)
  eden space 218112K, 100% used [0x00000000e0000000,0x00000000ed500000,0x00000000ed500000)
  from space 57856K, 59% used [0x00000000ed500000,0x00000000ef67fc78,0x00000000f0d80000)
  to   space 58368K, 0% used [0x00000000f5300000,0x00000000f5300000,0x00000000f8c00000)
 ParOldGen       total 98304K, used 45006K [0x00000000a0000000, 0x00000000a6000000, 0x00000000e0000000)
  object space 98304K, 45% used [0x00000000a0000000,0x00000000a2bf39d0,0x00000000a6000000)
 Metaspace       used 76331K, capacity 79976K, committed 80216K, reserved 1120256K
  class space    used 9531K, capacity 10335K, committed 10368K, reserved 1048576K
Event: 768.533 GC heap after
Heap after GC invocations=27 (full 3):
 PSYoungGen      total 336896K, used 34201K [0x00000000e0000000, 0x00000000f8680000, 0x0000000100000000)
  eden space 284160K, 0% used [0x00000000e0000000,0x00000000e0000000,0x00000000f1580000)
  from space 52736K, 64% used [0x00000000f5300000,0x00000000f74667d0,0x00000000f8680000)
  to   space 57856K, 0% used [0x00000000f1580000,0x00000000f1580000,0x00000000f4e00000)
 ParOldGen       total 98304K, used 45014K [0x00000000a0000000, 0x00000000a6000000, 0x00000000e0000000)
  object space 98304K, 45% used [0x00000000a0000000,0x00000000a2bf59d0,0x00000000a6000000)
 Metaspace       used 76331K, capacity 79976K, committed 80216K, reserved 1120256K
  class space    used 9531K, capacity 10335K, committed 10368K, reserved 1048576K
}
Event: 7828.269 GC heap before
{Heap before GC invocations=28 (full 3):
 PSYoungGen      total 336896K, used 318361K [0x00000000e0000000, 0x00000000f8680000, 0x0000000100000000)
  eden space 284160K, 100% used [0x00000000e0000000,0x00000000f1580000,0x00000000f1580000)
  from space 52736K, 64% used [0x00000000f5300000,0x00000000f74667d0,0x00000000f8680000)
  to   space 57856K, 0% used [0x00000000f1580000,0x00000000f1580000,0x00000000f4e00000)
 ParOldGen       total 98304K, used 45014K [0x00000000a0000000, 0x00000000a6000000, 0x00000000e0000000)
  object space 98304K, 45% used [0x00000000a0000000,0x00000000a2bf59d0,0x00000000a6000000)
 Metaspace       used 76654K, capacity 80488K, committed 80600K, reserved 1120256K
  class space    used 9550K, capacity 10387K, committed 10496K, reserved 1048576K
Event: 7828.937 GC heap after
Heap after GC invocations=28 (full 3):
 PSYoungGen      total 342016K, used 31495K [0x00000000e0000000, 0x00000000fbf00000, 0x0000000100000000)
  eden space 284160K, 0% used [0x00000000e0000000,0x00000000e0000000,0x00000000f1580000)
  from space 57856K, 54% used [0x00000000f1580000,0x00000000f3441d30,0x00000000f4e00000)
  to   space 56832K, 0% used [0x00000000f8780000,0x00000000f8780000,0x00000000fbf00000)
 ParOldGen       total 98304K, used 45022K [0x00000000a0000000, 0x00000000a6000000, 0x00000000e0000000)
  object space 98304K, 45% used [0x00000000a0000000,0x00000000a2bf79d0,0x00000000a6000000)
 Metaspace       used 76654K, capacity 80488K, committed 80600K, reserved 1120256K
  class space    used 9550K, capacity 10387K, committed 10496K, reserved 1048576K
}
Event: 7840.828 GC heap before
{Heap before GC invocations=29 (full 3):
 PSYoungGen      total 342016K, used 315655K [0x00000000e0000000, 0x00000000fbf00000, 0x0000000100000000)
  eden space 284160K, 100% used [0x00000000e0000000,0x00000000f1580000,0x00000000f1580000)
  from space 57856K, 54% used [0x00000000f1580000,0x00000000f3441d30,0x00000000f4e00000)
  to   space 56832K, 0% used [0x00000000f8780000,0x00000000f8780000,0x00000000fbf00000)
 ParOldGen       total 98304K, used 45022K [0x00000000a0000000, 0x00000000a6000000, 0x00000000e0000000)
  object space 98304K, 45% used [0x00000000a0000000,0x00000000a2bf79d0,0x00000000a6000000)
 Metaspace       used 78095K, capacity 82166K, committed 82264K, reserved 1120256K
  class space    used 9690K, capacity 10586K, committed 10624K, reserved 1048576K
Event: 7840.913 GC heap after
Heap after GC invocations=29 (full 3):
 PSYoungGen      total 388608K, used 19654K [0x00000000e0000000, 0x00000000fb780000, 0x0000000100000000)
  eden space 339456K, 0% used [0x00000000e0000000,0x00000000e0000000,0x00000000f4b80000)
  from space 49152K, 39% used [0x00000000f8780000,0x00000000f9ab1898,0x00000000fb780000)
  to   space 55296K, 0% used [0x00000000f4b80000,0x00000000f4b80000,0x00000000f8180000)
 ParOldGen       total 98304K, used 67734K [0x00000000a0000000, 0x00000000a6000000, 0x00000000e0000000)
  object space 98304K, 68% used [0x00000000a0000000,0x00000000a42259d8,0x00000000a6000000)
 Metaspace       used 78095K, capacity 82166K, committed 82264K, reserved 1120256K
  class space    used 9690K, capacity 10586K, committed 10624K, reserved 1048576K
}
Event: 8028.982 GC heap before
{Heap before GC invocations=30 (full 3):
 PSYoungGen      total 388608K, used 359110K [0x00000000e0000000, 0x00000000fb780000, 0x0000000100000000)
  eden space 339456K, 100% used [0x00000000e0000000,0x00000000f4b80000,0x00000000f4b80000)
  from space 49152K, 39% used [0x00000000f8780000,0x00000000f9ab1898,0x00000000fb780000)
  to   space 55296K, 0% used [0x00000000f4b80000,0x00000000f4b80000,0x00000000f8180000)
 ParOldGen       total 98304K, used 67734K [0x00000000a0000000, 0x00000000a6000000, 0x00000000e0000000)
  object space 98304K, 68% used [0x00000000a0000000,0x00000000a42259d8,0x00000000a6000000)
 Metaspace       used 78652K, capacity 83126K, committed 83288K, reserved 1122304K
  class space    used 9760K, capacity 10754K, committed 10880K, reserved 1048576K
Event: 8029.160 GC heap after
Heap after GC invocations=30 (full 3):
 PSYoungGen      total 394752K, used 11607K [0x00000000e0000000, 0x00000000ff000000, 0x0000000100000000)
  eden space 339456K, 0% used [0x00000000e0000000,0x00000000e0000000,0x00000000f4b80000)
  from space 55296K, 20% used [0x00000000f4b80000,0x00000000f56d5c60,0x00000000f8180000)
  to   space 54784K, 0% used [0x00000000fba80000,0x00000000fba80000,0x00000000ff000000)
 ParOldGen       total 98304K, used 69896K [0x00000000a0000000, 0x00000000a6000000, 0x00000000e0000000)
  object space 98304K, 71% used [0x00000000a0000000,0x00000000a4442388,0x00000000a6000000)
 Metaspace       used 78652K, capacity 83126K, committed 83288K, reserved 1122304K
  class space    used 9760K, capacity 10754K, committed 10880K, reserved 1048576K
}

Deoptimization events (10 events):
Event: 7887.302 Thread 0x000000001dc96800 Uncommon trap: reason=array_check action=maybe_recompile pc=0x00000000068ea7e8 method=java.util.TimSort.reverseRange([Ljava/lang/Object;II)V @ 20
Event: 7887.901 Thread 0x000000001dc8c000 Uncommon trap: reason=unstable_if action=reinterpret pc=0x0000000005bee704 method=java.util.concurrent.locks.AbstractQueuedSynchronizer.enq(Ljava/util/concurrent/locks/AbstractQueuedSynchronizer$Node;)Ljava/util/concurrent/locks/AbstractQueuedSynchronizer
Event: 8030.631 Thread 0x000000001dc8d800 Uncommon trap: reason=unstable_if action=reinterpret pc=0x0000000006670eb4 method=java.util.concurrent.ConcurrentHashMap.addCount(JI)V @ 97
Event: 8030.773 Thread 0x000000001dc8b800 Uncommon trap: reason=array_check action=maybe_recompile pc=0x00000000056571f4 method=java.util.TimSort.reverseRange([Ljava/lang/Object;II)V @ 27
Event: 8030.817 Thread 0x000000001dc8b800 Uncommon trap: reason=array_check action=maybe_recompile pc=0x00000000056571f4 method=java.util.TimSort.reverseRange([Ljava/lang/Object;II)V @ 27
Event: 8031.138 Thread 0x000000001dc8b800 Uncommon trap: reason=class_check action=maybe_recompile pc=0x0000000006a98ca8 method=com.sun.org.apache.xerces.internal.dom.NamedNodeMapImpl.getNamedItemNS(Ljava/lang/String;Ljava/lang/String;)Lorg/w3c/dom/Node; @ 28
Event: 8031.138 Thread 0x000000001dc8b800 Uncommon trap: reason=class_check action=maybe_recompile pc=0x0000000006a98ca8 method=com.sun.org.apache.xerces.internal.dom.NamedNodeMapImpl.getNamedItemNS(Ljava/lang/String;Ljava/lang/String;)Lorg/w3c/dom/Node; @ 28
Event: 8031.139 Thread 0x000000001dc8b800 Uncommon trap: reason=class_check action=maybe_recompile pc=0x0000000006a98ca8 method=com.sun.org.apache.xerces.internal.dom.NamedNodeMapImpl.getNamedItemNS(Ljava/lang/String;Ljava/lang/String;)Lorg/w3c/dom/Node; @ 28
Event: 8031.139 Thread 0x000000001dc8b800 Uncommon trap: reason=class_check action=maybe_recompile pc=0x0000000006a98ca8 method=com.sun.org.apache.xerces.internal.dom.NamedNodeMapImpl.getNamedItemNS(Ljava/lang/String;Ljava/lang/String;)Lorg/w3c/dom/Node; @ 28
Event: 8034.670 Thread 0x000000001dc8b800 Uncommon trap: reason=unstable_if action=reinterpret pc=0x00000000036379d8 method=com.sun.tools.javac.parser.JavacParser.term1()Lcom/sun/tools/javac/tree/JCTree$JCExpression; @ 24

Classes redefined (0 events):
No events

Internal exceptions (10 events):
Event: 8029.167 Thread 0x000000001dc8b800 Exception <a 'sun/nio/fs/WindowsException'> (0x00000000e0020e68) thrown at [D:\src\AOSP-openjdk-cygwin\jdk8u\hotspot\src\share\vm\prims\jni.cpp, line 709]
Event: 8029.167 Thread 0x000000001dc8b800 Exception <a 'sun/nio/fs/WindowsException'> (0x00000000e0021b10) thrown at [D:\src\AOSP-openjdk-cygwin\jdk8u\hotspot\src\share\vm\prims\jni.cpp, line 709]
Event: 8029.167 Thread 0x000000001dc8b800 Exception <a 'sun/nio/fs/WindowsException'> (0x00000000e0024608) thrown at [D:\src\AOSP-openjdk-cygwin\jdk8u\hotspot\src\share\vm\prims\jni.cpp, line 709]
Event: 8029.167 Thread 0x000000001dc8b800 Exception <a 'sun/nio/fs/WindowsException'> (0x00000000e0025008) thrown at [D:\src\AOSP-openjdk-cygwin\jdk8u\hotspot\src\share\vm\prims\jni.cpp, line 709]
Event: 8029.168 Thread 0x000000001dc8b800 Exception <a 'sun/nio/fs/WindowsException'> (0x00000000e0026d10) thrown at [D:\src\AOSP-openjdk-cygwin\jdk8u\hotspot\src\share\vm\prims\jni.cpp, line 709]
Event: 8029.168 Thread 0x000000001dc8b800 Exception <a 'sun/nio/fs/WindowsException'> (0x00000000e0027a28) thrown at [D:\src\AOSP-openjdk-cygwin\jdk8u\hotspot\src\share\vm\prims\jni.cpp, line 709]
Event: 8029.168 Thread 0x000000001dc8b800 Exception <a 'sun/nio/fs/WindowsException'> (0x00000000e002a690) thrown at [D:\src\AOSP-openjdk-cygwin\jdk8u\hotspot\src\share\vm\prims\jni.cpp, line 709]
Event: 8029.169 Thread 0x000000001dc8b800 Exception <a 'sun/nio/fs/WindowsException'> (0x00000000e002afe0) thrown at [D:\src\AOSP-openjdk-cygwin\jdk8u\hotspot\src\share\vm\prims\jni.cpp, line 709]
Event: 8029.169 Thread 0x000000001dc8b800 Exception <a 'sun/nio/fs/WindowsException'> (0x00000000e002cb30) thrown at [D:\src\AOSP-openjdk-cygwin\jdk8u\hotspot\src\share\vm\prims\jni.cpp, line 709]
Event: 8029.169 Thread 0x000000001dc8b800 Exception <a 'sun/nio/fs/WindowsException'> (0x00000000e002d670) thrown at [D:\src\AOSP-openjdk-cygwin\jdk8u\hotspot\src\share\vm\prims\jni.cpp, line 709]

Events (10 events):
Event: 8036.953 Thread 0x000000001dc8b800 DEOPT PACKING pc=0x0000000004e74ace sp=0x0000000032fa9e60
Event: 8036.953 Thread 0x000000001dc8b800 DEOPT UNPACKING pc=0x00000000032975bf sp=0x0000000032fa9e58 mode 0
Event: 8037.433 Thread 0x000000001dc8b800 DEOPT PACKING pc=0x0000000004ecd426 sp=0x0000000032faa3a0
Event: 8037.435 Thread 0x000000001dc8b800 DEOPT UNPACKING pc=0x00000000032975bf sp=0x0000000032faa128 mode 0
Event: 8037.824 Thread 0x000000001dc96800 DEOPT PACKING pc=0x000000000367a3ed sp=0x00000000339ae4a0
Event: 8037.828 Thread 0x000000001dc96800 DEOPT UNPACKING pc=0x00000000032975bf sp=0x00000000339ae1e8 mode 0
Event: 8038.053 Thread 0x000000001b322000 Thread added: 0x000000001b322000
Event: 8038.054 Thread 0x000000001b32a000 Thread added: 0x000000001b32a000
Event: 8038.062 Thread 0x000000001b325000 Thread added: 0x000000001b325000
Event: 8038.063 Thread 0x000000001b325800 Thread added: 0x000000001b325800


Dynamic libraries:
0x00007ff6ce710000 - 0x00007ff6ce741000 	X:\Program Files\Android\Android Studio2\jre\bin\java.exe
0x00007ff8eb1c0000 - 0x00007ff8eb392000 	X:\Windows\SYSTEM32\ntdll.dll
0x00007ff8e98d0000 - 0x00007ff8e997c000 	X:\Windows\System32\KERNEL32.DLL
0x00007ff8e7f20000 - 0x00007ff8e813d000 	X:\Windows\System32\KERNELBASE.dll
0x00007ff8e8ae0000 - 0x00007ff8e8b82000 	X:\Windows\System32\ADVAPI32.dll
0x00007ff8e8a30000 - 0x00007ff8e8ace000 	X:\Windows\System32\msvcrt.dll
0x00007ff8e8b90000 - 0x00007ff8e8be9000 	X:\Windows\System32\sechost.dll
0x00007ff8e8bf0000 - 0x00007ff8e8d11000 	X:\Windows\System32\RPCRT4.dll
0x00007ff8eb040000 - 0x00007ff8eb1a5000 	X:\Windows\System32\USER32.dll
0x00007ff8e7e50000 - 0x00007ff8e7e6e000 	X:\Windows\System32\win32u.dll
0x00007ff8e89f0000 - 0x00007ff8e8a24000 	X:\Windows\System32\GDI32.dll
0x00007ff8e8530000 - 0x00007ff8e86b0000 	X:\Windows\System32\gdi32full.dll
0x00007ff8da140000 - 0x00007ff8da3ba000 	X:\Windows\WinSxS\amd64_microsoft.windows.common-controls_6595b64144ccf1df_6.0.14393.953_none_42151e83c686086b\COMCTL32.dll
0x00007ff8e91e0000 - 0x00007ff8e94a8000 	X:\Windows\System32\combase.dll
0x00007ff8e8380000 - 0x00007ff8e8475000 	X:\Windows\System32\ucrtbase.dll
0x00007ff8e8310000 - 0x00007ff8e837a000 	X:\Windows\System32\bcryptPrimitives.dll
0x00007ff8e91b0000 - 0x00007ff8e91de000 	X:\Windows\System32\IMM32.DLL
0x0000000072f10000 - 0x0000000072fe2000 	X:\Program Files\Android\Android Studio2\jre\jre\bin\msvcr100.dll
0x0000000071db0000 - 0x00000000725ee000 	X:\Program Files\Android\Android Studio2\jre\jre\bin\server\jvm.dll
0x00007ff8e9980000 - 0x00007ff8e9988000 	X:\Windows\System32\PSAPI.DLL
0x00007ff8c74f0000 - 0x00007ff8c74f9000 	X:\Windows\SYSTEM32\WSOCK32.dll
0x00007ff8e5650000 - 0x00007ff8e5673000 	X:\Windows\SYSTEM32\WINMM.dll
0x00007ff8df040000 - 0x00007ff8df04a000 	X:\Windows\SYSTEM32\VERSION.dll
0x00000000013f0000 - 0x000000000141b000 	X:\Windows\SYSTEM32\WINMMBASE.dll
0x00007ff8e9990000 - 0x00007ff8e99fa000 	X:\Windows\System32\ws2_32.DLL
0x00007ff8e76c0000 - 0x00007ff8e7702000 	X:\Windows\System32\cfgmgr32.dll
0x00007ff8d9eb0000 - 0x00007ff8d9ebf000 	X:\Program Files\Android\Android Studio2\jre\jre\bin\verify.dll
0x00007ff8bc150000 - 0x00007ff8bc179000 	X:\Program Files\Android\Android Studio2\jre\jre\bin\java.dll
0x00007ff8d9810000 - 0x00007ff8d9826000 	X:\Program Files\Android\Android Studio2\jre\jre\bin\zip.dll
0x00007ff8e9b30000 - 0x00007ff8eb038000 	X:\Windows\System32\SHELL32.dll
0x00007ff8e7710000 - 0x00007ff8e7de8000 	X:\Windows\System32\windows.storage.dll
0x00007ff8e7630000 - 0x00007ff8e767c000 	X:\Windows\System32\powrprof.dll
0x00007ff8e97b0000 - 0x00007ff8e9802000 	X:\Windows\System32\shlwapi.dll
0x00007ff8e7680000 - 0x00007ff8e768f000 	X:\Windows\System32\kernel.appcore.dll
0x00007ff8e8480000 - 0x00007ff8e8529000 	X:\Windows\System32\shcore.dll
0x00007ff8e7690000 - 0x00007ff8e76a4000 	X:\Windows\System32\profapi.dll
0x00007ff8bec40000 - 0x00007ff8bec5a000 	X:\Program Files\Android\Android Studio2\jre\jre\bin\net.dll
0x00007ff8e6f00000 - 0x00007ff8e6f5c000 	X:\Windows\system32\mswsock.dll
0x00007ff8bc130000 - 0x00007ff8bc141000 	X:\Program Files\Android\Android Studio2\jre\jre\bin\nio.dll
0x00007ff8e4990000 - 0x00007ff8e49ae000 	X:\Users\asd\.gradle\native\25\windows-amd64\native-platform.dll
0x00007ff8d9ea0000 - 0x00007ff8d9ead000 	X:\Program Files\Android\Android Studio2\jre\jre\bin\management.dll
0x00007ff8e70a0000 - 0x00007ff8e70b7000 	X:\Windows\SYSTEM32\CRYPTSP.dll
0x00007ff8e6b00000 - 0x00007ff8e6b33000 	X:\Windows\system32\rsaenh.dll
0x00007ff8e7570000 - 0x00007ff8e759b000 	X:\Windows\SYSTEM32\bcrypt.dll
0x00007ff8e6d80000 - 0x00007ff8e6d9f000 	X:\Windows\SYSTEM32\USERENV.dll
0x00007ff8e70c0000 - 0x00007ff8e70cb000 	X:\Windows\SYSTEM32\CRYPTBASE.dll
0x00007ff8e6c80000 - 0x00007ff8e6cb8000 	X:\Windows\SYSTEM32\IPHLPAPI.DLL
0x00007ff8eb1b0000 - 0x00007ff8eb1b8000 	X:\Windows\System32\NSI.dll
0x00007ff8df620000 - 0x00007ff8df636000 	X:\Windows\SYSTEM32\dhcpcsvc6.DLL
0x00007ff8dfa60000 - 0x00007ff8dfa7a000 	X:\Windows\SYSTEM32\dhcpcsvc.DLL
0x00007ff8e6400000 - 0x00007ff8e6432000 	X:\Windows\SYSTEM32\ntmarta.dll

VM Arguments:
jvm_args: -Xmx1536m -Dfile.encoding=GBK -Duser.country=CN -Duser.language=zh -Duser.variant 
java_command: org.gradle.launcher.daemon.bootstrap.GradleDaemon 4.1
java_class_path (initial): X:\Users\asd\.gradle\wrapper\dists\gradle-4.1-all\bzyivzo6n839fup2jbap0tjew\gradle-4.1\lib\gradle-launcher-4.1.jar
Launcher Type: SUN_STANDARD

Environment Variables:
JAVA_HOME=X:\Program Files\Java\jdk1.7.0_17
CLASSPATH=.;%JAVA_HOME%\lib;%JAVA_HOME%\lib\tools.jar;E:\apache-cxf-2.4.2\lib\cxf-manifest.jar;D:\ant\apache-ant-1.9.9\lib;%CXF_HOME%\lib;%JAVA8_HOME%\lib;%JAVA8_HOME%\lib\tools.jar
PATH=X:\ProgramData\Oracle\Java\javapath\;X:\Windows\system32\;X:\Windows\;X:\Windows\System32\Wbem\;X:\Windows\System32\WindowsPowerShell\v1.0\;X:\Program Files (x86)\Java\jdk1.8.0_60\bin\;X:\Program Files (x86)\Java\jdk1.8.0_60\jre\bin;x:\Program Files (x86)\NVIDIA Corporation\PhysX\Common\;E:\mysql-5.6.34-winx64\bin\;x:\Program Files (x86)\Microsoft SQL Server\100\Tools\Binn\;x:\Program Files\Microsoft SQL Server\100\Tools\Binn\;x:\Program Files\Microsoft SQL Server\100\DTS\Binn\;X:\Program Files\Microsoft SQL Server\110\Tools\Binn\;X:\Program Files (x86)\GtkSharp\2.12\bin;X:\Program Files (x86)\Windows Kits\8.1\Windows Performance Toolkit\;X:\Users\asd\Documents\Tencent Files\312018367\FileRecv\cocos2d-x-2.2.6;X:\Program Files (x86)\PCL 1.7.2\bin;X:\Program Files (x86)\PCL 1.7.2\3rdParty\FLANN\bin;X:\Program Files (x86)\PCL 1.7.2\3rdParty\Qhull\bin;X:\Program Files (x86)\PCL 1.7.2\3rdParty\VTK\bin;X:\ProgramData\Microsoft\Windows\Start Menu\Programs\MySQL\MySQL Server 5.6;X:\Program Files (x86)\Java\jdk1.8.0_60\jre;X:\Program Files (x86)\Java\jdk1.8.0_60\bin;X:\Program Files\MySQL\MySQL Utilities 1.6\;X:\ProgramData\Microsoft\Windows\Start Menu\Programs\MySQL\MySQL Server 5.6;X:\Program Files\OpenNI\Bin;X:\Windows\system32\config\systemprofile\.dnx\bin;X:\Program Files\Microsoft DNX\Dnvm\;X:\Program Files\Microsoft SQL Server\120\Tools\Binn\;X:\Program Files\Microsoft SQL Server\130\Tools\Binn\;X:\Program Files\TortoiseSVN\bin;D:\cxf\apache-cxf-2.4.2\bin;x:\Program Files\Git\cmd;%GRADLE_HOME%\bin;X:\Users\asd\AppData\Local\Android\sdk\platforms;X:\Users\asd\AppData\Local\Android\sdk\tools;%SDK_HOME%\tools;%SDK_HOME%\platform-tools;C:\Users\cocos\frameworks\cocos2d-x-3.7\tools\cocos2d-console\bin;E:\BaiduYunDownload\cocos2d-x-3.13.1\templates;E:\BaiduYunDownload\cocos2d-x-3.13.1\tools\cocos2d-console\bin;X:\Users\asd\AppData\Local\Microsoft\WindowsApps;X:\Users\asd\AppData\Roaming\Microsoft\Windows\Start Menu\Programs\Python 3.5£»
USERNAME=asd
OS=Windows_NT
PROCESSOR_IDENTIFIER=Intel64 Family 6 Model 60 Stepping 3, GenuineIntel



---------------  S Y S T E M  ---------------

OS: Windows 10.0 , 64 bit Build 14393 (10.0.14393.1198)

CPU:total 4 (initial active 4) (2 cores per cpu, 2 threads per core) family 6 model 60 stepping 3, cmov, cx8, fxsr, mmx, sse, sse2, sse3, ssse3, sse4.1, sse4.2, popcnt, avx, avx2, aes, clmul, erms, lzcnt, ht, tsc, tscinvbit, bmi1, bmi2

Memory: 4k page, physical 4119916k(78288k free), swap 7244040k(5988k free)

vm_info: OpenJDK 64-Bit Server VM (25.152-b01) for windows-amd64 JRE (1.8.0_152-release-915-b01), built by "builder" with MS VC++ 10.0 (VS2010)

time: Thu Jan 04 18:45:45 2018
elapsed time: 8038 seconds (0d 2h 13m 58s)

