#
# There is insufficient memory for the Java Runtime Environment to continue.
# Native memory allocation (malloc) failed to allocate 701360 bytes for Chunk::new
# Possible reasons:
#   The system is out of physical RAM or swap space
#   In 32 bit mode, the process size limit was hit
# Possible solutions:
#   Reduce memory load on the system
#   Increase physical memory or swap space
#   Check if swap backing store is full
#   Use 64 bit Java on a 64 bit OS
#   Decrease Java heap size (-Xmx/-Xms)
#   Decrease number of Java threads
#   Decrease Java thread stack sizes (-Xss)
#   Set larger code cache with -XX:ReservedCodeCacheSize=
# This output file may be truncated or incomplete.
#
#  Out of Memory Error (allocation.cpp:390), pid=8140, tid=0x0000000000003e88
#
# JRE version: OpenJDK Runtime Environment (8.0_152-b01) (build 1.8.0_152-release-915-b01)
# Java VM: OpenJDK 64-Bit Server VM (25.152-b01 mixed mode windows-amd64 compressed oops)
# Failed to write core dump. Minidumps are not enabled by default on client versions of Windows
#

---------------  T H R E A D  ---------------

Current thread (0x0000000016fac800):  JavaThread "C2 CompilerThread0" daemon [_thread_in_native, id=16008, stack(0x00000000188c0000,0x00000000189c0000)]

Stack: [0x00000000188c0000,0x00000000189c0000]
[error occurred during error reporting (printing stack bounds), id 0xc0000005]

Native frames: (J=compiled Java code, j=interpreted, Vv=VM code, C=native code)


Current CompileTask:
C2:  26103 12000   !   4       com.android.dx.cf.code.RopperMachine::run (1608 bytes)


---------------  P R O C E S S  ---------------

Java Threads: ( => current thread )
  0x000000001e124800 JavaThread "ForkJoinPool.commonPool-worker-0" daemon [_thread_blocked, id=16760, stack(0x0000000023f90000,0x0000000024090000)]
  0x000000001e11d800 JavaThread "ForkJoinPool.commonPool-worker-3" daemon [_thread_in_Java, id=16072, stack(0x0000000023e90000,0x0000000023f90000)]
  0x000000001e123800 JavaThread "ForkJoinPool.commonPool-worker-2" daemon [_thread_blocked, id=14472, stack(0x0000000023d90000,0x0000000023e90000)]
  0x000000001e11c000 JavaThread "ForkJoinPool.commonPool-worker-1" daemon [_thread_blocked, id=17176, stack(0x0000000023a60000,0x0000000023b60000)]
  0x000000001e122000 JavaThread "Cache worker for Java compile cache (X:\Users\asd\Clock\.gradle\4.1\javaCompile)" [_thread_blocked, id=16516, stack(0x0000000023560000,0x0000000023660000)]
  0x000000001e11c800 JavaThread "Task worker for ':' Thread 3" [_thread_blocked, id=16620, stack(0x0000000023260000,0x0000000023360000)]
  0x000000001e121000 JavaThread "Task worker for ':' Thread 2" [_thread_blocked, id=14812, stack(0x0000000023160000,0x0000000023260000)]
  0x000000001e11e000 JavaThread "Task worker for ':'" [_thread_blocked, id=14592, stack(0x0000000023060000,0x0000000023160000)]
  0x000000001e11f800 JavaThread "Cache worker for task history cache (X:\Users\asd\Clock\.gradle\4.1\taskHistory)" [_thread_blocked, id=16588, stack(0x0000000022f60000,0x0000000023060000)]
  0x000000001e11f000 JavaThread "Cache worker for file content cache (X:\Users\asd\Clock\.gradle\4.1\fileContent)" [_thread_blocked, id=15976, stack(0x0000000022e60000,0x0000000022f60000)]
  0x000000001bcca800 JavaThread "Memory manager" [_thread_blocked, id=16700, stack(0x0000000022160000,0x0000000022260000)]
  0x000000001bcc9800 JavaThread "build operations Thread 4" [_thread_blocked, id=17400, stack(0x0000000021a60000,0x0000000021b60000)]
  0x000000001bcc7000 JavaThread "build operations Thread 3" [_thread_blocked, id=15048, stack(0x0000000021960000,0x0000000021a60000)]
  0x000000001bcc6800 JavaThread "build operations Thread 2" [_thread_blocked, id=14632, stack(0x0000000021860000,0x0000000021960000)]
  0x000000001bcc9000 JavaThread "build operations" [_thread_blocked, id=17068, stack(0x0000000021230000,0x0000000021330000)]
  0x000000001bcc5800 JavaThread "Cache worker for Artifact transforms cache (X:\Users\asd\.gradle\caches\transforms-1)" [_thread_blocked, id=17248, stack(0x000000001eea0000,0x000000001efa0000)]
  0x000000001c600800 JavaThread "Cache worker for file hash cache (X:\Users\asd\Clock\.gradle\4.1\fileHashes)" [_thread_blocked, id=4292, stack(0x000000001d5d0000,0x000000001d6d0000)]
  0x000000001a53a800 JavaThread "File lock request listener" [_thread_in_native, id=17228, stack(0x000000001c500000,0x000000001c600000)]
  0x000000001a53a000 JavaThread "Cache worker for file hash cache (X:\Users\asd\.gradle\caches\4.1\fileHashes)" [_thread_blocked, id=15060, stack(0x000000001c400000,0x000000001c500000)]
  0x000000001a4d7800 JavaThread "Stdin handler" [_thread_blocked, id=15696, stack(0x000000001b130000,0x000000001b230000)]
  0x000000001a4de800 JavaThread "Asynchronous log dispatcher for DefaultDaemonConnection: socket connection from /127.0.0.1:57187 to /127.0.0.1:57188" [_thread_blocked, id=9544, stack(0x000000001b030000,0x000000001b130000)]
  0x0000000019d7d800 JavaThread "Daemon worker" [_thread_blocked, id=14980, stack(0x000000001af30000,0x000000001b030000)]
  0x000000001a4e1000 JavaThread "Cancel handler" [_thread_blocked, id=8688, stack(0x000000001ae30000,0x000000001af30000)]
  0x0000000019cbf800 JavaThread "Handler for socket connection from /127.0.0.1:57187 to /127.0.0.1:57188" [_thread_in_native, id=15924, stack(0x000000001ab30000,0x000000001ac30000)]
  0x0000000019cbe800 JavaThread "Daemon" [_thread_blocked, id=17264, stack(0x000000001aa30000,0x000000001ab30000)]
  0x0000000019a34000 JavaThread "Daemon periodic checks" [_thread_blocked, id=15304, stack(0x000000001a930000,0x000000001aa30000)]
  0x0000000019a2d000 JavaThread "Incoming local TCP Connector on port 57187" [_thread_in_native, id=14940, stack(0x000000001a790000,0x000000001a890000)]
  0x0000000018349000 JavaThread "Service Thread" daemon [_thread_blocked, id=15116, stack(0x0000000018bc0000,0x0000000018cc0000)]
  0x00000000182d2000 JavaThread "C1 CompilerThread2" daemon [_thread_blocked, id=15084, stack(0x0000000018ac0000,0x0000000018bc0000)]
  0x00000000182c9000 JavaThread "C2 CompilerThread1" daemon [_thread_in_native, id=984, stack(0x00000000189c0000,0x0000000018ac0000)]
=>0x0000000016fac800 JavaThread "C2 CompilerThread0" daemon [_thread_in_native, id=16008, stack(0x00000000188c0000,0x00000000189c0000)]
  0x0000000016faa800 JavaThread "Attach Listener" daemon [_thread_blocked, id=16776, stack(0x00000000187c0000,0x00000000188c0000)]
  0x0000000016f65800 JavaThread "Signal Dispatcher" daemon [_thread_blocked, id=17084, stack(0x00000000186c0000,0x00000000187c0000)]
  0x0000000016f38800 JavaThread "Finalizer" daemon [_thread_blocked, id=16328, stack(0x00000000181c0000,0x00000000182c0000)]
  0x00000000035d2800 JavaThread "Reference Handler" daemon [_thread_blocked, id=16824, stack(0x00000000180c0000,0x00000000181c0000)]
  0x00000000034e2800 JavaThread "main" [_thread_blocked, id=4036, stack(0x00000000033e0000,0x00000000034e0000)]

Other Threads:
  0x0000000016f16800 VMThread [stack: 0x0000000017fc0000,0x00000000180c0000] [id=17096]
  0x0000000018349800 WatcherThread [stack: 0x0000000018cc0000,0x0000000018dc0000] [id=10876]

VM state:not at safepoint (normal execution)

VM Mutex/Monitor currently owned by a thread: None

Heap:
 PSYoungGen      total 165888K, used 126675K [0x00000000e0000000, 0x00000000ec100000, 0x0000000100000000)
  eden space 142848K, 73% used [0x00000000e0000000,0x00000000e66d7898,0x00000000e8b80000)
  from space 23040K, 92% used [0x00000000ea500000,0x00000000eb9dd568,0x00000000ebb80000)
  to   space 26112K, 0% used [0x00000000e8b80000,0x00000000e8b80000,0x00000000ea500000)
 ParOldGen       total 91648K, used 53528K [0x00000000a0000000, 0x00000000a5980000, 0x00000000e0000000)
  object space 91648K, 58% used [0x00000000a0000000,0x00000000a3446360,0x00000000a5980000)
 Metaspace       used 65913K, capacity 68096K, committed 68184K, reserved 1107968K
  class space    used 8525K, capacity 9052K, committed 9088K, reserved 1048576K

Card table byte_map: [0x00000000129a0000,0x0000000012cb0000] byte_map_base: 0x00000000124a0000

Marking Bits: (ParMarkBitMap*) 0x0000000070f53950
 Begin Bits: [0x00000000132b0000, 0x0000000014ab0000)
 End Bits:   [0x0000000014ab0000, 0x00000000162b0000)

Polling page: 0x0000000001430000

CodeCache: size=245760Kb used=33667Kb max_used=33669Kb free=212092Kb
 bounds [0x00000000035e0000, 0x00000000056f0000, 0x00000000125e0000]
 total_blobs=10820 nmethods=10030 adapters=702
 compilation: enabled

Compilation events (10 events):
Event: 26.074 Thread 0x00000000182d2000 12031       2       com.android.dx.ssa.back.InterferenceGraph::add (46 bytes)
Event: 26.074 Thread 0x00000000182d2000 nmethod 12031 0x00000000056cf690 code [0x00000000056cf860, 0x00000000056cfd08]
Event: 26.080 Thread 0x00000000182d2000 12034 %     3       com.android.dx.ssa.back.LivenessAnalyzer::handleTailRecursion @ 0 (94 bytes)
Event: 26.080 Thread 0x00000000182d2000 nmethod 12034% 0x00000000056ced10 code [0x00000000056ceee0, 0x00000000056cf468]
Event: 26.081 Thread 0x00000000182d2000 12035 %     3       com.android.dx.util.IntList::binarysearch @ 45 (124 bytes)
Event: 26.081 Thread 0x00000000182d2000 nmethod 12035% 0x00000000056ce350 code [0x00000000056ce4e0, 0x00000000056cea10]
Event: 26.081 Thread 0x00000000182d2000 12036       3       com.android.dx.ssa.back.LivenessAnalyzer::handleTailRecursion (94 bytes)
Event: 26.081 Thread 0x00000000182d2000 nmethod 12036 0x00000000056cda10 code [0x00000000056cdbe0, 0x00000000056ce128]
Event: 26.083 Thread 0x00000000182d2000 12037       3       com.android.dx.util.IntList::binarysearch (124 bytes)
Event: 26.084 Thread 0x00000000182d2000 nmethod 12037 0x00000000056cd110 code [0x00000000056cd2a0, 0x00000000056cd750]

GC Heap History (10 events):
Event: 14.387 GC heap before
{Heap before GC invocations=17 (full 2):
 PSYoungGen      total 112128K, used 112100K [0x00000000e0000000, 0x00000000e7f00000, 0x0000000100000000)
  eden space 100864K, 100% used [0x00000000e0000000,0x00000000e6280000,0x00000000e6280000)
  from space 11264K, 99% used [0x00000000e6f00000,0x00000000e79f93a0,0x00000000e7a00000)
  to   space 12800K, 0% used [0x00000000e6280000,0x00000000e6280000,0x00000000e6f00000)
 ParOldGen       total 57344K, used 19113K [0x00000000a0000000, 0x00000000a3800000, 0x00000000e0000000)
  object space 57344K, 33% used [0x00000000a0000000,0x00000000a12aa518,0x00000000a3800000)
 Metaspace       used 50803K, capacity 52352K, committed 52568K, reserved 1095680K
  class space    used 6820K, capacity 7207K, committed 7296K, reserved 1048576K
Event: 14.406 GC heap after
Heap after GC invocations=17 (full 2):
 PSYoungGen      total 113664K, used 7662K [0x00000000e0000000, 0x00000000e9700000, 0x0000000100000000)
  eden space 100864K, 0% used [0x00000000e0000000,0x00000000e0000000,0x00000000e6280000)
  from space 12800K, 59% used [0x00000000e6280000,0x00000000e69fb948,0x00000000e6f00000)
  to   space 12800K, 0% used [0x00000000e8a80000,0x00000000e8a80000,0x00000000e9700000)
 ParOldGen       total 57344K, used 27730K [0x00000000a0000000, 0x00000000a3800000, 0x00000000e0000000)
  object space 57344K, 48% used [0x00000000a0000000,0x00000000a1b14870,0x00000000a3800000)
 Metaspace       used 50803K, capacity 52352K, committed 52568K, reserved 1095680K
  class space    used 6820K, capacity 7207K, committed 7296K, reserved 1048576K
}
Event: 17.360 GC heap before
{Heap before GC invocations=18 (full 2):
 PSYoungGen      total 113664K, used 100512K [0x00000000e0000000, 0x00000000e9700000, 0x0000000100000000)
  eden space 100864K, 92% used [0x00000000e0000000,0x00000000e5aac960,0x00000000e6280000)
  from space 12800K, 59% used [0x00000000e6280000,0x00000000e69fb948,0x00000000e6f00000)
  to   space 12800K, 0% used [0x00000000e8a80000,0x00000000e8a80000,0x00000000e9700000)
 ParOldGen       total 57344K, used 27730K [0x00000000a0000000, 0x00000000a3800000, 0x00000000e0000000)
  object space 57344K, 48% used [0x00000000a0000000,0x00000000a1b14870,0x00000000a3800000)
 Metaspace       used 57041K, capacity 58862K, committed 59028K, reserved 1099776K
  class space    used 7684K, capacity 8156K, committed 8192K, reserved 1048576K
Event: 17.373 GC heap after
Heap after GC invocations=18 (full 2):
 PSYoungGen      total 138752K, used 10669K [0x00000000e0000000, 0x00000000e9680000, 0x0000000100000000)
  eden space 126464K, 0% used [0x00000000e0000000,0x00000000e0000000,0x00000000e7b80000)
  from space 12288K, 86% used [0x00000000e8a80000,0x00000000e94eb648,0x00000000e9680000)
  to   space 13824K, 0% used [0x00000000e7b80000,0x00000000e7b80000,0x00000000e8900000)
 ParOldGen       total 57344K, used 27738K [0x00000000a0000000, 0x00000000a3800000, 0x00000000e0000000)
  object space 57344K, 48% used [0x00000000a0000000,0x00000000a1b16870,0x00000000a3800000)
 Metaspace       used 57041K, capacity 58862K, committed 59028K, reserved 1099776K
  class space    used 7684K, capacity 8156K, committed 8192K, reserved 1048576K
}
Event: 17.373 GC heap before
{Heap before GC invocations=19 (full 3):
 PSYoungGen      total 138752K, used 10669K [0x00000000e0000000, 0x00000000e9680000, 0x0000000100000000)
  eden space 126464K, 0% used [0x00000000e0000000,0x00000000e0000000,0x00000000e7b80000)
  from space 12288K, 86% used [0x00000000e8a80000,0x00000000e94eb648,0x00000000e9680000)
  to   space 13824K, 0% used [0x00000000e7b80000,0x00000000e7b80000,0x00000000e8900000)
 ParOldGen       total 57344K, used 27738K [0x00000000a0000000, 0x00000000a3800000, 0x00000000e0000000)
  object space 57344K, 48% used [0x00000000a0000000,0x00000000a1b16870,0x00000000a3800000)
 Metaspace       used 57041K, capacity 58862K, committed 59028K, reserved 1099776K
  class space    used 7684K, capacity 8156K, committed 8192K, reserved 1048576K
Event: 17.635 GC heap after
Heap after GC invocations=19 (full 3):
 PSYoungGen      total 138752K, used 0K [0x00000000e0000000, 0x00000000e9680000, 0x0000000100000000)
  eden space 126464K, 0% used [0x00000000e0000000,0x00000000e0000000,0x00000000e7b80000)
  from space 12288K, 0% used [0x00000000e8a80000,0x00000000e8a80000,0x00000000e9680000)
  to   space 13824K, 0% used [0x00000000e7b80000,0x00000000e7b80000,0x00000000e8900000)
 ParOldGen       total 91648K, used 32508K [0x00000000a0000000, 0x00000000a5980000, 0x00000000e0000000)
  object space 91648K, 35% used [0x00000000a0000000,0x00000000a1fbf0b8,0x00000000a5980000)
 Metaspace       used 57041K, capacity 58862K, committed 59028K, reserved 1099776K
  class space    used 7684K, capacity 8156K, committed 8192K, reserved 1048576K
}
Event: 20.002 GC heap before
{Heap before GC invocations=20 (full 3):
 PSYoungGen      total 138752K, used 126464K [0x00000000e0000000, 0x00000000e9680000, 0x0000000100000000)
  eden space 126464K, 100% used [0x00000000e0000000,0x00000000e7b80000,0x00000000e7b80000)
  from space 12288K, 0% used [0x00000000e8a80000,0x00000000e8a80000,0x00000000e9680000)
  to   space 13824K, 0% used [0x00000000e7b80000,0x00000000e7b80000,0x00000000e8900000)
 ParOldGen       total 91648K, used 32508K [0x00000000a0000000, 0x00000000a5980000, 0x00000000e0000000)
  object space 91648K, 35% used [0x00000000a0000000,0x00000000a1fbf0b8,0x00000000a5980000)
 Metaspace       used 60431K, capacity 62362K, committed 62552K, reserved 1103872K
  class space    used 7964K, capacity 8452K, committed 8576K, reserved 1048576K
Event: 20.047 GC heap after
Heap after GC invocations=20 (full 3):
 PSYoungGen      total 140288K, used 13803K [0x00000000e0000000, 0x00000000ebb80000, 0x0000000100000000)
  eden space 126464K, 0% used [0x00000000e0000000,0x00000000e0000000,0x00000000e7b80000)
  from space 13824K, 99% used [0x00000000e7b80000,0x00000000e88faf28,0x00000000e8900000)
  to   space 23040K, 0% used [0x00000000ea500000,0x00000000ea500000,0x00000000ebb80000)
 ParOldGen       total 91648K, used 53520K [0x00000000a0000000, 0x00000000a5980000, 0x00000000e0000000)
  object space 91648K, 58% used [0x00000000a0000000,0x00000000a3444360,0x00000000a5980000)
 Metaspace       used 60431K, capacity 62362K, committed 62552K, reserved 1103872K
  class space    used 7964K, capacity 8452K, committed 8576K, reserved 1048576K
}
Event: 23.465 GC heap before
{Heap before GC invocations=21 (full 3):
 PSYoungGen      total 140288K, used 140267K [0x00000000e0000000, 0x00000000ebb80000, 0x0000000100000000)
  eden space 126464K, 100% used [0x00000000e0000000,0x00000000e7b80000,0x00000000e7b80000)
  from space 13824K, 99% used [0x00000000e7b80000,0x00000000e88faf28,0x00000000e8900000)
  to   space 23040K, 0% used [0x00000000ea500000,0x00000000ea500000,0x00000000ebb80000)
 ParOldGen       total 91648K, used 53520K [0x00000000a0000000, 0x00000000a5980000, 0x00000000e0000000)
  object space 91648K, 58% used [0x00000000a0000000,0x00000000a3444360,0x00000000a5980000)
 Metaspace       used 63081K, capacity 65290K, committed 65368K, reserved 1105920K
  class space    used 8263K, capacity 8798K, committed 8832K, reserved 1048576K
Event: 23.498 GC heap after
Heap after GC invocations=21 (full 3):
 PSYoungGen      total 165888K, used 21365K [0x00000000e0000000, 0x00000000ec100000, 0x0000000100000000)
  eden space 142848K, 0% used [0x00000000e0000000,0x00000000e0000000,0x00000000e8b80000)
  from space 23040K, 92% used [0x00000000ea500000,0x00000000eb9dd568,0x00000000ebb80000)
  to   space 26112K, 0% used [0x00000000e8b80000,0x00000000e8b80000,0x00000000ea500000)
 ParOldGen       total 91648K, used 53528K [0x00000000a0000000, 0x00000000a5980000, 0x00000000e0000000)
  object space 91648K, 58% used [0x00000000a0000000,0x00000000a3446360,0x00000000a5980000)
 Metaspace       used 63081K, capacity 65290K, committed 65368K, reserved 1105920K
  class space    used 8263K, capacity 8798K, committed 8832K, reserved 1048576K
}

Deoptimization events (10 events):
Event: 24.515 Thread 0x000000001e11c000 Uncommon trap: reason=unstable_if action=reinterpret pc=0x00000000045a5a94 method=sun.nio.fs.WindowsNativeDispatcher.asNativeBuffer(Ljava/lang/String;)Lsun/nio/fs/NativeBuffer; @ 33
Event: 24.563 Thread 0x000000001e123800 Uncommon trap: reason=unstable_if action=reinterpret pc=0x000000000413cc54 method=java.util.concurrent.ConcurrentHashMap.addCount(JI)V @ 34
Event: 24.585 Thread 0x000000001e123800 Uncommon trap: reason=unstable_if action=reinterpret pc=0x0000000003f24630 method=java.util.concurrent.ConcurrentHashMap.addCount(JI)V @ 7
Event: 24.761 Thread 0x000000001e11c000 Uncommon trap: reason=unstable_if action=reinterpret pc=0x000000000540e2f0 method=java.util.BitSet.nextSetBit(I)I @ 87
Event: 25.080 Thread 0x000000001e11d800 Uncommon trap: reason=class_check action=maybe_recompile pc=0x000000000552b224 method=com.android.dx.ssa.NormalSsaInsn.accept(Lcom/android/dx/ssa/SsaInsn$Visitor;)V @ 9
Event: 25.269 Thread 0x000000001e123800 Uncommon trap: reason=class_check action=maybe_recompile pc=0x00000000052414ac method=java.io.BufferedOutputStream.write([BII)V @ 20
Event: 25.278 Thread 0x000000001e11c000 Uncommon trap: reason=class_check action=maybe_recompile pc=0x000000000552b224 method=com.android.dx.ssa.NormalSsaInsn.accept(Lcom/android/dx/ssa/SsaInsn$Visitor;)V @ 9
Event: 25.358 Thread 0x000000001e11c000 Uncommon trap: reason=class_check action=maybe_recompile pc=0x00000000052414ac method=java.io.BufferedOutputStream.write([BII)V @ 20
Event: 26.066 Thread 0x000000001e11d800 Uncommon trap: reason=unstable_if action=reinterpret pc=0x00000000055f4ca4 method=com.android.dx.ssa.SetFactory.makeLivenessSet(I)Lcom/android/dx/util/IntSet; @ 4
Event: 26.071 Thread 0x000000001e11d800 Uncommon trap: reason=unstable_if action=reinterpret pc=0x000000000560e4fc method=com.android.dx.util.IntList.binarysearch(I)I @ 105

Classes redefined (0 events):
No events

Internal exceptions (10 events):
Event: 24.834 Thread 0x000000001e123800 Exception <a 'sun/nio/fs/WindowsException'> (0x00000000e248d940) thrown at [D:\src\AOSP-openjdk-cygwin\jdk8u\hotspot\src\share\vm\prims\jni.cpp, line 709]
Event: 24.829 Thread 0x000000001e124800 Exception <a 'sun/nio/fs/WindowsException'> (0x00000000e2455670) thrown at [D:\src\AOSP-openjdk-cygwin\jdk8u\hotspot\src\share\vm\prims\jni.cpp, line 709]
Event: 24.950 Thread 0x000000001e11c000 Exception <a 'sun/nio/fs/WindowsException'> (0x00000000e2673a88) thrown at [D:\src\AOSP-openjdk-cygwin\jdk8u\hotspot\src\share\vm\prims\jni.cpp, line 709]
Event: 24.993 Thread 0x000000001e124800 Exception <a 'sun/nio/fs/WindowsException'> (0x00000000e2949558) thrown at [D:\src\AOSP-openjdk-cygwin\jdk8u\hotspot\src\share\vm\prims\jni.cpp, line 709]
Event: 25.133 Thread 0x000000001e11d800 Exception <a 'sun/nio/fs/WindowsException'> (0x00000000e2d8cb38) thrown at [D:\src\AOSP-openjdk-cygwin\jdk8u\hotspot\src\share\vm\prims\jni.cpp, line 709]
Event: 25.178 Thread 0x000000001e124800 Exception <a 'sun/nio/fs/WindowsException'> (0x00000000e35c0e28) thrown at [D:\src\AOSP-openjdk-cygwin\jdk8u\hotspot\src\share\vm\prims\jni.cpp, line 709]
Event: 25.193 Thread 0x000000001e123800 Exception <a 'sun/nio/fs/WindowsException'> (0x00000000e3622f18) thrown at [D:\src\AOSP-openjdk-cygwin\jdk8u\hotspot\src\share\vm\prims\jni.cpp, line 709]
Event: 25.219 Thread 0x000000001e11d800 Exception <a 'sun/nio/fs/WindowsException'> (0x00000000e3836e10) thrown at [D:\src\AOSP-openjdk-cygwin\jdk8u\hotspot\src\share\vm\prims\jni.cpp, line 709]
Event: 25.265 Thread 0x000000001e124800 Exception <a 'sun/nio/fs/WindowsException'> (0x00000000e3b4a5f8) thrown at [D:\src\AOSP-openjdk-cygwin\jdk8u\hotspot\src\share\vm\prims\jni.cpp, line 709]
Event: 25.347 Thread 0x000000001e11c000 Exception <a 'sun/nio/fs/WindowsException'> (0x00000000e3d86240) thrown at [D:\src\AOSP-openjdk-cygwin\jdk8u\hotspot\src\share\vm\prims\jni.cpp, line 709]

Events (10 events):
Event: 25.788 Executing VM operation: Deoptimize
Event: 25.790 Executing VM operation: Deoptimize done
Event: 25.802 loading class com/android/dx/util/ListIntSet$1
Event: 25.802 loading class com/android/dx/util/ListIntSet$1 done
Event: 26.066 Thread 0x000000001e11d800 Uncommon trap: trap_request=0xffffff65 fr.pc=0x00000000055f4ca4
Event: 26.066 Thread 0x000000001e11d800 DEOPT PACKING pc=0x00000000055f4ca4 sp=0x0000000023f8ebc0
Event: 26.066 Thread 0x000000001e11d800 DEOPT UNPACKING pc=0x000000000362556a sp=0x0000000023f8eab8 mode 2
Event: 26.071 Thread 0x000000001e11d800 Uncommon trap: trap_request=0xffffff65 fr.pc=0x000000000560e4fc
Event: 26.071 Thread 0x000000001e11d800 DEOPT PACKING pc=0x000000000560e4fc sp=0x0000000023f8ea70
Event: 26.071 Thread 0x000000001e11d800 DEOPT UNPACKING pc=0x000000000362556a sp=0x0000000023f8e9e8 mode 2


Dynamic libraries:
0x00007ff65e290000 - 0x00007ff65e2c1000 	X:\Program Files\Android\Android Studio2\jre\bin\java.exe
0x00007ffc3e9b0000 - 0x00007ffc3eb82000 	X:\Windows\SYSTEM32\ntdll.dll
0x00007ffc3e790000 - 0x00007ffc3e83c000 	X:\Windows\System32\KERNEL32.DLL
0x00007ffc3af00000 - 0x00007ffc3b11d000 	X:\Windows\System32\KERNELBASE.dll
0x00007ffc3c2a0000 - 0x00007ffc3c342000 	X:\Windows\System32\ADVAPI32.dll
0x00007ffc3e910000 - 0x00007ffc3e9ae000 	X:\Windows\System32\msvcrt.dll
0x00007ffc3c1e0000 - 0x00007ffc3c239000 	X:\Windows\System32\sechost.dll
0x00007ffc3c0b0000 - 0x00007ffc3c1d1000 	X:\Windows\System32\RPCRT4.dll
0x00007ffc3e620000 - 0x00007ffc3e785000 	X:\Windows\System32\USER32.dll
0x00007ffc3bad0000 - 0x00007ffc3baee000 	X:\Windows\System32\win32u.dll
0x00007ffc3c060000 - 0x00007ffc3c094000 	X:\Windows\System32\GDI32.dll
0x00007ffc3bb50000 - 0x00007ffc3bcd0000 	X:\Windows\System32\gdi32full.dll
0x00007ffc2fa70000 - 0x00007ffc2fcea000 	X:\Windows\WinSxS\amd64_microsoft.windows.common-controls_6595b64144ccf1df_6.0.14393.953_none_42151e83c686086b\COMCTL32.dll
0x00007ffc3df00000 - 0x00007ffc3e1c8000 	X:\Windows\System32\combase.dll
0x00007ffc3b120000 - 0x00007ffc3b215000 	X:\Windows\System32\ucrtbase.dll
0x00007ffc3b9b0000 - 0x00007ffc3ba1a000 	X:\Windows\System32\bcryptPrimitives.dll
0x00007ffc3ded0000 - 0x00007ffc3defe000 	X:\Windows\System32\IMM32.DLL
0x0000000071b20000 - 0x0000000071bf2000 	X:\Program Files\Android\Android Studio2\jre\jre\bin\msvcr100.dll
0x0000000070790000 - 0x0000000070fce000 	X:\Program Files\Android\Android Studio2\jre\jre\bin\server\jvm.dll
0x00007ffc3dbe0000 - 0x00007ffc3dbe8000 	X:\Windows\System32\PSAPI.DLL
0x00007ffc392a0000 - 0x00007ffc392c3000 	X:\Windows\SYSTEM32\WINMM.dll
0x00007ffc2f750000 - 0x00007ffc2f75a000 	X:\Windows\SYSTEM32\VERSION.dll
0x00007ffc1c0b0000 - 0x00007ffc1c0b9000 	X:\Windows\SYSTEM32\WSOCK32.dll
0x00007ffc3e8a0000 - 0x00007ffc3e90a000 	X:\Windows\System32\WS2_32.dll
0x00000000013f0000 - 0x000000000141b000 	X:\Windows\SYSTEM32\WINMMBASE.dll
0x00007ffc3aeb0000 - 0x00007ffc3aef2000 	X:\Windows\System32\cfgmgr32.dll
0x00007ffc36f80000 - 0x00007ffc36f8f000 	X:\Program Files\Android\Android Studio2\jre\jre\bin\verify.dll
0x00007ffc31a30000 - 0x00007ffc31a59000 	X:\Program Files\Android\Android Studio2\jre\jre\bin\java.dll
0x00007ffc31950000 - 0x00007ffc31966000 	X:\Program Files\Android\Android Studio2\jre\jre\bin\zip.dll
0x00007ffc3c410000 - 0x00007ffc3d918000 	X:\Windows\System32\SHELL32.dll
0x00007ffc3b2d0000 - 0x00007ffc3b9a8000 	X:\Windows\System32\windows.storage.dll
0x00007ffc3ae40000 - 0x00007ffc3ae8c000 	X:\Windows\System32\powrprof.dll
0x00007ffc3c240000 - 0x00007ffc3c292000 	X:\Windows\System32\shlwapi.dll
0x00007ffc3aea0000 - 0x00007ffc3aeaf000 	X:\Windows\System32\kernel.appcore.dll
0x00007ffc3ba20000 - 0x00007ffc3bac9000 	X:\Windows\System32\shcore.dll
0x00007ffc3ae20000 - 0x00007ffc3ae34000 	X:\Windows\System32\profapi.dll
0x00007ffc31930000 - 0x00007ffc3194a000 	X:\Program Files\Android\Android Studio2\jre\jre\bin\net.dll
0x00007ffc3a6f0000 - 0x00007ffc3a74c000 	X:\Windows\system32\mswsock.dll
0x00007ffc31910000 - 0x00007ffc31921000 	X:\Program Files\Android\Android Studio2\jre\jre\bin\nio.dll
0x00007ffc2e910000 - 0x00007ffc2e92e000 	X:\Users\asd\.gradle\native\25\windows-amd64\native-platform.dll
0x00007ffc36f50000 - 0x00007ffc36f5d000 	X:\Program Files\Android\Android Studio2\jre\jre\bin\management.dll
0x00007ffc3a890000 - 0x00007ffc3a8a7000 	X:\Windows\SYSTEM32\CRYPTSP.dll
0x00007ffc3a2f0000 - 0x00007ffc3a323000 	X:\Windows\system32\rsaenh.dll
0x00007ffc3ad60000 - 0x00007ffc3ad8b000 	X:\Windows\SYSTEM32\bcrypt.dll
0x00007ffc3a570000 - 0x00007ffc3a58f000 	X:\Windows\SYSTEM32\USERENV.dll
0x00007ffc3a8b0000 - 0x00007ffc3a8bb000 	X:\Windows\SYSTEM32\CRYPTBASE.dll
0x00007ffc3a470000 - 0x00007ffc3a4a8000 	X:\Windows\SYSTEM32\IPHLPAPI.DLL
0x00007ffc3c0a0000 - 0x00007ffc3c0a8000 	X:\Windows\System32\NSI.dll
0x00007ffc314f0000 - 0x00007ffc31506000 	X:\Windows\SYSTEM32\dhcpcsvc6.DLL
0x00007ffc314a0000 - 0x00007ffc314ba000 	X:\Windows\SYSTEM32\dhcpcsvc.DLL

VM Arguments:
jvm_args: -Xmx1536m -Dfile.encoding=GBK -Duser.country=CN -Duser.language=zh -Duser.variant 
java_command: org.gradle.launcher.daemon.bootstrap.GradleDaemon 4.1
java_class_path (initial): X:\Users\asd\.gradle\wrapper\dists\gradle-4.1-all\bzyivzo6n839fup2jbap0tjew\gradle-4.1\lib\gradle-launcher-4.1.jar
Launcher Type: SUN_STANDARD

Environment Variables:
JAVA_HOME=X:\Program Files\Java\jdk1.7.0_17
CLASSPATH=.;%JAVA_HOME%\lib;%JAVA_HOME%\lib\tools.jar;E:\apache-cxf-2.4.2\lib\cxf-manifest.jar;D:\ant\apache-ant-1.9.9\lib;%CXF_HOME%\lib;%JAVA8_HOME%\lib;%JAVA8_HOME%\lib\tools.jar
PATH=X:\ProgramData\Oracle\Java\javapath\;X:\Windows\system32\;X:\Windows\;X:\Windows\System32\Wbem\;X:\Windows\System32\WindowsPowerShell\v1.0\;X:\Program Files (x86)\Java\jdk1.8.0_60\bin\;X:\Program Files (x86)\Java\jdk1.8.0_60\jre\bin;x:\Program Files (x86)\NVIDIA Corporation\PhysX\Common\;E:\mysql-5.6.34-winx64\bin\;x:\Program Files (x86)\Microsoft SQL Server\100\Tools\Binn\;x:\Program Files\Microsoft SQL Server\100\Tools\Binn\;x:\Program Files\Microsoft SQL Server\100\DTS\Binn\;X:\Program Files\Microsoft SQL Server\110\Tools\Binn\;X:\Program Files (x86)\GtkSharp\2.12\bin;X:\Program Files (x86)\Windows Kits\8.1\Windows Performance Toolkit\;X:\Users\asd\Documents\Tencent Files\312018367\FileRecv\cocos2d-x-2.2.6;X:\Program Files (x86)\PCL 1.7.2\bin;X:\Program Files (x86)\PCL 1.7.2\3rdParty\FLANN\bin;X:\Program Files (x86)\PCL 1.7.2\3rdParty\Qhull\bin;X:\Program Files (x86)\PCL 1.7.2\3rdParty\VTK\bin;X:\ProgramData\Microsoft\Windows\Start Menu\Programs\MySQL\MySQL Server 5.6;X:\Program Files (x86)\Java\jdk1.8.0_60\jre;X:\Program Files (x86)\Java\jdk1.8.0_60\bin;X:\Program Files\MySQL\MySQL Utilities 1.6\;X:\ProgramData\Microsoft\Windows\Start Menu\Programs\MySQL\MySQL Server 5.6;X:\Program Files\OpenNI\Bin;X:\Windows\system32\config\systemprofile\.dnx\bin;X:\Program Files\Microsoft DNX\Dnvm\;X:\Program Files\Microsoft SQL Server\120\Tools\Binn\;X:\Program Files\Microsoft SQL Server\130\Tools\Binn\;X:\Program Files\TortoiseSVN\bin;D:\cxf\apache-cxf-2.4.2\bin;x:\Program Files\Git\cmd;%GRADLE_HOME%\bin;X:\Users\asd\AppData\Local\Android\sdk\platforms;X:\Users\asd\AppData\Local\Android\sdk\tools;%SDK_HOME%\tools;%SDK_HOME%\platform-tools;C:\Users\cocos\frameworks\cocos2d-x-3.7\tools\cocos2d-console\bin;E:\BaiduYunDownload\cocos2d-x-3.13.1\templates;E:\BaiduYunDownload\cocos2d-x-3.13.1\tools\cocos2d-console\bin;X:\Users\asd\AppData\Local\Microsoft\WindowsApps;X:\Users\asd\AppData\Roaming\Microsoft\Windows\Start Menu\Programs\Python 3.5£»
USERNAME=asd
OS=Windows_NT
PROCESSOR_IDENTIFIER=Intel64 Family 6 Model 60 Stepping 3, GenuineIntel



---------------  S Y S T E M  ---------------

OS: Windows 10.0 , 64 bit Build 14393 (10.0.14393.1198)

CPU:total 4 (initial active 4) (2 cores per cpu, 2 threads per core) family 6 model 60 stepping 3, cmov, cx8, fxsr, mmx, sse, sse2, sse3, ssse3, sse4.1, sse4.2, popcnt, avx, avx2, aes, clmul, erms, lzcnt, ht, tsc, tscinvbit, bmi1, bmi2

Memory: 4k page, physical 4119916k(164616k free), swap 6692372k(4400k free)

vm_info: OpenJDK 64-Bit Server VM (25.152-b01) for windows-amd64 JRE (1.8.0_152-release-915-b01), built by "builder" with MS VC++ 10.0 (VS2010)

time: Mon Jan 08 01:46:41 2018
elapsed time: 26 seconds (0d 0h 0m 26s)

