#
# There is insufficient memory for the Java Runtime Environment to continue.
# Native memory allocation (malloc) failed to allocate 359216 bytes for Chunk::new
# Possible reasons:
#   The system is out of physical RAM or swap space
#   In 32 bit mode, the process size limit was hit
# Possible solutions:
#   Reduce memory load on the system
#   Increase physical memory or swap space
#   Check if swap backing store is full
#   Use 64 bit Java on a 64 bit OS
#   Decrease Java heap size (-Xmx/-Xms)
#   Decrease number of Java threads
#   Decrease Java thread stack sizes (-Xss)
#   Set larger code cache with -XX:ReservedCodeCacheSize=
# This output file may be truncated or incomplete.
#
#  Out of Memory Error (allocation.cpp:390), pid=69628, tid=0x000000000000fad8
#
# JRE version: OpenJDK Runtime Environment (8.0_152-b01) (build 1.8.0_152-release-915-b01)
# Java VM: OpenJDK 64-Bit Server VM (25.152-b01 mixed mode windows-amd64 compressed oops)
# Failed to write core dump. Minidumps are not enabled by default on client versions of Windows
#

---------------  T H R E A D  ---------------

Current thread (0x00000000142fc800):  JavaThread "C2 CompilerThread0" daemon [_thread_in_native, id=64216, stack(0x0000000015c50000,0x0000000015d50000)]

Stack: [0x0000000015c50000,0x0000000015d50000]
[error occurred during error reporting (printing stack bounds), id 0xc0000005]

Native frames: (J=compiled Java code, j=interpreted, Vv=VM code, C=native code)


Current CompileTask:
C2:   6342 1348       4       java.net.URLClassLoader$1::run (5 bytes)


---------------  P R O C E S S  ---------------

Java Threads: ( => current thread )
  0x0000000017ac9800 JavaThread "Cache worker for file hash cache (X:\Users\asd\Clock\Clock\.gradle\4.1\fileHashes)" [_thread_blocked, id=66176, stack(0x0000000019990000,0x0000000019a90000)]
  0x00000000174a1000 JavaThread "File lock request listener" [_thread_in_native, id=67816, stack(0x0000000019890000,0x0000000019990000)]
  0x0000000017305800 JavaThread "Cache worker for file hash cache (X:\Users\asd\.gradle\caches\4.1\fileHashes)" [_thread_blocked, id=67148, stack(0x0000000019790000,0x0000000019890000)]
  0x0000000016447800 JavaThread "Stdin handler" [_thread_blocked, id=69172, stack(0x0000000019490000,0x0000000019590000)]
  0x0000000016f94800 JavaThread "Asynchronous log dispatcher for DefaultDaemonConnection: socket connection from /127.0.0.1:52797 to /127.0.0.1:52798" [_thread_blocked, id=68060, stack(0x0000000019390000,0x0000000019490000)]
  0x0000000016f92000 JavaThread "Daemon worker" [_thread_in_native, id=67852, stack(0x0000000019290000,0x0000000019390000)]
  0x0000000017359800 JavaThread "Cancel handler" [_thread_blocked, id=68628, stack(0x0000000019190000,0x0000000019290000)]
  0x0000000016d7e800 JavaThread "Handler for socket connection from /127.0.0.1:52797 to /127.0.0.1:52798" [_thread_in_native, id=68976, stack(0x0000000018e90000,0x0000000018f90000)]
  0x0000000016d7e000 JavaThread "Daemon" [_thread_blocked, id=68172, stack(0x0000000018d90000,0x0000000018e90000)]
  0x0000000016a65000 JavaThread "Daemon periodic checks" [_thread_blocked, id=69532, stack(0x0000000018c90000,0x0000000018d90000)]
  0x000000001714d800 JavaThread "Incoming local TCP Connector on port 52797" [_thread_in_native, id=66076, stack(0x0000000018af0000,0x0000000018bf0000)]
  0x00000000156d3800 JavaThread "Service Thread" daemon [_thread_blocked, id=65572, stack(0x0000000015f50000,0x0000000016050000)]
  0x00000000156a5800 JavaThread "C1 CompilerThread2" daemon [_thread_blocked, id=65052, stack(0x0000000015e50000,0x0000000015f50000)]
  0x0000000015659000 JavaThread "C2 CompilerThread1" daemon [_thread_blocked, id=68068, stack(0x0000000015d50000,0x0000000015e50000)]
=>0x00000000142fc800 JavaThread "C2 CompilerThread0" daemon [_thread_in_native, id=64216, stack(0x0000000015c50000,0x0000000015d50000)]
  0x00000000142b6800 JavaThread "Attach Listener" daemon [_thread_blocked, id=68624, stack(0x0000000015b50000,0x0000000015c50000)]
  0x0000000015658800 JavaThread "Signal Dispatcher" daemon [_thread_blocked, id=68940, stack(0x0000000015a50000,0x0000000015b50000)]
  0x0000000014288000 JavaThread "Finalizer" daemon [_thread_blocked, id=67600, stack(0x00000000154f0000,0x00000000155f0000)]
  0x0000000002e74000 JavaThread "Reference Handler" daemon [_thread_blocked, id=67332, stack(0x00000000153f0000,0x00000000154f0000)]
  0x0000000002d83800 JavaThread "main" [_thread_blocked, id=59268, stack(0x0000000002c80000,0x0000000002d80000)]

Other Threads:
  0x0000000014267000 VMThread [stack: 0x00000000152f0000,0x00000000153f0000] [id=69176]
  0x00000000156c3000 WatcherThread [stack: 0x0000000016050000,0x0000000016150000] [id=60872]

VM state:not at safepoint (normal execution)

VM Mutex/Monitor currently owned by a thread: None

Heap:
 PSYoungGen      total 35328K, used 33255K [0x00000000f5580000, 0x00000000f7a80000, 0x0000000100000000)
  eden space 32768K, 93% used [0x00000000f5580000,0x00000000f7381e80,0x00000000f7580000)
  from space 2560K, 98% used [0x00000000f7800000,0x00000000f7a78030,0x00000000f7a80000)
  to   space 2560K, 0% used [0x00000000f7580000,0x00000000f7580000,0x00000000f7800000)
 ParOldGen       total 44032K, used 4760K [0x00000000e0000000, 0x00000000e2b00000, 0x00000000f5580000)
  object space 44032K, 10% used [0x00000000e0000000,0x00000000e04a6258,0x00000000e2b00000)
 Metaspace       used 15371K, capacity 15732K, committed 15872K, reserved 1062912K
  class space    used 2157K, capacity 2254K, committed 2304K, reserved 1048576K

Card table byte_map: [0x0000000012240000,0x0000000012350000] byte_map_base: 0x0000000011b40000

Marking Bits: (ParMarkBitMap*) 0x000000005b0e3950
 Begin Bits: [0x0000000012800000, 0x0000000013000000)
 End Bits:   [0x0000000013000000, 0x0000000013800000)

Polling page: 0x0000000000c60000

CodeCache: size=245760Kb used=5147Kb max_used=5147Kb free=240612Kb
 bounds [0x0000000002e80000, 0x0000000003390000, 0x0000000011e80000]
 total_blobs=1834 nmethods=1462 adapters=285
 compilation: enabled

Compilation events (10 events):
Event: 6.256 Thread 0x00000000156a5800 1461       3       java.io.ByteArrayOutputStream::<init> (43 bytes)
Event: 6.257 Thread 0x00000000156a5800 nmethod 1461 0x0000000003386d50 code [0x0000000003386f40, 0x00000000033878b8]
Event: 6.257 Thread 0x00000000156a5800 1462       3       java.io.ByteArrayOutputStream::<init> (7 bytes)
Event: 6.257 Thread 0x00000000156a5800 nmethod 1462 0x0000000003387cd0 code [0x0000000003387e40, 0x0000000003387fc8]
Event: 6.257 Thread 0x00000000156a5800 1463       3       sun.misc.ProxyGenerator::access$700 (7 bytes)
Event: 6.258 Thread 0x00000000156a5800 nmethod 1463 0x0000000003388050 code [0x00000000033881c0, 0x00000000033883a8]
Event: 6.258 Thread 0x00000000156a5800 1464       3       java.lang.Class::arrayContentsEq (70 bytes)
Event: 6.258 Thread 0x00000000156a5800 nmethod 1464 0x00000000033884d0 code [0x0000000003388660, 0x0000000003388a90]
Event: 6.331 Thread 0x00000000156a5800 1465       3       java.util.regex.Pattern$Start::match (90 bytes)
Event: 6.332 Thread 0x00000000156a5800 nmethod 1465 0x0000000003388c10 code [0x0000000003388da0, 0x00000000033891a8]

GC Heap History (8 events):
Event: 1.263 GC heap before
{Heap before GC invocations=1 (full 0):
 PSYoungGen      total 18944K, used 16384K [0x00000000f5580000, 0x00000000f6a80000, 0x0000000100000000)
  eden space 16384K, 100% used [0x00000000f5580000,0x00000000f6580000,0x00000000f6580000)
  from space 2560K, 0% used [0x00000000f6800000,0x00000000f6800000,0x00000000f6a80000)
  to   space 2560K, 0% used [0x00000000f6580000,0x00000000f6580000,0x00000000f6800000)
 ParOldGen       total 44032K, used 0K [0x00000000e0000000, 0x00000000e2b00000, 0x00000000f5580000)
  object space 44032K, 0% used [0x00000000e0000000,0x00000000e0000000,0x00000000e2b00000)
 Metaspace       used 6235K, capacity 6448K, committed 6784K, reserved 1056768K
  class space    used 756K, capacity 813K, committed 896K, reserved 1048576K
Event: 1.269 GC heap after
Heap after GC invocations=1 (full 0):
 PSYoungGen      total 18944K, used 2536K [0x00000000f5580000, 0x00000000f6a80000, 0x0000000100000000)
  eden space 16384K, 0% used [0x00000000f5580000,0x00000000f5580000,0x00000000f6580000)
  from space 2560K, 99% used [0x00000000f6580000,0x00000000f67fa020,0x00000000f6800000)
  to   space 2560K, 0% used [0x00000000f6800000,0x00000000f6800000,0x00000000f6a80000)
 ParOldGen       total 44032K, used 734K [0x00000000e0000000, 0x00000000e2b00000, 0x00000000f5580000)
  object space 44032K, 1% used [0x00000000e0000000,0x00000000e00b7b70,0x00000000e2b00000)
 Metaspace       used 6235K, capacity 6448K, committed 6784K, reserved 1056768K
  class space    used 756K, capacity 813K, committed 896K, reserved 1048576K
}
Event: 1.815 GC heap before
{Heap before GC invocations=2 (full 0):
 PSYoungGen      total 18944K, used 18723K [0x00000000f5580000, 0x00000000f6a80000, 0x0000000100000000)
  eden space 16384K, 98% used [0x00000000f5580000,0x00000000f654eda8,0x00000000f6580000)
  from space 2560K, 99% used [0x00000000f6580000,0x00000000f67fa020,0x00000000f6800000)
  to   space 2560K, 0% used [0x00000000f6800000,0x00000000f6800000,0x00000000f6a80000)
 ParOldGen       total 44032K, used 734K [0x00000000e0000000, 0x00000000e2b00000, 0x00000000f5580000)
  object space 44032K, 1% used [0x00000000e0000000,0x00000000e00b7b70,0x00000000e2b00000)
 Metaspace       used 6986K, capacity 7248K, committed 7424K, reserved 1056768K
  class space    used 841K, capacity 909K, committed 1024K, reserved 1048576K
Event: 1.826 GC heap after
Heap after GC invocations=2 (full 0):
 PSYoungGen      total 18944K, used 2533K [0x00000000f5580000, 0x00000000f7a80000, 0x0000000100000000)
  eden space 16384K, 0% used [0x00000000f5580000,0x00000000f5580000,0x00000000f6580000)
  from space 2560K, 98% used [0x00000000f6800000,0x00000000f6a79480,0x00000000f6a80000)
  to   space 2560K, 0% used [0x00000000f6580000,0x00000000f6580000,0x00000000f6800000)
 ParOldGen       total 44032K, used 956K [0x00000000e0000000, 0x00000000e2b00000, 0x00000000f5580000)
  object space 44032K, 2% used [0x00000000e0000000,0x00000000e00ef200,0x00000000e2b00000)
 Metaspace       used 6986K, capacity 7248K, committed 7424K, reserved 1056768K
  class space    used 841K, capacity 909K, committed 1024K, reserved 1048576K
}
Event: 2.350 GC heap before
{Heap before GC invocations=3 (full 0):
 PSYoungGen      total 18944K, used 18917K [0x00000000f5580000, 0x00000000f7a80000, 0x0000000100000000)
  eden space 16384K, 100% used [0x00000000f5580000,0x00000000f6580000,0x00000000f6580000)
  from space 2560K, 98% used [0x00000000f6800000,0x00000000f6a79480,0x00000000f6a80000)
  to   space 2560K, 0% used [0x00000000f6580000,0x00000000f6580000,0x00000000f6800000)
 ParOldGen       total 44032K, used 956K [0x00000000e0000000, 0x00000000e2b00000, 0x00000000f5580000)
  object space 44032K, 2% used [0x00000000e0000000,0x00000000e00ef200,0x00000000e2b00000)
 Metaspace       used 8624K, capacity 8906K, committed 9216K, reserved 1056768K
  class space    used 1095K, capacity 1221K, committed 1280K, reserved 1048576K
Event: 2.357 GC heap after
Heap after GC invocations=3 (full 0):
 PSYoungGen      total 18944K, used 2536K [0x00000000f5580000, 0x00000000f7a80000, 0x0000000100000000)
  eden space 16384K, 0% used [0x00000000f5580000,0x00000000f5580000,0x00000000f6580000)
  from space 2560K, 99% used [0x00000000f6580000,0x00000000f67fa060,0x00000000f6800000)
  to   space 2560K, 0% used [0x00000000f7800000,0x00000000f7800000,0x00000000f7a80000)
 ParOldGen       total 44032K, used 2151K [0x00000000e0000000, 0x00000000e2b00000, 0x00000000f5580000)
  object space 44032K, 4% used [0x00000000e0000000,0x00000000e0219c40,0x00000000e2b00000)
 Metaspace       used 8624K, capacity 8906K, committed 9216K, reserved 1056768K
  class space    used 1095K, capacity 1221K, committed 1280K, reserved 1048576K
}
Event: 5.519 GC heap before
{Heap before GC invocations=4 (full 0):
 PSYoungGen      total 18944K, used 18920K [0x00000000f5580000, 0x00000000f7a80000, 0x0000000100000000)
  eden space 16384K, 100% used [0x00000000f5580000,0x00000000f6580000,0x00000000f6580000)
  from space 2560K, 99% used [0x00000000f6580000,0x00000000f67fa060,0x00000000f6800000)
  to   space 2560K, 0% used [0x00000000f7800000,0x00000000f7800000,0x00000000f7a80000)
 ParOldGen       total 44032K, used 2151K [0x00000000e0000000, 0x00000000e2b00000, 0x00000000f5580000)
  object space 44032K, 4% used [0x00000000e0000000,0x00000000e0219c40,0x00000000e2b00000)
 Metaspace       used 12334K, capacity 12688K, committed 12800K, reserved 1060864K
  class space    used 1643K, capacity 1772K, committed 1792K, reserved 1048576K
Event: 5.529 GC heap after
Heap after GC invocations=4 (full 0):
 PSYoungGen      total 35328K, used 2528K [0x00000000f5580000, 0x00000000f7a80000, 0x0000000100000000)
  eden space 32768K, 0% used [0x00000000f5580000,0x00000000f5580000,0x00000000f7580000)
  from space 2560K, 98% used [0x00000000f7800000,0x00000000f7a78030,0x00000000f7a80000)
  to   space 2560K, 0% used [0x00000000f7580000,0x00000000f7580000,0x00000000f7800000)
 ParOldGen       total 44032K, used 4760K [0x00000000e0000000, 0x00000000e2b00000, 0x00000000f5580000)
  object space 44032K, 10% used [0x00000000e0000000,0x00000000e04a6258,0x00000000e2b00000)
 Metaspace       used 12334K, capacity 12688K, committed 12800K, reserved 1060864K
  class space    used 1643K, capacity 1772K, committed 1792K, reserved 1048576K
}

Deoptimization events (10 events):
Event: 2.202 Thread 0x0000000002d83800 Uncommon trap: reason=bimorphic action=maybe_recompile pc=0x000000000310e818 method=java.util.HashMap.putVal(ILjava/lang/Object;Ljava/lang/Object;ZZ)Ljava/lang/Object; @ 91
Event: 2.432 Thread 0x0000000002d83800 Uncommon trap: reason=bimorphic action=maybe_recompile pc=0x00000000031c0b04 method=java.util.HashMap.putVal(ILjava/lang/Object;Ljava/lang/Object;ZZ)Ljava/lang/Object; @ 203
Event: 3.201 Thread 0x0000000002d83800 Uncommon trap: reason=unstable_if action=reinterpret pc=0x00000000031b853c method=java.io.WinNTFileSystem.normalize(Ljava/lang/String;)Ljava/lang/String; @ 128
Event: 3.201 Thread 0x0000000002d83800 Uncommon trap: reason=unstable_if action=reinterpret pc=0x000000000317ebec method=java.io.WinNTFileSystem.normalize(Ljava/lang/String;II)Ljava/lang/String; @ 90
Event: 5.436 Thread 0x0000000016f92000 Uncommon trap: reason=unstable_if action=reinterpret pc=0x000000000328efec method=sun.nio.cs.ext.DoubleByte$Encoder.encodeArrayLoop(Ljava/nio/CharBuffer;Ljava/nio/ByteBuffer;)Ljava/nio/charset/CoderResult; @ 218
Event: 5.444 Thread 0x0000000016f92000 Uncommon trap: reason=bimorphic action=maybe_recompile pc=0x00000000031bfc3c method=java.util.HashMap.putVal(ILjava/lang/Object;Ljava/lang/Object;ZZ)Ljava/lang/Object; @ 253
Event: 5.445 Thread 0x0000000016f92000 Uncommon trap: reason=bimorphic action=maybe_recompile pc=0x00000000031bfc3c method=java.util.HashMap.putVal(ILjava/lang/Object;Ljava/lang/Object;ZZ)Ljava/lang/Object; @ 253
Event: 5.798 Thread 0x0000000016f92000 Uncommon trap: reason=class_check action=maybe_recompile pc=0x00000000030fb99c method=java.util.regex.Matcher.match(II)Z @ 86
Event: 5.798 Thread 0x0000000016f92000 Uncommon trap: reason=class_check action=maybe_recompile pc=0x00000000030fb99c method=java.util.regex.Matcher.match(II)Z @ 86
Event: 5.884 Thread 0x0000000016f92000 Uncommon trap: reason=unstable_if action=reinterpret pc=0x000000000331c874 method=java.lang.String.lastIndexOf([CII[CIII)I @ 66

Classes redefined (0 events):
No events

Internal exceptions (10 events):
Event: 5.358 Thread 0x0000000016d7e800 Exception <a 'java/lang/NoSuchMethodError': <clinit>> (0x00000000f5ff40c8) thrown at [D:\src\AOSP-openjdk-cygwin\jdk8u\hotspot\src\share\vm\prims\jni.cpp, line 1613]
Event: 5.361 Thread 0x0000000016d7e800 Exception <a 'java/lang/NoSuchMethodError': <clinit>> (0x00000000f600bb40) thrown at [D:\src\AOSP-openjdk-cygwin\jdk8u\hotspot\src\share\vm\prims\jni.cpp, line 1613]
Event: 5.362 Thread 0x0000000016d7e800 Exception <a 'java/lang/NoSuchMethodError': <clinit>> (0x00000000f6014680) thrown at [D:\src\AOSP-openjdk-cygwin\jdk8u\hotspot\src\share\vm\prims\jni.cpp, line 1613]
Event: 5.367 Thread 0x0000000016d7e800 Exception <a 'java/lang/NoSuchMethodError': <clinit>> (0x00000000f6025c70) thrown at [D:\src\AOSP-openjdk-cygwin\jdk8u\hotspot\src\share\vm\prims\jni.cpp, line 1613]
Event: 5.393 Thread 0x0000000016d7e800 Exception <a 'java/lang/NoSuchMethodError': <clinit>> (0x00000000f60a2f40) thrown at [D:\src\AOSP-openjdk-cygwin\jdk8u\hotspot\src\share\vm\prims\jni.cpp, line 1613]
Event: 5.398 Thread 0x0000000016d7e800 Exception <a 'java/lang/NoSuchMethodError': <clinit>> (0x00000000f60cc438) thrown at [D:\src\AOSP-openjdk-cygwin\jdk8u\hotspot\src\share\vm\prims\jni.cpp, line 1613]
Event: 5.400 Thread 0x0000000016d7e800 Exception <a 'java/lang/NoSuchMethodError': <clinit>> (0x00000000f60d9c50) thrown at [D:\src\AOSP-openjdk-cygwin\jdk8u\hotspot\src\share\vm\prims\jni.cpp, line 1613]
Event: 5.404 Thread 0x0000000016d7e800 Exception <a 'java/lang/NoSuchMethodError': <clinit>> (0x00000000f61012a8) thrown at [D:\src\AOSP-openjdk-cygwin\jdk8u\hotspot\src\share\vm\prims\jni.cpp, line 1613]
Event: 5.431 Thread 0x0000000016f92000 Exception <a 'java/lang/NoSuchMethodError': <clinit>> (0x00000000f61b9020) thrown at [D:\src\AOSP-openjdk-cygwin\jdk8u\hotspot\src\share\vm\prims\jni.cpp, line 1613]
Event: 5.432 Thread 0x0000000016f92000 Exception <a 'java/lang/NoSuchMethodError': <clinit>> (0x00000000f61c12a8) thrown at [D:\src\AOSP-openjdk-cygwin\jdk8u\hotspot\src\share\vm\prims\jni.cpp, line 1613]

Events (10 events):
Event: 6.327 loading class org/objectweb/asm/FieldVisitor
Event: 6.327 loading class org/objectweb/asm/FieldVisitor done
Event: 6.328 loading class org/objectweb/asm/FieldWriter
Event: 6.328 loading class org/objectweb/asm/FieldWriter done
Event: 6.329 loading class org/objectweb/asm/ByteVector
Event: 6.329 loading class org/objectweb/asm/ByteVector done
Event: 6.330 loading class org/objectweb/asm/Item
Event: 6.330 loading class org/objectweb/asm/Item done
Event: 6.332 loading class org/gradle/api/internal/AsmBackedClassGenerator$ClassBuilderImpl$1
Event: 6.332 loading class org/gradle/api/internal/AsmBackedClassGenerator$ClassBuilderImpl$1 done


Dynamic libraries:
0x00007ff789d40000 - 0x00007ff789d71000 	X:\Program Files\Android\Android Studio2\jre\bin\java.exe
0x00007ffb4d6b0000 - 0x00007ffb4d882000 	X:\Windows\SYSTEM32\ntdll.dll
0x00007ffb4b650000 - 0x00007ffb4b6fc000 	X:\Windows\System32\KERNEL32.DLL
0x00007ffb4a7d0000 - 0x00007ffb4a9ed000 	X:\Windows\System32\KERNELBASE.dll
0x00007ffb4b170000 - 0x00007ffb4b212000 	X:\Windows\System32\ADVAPI32.dll
0x00007ffb4b700000 - 0x00007ffb4b79e000 	X:\Windows\System32\msvcrt.dll
0x00007ffb4d310000 - 0x00007ffb4d369000 	X:\Windows\System32\sechost.dll
0x00007ffb4ade0000 - 0x00007ffb4af01000 	X:\Windows\System32\RPCRT4.dll
0x00007ffb4cd60000 - 0x00007ffb4cec5000 	X:\Windows\System32\USER32.dll
0x00007ffb4ac20000 - 0x00007ffb4ac3e000 	X:\Windows\System32\win32u.dll
0x00007ffb4b800000 - 0x00007ffb4b834000 	X:\Windows\System32\GDI32.dll
0x00007ffb4aaa0000 - 0x00007ffb4ac20000 	X:\Windows\System32\gdi32full.dll
0x00007ffb2d310000 - 0x00007ffb2d58a000 	X:\Windows\WinSxS\amd64_microsoft.windows.common-controls_6595b64144ccf1df_6.0.14393.953_none_42151e83c686086b\COMCTL32.dll
0x00007ffb4d040000 - 0x00007ffb4d308000 	X:\Windows\System32\combase.dll
0x00007ffb49ff0000 - 0x00007ffb4a0e5000 	X:\Windows\System32\ucrtbase.dll
0x00007ffb49bb0000 - 0x00007ffb49c1a000 	X:\Windows\System32\bcryptPrimitives.dll
0x00007ffb4cfa0000 - 0x00007ffb4cfce000 	X:\Windows\System32\IMM32.DLL
0x000000005a840000 - 0x000000005a912000 	X:\Program Files\Android\Android Studio2\jre\jre\bin\msvcr100.dll
0x000000005a920000 - 0x000000005b15e000 	X:\Program Files\Android\Android Studio2\jre\jre\bin\server\jvm.dll
0x00007ffb4d6a0000 - 0x00007ffb4d6a8000 	X:\Windows\System32\PSAPI.DLL
0x00007ffb47fa0000 - 0x00007ffb47fc3000 	X:\Windows\SYSTEM32\WINMM.dll
0x00007ffb45200000 - 0x00007ffb4520a000 	X:\Windows\SYSTEM32\VERSION.dll
0x00007ffb312e0000 - 0x00007ffb312e9000 	X:\Windows\SYSTEM32\WSOCK32.dll
0x00007ffb4ced0000 - 0x00007ffb4cf3a000 	X:\Windows\System32\WS2_32.dll
0x00007ffb47f40000 - 0x00007ffb47f6b000 	X:\Windows\SYSTEM32\WINMMBASE.dll
0x00007ffb49c20000 - 0x00007ffb49c62000 	X:\Windows\System32\cfgmgr32.dll
0x00007ffb47790000 - 0x00007ffb4779f000 	X:\Program Files\Android\Android Studio2\jre\jre\bin\verify.dll
0x00007ffb23290000 - 0x00007ffb232b9000 	X:\Program Files\Android\Android Studio2\jre\jre\bin\java.dll
0x00007ffb44dc0000 - 0x00007ffb44dd6000 	X:\Program Files\Android\Android Studio2\jre\jre\bin\zip.dll
0x00007ffb4b850000 - 0x00007ffb4cd59000 	X:\Windows\System32\SHELL32.dll
0x00007ffb4a0f0000 - 0x00007ffb4a7c9000 	X:\Windows\System32\windows.storage.dll
0x00007ffb49b30000 - 0x00007ffb49b7c000 	X:\Windows\System32\powrprof.dll
0x00007ffb4cfd0000 - 0x00007ffb4d022000 	X:\Windows\System32\shlwapi.dll
0x00007ffb49ba0000 - 0x00007ffb49baf000 	X:\Windows\System32\kernel.appcore.dll
0x00007ffb4a9f0000 - 0x00007ffb4aa99000 	X:\Windows\System32\shcore.dll
0x00007ffb49b80000 - 0x00007ffb49b94000 	X:\Windows\System32\profapi.dll
0x00007ffb2fa20000 - 0x00007ffb2fa3a000 	X:\Program Files\Android\Android Studio2\jre\jre\bin\net.dll
0x00007ffb493f0000 - 0x00007ffb4944c000 	X:\Windows\system32\mswsock.dll
0x00007ffb23270000 - 0x00007ffb23281000 	X:\Program Files\Android\Android Studio2\jre\jre\bin\nio.dll
0x00007ffb38fd0000 - 0x00007ffb38fee000 	X:\Users\asd\.gradle\native\25\windows-amd64\native-platform.dll
0x00007ffb46750000 - 0x00007ffb4675d000 	X:\Program Files\Android\Android Studio2\jre\jre\bin\management.dll
0x00007ffb49590000 - 0x00007ffb495a7000 	X:\Windows\SYSTEM32\CRYPTSP.dll
0x00007ffb48ff0000 - 0x00007ffb49023000 	X:\Windows\system32\rsaenh.dll
0x00007ffb49a60000 - 0x00007ffb49a8b000 	X:\Windows\SYSTEM32\bcrypt.dll
0x00007ffb49270000 - 0x00007ffb4928f000 	X:\Windows\SYSTEM32\USERENV.dll
0x00007ffb49a50000 - 0x00007ffb49a5b000 	X:\Windows\SYSTEM32\CRYPTBASE.dll
0x00007ffb49170000 - 0x00007ffb491a8000 	X:\Windows\SYSTEM32\IPHLPAPI.DLL
0x00007ffb4d030000 - 0x00007ffb4d038000 	X:\Windows\System32\NSI.dll
0x00007ffb41bf0000 - 0x00007ffb41c06000 	X:\Windows\SYSTEM32\dhcpcsvc6.DLL
0x00007ffb41f90000 - 0x00007ffb41faa000 	X:\Windows\SYSTEM32\dhcpcsvc.DLL

VM Arguments:
jvm_args: -XX:MaxPermSize=512m -Xmx512m -Dfile.encoding=GBK -Duser.country=CN -Duser.language=zh -Duser.variant 
java_command: org.gradle.launcher.daemon.bootstrap.GradleDaemon 4.1
java_class_path (initial): X:\Users\asd\.gradle\wrapper\dists\gradle-4.1-all\bzyivzo6n839fup2jbap0tjew\gradle-4.1\lib\gradle-launcher-4.1.jar
Launcher Type: SUN_STANDARD

Environment Variables:
JAVA_HOME=X:\Program Files\Java\jdk1.7.0_17
CLASSPATH=.;%JAVA_HOME%\lib;%JAVA_HOME%\lib\tools.jar;E:\apache-cxf-2.4.2\lib\cxf-manifest.jar;D:\ant\apache-ant-1.9.9\lib;%CXF_HOME%\lib;%JAVA8_HOME%\lib;%JAVA8_HOME%\lib\tools.jar
PATH=X:\ProgramData\Oracle\Java\javapath\;X:\Windows\system32\;X:\Windows\;X:\Windows\System32\Wbem\;X:\Windows\System32\WindowsPowerShell\v1.0\;X:\Program Files (x86)\Java\jdk1.8.0_60\bin\;X:\Program Files (x86)\Java\jdk1.8.0_60\jre\bin;x:\Program Files (x86)\NVIDIA Corporation\PhysX\Common\;E:\mysql-5.6.34-winx64\bin\;x:\Program Files (x86)\Microsoft SQL Server\100\Tools\Binn\;x:\Program Files\Microsoft SQL Server\100\Tools\Binn\;x:\Program Files\Microsoft SQL Server\100\DTS\Binn\;X:\Program Files\Microsoft SQL Server\110\Tools\Binn\;X:\Program Files (x86)\GtkSharp\2.12\bin;X:\Program Files (x86)\Windows Kits\8.1\Windows Performance Toolkit\;X:\Users\asd\Documents\Tencent Files\312018367\FileRecv\cocos2d-x-2.2.6;X:\Program Files (x86)\PCL 1.7.2\bin;X:\Program Files (x86)\PCL 1.7.2\3rdParty\FLANN\bin;X:\Program Files (x86)\PCL 1.7.2\3rdParty\Qhull\bin;X:\Program Files (x86)\PCL 1.7.2\3rdParty\VTK\bin;X:\ProgramData\Microsoft\Windows\Start Menu\Programs\MySQL\MySQL Server 5.6;X:\Program Files (x86)\Java\jdk1.8.0_60\jre;X:\Program Files (x86)\Java\jdk1.8.0_60\bin;X:\Program Files\MySQL\MySQL Utilities 1.6\;X:\ProgramData\Microsoft\Windows\Start Menu\Programs\MySQL\MySQL Server 5.6;X:\Program Files\OpenNI\Bin;X:\Windows\system32\config\systemprofile\.dnx\bin;X:\Program Files\Microsoft DNX\Dnvm\;X:\Program Files\Microsoft SQL Server\120\Tools\Binn\;X:\Program Files\Microsoft SQL Server\130\Tools\Binn\;X:\Program Files\TortoiseSVN\bin;D:\cxf\apache-cxf-2.4.2\bin;x:\Program Files\Git\cmd;%GRADLE_HOME%\bin;X:\Users\asd\AppData\Local\Android\sdk\platforms;X:\Users\asd\AppData\Local\Android\sdk\tools;%SDK_HOME%\tools;%SDK_HOME%\platform-tools;C:\Users\cocos\frameworks\cocos2d-x-3.7\tools\cocos2d-console\bin;E:\BaiduYunDownload\cocos2d-x-3.13.1\templates;E:\BaiduYunDownload\cocos2d-x-3.13.1\tools\cocos2d-console\bin;X:\Users\asd\AppData\Local\Microsoft\WindowsApps;X:\Users\asd\AppData\Roaming\Microsoft\Windows\Start Menu\Programs\Python 3.5£»
USERNAME=asd
OS=Windows_NT
PROCESSOR_IDENTIFIER=Intel64 Family 6 Model 60 Stepping 3, GenuineIntel



---------------  S Y S T E M  ---------------

OS: Windows 10.0 , 64 bit Build 14393 (10.0.14393.1198)

CPU:total 4 (initial active 4) (2 cores per cpu, 2 threads per core) family 6 model 60 stepping 3, cmov, cx8, fxsr, mmx, sse, sse2, sse3, ssse3, sse4.1, sse4.2, popcnt, avx, avx2, aes, clmul, erms, lzcnt, ht, tsc, tscinvbit, bmi1, bmi2

Memory: 4k page, physical 4119916k(138908k free), swap 8770208k(4396k free)

vm_info: OpenJDK 64-Bit Server VM (25.152-b01) for windows-amd64 JRE (1.8.0_152-release-915-b01), built by "builder" with MS VC++ 10.0 (VS2010)

time: Sat Mar 03 16:04:49 2018
elapsed time: 6 seconds (0d 0h 0m 6s)

