#
# There is insufficient memory for the Java Runtime Environment to continue.
# Native memory allocation (malloc) failed to allocate 2335056 bytes for Chunk::new
# Possible reasons:
#   The system is out of physical RAM or swap space
#   In 32 bit mode, the process size limit was hit
# Possible solutions:
#   Reduce memory load on the system
#   Increase physical memory or swap space
#   Check if swap backing store is full
#   Use 64 bit Java on a 64 bit OS
#   Decrease Java heap size (-Xmx/-Xms)
#   Decrease number of Java threads
#   Decrease Java thread stack sizes (-Xss)
#   Set larger code cache with -XX:ReservedCodeCacheSize=
# This output file may be truncated or incomplete.
#
#  Out of Memory Error (allocation.cpp:390), pid=13504, tid=0x0000000000004338
#
# JRE version: OpenJDK Runtime Environment (8.0_152-b01) (build 1.8.0_152-release-915-b01)
# Java VM: OpenJDK 64-Bit Server VM (25.152-b01 mixed mode windows-amd64 compressed oops)
# Failed to write core dump. Minidumps are not enabled by default on client versions of Windows
#

---------------  T H R E A D  ---------------

Current thread (0x0000000013b7e800):  JavaThread "C2 CompilerThread0" daemon [_thread_in_native, id=17208, stack(0x00000000154f0000,0x00000000155f0000)]

Stack: [0x00000000154f0000,0x00000000155f0000]
[error occurred during error reporting (printing stack bounds), id 0xc0000005]

Native frames: (J=compiled Java code, j=interpreted, Vv=VM code, C=native code)


Current CompileTask:
C2:   3170 1335       4       java.net.URLClassLoader$1::run (5 bytes)


---------------  P R O C E S S  ---------------

Java Threads: ( => current thread )
  0x0000000016feb800 JavaThread "Cache worker for file hash cache (X:\Users\asd\Clock\.gradle\4.1\fileHashes)" [_thread_blocked, id=3052, stack(0x0000000019250000,0x0000000019350000)]
  0x00000000173a8000 JavaThread "File lock request listener" [_thread_in_native, id=15568, stack(0x0000000019150000,0x0000000019250000)]
  0x0000000016ed9000 JavaThread "Cache worker for file hash cache (X:\Users\asd\.gradle\caches\4.1\fileHashes)" [_thread_in_Java, id=15176, stack(0x0000000019050000,0x0000000019150000)]
  0x0000000017107800 JavaThread "Stdin handler" [_thread_blocked, id=3256, stack(0x0000000018d50000,0x0000000018e50000)]
  0x0000000016d10000 JavaThread "Asynchronous log dispatcher for DefaultDaemonConnection: socket connection from /127.0.0.1:55877 to /127.0.0.1:55878" [_thread_blocked, id=12916, stack(0x0000000018c50000,0x0000000018d50000)]
  0x0000000017146000 JavaThread "Daemon worker" [_thread_blocked, id=15564, stack(0x0000000018b50000,0x0000000018c50000)]
  0x0000000016d11000 JavaThread "Cancel handler" [_thread_blocked, id=14068, stack(0x0000000018a50000,0x0000000018b50000)]
  0x0000000016579000 JavaThread "Handler for socket connection from /127.0.0.1:55877 to /127.0.0.1:55878" [_thread_in_native, id=12348, stack(0x0000000018750000,0x0000000018850000)]
  0x0000000016578000 JavaThread "Daemon" [_thread_blocked, id=17020, stack(0x0000000018650000,0x0000000018750000)]
  0x000000001640f000 JavaThread "Daemon periodic checks" [_thread_blocked, id=13468, stack(0x0000000018550000,0x0000000018650000)]
  0x0000000016b99000 JavaThread "Incoming local TCP Connector on port 55877" [_thread_in_native, id=10232, stack(0x00000000171c0000,0x00000000172c0000)]
  0x0000000014f7a000 JavaThread "Service Thread" daemon [_thread_blocked, id=8940, stack(0x00000000157f0000,0x00000000158f0000)]
  0x0000000014f00000 JavaThread "C1 CompilerThread2" daemon [_thread_in_native, id=16944, stack(0x00000000156f0000,0x00000000157f0000)]
  0x0000000014efa000 JavaThread "C2 CompilerThread1" daemon [_thread_in_native, id=9344, stack(0x00000000155f0000,0x00000000156f0000)]
=>0x0000000013b7e800 JavaThread "C2 CompilerThread0" daemon [_thread_in_native, id=17208, stack(0x00000000154f0000,0x00000000155f0000)]
  0x0000000013b30800 JavaThread "Attach Listener" daemon [_thread_blocked, id=15632, stack(0x00000000153f0000,0x00000000154f0000)]
  0x0000000014ef8800 JavaThread "Signal Dispatcher" daemon [_thread_blocked, id=576, stack(0x00000000152f0000,0x00000000153f0000)]
  0x0000000013b08000 JavaThread "Finalizer" daemon [_thread_blocked, id=16796, stack(0x0000000014d90000,0x0000000014e90000)]
  0x00000000027a3800 JavaThread "Reference Handler" daemon [_thread_blocked, id=3236, stack(0x0000000014c90000,0x0000000014d90000)]
  0x00000000026b3800 JavaThread "main" [_thread_blocked, id=14660, stack(0x00000000025b0000,0x00000000026b0000)]

Other Threads:
  0x0000000013ae6800 VMThread [stack: 0x0000000014b90000,0x0000000014c90000] [id=15600]
  0x0000000014f7a800 WatcherThread [stack: 0x00000000158f0000,0x00000000159f0000] [id=15008]

VM state:not at safepoint (normal execution)

VM Mutex/Monitor currently owned by a thread:  ([mutex/lock_event])
[0x00000000026b1fe0] CompiledIC_lock - owner thread: 0x0000000014f00000

Heap:
 PSYoungGen      total 35328K, used 10109K [0x00000000f5580000, 0x00000000f7a80000, 0x0000000100000000)
  eden space 32768K, 23% used [0x00000000f5580000,0x00000000f5ce1540,0x00000000f7580000)
  from space 2560K, 99% used [0x00000000f7580000,0x00000000f77fe050,0x00000000f7800000)
  to   space 2560K, 0% used [0x00000000f7800000,0x00000000f7800000,0x00000000f7a80000)
 ParOldGen       total 44032K, used 9225K [0x00000000e0000000, 0x00000000e2b00000, 0x00000000f5580000)
  object space 44032K, 20% used [0x00000000e0000000,0x00000000e09025c0,0x00000000e2b00000)
 Metaspace       used 16554K, capacity 16924K, committed 17152K, reserved 1064960K
  class space    used 2350K, capacity 2480K, committed 2560K, reserved 1048576K

Card table byte_map: [0x0000000011b70000,0x0000000011c80000] byte_map_base: 0x0000000011470000

Marking Bits: (ParMarkBitMap*) 0x0000000073663950
 Begin Bits: [0x0000000012080000, 0x0000000012880000)
 End Bits:   [0x0000000012880000, 0x0000000013080000)

Polling page: 0x0000000000520000

CodeCache: size=245760Kb used=5201Kb max_used=5201Kb free=240558Kb
 bounds [0x00000000027b0000, 0x0000000002cd0000, 0x00000000117b0000]
 total_blobs=1891 nmethods=1514 adapters=290
 compilation: enabled

Compilation events (10 events):
Event: 3.066 Thread 0x0000000014f00000 1508       1       java.io.ObjectStreamClass$FieldReflectorKey::hashCode (5 bytes)
Event: 3.066 Thread 0x0000000014f00000 nmethod 1508 0x0000000002cc0fd0 code [0x0000000002cc1120, 0x0000000002cc1230]
Event: 3.066 Thread 0x0000000014f00000 1509       3       java.lang.Class::privateGetDeclaredConstructors (85 bytes)
Event: 3.067 Thread 0x0000000014f00000 nmethod 1509 0x0000000002cc1290 code [0x0000000002cc1460, 0x0000000002cc1b58]
Event: 3.067 Thread 0x0000000014f00000 1510       3       java.lang.Throwable::<init> (34 bytes)
Event: 3.067 Thread 0x0000000014f00000 nmethod 1510 0x0000000002cc1e10 code [0x0000000002cc1fa0, 0x0000000002cc2528]
Event: 3.096 Thread 0x0000000014f00000 1512       3       java.util.concurrent.locks.ReentrantLock$Sync::<init> (5 bytes)
Event: 3.096 Thread 0x0000000014f00000 nmethod 1512 0x0000000002cc28d0 code [0x0000000002cc2a40, 0x0000000002cc2cb0]
Event: 3.096 Thread 0x0000000014f00000 1513       3       java.util.concurrent.locks.ReentrantLock$NonfairSync::<init> (5 bytes)
Event: 3.096 Thread 0x0000000014f00000 nmethod 1513 0x0000000002cc2dd0 code [0x0000000002cc2f40, 0x0000000002cc3210]

GC Heap History (10 events):
Event: 0.688 GC heap before
{Heap before GC invocations=1 (full 0):
 PSYoungGen      total 18944K, used 16384K [0x00000000f5580000, 0x00000000f6a80000, 0x0000000100000000)
  eden space 16384K, 100% used [0x00000000f5580000,0x00000000f6580000,0x00000000f6580000)
  from space 2560K, 0% used [0x00000000f6800000,0x00000000f6800000,0x00000000f6a80000)
  to   space 2560K, 0% used [0x00000000f6580000,0x00000000f6580000,0x00000000f6800000)
 ParOldGen       total 44032K, used 0K [0x00000000e0000000, 0x00000000e2b00000, 0x00000000f5580000)
  object space 44032K, 0% used [0x00000000e0000000,0x00000000e0000000,0x00000000e2b00000)
 Metaspace       used 6212K, capacity 6444K, committed 6528K, reserved 1056768K
  class space    used 756K, capacity 813K, committed 896K, reserved 1048576K
Event: 0.692 GC heap after
Heap after GC invocations=1 (full 0):
 PSYoungGen      total 18944K, used 2538K [0x00000000f5580000, 0x00000000f6a80000, 0x0000000100000000)
  eden space 16384K, 0% used [0x00000000f5580000,0x00000000f5580000,0x00000000f6580000)
  from space 2560K, 99% used [0x00000000f6580000,0x00000000f67fa818,0x00000000f6800000)
  to   space 2560K, 0% used [0x00000000f6800000,0x00000000f6800000,0x00000000f6a80000)
 ParOldGen       total 44032K, used 732K [0x00000000e0000000, 0x00000000e2b00000, 0x00000000f5580000)
  object space 44032K, 1% used [0x00000000e0000000,0x00000000e00b7298,0x00000000e2b00000)
 Metaspace       used 6212K, capacity 6444K, committed 6528K, reserved 1056768K
  class space    used 756K, capacity 813K, committed 896K, reserved 1048576K
}
Event: 0.917 GC heap before
{Heap before GC invocations=2 (full 0):
 PSYoungGen      total 18944K, used 18728K [0x00000000f5580000, 0x00000000f6a80000, 0x0000000100000000)
  eden space 16384K, 98% used [0x00000000f5580000,0x00000000f654fa20,0x00000000f6580000)
  from space 2560K, 99% used [0x00000000f6580000,0x00000000f67fa818,0x00000000f6800000)
  to   space 2560K, 0% used [0x00000000f6800000,0x00000000f6800000,0x00000000f6a80000)
 ParOldGen       total 44032K, used 732K [0x00000000e0000000, 0x00000000e2b00000, 0x00000000f5580000)
  object space 44032K, 1% used [0x00000000e0000000,0x00000000e00b7298,0x00000000e2b00000)
 Metaspace       used 6968K, capacity 7180K, committed 7424K, reserved 1056768K
  class space    used 841K, capacity 909K, committed 1024K, reserved 1048576K
Event: 0.921 GC heap after
Heap after GC invocations=2 (full 0):
 PSYoungGen      total 18944K, used 2533K [0x00000000f5580000, 0x00000000f7a80000, 0x0000000100000000)
  eden space 16384K, 0% used [0x00000000f5580000,0x00000000f5580000,0x00000000f6580000)
  from space 2560K, 98% used [0x00000000f6800000,0x00000000f6a794a0,0x00000000f6a80000)
  to   space 2560K, 0% used [0x00000000f6580000,0x00000000f6580000,0x00000000f6800000)
 ParOldGen       total 44032K, used 983K [0x00000000e0000000, 0x00000000e2b00000, 0x00000000f5580000)
  object space 44032K, 2% used [0x00000000e0000000,0x00000000e00f5f58,0x00000000e2b00000)
 Metaspace       used 6968K, capacity 7180K, committed 7424K, reserved 1056768K
  class space    used 841K, capacity 909K, committed 1024K, reserved 1048576K
}
Event: 1.215 GC heap before
{Heap before GC invocations=3 (full 0):
 PSYoungGen      total 18944K, used 18917K [0x00000000f5580000, 0x00000000f7a80000, 0x0000000100000000)
  eden space 16384K, 100% used [0x00000000f5580000,0x00000000f6580000,0x00000000f6580000)
  from space 2560K, 98% used [0x00000000f6800000,0x00000000f6a794a0,0x00000000f6a80000)
  to   space 2560K, 0% used [0x00000000f6580000,0x00000000f6580000,0x00000000f6800000)
 ParOldGen       total 44032K, used 983K [0x00000000e0000000, 0x00000000e2b00000, 0x00000000f5580000)
  object space 44032K, 2% used [0x00000000e0000000,0x00000000e00f5f58,0x00000000e2b00000)
 Metaspace       used 8625K, capacity 8902K, committed 9216K, reserved 1056768K
  class space    used 1094K, capacity 1221K, committed 1280K, reserved 1048576K
Event: 1.221 GC heap after
Heap after GC invocations=3 (full 0):
 PSYoungGen      total 18944K, used 2536K [0x00000000f5580000, 0x00000000f7a80000, 0x0000000100000000)
  eden space 16384K, 0% used [0x00000000f5580000,0x00000000f5580000,0x00000000f6580000)
  from space 2560K, 99% used [0x00000000f6580000,0x00000000f67fa040,0x00000000f6800000)
  to   space 2560K, 0% used [0x00000000f7800000,0x00000000f7800000,0x00000000f7a80000)
 ParOldGen       total 44032K, used 2174K [0x00000000e0000000, 0x00000000e2b00000, 0x00000000f5580000)
  object space 44032K, 4% used [0x00000000e0000000,0x00000000e021fbf0,0x00000000e2b00000)
 Metaspace       used 8625K, capacity 8902K, committed 9216K, reserved 1056768K
  class space    used 1094K, capacity 1221K, committed 1280K, reserved 1048576K
}
Event: 2.382 GC heap before
{Heap before GC invocations=4 (full 0):
 PSYoungGen      total 18944K, used 18920K [0x00000000f5580000, 0x00000000f7a80000, 0x0000000100000000)
  eden space 16384K, 100% used [0x00000000f5580000,0x00000000f6580000,0x00000000f6580000)
  from space 2560K, 99% used [0x00000000f6580000,0x00000000f67fa040,0x00000000f6800000)
  to   space 2560K, 0% used [0x00000000f7800000,0x00000000f7800000,0x00000000f7a80000)
 ParOldGen       total 44032K, used 2174K [0x00000000e0000000, 0x00000000e2b00000, 0x00000000f5580000)
  object space 44032K, 4% used [0x00000000e0000000,0x00000000e021fbf0,0x00000000e2b00000)
 Metaspace       used 12323K, capacity 12736K, committed 12800K, reserved 1060864K
  class space    used 1641K, capacity 1770K, committed 1792K, reserved 1048576K
Event: 2.389 GC heap after
Heap after GC invocations=4 (full 0):
 PSYoungGen      total 35328K, used 2552K [0x00000000f5580000, 0x00000000f7a80000, 0x0000000100000000)
  eden space 32768K, 0% used [0x00000000f5580000,0x00000000f5580000,0x00000000f7580000)
  from space 2560K, 99% used [0x00000000f7800000,0x00000000f7a7e030,0x00000000f7a80000)
  to   space 2560K, 0% used [0x00000000f7580000,0x00000000f7580000,0x00000000f7800000)
 ParOldGen       total 44032K, used 4716K [0x00000000e0000000, 0x00000000e2b00000, 0x00000000f5580000)
  object space 44032K, 10% used [0x00000000e0000000,0x00000000e049b240,0x00000000e2b00000)
 Metaspace       used 12323K, capacity 12736K, committed 12800K, reserved 1060864K
  class space    used 1641K, capacity 1770K, committed 1792K, reserved 1048576K
}
Event: 2.897 GC heap before
{Heap before GC invocations=5 (full 0):
 PSYoungGen      total 35328K, used 35320K [0x00000000f5580000, 0x00000000f7a80000, 0x0000000100000000)
  eden space 32768K, 100% used [0x00000000f5580000,0x00000000f7580000,0x00000000f7580000)
  from space 2560K, 99% used [0x00000000f7800000,0x00000000f7a7e030,0x00000000f7a80000)
  to   space 2560K, 0% used [0x00000000f7580000,0x00000000f7580000,0x00000000f7800000)
 ParOldGen       total 44032K, used 4716K [0x00000000e0000000, 0x00000000e2b00000, 0x00000000f5580000)
  object space 44032K, 10% used [0x00000000e0000000,0x00000000e049b240,0x00000000e2b00000)
 Metaspace       used 15758K, capacity 16196K, committed 16512K, reserved 1062912K
  class space    used 2209K, capacity 2348K, committed 2432K, reserved 1048576K
Event: 2.907 GC heap after
Heap after GC invocations=5 (full 0):
 PSYoungGen      total 35328K, used 2552K [0x00000000f5580000, 0x00000000f7a80000, 0x0000000100000000)
  eden space 32768K, 0% used [0x00000000f5580000,0x00000000f5580000,0x00000000f7580000)
  from space 2560K, 99% used [0x00000000f7580000,0x00000000f77fe050,0x00000000f7800000)
  to   space 2560K, 0% used [0x00000000f7800000,0x00000000f7800000,0x00000000f7a80000)
 ParOldGen       total 44032K, used 9225K [0x00000000e0000000, 0x00000000e2b00000, 0x00000000f5580000)
  object space 44032K, 20% used [0x00000000e0000000,0x00000000e09025c0,0x00000000e2b00000)
 Metaspace       used 15758K, capacity 16196K, committed 16512K, reserved 1062912K
  class space    used 2209K, capacity 2348K, committed 2432K, reserved 1048576K
}

Deoptimization events (10 events):
Event: 1.536 Thread 0x00000000026b3800 Uncommon trap: reason=unstable_if action=reinterpret pc=0x0000000002b25ff8 method=java.io.WinNTFileSystem.normalize(Ljava/lang/String;)Ljava/lang/String; @ 128
Event: 1.536 Thread 0x00000000026b3800 Uncommon trap: reason=unstable_if action=reinterpret pc=0x0000000002aaf528 method=java.io.WinNTFileSystem.normalize(Ljava/lang/String;II)Ljava/lang/String; @ 90
Event: 2.335 Thread 0x0000000017146000 Uncommon trap: reason=unstable_if action=reinterpret pc=0x0000000002ba802c method=sun.nio.cs.ext.DoubleByte$Encoder.encodeArrayLoop(Ljava/nio/CharBuffer;Ljava/nio/ByteBuffer;)Ljava/nio/charset/CoderResult; @ 218
Event: 2.341 Thread 0x0000000017146000 Uncommon trap: reason=bimorphic action=maybe_recompile pc=0x0000000002ac358c method=java.util.HashMap.putVal(ILjava/lang/Object;Ljava/lang/Object;ZZ)Ljava/lang/Object; @ 253
Event: 2.341 Thread 0x0000000017146000 Uncommon trap: reason=bimorphic action=maybe_recompile pc=0x0000000002ac358c method=java.util.HashMap.putVal(ILjava/lang/Object;Ljava/lang/Object;ZZ)Ljava/lang/Object; @ 253
Event: 2.581 Thread 0x0000000017146000 Uncommon trap: reason=class_check action=maybe_recompile pc=0x0000000002a188a0 method=java.util.regex.Matcher.match(II)Z @ 86
Event: 2.581 Thread 0x0000000017146000 Uncommon trap: reason=class_check action=maybe_recompile pc=0x0000000002a188a0 method=java.util.regex.Matcher.match(II)Z @ 86
Event: 2.634 Thread 0x0000000017146000 Uncommon trap: reason=unstable_if action=reinterpret pc=0x0000000002c31af4 method=java.lang.String.lastIndexOf([CII[CIII)I @ 66
Event: 2.970 Thread 0x0000000017146000 Uncommon trap: reason=unstable_if action=reinterpret pc=0x0000000002902388 method=java.net.URI.match(CJJ)Z @ 19
Event: 2.970 Thread 0x0000000017146000 Uncommon trap: reason=unstable_if action=reinterpret pc=0x0000000002a41900 method=java.net.URI.match(CJJ)Z @ 19

Classes redefined (0 events):
No events

Internal exceptions (10 events):
Event: 2.282 Thread 0x0000000016579000 Exception <a 'java/lang/NoSuchMethodError': <clinit>> (0x00000000f6024b90) thrown at [D:\src\AOSP-openjdk-cygwin\jdk8u\hotspot\src\share\vm\prims\jni.cpp, line 1613]
Event: 2.301 Thread 0x0000000016579000 Exception <a 'java/lang/NoSuchMethodError': <clinit>> (0x00000000f60a3930) thrown at [D:\src\AOSP-openjdk-cygwin\jdk8u\hotspot\src\share\vm\prims\jni.cpp, line 1613]
Event: 2.305 Thread 0x0000000016579000 Exception <a 'java/lang/NoSuchMethodError': <clinit>> (0x00000000f60be118) thrown at [D:\src\AOSP-openjdk-cygwin\jdk8u\hotspot\src\share\vm\prims\jni.cpp, line 1613]
Event: 2.309 Thread 0x0000000016579000 Exception <a 'java/lang/NoSuchMethodError': <clinit>> (0x00000000f60e56d8) thrown at [D:\src\AOSP-openjdk-cygwin\jdk8u\hotspot\src\share\vm\prims\jni.cpp, line 1613]
Event: 2.331 Thread 0x0000000017146000 Exception <a 'java/lang/NoSuchMethodError': <clinit>> (0x00000000f618e5d0) thrown at [D:\src\AOSP-openjdk-cygwin\jdk8u\hotspot\src\share\vm\prims\jni.cpp, line 1613]
Event: 2.332 Thread 0x0000000017146000 Exception <a 'java/lang/NoSuchMethodError': <clinit>> (0x00000000f6196858) thrown at [D:\src\AOSP-openjdk-cygwin\jdk8u\hotspot\src\share\vm\prims\jni.cpp, line 1613]
Event: 3.064 Thread 0x0000000017146000 Exception <a 'java/lang/NoSuchMethodError': <clinit>> (0x00000000f5a0cd08) thrown at [D:\src\AOSP-openjdk-cygwin\jdk8u\hotspot\src\share\vm\prims\jni.cpp, line 1613]
Event: 3.064 Thread 0x0000000017146000 Exception <a 'java/lang/NoSuchMethodError': <clinit>> (0x00000000f5a0f6a8) thrown at [D:\src\AOSP-openjdk-cygwin\jdk8u\hotspot\src\share\vm\prims\jni.cpp, line 1613]
Event: 3.066 Thread 0x0000000017146000 Exception <a 'java/lang/NoSuchMethodError': <clinit>> (0x00000000f5a1cc98) thrown at [D:\src\AOSP-openjdk-cygwin\jdk8u\hotspot\src\share\vm\prims\jni.cpp, line 1613]
Event: 3.067 Thread 0x0000000017146000 Exception <a 'java/lang/NoSuchMethodError': <clinit>> (0x00000000f5a28418) thrown at [D:\src\AOSP-openjdk-cygwin\jdk8u\hotspot\src\share\vm\prims\jni.cpp, line 1613]

Events (10 events):
Event: 3.162 loading class com/google/common/primitives/Longs
Event: 3.162 loading class com/google/common/primitives/Longs done
Event: 3.163 loading class com/google/common/primitives/Longs$LongConverter
Event: 3.163 loading class com/google/common/primitives/Longs$LongConverter done
Event: 3.164 loading class org/gradle/cache/internal/btree/BTreePersistentIndexedCache$IndexRoot
Event: 3.164 loading class org/gradle/cache/internal/btree/BTreePersistentIndexedCache$IndexRoot done
Event: 3.165 loading class org/gradle/cache/internal/DefaultMultiProcessSafePersistentIndexedCache$1
Event: 3.165 loading class org/gradle/cache/internal/DefaultMultiProcessSafePersistentIndexedCache$1 done
Event: 3.166 loading class org/gradle/cache/internal/btree/BTreePersistentIndexedCache$IndexEntry
Event: 3.166 loading class org/gradle/cache/internal/btree/BTreePersistentIndexedCache$IndexEntry done


Dynamic libraries:
0x00007ff62bf30000 - 0x00007ff62bf61000 	X:\Program Files\Android\Android Studio2\jre\bin\java.exe
0x00007ffc7c9d0000 - 0x00007ffc7cba2000 	X:\Windows\SYSTEM32\ntdll.dll
0x00007ffc7af80000 - 0x00007ffc7b02c000 	X:\Windows\System32\KERNEL32.DLL
0x00007ffc79a20000 - 0x00007ffc79c3d000 	X:\Windows\System32\KERNELBASE.dll
0x00007ffc7a950000 - 0x00007ffc7a9f2000 	X:\Windows\System32\ADVAPI32.dll
0x00007ffc7a5b0000 - 0x00007ffc7a64e000 	X:\Windows\System32\msvcrt.dll
0x00007ffc7ace0000 - 0x00007ffc7ad39000 	X:\Windows\System32\sechost.dll
0x00007ffc7a390000 - 0x00007ffc7a4b1000 	X:\Windows\System32\RPCRT4.dll
0x00007ffc7a670000 - 0x00007ffc7a7d5000 	X:\Windows\System32\USER32.dll
0x00007ffc78f40000 - 0x00007ffc78f5e000 	X:\Windows\System32\win32u.dll
0x00007ffc7a510000 - 0x00007ffc7a544000 	X:\Windows\System32\GDI32.dll
0x00007ffc78f60000 - 0x00007ffc790e0000 	X:\Windows\System32\gdi32full.dll
0x00007ffc6b960000 - 0x00007ffc6bbda000 	X:\Windows\WinSxS\amd64_microsoft.windows.common-controls_6595b64144ccf1df_6.0.14393.953_none_42151e83c686086b\COMCTL32.dll
0x00007ffc7aa00000 - 0x00007ffc7acc8000 	X:\Windows\System32\combase.dll
0x00007ffc798c0000 - 0x00007ffc799b5000 	X:\Windows\System32\ucrtbase.dll
0x00007ffc78ed0000 - 0x00007ffc78f3a000 	X:\Windows\System32\bcryptPrimitives.dll
0x00007ffc7a4e0000 - 0x00007ffc7a50e000 	X:\Windows\System32\IMM32.DLL
0x0000000073f90000 - 0x0000000074062000 	X:\Program Files\Android\Android Studio2\jre\jre\bin\msvcr100.dll
0x0000000072ea0000 - 0x00000000736de000 	X:\Program Files\Android\Android Studio2\jre\jre\bin\server\jvm.dll
0x00007ffc7acd0000 - 0x00007ffc7acd8000 	X:\Windows\System32\PSAPI.DLL
0x00007ffc76f20000 - 0x00007ffc76f43000 	X:\Windows\SYSTEM32\WINMM.dll
0x00007ffc74320000 - 0x00007ffc7432a000 	X:\Windows\SYSTEM32\VERSION.dll
0x00007ffc566a0000 - 0x00007ffc566a9000 	X:\Windows\SYSTEM32\WSOCK32.dll
0x00007ffc7a7e0000 - 0x00007ffc7a84a000 	X:\Windows\System32\WS2_32.dll
0x00007ffc76ec0000 - 0x00007ffc76eeb000 	X:\Windows\SYSTEM32\WINMMBASE.dll
0x00007ffc790e0000 - 0x00007ffc79122000 	X:\Windows\System32\cfgmgr32.dll
0x00007ffc761b0000 - 0x00007ffc761bf000 	X:\Program Files\Android\Android Studio2\jre\jre\bin\verify.dll
0x00007ffc76180000 - 0x00007ffc761a9000 	X:\Program Files\Android\Android Studio2\jre\jre\bin\java.dll
0x00007ffc76160000 - 0x00007ffc76176000 	X:\Program Files\Android\Android Studio2\jre\jre\bin\zip.dll
0x00007ffc7b030000 - 0x00007ffc7c538000 	X:\Windows\System32\SHELL32.dll
0x00007ffc791e0000 - 0x00007ffc798b8000 	X:\Windows\System32\windows.storage.dll
0x00007ffc78e80000 - 0x00007ffc78ecc000 	X:\Windows\System32\powrprof.dll
0x00007ffc7a850000 - 0x00007ffc7a8a2000 	X:\Windows\System32\shlwapi.dll
0x00007ffc78e60000 - 0x00007ffc78e6f000 	X:\Windows\System32\kernel.appcore.dll
0x00007ffc79eb0000 - 0x00007ffc79f59000 	X:\Windows\System32\shcore.dll
0x00007ffc78e40000 - 0x00007ffc78e54000 	X:\Windows\System32\profapi.dll
0x00007ffc76140000 - 0x00007ffc7615a000 	X:\Program Files\Android\Android Studio2\jre\jre\bin\net.dll
0x00007ffc78710000 - 0x00007ffc7876c000 	X:\Windows\system32\mswsock.dll
0x00007ffc76100000 - 0x00007ffc76111000 	X:\Program Files\Android\Android Studio2\jre\jre\bin\nio.dll
0x00007ffc6b750000 - 0x00007ffc6b76e000 	X:\Users\asd\.gradle\native\25\windows-amd64\native-platform.dll
0x00007ffc760f0000 - 0x00007ffc760fd000 	X:\Program Files\Android\Android Studio2\jre\jre\bin\management.dll
0x00007ffc788c0000 - 0x00007ffc788d7000 	X:\Windows\SYSTEM32\CRYPTSP.dll
0x00007ffc78310000 - 0x00007ffc78343000 	X:\Windows\system32\rsaenh.dll
0x00007ffc78d80000 - 0x00007ffc78dab000 	X:\Windows\SYSTEM32\bcrypt.dll
0x00007ffc78590000 - 0x00007ffc785af000 	X:\Windows\SYSTEM32\USERENV.dll
0x00007ffc788b0000 - 0x00007ffc788bb000 	X:\Windows\SYSTEM32\CRYPTBASE.dll
0x00007ffc78490000 - 0x00007ffc784c8000 	X:\Windows\SYSTEM32\IPHLPAPI.DLL
0x00007ffc7a4c0000 - 0x00007ffc7a4c8000 	X:\Windows\System32\NSI.dll
0x00007ffc71040000 - 0x00007ffc71056000 	X:\Windows\SYSTEM32\dhcpcsvc6.DLL
0x00007ffc72390000 - 0x00007ffc723aa000 	X:\Windows\SYSTEM32\dhcpcsvc.DLL

VM Arguments:
jvm_args: -XX:MaxPermSize=512m -Xmx512m -Dfile.encoding=GBK -Duser.country=CN -Duser.language=zh -Duser.variant 
java_command: org.gradle.launcher.daemon.bootstrap.GradleDaemon 4.1
java_class_path (initial): X:\Users\asd\.gradle\wrapper\dists\gradle-4.1-all\bzyivzo6n839fup2jbap0tjew\gradle-4.1\lib\gradle-launcher-4.1.jar
Launcher Type: SUN_STANDARD

Environment Variables:
JAVA_HOME=X:\Program Files\Java\jdk1.7.0_17
CLASSPATH=.;%JAVA_HOME%\lib;%JAVA_HOME%\lib\tools.jar;E:\apache-cxf-2.4.2\lib\cxf-manifest.jar;D:\ant\apache-ant-1.9.9\lib;%CXF_HOME%\lib;%JAVA8_HOME%\lib;%JAVA8_HOME%\lib\tools.jar
PATH=X:\ProgramData\Oracle\Java\javapath\;X:\Windows\system32\;X:\Windows\;X:\Windows\System32\Wbem\;X:\Windows\System32\WindowsPowerShell\v1.0\;X:\Program Files (x86)\Java\jdk1.8.0_60\bin\;X:\Program Files (x86)\Java\jdk1.8.0_60\jre\bin;x:\Program Files (x86)\NVIDIA Corporation\PhysX\Common\;E:\mysql-5.6.34-winx64\bin\;x:\Program Files (x86)\Microsoft SQL Server\100\Tools\Binn\;x:\Program Files\Microsoft SQL Server\100\Tools\Binn\;x:\Program Files\Microsoft SQL Server\100\DTS\Binn\;X:\Program Files\Microsoft SQL Server\110\Tools\Binn\;X:\Program Files (x86)\GtkSharp\2.12\bin;X:\Program Files (x86)\Windows Kits\8.1\Windows Performance Toolkit\;X:\Users\asd\Documents\Tencent Files\312018367\FileRecv\cocos2d-x-2.2.6;X:\Program Files (x86)\PCL 1.7.2\bin;X:\Program Files (x86)\PCL 1.7.2\3rdParty\FLANN\bin;X:\Program Files (x86)\PCL 1.7.2\3rdParty\Qhull\bin;X:\Program Files (x86)\PCL 1.7.2\3rdParty\VTK\bin;X:\ProgramData\Microsoft\Windows\Start Menu\Programs\MySQL\MySQL Server 5.6;X:\Program Files (x86)\Java\jdk1.8.0_60\jre;X:\Program Files (x86)\Java\jdk1.8.0_60\bin;X:\Program Files\MySQL\MySQL Utilities 1.6\;X:\ProgramData\Microsoft\Windows\Start Menu\Programs\MySQL\MySQL Server 5.6;X:\Program Files\OpenNI\Bin;X:\Windows\system32\config\systemprofile\.dnx\bin;X:\Program Files\Microsoft DNX\Dnvm\;X:\Program Files\Microsoft SQL Server\120\Tools\Binn\;X:\Program Files\Microsoft SQL Server\130\Tools\Binn\;X:\Program Files\TortoiseSVN\bin;D:\cxf\apache-cxf-2.4.2\bin;x:\Program Files\Git\cmd;%GRADLE_HOME%\bin;X:\Users\asd\AppData\Local\Android\sdk\platforms;X:\Users\asd\AppData\Local\Android\sdk\tools;%SDK_HOME%\tools;%SDK_HOME%\platform-tools;C:\Users\cocos\frameworks\cocos2d-x-3.7\tools\cocos2d-console\bin;E:\BaiduYunDownload\cocos2d-x-3.13.1\templates;E:\BaiduYunDownload\cocos2d-x-3.13.1\tools\cocos2d-console\bin;X:\Users\asd\AppData\Local\Microsoft\WindowsApps;X:\Users\asd\AppData\Roaming\Microsoft\Windows\Start Menu\Programs\Python 3.5£»
USERNAME=asd
OS=Windows_NT
PROCESSOR_IDENTIFIER=Intel64 Family 6 Model 60 Stepping 3, GenuineIntel



---------------  S Y S T E M  ---------------

OS: Windows 10.0 , 64 bit Build 14393 (10.0.14393.1198)

CPU:total 4 (initial active 4) (2 cores per cpu, 2 threads per core) family 6 model 60 stepping 3, cmov, cx8, fxsr, mmx, sse, sse2, sse3, ssse3, sse4.1, sse4.2, popcnt, avx, avx2, aes, clmul, erms, lzcnt, ht, tsc, tscinvbit, bmi1, bmi2

Memory: 4k page, physical 4119916k(143936k free), swap 5949320k(5724k free)

vm_info: OpenJDK 64-Bit Server VM (25.152-b01) for windows-amd64 JRE (1.8.0_152-release-915-b01), built by "builder" with MS VC++ 10.0 (VS2010)

time: Mon Jan 08 15:54:42 2018
elapsed time: 3 seconds (0d 0h 0m 3s)

