#
# There is insufficient memory for the Java Runtime Environment to continue.
# Native memory allocation (malloc) failed to allocate 32744 bytes for ChunkPool::allocate
# Possible reasons:
#   The system is out of physical RAM or swap space
#   In 32 bit mode, the process size limit was hit
# Possible solutions:
#   Reduce memory load on the system
#   Increase physical memory or swap space
#   Check if swap backing store is full
#   Use 64 bit Java on a 64 bit OS
#   Decrease Java heap size (-Xmx/-Xms)
#   Decrease number of Java threads
#   Decrease Java thread stack sizes (-Xss)
#   Set larger code cache with -XX:ReservedCodeCacheSize=
# This output file may be truncated or incomplete.
#
#  Out of Memory Error (allocation.cpp:273), pid=12528, tid=0x0000000000004130
#
# JRE version: OpenJDK Runtime Environment (8.0_152-b01) (build 1.8.0_152-release-915-b01)
# Java VM: OpenJDK 64-Bit Server VM (25.152-b01 mixed mode windows-amd64 compressed oops)
# Failed to write core dump. Minidumps are not enabled by default on client versions of Windows
#

---------------  T H R E A D  ---------------

Current thread (0x0000000015509000):  JavaThread "C2 CompilerThread1" daemon [_thread_in_native, id=16688, stack(0x0000000015c00000,0x0000000015d00000)]

Stack: [0x0000000015c00000,0x0000000015d00000]
[error occurred during error reporting (printing stack bounds), id 0xc0000005]

Native frames: (J=compiled Java code, j=interpreted, Vv=VM code, C=native code)


Current CompileTask:
C2:   4111 1368       4       java.net.URLClassLoader$1::run (5 bytes)


---------------  P R O C E S S  ---------------

Java Threads: ( => current thread )
  0x000000001797d000 JavaThread "Cache worker for file hash cache (X:\Users\asd\Clock\.gradle\4.1\fileHashes)" [_thread_blocked, id=7772, stack(0x00000000198d0000,0x00000000199d0000)]
  0x000000001749d800 JavaThread "File lock request listener" [_thread_in_native, id=14464, stack(0x00000000197d0000,0x00000000198d0000)]
  0x000000001764a000 JavaThread "Cache worker for file hash cache (X:\Users\asd\.gradle\caches\4.1\fileHashes)" [_thread_blocked, id=14740, stack(0x00000000196d0000,0x00000000197d0000)]
  0x0000000016e5d000 JavaThread "Stdin handler" [_thread_blocked, id=14440, stack(0x00000000193d0000,0x00000000194d0000)]
  0x0000000016be9000 JavaThread "Asynchronous log dispatcher for DefaultDaemonConnection: socket connection from /127.0.0.1:55517 to /127.0.0.1:55518" [_thread_blocked, id=16484, stack(0x00000000192d0000,0x00000000193d0000)]
  0x0000000016be5000 JavaThread "Daemon worker" [_thread_in_Java, id=5924, stack(0x00000000191d0000,0x00000000192d0000)]
  0x0000000016be1000 JavaThread "Cancel handler" [_thread_blocked, id=15832, stack(0x00000000190d0000,0x00000000191d0000)]
  0x0000000016bc4800 JavaThread "Handler for socket connection from /127.0.0.1:55517 to /127.0.0.1:55518" [_thread_in_native, id=15240, stack(0x0000000018dd0000,0x0000000018ed0000)]
  0x0000000016bc4000 JavaThread "Daemon" [_thread_blocked, id=5940, stack(0x0000000018cd0000,0x0000000018dd0000)]
  0x000000001769b800 JavaThread "Daemon periodic checks" [_thread_blocked, id=14960, stack(0x0000000018bd0000,0x0000000018cd0000)]
  0x0000000016e3b000 JavaThread "Incoming local TCP Connector on port 55517" [_thread_in_native, id=17388, stack(0x0000000018ad0000,0x0000000018bd0000)]
  0x0000000015586000 JavaThread "Service Thread" daemon [_thread_blocked, id=14780, stack(0x0000000015e00000,0x0000000015f00000)]
  0x0000000015555000 JavaThread "C1 CompilerThread2" daemon [_thread_in_native, id=14048, stack(0x0000000015d00000,0x0000000015e00000)]
=>0x0000000015509000 JavaThread "C2 CompilerThread1" daemon [_thread_in_native, id=16688, stack(0x0000000015c00000,0x0000000015d00000)]
  0x000000001418d000 JavaThread "C2 CompilerThread0" daemon [_thread_in_native, id=11492, stack(0x0000000015b00000,0x0000000015c00000)]
  0x000000001412a000 JavaThread "Attach Listener" daemon [_thread_blocked, id=14128, stack(0x0000000015a00000,0x0000000015b00000)]
  0x0000000014146000 JavaThread "Signal Dispatcher" daemon [_thread_blocked, id=15784, stack(0x0000000015900000,0x0000000015a00000)]
  0x0000000014118000 JavaThread "Finalizer" daemon [_thread_blocked, id=15696, stack(0x0000000015390000,0x0000000015490000)]
  0x0000000002ce3800 JavaThread "Reference Handler" daemon [_thread_blocked, id=17328, stack(0x0000000015290000,0x0000000015390000)]
  0x0000000002bf3800 JavaThread "main" [_thread_blocked, id=15840, stack(0x0000000002ae0000,0x0000000002be0000)]

Other Threads:
  0x00000000140f7800 VMThread [stack: 0x0000000015190000,0x0000000015290000] [id=2440]
  0x0000000015586800 WatcherThread [stack: 0x0000000015f00000,0x0000000016000000] [id=13808]

VM state:not at safepoint (normal execution)

VM Mutex/Monitor currently owned by a thread: None

Heap:
 PSYoungGen      total 35328K, used 3304K [0x00000000f5580000, 0x00000000fa480000, 0x0000000100000000)
  eden space 32768K, 2% used [0x00000000f5580000,0x00000000f56402b0,0x00000000f7580000)
  from space 2560K, 99% used [0x00000000f7580000,0x00000000f77fa020,0x00000000f7800000)
  to   space 7680K, 0% used [0x00000000f9d00000,0x00000000f9d00000,0x00000000fa480000)
 ParOldGen       total 44032K, used 9255K [0x00000000e0000000, 0x00000000e2b00000, 0x00000000f5580000)
  object space 44032K, 21% used [0x00000000e0000000,0x00000000e0909f18,0x00000000e2b00000)
 Metaspace       used 15823K, capacity 16256K, committed 16512K, reserved 1062912K
  class space    used 2218K, capacity 2348K, committed 2432K, reserved 1048576K

Card table byte_map: [0x00000000120c0000,0x00000000121d0000] byte_map_base: 0x00000000119c0000

Marking Bits: (ParMarkBitMap*) 0x0000000073663950
 Begin Bits: [0x0000000012680000, 0x0000000012e80000)
 End Bits:   [0x0000000012e80000, 0x0000000013680000)

Polling page: 0x0000000000e00000

CodeCache: size=245760Kb used=5104Kb max_used=5104Kb free=240656Kb
 bounds [0x0000000002d00000, 0x0000000003200000, 0x0000000011d00000]
 total_blobs=1874 nmethods=1502 adapters=285
 compilation: enabled

Compilation events (10 events):
Event: 4.095 Thread 0x0000000015555000 nmethod 1502 0x00000000031f6e50 code [0x00000000031f7040, 0x00000000031f7878]
Event: 4.095 Thread 0x0000000015555000 1504       3       org.objectweb.asm.ByteVector::putByte (39 bytes)
Event: 4.095 Thread 0x0000000015555000 nmethod 1504 0x00000000031f7d90 code [0x00000000031f7f00, 0x00000000031f8128]
Event: 4.095 Thread 0x0000000015555000 1503       3       org.objectweb.asm.ByteVector::putShort (52 bytes)
Event: 4.095 Thread 0x0000000015555000 nmethod 1503 0x00000000031f8250 code [0x00000000031f83c0, 0x00000000031f8608]
Event: 4.095 Thread 0x0000000015555000 1505       3       org.objectweb.asm.Item::isEqualTo (354 bytes)
Event: 4.096 Thread 0x0000000015555000 nmethod 1505 0x00000000031f8790 code [0x00000000031f89c0, 0x00000000031f9688]
Event: 4.096 Thread 0x0000000015555000 1506       3       org.objectweb.asm.Type::getDescriptor (214 bytes)
Event: 4.099 Thread 0x0000000015555000 nmethod 1506 0x00000000031f9a50 code [0x00000000031f9e40, 0x00000000031fc4a8]
Event: 4.099 Thread 0x0000000015555000 1507       3       org.objectweb.asm.Frame::execute (2252 bytes)

GC Heap History (10 events):
Event: 1.167 GC heap before
{Heap before GC invocations=1 (full 0):
 PSYoungGen      total 18944K, used 16384K [0x00000000f5580000, 0x00000000f6a80000, 0x0000000100000000)
  eden space 16384K, 100% used [0x00000000f5580000,0x00000000f6580000,0x00000000f6580000)
  from space 2560K, 0% used [0x00000000f6800000,0x00000000f6800000,0x00000000f6a80000)
  to   space 2560K, 0% used [0x00000000f6580000,0x00000000f6580000,0x00000000f6800000)
 ParOldGen       total 44032K, used 0K [0x00000000e0000000, 0x00000000e2b00000, 0x00000000f5580000)
  object space 44032K, 0% used [0x00000000e0000000,0x00000000e0000000,0x00000000e2b00000)
 Metaspace       used 6216K, capacity 6440K, committed 6528K, reserved 1056768K
  class space    used 756K, capacity 813K, committed 896K, reserved 1048576K
Event: 1.171 GC heap after
Heap after GC invocations=1 (full 0):
 PSYoungGen      total 18944K, used 2538K [0x00000000f5580000, 0x00000000f6a80000, 0x0000000100000000)
  eden space 16384K, 0% used [0x00000000f5580000,0x00000000f5580000,0x00000000f6580000)
  from space 2560K, 99% used [0x00000000f6580000,0x00000000f67fa818,0x00000000f6800000)
  to   space 2560K, 0% used [0x00000000f6800000,0x00000000f6800000,0x00000000f6a80000)
 ParOldGen       total 44032K, used 728K [0x00000000e0000000, 0x00000000e2b00000, 0x00000000f5580000)
  object space 44032K, 1% used [0x00000000e0000000,0x00000000e00b60f0,0x00000000e2b00000)
 Metaspace       used 6216K, capacity 6440K, committed 6528K, reserved 1056768K
  class space    used 756K, capacity 813K, committed 896K, reserved 1048576K
}
Event: 1.478 GC heap before
{Heap before GC invocations=2 (full 0):
 PSYoungGen      total 18944K, used 18741K [0x00000000f5580000, 0x00000000f6a80000, 0x0000000100000000)
  eden space 16384K, 98% used [0x00000000f5580000,0x00000000f6552f38,0x00000000f6580000)
  from space 2560K, 99% used [0x00000000f6580000,0x00000000f67fa818,0x00000000f6800000)
  to   space 2560K, 0% used [0x00000000f6800000,0x00000000f6800000,0x00000000f6a80000)
 ParOldGen       total 44032K, used 728K [0x00000000e0000000, 0x00000000e2b00000, 0x00000000f5580000)
  object space 44032K, 1% used [0x00000000e0000000,0x00000000e00b60f0,0x00000000e2b00000)
 Metaspace       used 6970K, capacity 7176K, committed 7424K, reserved 1056768K
  class space    used 842K, capacity 909K, committed 1024K, reserved 1048576K
Event: 1.482 GC heap after
Heap after GC invocations=2 (full 0):
 PSYoungGen      total 18944K, used 2549K [0x00000000f5580000, 0x00000000f6a80000, 0x0000000100000000)
  eden space 16384K, 0% used [0x00000000f5580000,0x00000000f5580000,0x00000000f6580000)
  from space 2560K, 99% used [0x00000000f6800000,0x00000000f6a7d490,0x00000000f6a80000)
  to   space 2560K, 0% used [0x00000000f6580000,0x00000000f6580000,0x00000000f6800000)
 ParOldGen       total 44032K, used 983K [0x00000000e0000000, 0x00000000e2b00000, 0x00000000f5580000)
  object space 44032K, 2% used [0x00000000e0000000,0x00000000e00f5fb8,0x00000000e2b00000)
 Metaspace       used 6970K, capacity 7176K, committed 7424K, reserved 1056768K
  class space    used 842K, capacity 909K, committed 1024K, reserved 1048576K
}
Event: 1.829 GC heap before
{Heap before GC invocations=3 (full 0):
 PSYoungGen      total 18944K, used 18933K [0x00000000f5580000, 0x00000000f6a80000, 0x0000000100000000)
  eden space 16384K, 100% used [0x00000000f5580000,0x00000000f6580000,0x00000000f6580000)
  from space 2560K, 99% used [0x00000000f6800000,0x00000000f6a7d490,0x00000000f6a80000)
  to   space 2560K, 0% used [0x00000000f6580000,0x00000000f6580000,0x00000000f6800000)
 ParOldGen       total 44032K, used 983K [0x00000000e0000000, 0x00000000e2b00000, 0x00000000f5580000)
  object space 44032K, 2% used [0x00000000e0000000,0x00000000e00f5fb8,0x00000000e2b00000)
 Metaspace       used 8627K, capacity 8898K, committed 8960K, reserved 1056768K
  class space    used 1095K, capacity 1221K, committed 1280K, reserved 1048576K
Event: 1.838 GC heap after
Heap after GC invocations=3 (full 0):
 PSYoungGen      total 18944K, used 2552K [0x00000000f5580000, 0x00000000f7a80000, 0x0000000100000000)
  eden space 16384K, 0% used [0x00000000f5580000,0x00000000f5580000,0x00000000f6580000)
  from space 2560K, 99% used [0x00000000f6580000,0x00000000f67fe010,0x00000000f6800000)
  to   space 2560K, 0% used [0x00000000f7800000,0x00000000f7800000,0x00000000f7a80000)
 ParOldGen       total 44032K, used 2181K [0x00000000e0000000, 0x00000000e2b00000, 0x00000000f5580000)
  object space 44032K, 4% used [0x00000000e0000000,0x00000000e02216b8,0x00000000e2b00000)
 Metaspace       used 8627K, capacity 8898K, committed 8960K, reserved 1056768K
  class space    used 1095K, capacity 1221K, committed 1280K, reserved 1048576K
}
Event: 3.490 GC heap before
{Heap before GC invocations=4 (full 0):
 PSYoungGen      total 18944K, used 18936K [0x00000000f5580000, 0x00000000f7a80000, 0x0000000100000000)
  eden space 16384K, 100% used [0x00000000f5580000,0x00000000f6580000,0x00000000f6580000)
  from space 2560K, 99% used [0x00000000f6580000,0x00000000f67fe010,0x00000000f6800000)
  to   space 2560K, 0% used [0x00000000f7800000,0x00000000f7800000,0x00000000f7a80000)
 ParOldGen       total 44032K, used 2181K [0x00000000e0000000, 0x00000000e2b00000, 0x00000000f5580000)
  object space 44032K, 4% used [0x00000000e0000000,0x00000000e02216b8,0x00000000e2b00000)
 Metaspace       used 12336K, capacity 12732K, committed 12800K, reserved 1060864K
  class space    used 1648K, capacity 1770K, committed 1792K, reserved 1048576K
Event: 3.499 GC heap after
Heap after GC invocations=4 (full 0):
 PSYoungGen      total 35328K, used 2536K [0x00000000f5580000, 0x00000000f7a80000, 0x0000000100000000)
  eden space 32768K, 0% used [0x00000000f5580000,0x00000000f5580000,0x00000000f7580000)
  from space 2560K, 99% used [0x00000000f7800000,0x00000000f7a7a020,0x00000000f7a80000)
  to   space 2560K, 0% used [0x00000000f7580000,0x00000000f7580000,0x00000000f7800000)
 ParOldGen       total 44032K, used 4729K [0x00000000e0000000, 0x00000000e2b00000, 0x00000000f5580000)
  object space 44032K, 10% used [0x00000000e0000000,0x00000000e049e430,0x00000000e2b00000)
 Metaspace       used 12336K, capacity 12732K, committed 12800K, reserved 1060864K
  class space    used 1648K, capacity 1770K, committed 1792K, reserved 1048576K
}
Event: 4.082 GC heap before
{Heap before GC invocations=5 (full 0):
 PSYoungGen      total 35328K, used 35304K [0x00000000f5580000, 0x00000000f7a80000, 0x0000000100000000)
  eden space 32768K, 100% used [0x00000000f5580000,0x00000000f7580000,0x00000000f7580000)
  from space 2560K, 99% used [0x00000000f7800000,0x00000000f7a7a020,0x00000000f7a80000)
  to   space 2560K, 0% used [0x00000000f7580000,0x00000000f7580000,0x00000000f7800000)
 ParOldGen       total 44032K, used 4729K [0x00000000e0000000, 0x00000000e2b00000, 0x00000000f5580000)
  object space 44032K, 10% used [0x00000000e0000000,0x00000000e049e430,0x00000000e2b00000)
 Metaspace       used 15764K, capacity 16192K, committed 16512K, reserved 1062912K
  class space    used 2211K, capacity 2348K, committed 2432K, reserved 1048576K
Event: 4.092 GC heap after
Heap after GC invocations=5 (full 0):
 PSYoungGen      total 35328K, used 2536K [0x00000000f5580000, 0x00000000fa480000, 0x0000000100000000)
  eden space 32768K, 0% used [0x00000000f5580000,0x00000000f5580000,0x00000000f7580000)
  from space 2560K, 99% used [0x00000000f7580000,0x00000000f77fa020,0x00000000f7800000)
  to   space 7680K, 0% used [0x00000000f9d00000,0x00000000f9d00000,0x00000000fa480000)
 ParOldGen       total 44032K, used 9255K [0x00000000e0000000, 0x00000000e2b00000, 0x00000000f5580000)
  object space 44032K, 21% used [0x00000000e0000000,0x00000000e0909f18,0x00000000e2b00000)
 Metaspace       used 15764K, capacity 16192K, committed 16512K, reserved 1062912K
  class space    used 2211K, capacity 2348K, committed 2432K, reserved 1048576K
}

Deoptimization events (10 events):
Event: 1.678 Thread 0x0000000002bf3800 Uncommon trap: reason=bimorphic action=maybe_recompile pc=0x0000000002f7c4d8 method=java.util.HashMap.putVal(ILjava/lang/Object;Ljava/lang/Object;ZZ)Ljava/lang/Object; @ 91
Event: 1.922 Thread 0x0000000002bf3800 Uncommon trap: reason=bimorphic action=maybe_recompile pc=0x0000000003015e80 method=java.util.HashMap.putVal(ILjava/lang/Object;Ljava/lang/Object;ZZ)Ljava/lang/Object; @ 203
Event: 2.236 Thread 0x0000000002bf3800 Uncommon trap: reason=unstable_if action=reinterpret pc=0x000000000307b8f4 method=java.io.WinNTFileSystem.normalize(Ljava/lang/String;)Ljava/lang/String; @ 128
Event: 2.236 Thread 0x0000000002bf3800 Uncommon trap: reason=unstable_if action=reinterpret pc=0x0000000003001ae8 method=java.io.WinNTFileSystem.normalize(Ljava/lang/String;II)Ljava/lang/String; @ 90
Event: 3.379 Thread 0x0000000016be5000 Uncommon trap: reason=unstable_if action=reinterpret pc=0x00000000030fed2c method=sun.nio.cs.ext.DoubleByte$Encoder.encodeArrayLoop(Ljava/nio/CharBuffer;Ljava/nio/ByteBuffer;)Ljava/nio/charset/CoderResult; @ 218
Event: 3.388 Thread 0x0000000016be5000 Uncommon trap: reason=bimorphic action=maybe_recompile pc=0x0000000003014fb8 method=java.util.HashMap.putVal(ILjava/lang/Object;Ljava/lang/Object;ZZ)Ljava/lang/Object; @ 253
Event: 3.389 Thread 0x0000000016be5000 Uncommon trap: reason=bimorphic action=maybe_recompile pc=0x0000000003014fb8 method=java.util.HashMap.putVal(ILjava/lang/Object;Ljava/lang/Object;ZZ)Ljava/lang/Object; @ 253
Event: 3.731 Thread 0x0000000016be5000 Uncommon trap: reason=class_check action=maybe_recompile pc=0x0000000002f6e61c method=java.util.regex.Matcher.match(II)Z @ 86
Event: 3.731 Thread 0x0000000016be5000 Uncommon trap: reason=class_check action=maybe_recompile pc=0x0000000002f6e61c method=java.util.regex.Matcher.match(II)Z @ 86
Event: 3.792 Thread 0x0000000016be5000 Uncommon trap: reason=unstable_if action=reinterpret pc=0x0000000003189d34 method=java.lang.String.lastIndexOf([CII[CIII)I @ 66

Classes redefined (0 events):
No events

Internal exceptions (10 events):
Event: 3.251 Thread 0x0000000016bc4800 Exception <a 'java/lang/NoSuchMethodError': <clinit>> (0x00000000f5fccb98) thrown at [D:\src\AOSP-openjdk-cygwin\jdk8u\hotspot\src\share\vm\prims\jni.cpp, line 1613]
Event: 3.283 Thread 0x0000000016bc4800 Exception <a 'java/lang/NoSuchMethodError': <clinit>> (0x00000000f5feda10) thrown at [D:\src\AOSP-openjdk-cygwin\jdk8u\hotspot\src\share\vm\prims\jni.cpp, line 1613]
Event: 3.289 Thread 0x0000000016bc4800 Exception <a 'java/lang/NoSuchMethodError': <clinit>> (0x00000000f6005488) thrown at [D:\src\AOSP-openjdk-cygwin\jdk8u\hotspot\src\share\vm\prims\jni.cpp, line 1613]
Event: 3.291 Thread 0x0000000016bc4800 Exception <a 'java/lang/NoSuchMethodError': <clinit>> (0x00000000f600df88) thrown at [D:\src\AOSP-openjdk-cygwin\jdk8u\hotspot\src\share\vm\prims\jni.cpp, line 1613]
Event: 3.295 Thread 0x0000000016bc4800 Exception <a 'java/lang/NoSuchMethodError': <clinit>> (0x00000000f601f578) thrown at [D:\src\AOSP-openjdk-cygwin\jdk8u\hotspot\src\share\vm\prims\jni.cpp, line 1613]
Event: 3.329 Thread 0x0000000016bc4800 Exception <a 'java/lang/NoSuchMethodError': <clinit>> (0x00000000f609e320) thrown at [D:\src\AOSP-openjdk-cygwin\jdk8u\hotspot\src\share\vm\prims\jni.cpp, line 1613]
Event: 3.337 Thread 0x0000000016bc4800 Exception <a 'java/lang/NoSuchMethodError': <clinit>> (0x00000000f60b8b00) thrown at [D:\src\AOSP-openjdk-cygwin\jdk8u\hotspot\src\share\vm\prims\jni.cpp, line 1613]
Event: 3.342 Thread 0x0000000016bc4800 Exception <a 'java/lang/NoSuchMethodError': <clinit>> (0x00000000f60e00c8) thrown at [D:\src\AOSP-openjdk-cygwin\jdk8u\hotspot\src\share\vm\prims\jni.cpp, line 1613]
Event: 3.374 Thread 0x0000000016be5000 Exception <a 'java/lang/NoSuchMethodError': <clinit>> (0x00000000f61887e8) thrown at [D:\src\AOSP-openjdk-cygwin\jdk8u\hotspot\src\share\vm\prims\jni.cpp, line 1613]
Event: 3.375 Thread 0x0000000016be5000 Exception <a 'java/lang/NoSuchMethodError': <clinit>> (0x00000000f6190a70) thrown at [D:\src\AOSP-openjdk-cygwin\jdk8u\hotspot\src\share\vm\prims\jni.cpp, line 1613]

Events (10 events):
Event: 4.076 loading class javax/annotation/Nullable
Event: 4.076 loading class javax/annotation/Nullable done
Event: 4.076 loading class javax/annotation/Nonnull
Event: 4.076 loading class javax/annotation/Nonnull done
Event: 4.081 loading class org/gradle/api/internal/AbstractClassGenerator$PropertyMetaData
Event: 4.081 loading class org/gradle/api/internal/AbstractClassGenerator$PropertyMetaData done
Event: 4.082 Executing VM operation: ParallelGCFailedAllocation
Event: 4.092 Executing VM operation: ParallelGCFailedAllocation done
Event: 4.095 loading class org/gradle/api/internal/ConventionMapping$MappedProperty
Event: 4.095 loading class org/gradle/api/internal/ConventionMapping$MappedProperty done


Dynamic libraries:
0x00007ff62bf30000 - 0x00007ff62bf61000 	X:\Program Files\Android\Android Studio2\jre\bin\java.exe
0x00007ffc7c9d0000 - 0x00007ffc7cba2000 	X:\Windows\SYSTEM32\ntdll.dll
0x00007ffc7af80000 - 0x00007ffc7b02c000 	X:\Windows\System32\KERNEL32.DLL
0x00007ffc79a20000 - 0x00007ffc79c3d000 	X:\Windows\System32\KERNELBASE.dll
0x00007ffc7a950000 - 0x00007ffc7a9f2000 	X:\Windows\System32\ADVAPI32.dll
0x00007ffc7a5b0000 - 0x00007ffc7a64e000 	X:\Windows\System32\msvcrt.dll
0x00007ffc7ace0000 - 0x00007ffc7ad39000 	X:\Windows\System32\sechost.dll
0x00007ffc7a390000 - 0x00007ffc7a4b1000 	X:\Windows\System32\RPCRT4.dll
0x00007ffc7a670000 - 0x00007ffc7a7d5000 	X:\Windows\System32\USER32.dll
0x00007ffc78f40000 - 0x00007ffc78f5e000 	X:\Windows\System32\win32u.dll
0x00007ffc7a510000 - 0x00007ffc7a544000 	X:\Windows\System32\GDI32.dll
0x00007ffc78f60000 - 0x00007ffc790e0000 	X:\Windows\System32\gdi32full.dll
0x00007ffc6b960000 - 0x00007ffc6bbda000 	X:\Windows\WinSxS\amd64_microsoft.windows.common-controls_6595b64144ccf1df_6.0.14393.953_none_42151e83c686086b\COMCTL32.dll
0x00007ffc7aa00000 - 0x00007ffc7acc8000 	X:\Windows\System32\combase.dll
0x00007ffc798c0000 - 0x00007ffc799b5000 	X:\Windows\System32\ucrtbase.dll
0x00007ffc78ed0000 - 0x00007ffc78f3a000 	X:\Windows\System32\bcryptPrimitives.dll
0x00007ffc7a4e0000 - 0x00007ffc7a50e000 	X:\Windows\System32\IMM32.DLL
0x0000000073f90000 - 0x0000000074062000 	X:\Program Files\Android\Android Studio2\jre\jre\bin\msvcr100.dll
0x0000000072ea0000 - 0x00000000736de000 	X:\Program Files\Android\Android Studio2\jre\jre\bin\server\jvm.dll
0x00007ffc7acd0000 - 0x00007ffc7acd8000 	X:\Windows\System32\PSAPI.DLL
0x00007ffc566a0000 - 0x00007ffc566a9000 	X:\Windows\SYSTEM32\WSOCK32.dll
0x00007ffc76f20000 - 0x00007ffc76f43000 	X:\Windows\SYSTEM32\WINMM.dll
0x00007ffc74320000 - 0x00007ffc7432a000 	X:\Windows\SYSTEM32\VERSION.dll
0x00007ffc7a7e0000 - 0x00007ffc7a84a000 	X:\Windows\System32\WS2_32.dll
0x00007ffc76ec0000 - 0x00007ffc76eeb000 	X:\Windows\SYSTEM32\WINMMBASE.dll
0x00007ffc790e0000 - 0x00007ffc79122000 	X:\Windows\System32\cfgmgr32.dll
0x00007ffc761b0000 - 0x00007ffc761bf000 	X:\Program Files\Android\Android Studio2\jre\jre\bin\verify.dll
0x00007ffc76180000 - 0x00007ffc761a9000 	X:\Program Files\Android\Android Studio2\jre\jre\bin\java.dll
0x00007ffc76160000 - 0x00007ffc76176000 	X:\Program Files\Android\Android Studio2\jre\jre\bin\zip.dll
0x00007ffc7b030000 - 0x00007ffc7c538000 	X:\Windows\System32\SHELL32.dll
0x00007ffc791e0000 - 0x00007ffc798b8000 	X:\Windows\System32\windows.storage.dll
0x00007ffc78e80000 - 0x00007ffc78ecc000 	X:\Windows\System32\powrprof.dll
0x00007ffc7a850000 - 0x00007ffc7a8a2000 	X:\Windows\System32\shlwapi.dll
0x00007ffc78e60000 - 0x00007ffc78e6f000 	X:\Windows\System32\kernel.appcore.dll
0x00007ffc79eb0000 - 0x00007ffc79f59000 	X:\Windows\System32\shcore.dll
0x00007ffc78e40000 - 0x00007ffc78e54000 	X:\Windows\System32\profapi.dll
0x00007ffc76140000 - 0x00007ffc7615a000 	X:\Program Files\Android\Android Studio2\jre\jre\bin\net.dll
0x00007ffc78710000 - 0x00007ffc7876c000 	X:\Windows\system32\mswsock.dll
0x00007ffc76100000 - 0x00007ffc76111000 	X:\Program Files\Android\Android Studio2\jre\jre\bin\nio.dll
0x00007ffc6b750000 - 0x00007ffc6b76e000 	X:\Users\asd\.gradle\native\25\windows-amd64\native-platform.dll
0x00007ffc760f0000 - 0x00007ffc760fd000 	X:\Program Files\Android\Android Studio2\jre\jre\bin\management.dll
0x00007ffc788c0000 - 0x00007ffc788d7000 	X:\Windows\SYSTEM32\CRYPTSP.dll
0x00007ffc78310000 - 0x00007ffc78343000 	X:\Windows\system32\rsaenh.dll
0x00007ffc78d80000 - 0x00007ffc78dab000 	X:\Windows\SYSTEM32\bcrypt.dll
0x00007ffc78590000 - 0x00007ffc785af000 	X:\Windows\SYSTEM32\USERENV.dll
0x00007ffc788b0000 - 0x00007ffc788bb000 	X:\Windows\SYSTEM32\CRYPTBASE.dll
0x00007ffc78490000 - 0x00007ffc784c8000 	X:\Windows\SYSTEM32\IPHLPAPI.DLL
0x00007ffc7a4c0000 - 0x00007ffc7a4c8000 	X:\Windows\System32\NSI.dll
0x00007ffc71040000 - 0x00007ffc71056000 	X:\Windows\SYSTEM32\dhcpcsvc6.DLL
0x00007ffc72390000 - 0x00007ffc723aa000 	X:\Windows\SYSTEM32\dhcpcsvc.DLL

VM Arguments:
jvm_args: -XX:MaxPermSize=512m -Xmx512m -Dfile.encoding=GBK -Duser.country=CN -Duser.language=zh -Duser.variant 
java_command: org.gradle.launcher.daemon.bootstrap.GradleDaemon 4.1
java_class_path (initial): X:\Users\asd\.gradle\wrapper\dists\gradle-4.1-all\bzyivzo6n839fup2jbap0tjew\gradle-4.1\lib\gradle-launcher-4.1.jar
Launcher Type: SUN_STANDARD

Environment Variables:
JAVA_HOME=X:\Program Files\Java\jdk1.7.0_17
CLASSPATH=.;%JAVA_HOME%\lib;%JAVA_HOME%\lib\tools.jar;E:\apache-cxf-2.4.2\lib\cxf-manifest.jar;D:\ant\apache-ant-1.9.9\lib;%CXF_HOME%\lib;%JAVA8_HOME%\lib;%JAVA8_HOME%\lib\tools.jar
PATH=X:\ProgramData\Oracle\Java\javapath\;X:\Windows\system32\;X:\Windows\;X:\Windows\System32\Wbem\;X:\Windows\System32\WindowsPowerShell\v1.0\;X:\Program Files (x86)\Java\jdk1.8.0_60\bin\;X:\Program Files (x86)\Java\jdk1.8.0_60\jre\bin;x:\Program Files (x86)\NVIDIA Corporation\PhysX\Common\;E:\mysql-5.6.34-winx64\bin\;x:\Program Files (x86)\Microsoft SQL Server\100\Tools\Binn\;x:\Program Files\Microsoft SQL Server\100\Tools\Binn\;x:\Program Files\Microsoft SQL Server\100\DTS\Binn\;X:\Program Files\Microsoft SQL Server\110\Tools\Binn\;X:\Program Files (x86)\GtkSharp\2.12\bin;X:\Program Files (x86)\Windows Kits\8.1\Windows Performance Toolkit\;X:\Users\asd\Documents\Tencent Files\312018367\FileRecv\cocos2d-x-2.2.6;X:\Program Files (x86)\PCL 1.7.2\bin;X:\Program Files (x86)\PCL 1.7.2\3rdParty\FLANN\bin;X:\Program Files (x86)\PCL 1.7.2\3rdParty\Qhull\bin;X:\Program Files (x86)\PCL 1.7.2\3rdParty\VTK\bin;X:\ProgramData\Microsoft\Windows\Start Menu\Programs\MySQL\MySQL Server 5.6;X:\Program Files (x86)\Java\jdk1.8.0_60\jre;X:\Program Files (x86)\Java\jdk1.8.0_60\bin;X:\Program Files\MySQL\MySQL Utilities 1.6\;X:\ProgramData\Microsoft\Windows\Start Menu\Programs\MySQL\MySQL Server 5.6;X:\Program Files\OpenNI\Bin;X:\Windows\system32\config\systemprofile\.dnx\bin;X:\Program Files\Microsoft DNX\Dnvm\;X:\Program Files\Microsoft SQL Server\120\Tools\Binn\;X:\Program Files\Microsoft SQL Server\130\Tools\Binn\;X:\Program Files\TortoiseSVN\bin;D:\cxf\apache-cxf-2.4.2\bin;x:\Program Files\Git\cmd;%GRADLE_HOME%\bin;X:\Users\asd\AppData\Local\Android\sdk\platforms;X:\Users\asd\AppData\Local\Android\sdk\tools;%SDK_HOME%\tools;%SDK_HOME%\platform-tools;C:\Users\cocos\frameworks\cocos2d-x-3.7\tools\cocos2d-console\bin;E:\BaiduYunDownload\cocos2d-x-3.13.1\templates;E:\BaiduYunDownload\cocos2d-x-3.13.1\tools\cocos2d-console\bin;X:\Users\asd\AppData\Local\Microsoft\WindowsApps;X:\Users\asd\AppData\Roaming\Microsoft\Windows\Start Menu\Programs\Python 3.5£»
USERNAME=asd
OS=Windows_NT
PROCESSOR_IDENTIFIER=Intel64 Family 6 Model 60 Stepping 3, GenuineIntel



---------------  S Y S T E M  ---------------

OS: Windows 10.0 , 64 bit Build 14393 (10.0.14393.1198)

CPU:total 4 (initial active 4) (2 cores per cpu, 2 threads per core) family 6 model 60 stepping 3, cmov, cx8, fxsr, mmx, sse, sse2, sse3, ssse3, sse4.1, sse4.2, popcnt, avx, avx2, aes, clmul, erms, lzcnt, ht, tsc, tscinvbit, bmi1, bmi2

Memory: 4k page, physical 4119916k(114432k free), swap 5949320k(3840k free)

vm_info: OpenJDK 64-Bit Server VM (25.152-b01) for windows-amd64 JRE (1.8.0_152-release-915-b01), built by "builder" with MS VC++ 10.0 (VS2010)

time: Mon Jan 08 15:52:20 2018
elapsed time: 4 seconds (0d 0h 0m 4s)

