#
# There is insufficient memory for the Java Runtime Environment to continue.
# Native memory allocation (malloc) failed to allocate 954016 bytes for Chunk::new
# Possible reasons:
#   The system is out of physical RAM or swap space
#   In 32 bit mode, the process size limit was hit
# Possible solutions:
#   Reduce memory load on the system
#   Increase physical memory or swap space
#   Check if swap backing store is full
#   Use 64 bit Java on a 64 bit OS
#   Decrease Java heap size (-Xmx/-Xms)
#   Decrease number of Java threads
#   Decrease Java thread stack sizes (-Xss)
#   Set larger code cache with -XX:ReservedCodeCacheSize=
# This output file may be truncated or incomplete.
#
#  Out of Memory Error (allocation.cpp:390), pid=984, tid=0x0000000000003674
#
# JRE version: OpenJDK Runtime Environment (8.0_152-b01) (build 1.8.0_152-release-915-b01)
# Java VM: OpenJDK 64-Bit Server VM (25.152-b01 mixed mode windows-amd64 compressed oops)
# Failed to write core dump. Minidumps are not enabled by default on client versions of Windows
#

---------------  T H R E A D  ---------------

Current thread (0x0000000015a69000):  JavaThread "C2 CompilerThread1" daemon [_thread_in_native, id=13940, stack(0x0000000016160000,0x0000000016260000)]

Stack: [0x0000000016160000,0x0000000016260000]
[error occurred during error reporting (printing stack bounds), id 0xc0000005]

Native frames: (J=compiled Java code, j=interpreted, Vv=VM code, C=native code)


Current CompileTask:
C2:  23597 3994       4       java.net.URLClassLoader$1::run (5 bytes)


---------------  P R O C E S S  ---------------

Java Threads: ( => current thread )
  0x000000001cf10000 JavaThread "Memory manager" [_thread_blocked, id=13896, stack(0x000000001e1a0000,0x000000001e2a0000)]
  0x000000001cf0b800 JavaThread "build operations Thread 4" [_thread_blocked, id=16776, stack(0x000000001e0a0000,0x000000001e1a0000)]
  0x0000000016a2b000 JavaThread "build operations Thread 3" [_thread_blocked, id=11040, stack(0x000000001dfa0000,0x000000001e0a0000)]
  0x0000000016a29800 JavaThread "build operations Thread 2" [_thread_blocked, id=13620, stack(0x000000001dea0000,0x000000001dfa0000)]
  0x0000000016a28800 JavaThread "build operations" [_thread_blocked, id=14468, stack(0x000000001d950000,0x000000001da50000)]
  0x0000000016a28000 JavaThread "Cache worker for Artifact transforms cache (X:\Users\asd\.gradle\caches\transforms-1)" [_thread_blocked, id=15984, stack(0x000000001c5e0000,0x000000001c6e0000)]
  0x0000000019367800 JavaThread "Cache worker for file hash cache (X:\Users\asd\Clock\.gradle\4.1\fileHashes)" [_thread_blocked, id=17156, stack(0x000000001adb0000,0x000000001aeb0000)]
  0x00000000168d4000 JavaThread "File lock request listener" [_thread_in_native, id=13716, stack(0x0000000019ce0000,0x0000000019de0000)]
  0x0000000015ce0000 JavaThread "Cache worker for file hash cache (X:\Users\asd\.gradle\caches\4.1\fileHashes)" [_thread_blocked, id=16612, stack(0x0000000019be0000,0x0000000019ce0000)]
  0x00000000172d1800 JavaThread "Stdin handler" [_thread_blocked, id=15512, stack(0x0000000018910000,0x0000000018a10000)]
  0x00000000172d7000 JavaThread "Asynchronous log dispatcher for DefaultDaemonConnection: socket connection from /127.0.0.1:53750 to /127.0.0.1:53751" [_thread_blocked, id=16284, stack(0x0000000018810000,0x0000000018910000)]
  0x000000001725a800 JavaThread "Daemon worker" [_thread_in_Java, id=15996, stack(0x0000000018710000,0x0000000018810000)]
  0x00000000172cd000 JavaThread "Cancel handler" [_thread_blocked, id=16968, stack(0x0000000018610000,0x0000000018710000)]
  0x00000000168e5000 JavaThread "Handler for socket connection from /127.0.0.1:53750 to /127.0.0.1:53751" [_thread_in_native, id=196, stack(0x0000000018310000,0x0000000018410000)]
  0x00000000168e9800 JavaThread "Daemon" [_thread_blocked, id=12996, stack(0x0000000018210000,0x0000000018310000)]
  0x0000000016f9f000 JavaThread "Daemon periodic checks" [_thread_blocked, id=16252, stack(0x0000000018110000,0x0000000018210000)]
  0x0000000017035000 JavaThread "Incoming local TCP Connector on port 53750" [_thread_in_native, id=3256, stack(0x0000000017f70000,0x0000000018070000)]
  0x0000000015ae5800 JavaThread "Service Thread" daemon [_thread_blocked, id=16728, stack(0x0000000016360000,0x0000000016460000)]
  0x0000000015aaf800 JavaThread "C1 CompilerThread2" daemon [_thread_blocked, id=13408, stack(0x0000000016260000,0x0000000016360000)]
=>0x0000000015a69000 JavaThread "C2 CompilerThread1" daemon [_thread_in_native, id=13940, stack(0x0000000016160000,0x0000000016260000)]
  0x00000000146ed000 JavaThread "C2 CompilerThread0" daemon [_thread_in_native, id=8156, stack(0x0000000016060000,0x0000000016160000)]
  0x000000001468a000 JavaThread "Attach Listener" daemon [_thread_blocked, id=15680, stack(0x0000000015f60000,0x0000000016060000)]
  0x00000000146a6000 JavaThread "Signal Dispatcher" daemon [_thread_blocked, id=14080, stack(0x0000000015e60000,0x0000000015f60000)]
  0x0000000014678000 JavaThread "Finalizer" daemon [_thread_blocked, id=15788, stack(0x00000000158f0000,0x00000000159f0000)]
  0x0000000003303800 JavaThread "Reference Handler" daemon [_thread_blocked, id=14436, stack(0x00000000157f0000,0x00000000158f0000)]
  0x0000000003213800 JavaThread "main" [_thread_blocked, id=9012, stack(0x0000000003110000,0x0000000003210000)]

Other Threads:
  0x0000000014657800 VMThread [stack: 0x00000000156f0000,0x00000000157f0000] [id=16356]
  0x0000000015ae6800 WatcherThread [stack: 0x0000000016460000,0x0000000016560000] [id=13552]

VM state:not at safepoint (normal execution)

VM Mutex/Monitor currently owned by a thread: None

Heap:
 PSYoungGen      total 126464K, used 24679K [0x00000000f5580000, 0x00000000fdc80000, 0x0000000100000000)
  eden space 115712K, 21% used [0x00000000f5580000,0x00000000f6d99cd0,0x00000000fc680000)
  from space 10752K, 0% used [0x00000000fc680000,0x00000000fc680000,0x00000000fd100000)
  to   space 9216K, 0% used [0x00000000fd100000,0x00000000fd100000,0x00000000fda00000)
 ParOldGen       total 50176K, used 16707K [0x00000000e0000000, 0x00000000e3100000, 0x00000000f5580000)
  object space 50176K, 33% used [0x00000000e0000000,0x00000000e1050e40,0x00000000e3100000)
 Metaspace       used 38067K, capacity 38966K, committed 39000K, reserved 1083392K
  class space    used 5144K, capacity 5494K, committed 5504K, reserved 1048576K

Card table byte_map: [0x00000000126d0000,0x00000000127e0000] byte_map_base: 0x0000000011fd0000

Marking Bits: (ParMarkBitMap*) 0x0000000073663950
 Begin Bits: [0x0000000012be0000, 0x00000000133e0000)
 End Bits:   [0x00000000133e0000, 0x0000000013be0000)

Polling page: 0x00000000011b0000

CodeCache: size=245760Kb used=13807Kb max_used=13807Kb free=231952Kb
 bounds [0x0000000003310000, 0x00000000040a0000, 0x0000000012310000]
 total_blobs=4404 nmethods=3693 adapters=624
 compilation: enabled

Compilation events (10 events):
Event: 23.570 Thread 0x0000000015aaf800 nmethod 4027 0x0000000003ac7450 code [0x0000000003ac75a0, 0x0000000003ac76b0]
Event: 23.570 Thread 0x0000000015aaf800 4028       1       org.gradle.model.internal.core.AbstractModelAction::getDescriptor (5 bytes)
Event: 23.570 Thread 0x0000000015aaf800 nmethod 4028 0x0000000003ac7190 code [0x0000000003ac72e0, 0x0000000003ac73f0]
Event: 23.577 Thread 0x00000000146ed000 4029       4       org.objectweb.asm.Frame::execute (2252 bytes)
Event: 23.587 Thread 0x0000000015aaf800 4030       3       com.google.common.cache.LocalCache::refreshes (15 bytes)
Event: 23.587 Thread 0x0000000015aaf800 nmethod 4030 0x0000000004095890 code [0x00000000040959e0, 0x0000000004095b90]
Event: 23.592 Thread 0x0000000015aaf800 4031       3       com.google.common.collect.ImmutableCollection$ArrayBasedBuilder::ensureCapacity (30 bytes)
Event: 23.593 Thread 0x0000000015aaf800 nmethod 4031 0x0000000004095c10 code [0x0000000004095de0, 0x0000000004096638]
Event: 23.593 Thread 0x0000000015aaf800 4032       3       com.google.common.collect.Iterators$8::transform (11 bytes)
Event: 23.593 Thread 0x0000000015aaf800 nmethod 4032 0x0000000004096a50 code [0x0000000004096bc0, 0x0000000004096de8]

GC Heap History (10 events):
Event: 17.901 GC heap before
{Heap before GC invocations=7 (full 1):
 PSYoungGen      total 72192K, used 7197K [0x00000000f5580000, 0x00000000fa680000, 0x0000000100000000)
  eden space 64512K, 0% used [0x00000000f5580000,0x00000000f5580000,0x00000000f9480000)
  from space 7680K, 93% used [0x00000000f9d00000,0x00000000fa407648,0x00000000fa480000)
  to   space 8704K, 0% used [0x00000000f9480000,0x00000000f9480000,0x00000000f9d00000)
 ParOldGen       total 44032K, used 9185K [0x00000000e0000000, 0x00000000e2b00000, 0x00000000f5580000)
  object space 44032K, 20% used [0x00000000e0000000,0x00000000e08f87d8,0x00000000e2b00000)
 Metaspace       used 20662K, capacity 21080K, committed 21248K, reserved 1067008K
  class space    used 2843K, capacity 3007K, committed 3072K, reserved 1048576K
Event: 17.960 GC heap after
Heap after GC invocations=7 (full 1):
 PSYoungGen      total 72192K, used 0K [0x00000000f5580000, 0x00000000fa680000, 0x0000000100000000)
  eden space 64512K, 0% used [0x00000000f5580000,0x00000000f5580000,0x00000000f9480000)
  from space 7680K, 0% used [0x00000000f9d00000,0x00000000f9d00000,0x00000000fa480000)
  to   space 8704K, 0% used [0x00000000f9480000,0x00000000f9480000,0x00000000f9d00000)
 ParOldGen       total 36864K, used 12327K [0x00000000e0000000, 0x00000000e2400000, 0x00000000f5580000)
  object space 36864K, 33% used [0x00000000e0000000,0x00000000e0c09fa8,0x00000000e2400000)
 Metaspace       used 20662K, capacity 21080K, committed 21248K, reserved 1067008K
  class space    used 2843K, capacity 3007K, committed 3072K, reserved 1048576K
}
Event: 19.353 GC heap before
{Heap before GC invocations=8 (full 1):
 PSYoungGen      total 72192K, used 64512K [0x00000000f5580000, 0x00000000fa680000, 0x0000000100000000)
  eden space 64512K, 100% used [0x00000000f5580000,0x00000000f9480000,0x00000000f9480000)
  from space 7680K, 0% used [0x00000000f9d00000,0x00000000f9d00000,0x00000000fa480000)
  to   space 8704K, 0% used [0x00000000f9480000,0x00000000f9480000,0x00000000f9d00000)
 ParOldGen       total 36864K, used 12327K [0x00000000e0000000, 0x00000000e2400000, 0x00000000f5580000)
  object space 36864K, 33% used [0x00000000e0000000,0x00000000e0c09fa8,0x00000000e2400000)
 Metaspace       used 25488K, capacity 25946K, committed 26240K, reserved 1071104K
  class space    used 3516K, capacity 3682K, committed 3712K, reserved 1048576K
Event: 19.368 GC heap after
Heap after GC invocations=8 (full 1):
 PSYoungGen      total 73216K, used 6594K [0x00000000f5580000, 0x00000000fda00000, 0x0000000100000000)
  eden space 64512K, 0% used [0x00000000f5580000,0x00000000f5580000,0x00000000f9480000)
  from space 8704K, 75% used [0x00000000f9480000,0x00000000f9af0bb8,0x00000000f9d00000)
  to   space 9216K, 0% used [0x00000000fd100000,0x00000000fd100000,0x00000000fda00000)
 ParOldGen       total 36864K, used 12335K [0x00000000e0000000, 0x00000000e2400000, 0x00000000f5580000)
  object space 36864K, 33% used [0x00000000e0000000,0x00000000e0c0bfa8,0x00000000e2400000)
 Metaspace       used 25488K, capacity 25946K, committed 26240K, reserved 1071104K
  class space    used 3516K, capacity 3682K, committed 3712K, reserved 1048576K
}
Event: 21.122 GC heap before
{Heap before GC invocations=9 (full 1):
 PSYoungGen      total 73216K, used 71106K [0x00000000f5580000, 0x00000000fda00000, 0x0000000100000000)
  eden space 64512K, 100% used [0x00000000f5580000,0x00000000f9480000,0x00000000f9480000)
  from space 8704K, 75% used [0x00000000f9480000,0x00000000f9af0bb8,0x00000000f9d00000)
  to   space 9216K, 0% used [0x00000000fd100000,0x00000000fd100000,0x00000000fda00000)
 ParOldGen       total 36864K, used 12335K [0x00000000e0000000, 0x00000000e2400000, 0x00000000f5580000)
  object space 36864K, 33% used [0x00000000e0000000,0x00000000e0c0bfa8,0x00000000e2400000)
 Metaspace       used 31239K, capacity 31946K, committed 32256K, reserved 1077248K
  class space    used 4302K, capacity 4552K, committed 4608K, reserved 1048576K
Event: 21.143 GC heap after
Heap after GC invocations=9 (full 1):
 PSYoungGen      total 124928K, used 9202K [0x00000000f5580000, 0x00000000fdc80000, 0x0000000100000000)
  eden space 115712K, 0% used [0x00000000f5580000,0x00000000f5580000,0x00000000fc680000)
  from space 9216K, 99% used [0x00000000fd100000,0x00000000fd9fc8e8,0x00000000fda00000)
  to   space 10752K, 0% used [0x00000000fc680000,0x00000000fc680000,0x00000000fd100000)
 ParOldGen       total 36864K, used 12929K [0x00000000e0000000, 0x00000000e2400000, 0x00000000f5580000)
  object space 36864K, 35% used [0x00000000e0000000,0x00000000e0ca0790,0x00000000e2400000)
 Metaspace       used 31239K, capacity 31946K, committed 32256K, reserved 1077248K
  class space    used 4302K, capacity 4552K, committed 4608K, reserved 1048576K
}
Event: 22.970 GC heap before
{Heap before GC invocations=10 (full 1):
 PSYoungGen      total 124928K, used 81955K [0x00000000f5580000, 0x00000000fdc80000, 0x0000000100000000)
  eden space 115712K, 62% used [0x00000000f5580000,0x00000000f9c8c370,0x00000000fc680000)
  from space 9216K, 99% used [0x00000000fd100000,0x00000000fd9fc8e8,0x00000000fda00000)
  to   space 10752K, 0% used [0x00000000fc680000,0x00000000fc680000,0x00000000fd100000)
 ParOldGen       total 36864K, used 12929K [0x00000000e0000000, 0x00000000e2400000, 0x00000000f5580000)
  object space 36864K, 35% used [0x00000000e0000000,0x00000000e0ca0790,0x00000000e2400000)
 Metaspace       used 34452K, capacity 35240K, committed 35416K, reserved 1079296K
  class space    used 4684K, capacity 4974K, committed 4992K, reserved 1048576K
Event: 22.987 GC heap after
Heap after GC invocations=10 (full 1):
 PSYoungGen      total 126464K, used 10308K [0x00000000f5580000, 0x00000000fdc80000, 0x0000000100000000)
  eden space 115712K, 0% used [0x00000000f5580000,0x00000000f5580000,0x00000000fc680000)
  from space 10752K, 95% used [0x00000000fc680000,0x00000000fd091108,0x00000000fd100000)
  to   space 9216K, 0% used [0x00000000fd100000,0x00000000fd100000,0x00000000fda00000)
 ParOldGen       total 36864K, used 12937K [0x00000000e0000000, 0x00000000e2400000, 0x00000000f5580000)
  object space 36864K, 35% used [0x00000000e0000000,0x00000000e0ca2790,0x00000000e2400000)
 Metaspace       used 34452K, capacity 35240K, committed 35416K, reserved 1079296K
  class space    used 4684K, capacity 4974K, committed 4992K, reserved 1048576K
}
Event: 22.987 GC heap before
{Heap before GC invocations=11 (full 2):
 PSYoungGen      total 126464K, used 10308K [0x00000000f5580000, 0x00000000fdc80000, 0x0000000100000000)
  eden space 115712K, 0% used [0x00000000f5580000,0x00000000f5580000,0x00000000fc680000)
  from space 10752K, 95% used [0x00000000fc680000,0x00000000fd091108,0x00000000fd100000)
  to   space 9216K, 0% used [0x00000000fd100000,0x00000000fd100000,0x00000000fda00000)
 ParOldGen       total 36864K, used 12937K [0x00000000e0000000, 0x00000000e2400000, 0x00000000f5580000)
  object space 36864K, 35% used [0x00000000e0000000,0x00000000e0ca2790,0x00000000e2400000)
 Metaspace       used 34452K, capacity 35240K, committed 35416K, reserved 1079296K
  class space    used 4684K, capacity 4974K, committed 4992K, reserved 1048576K
Event: 23.094 GC heap after
Heap after GC invocations=11 (full 2):
 PSYoungGen      total 126464K, used 0K [0x00000000f5580000, 0x00000000fdc80000, 0x0000000100000000)
  eden space 115712K, 0% used [0x00000000f5580000,0x00000000f5580000,0x00000000fc680000)
  from space 10752K, 0% used [0x00000000fc680000,0x00000000fc680000,0x00000000fd100000)
  to   space 9216K, 0% used [0x00000000fd100000,0x00000000fd100000,0x00000000fda00000)
 ParOldGen       total 50176K, used 16707K [0x00000000e0000000, 0x00000000e3100000, 0x00000000f5580000)
  object space 50176K, 33% used [0x00000000e0000000,0x00000000e1050e40,0x00000000e3100000)
 Metaspace       used 34452K, capacity 35240K, committed 35416K, reserved 1079296K
  class space    used 4684K, capacity 4974K, committed 4992K, reserved 1048576K
}

Deoptimization events (10 events):
Event: 22.801 Thread 0x000000001725a800 Uncommon trap: reason=class_check action=maybe_recompile pc=0x0000000003f05148 method=java.util.Hashtable.get(Ljava/lang/Object;)Ljava/lang/Object; @ 6
Event: 22.801 Thread 0x000000001725a800 Uncommon trap: reason=class_check action=maybe_recompile pc=0x0000000003f05148 method=java.util.Hashtable.get(Ljava/lang/Object;)Ljava/lang/Object; @ 6
Event: 22.801 Thread 0x000000001725a800 Uncommon trap: reason=class_check action=maybe_recompile pc=0x0000000003f05148 method=java.util.Hashtable.get(Ljava/lang/Object;)Ljava/lang/Object; @ 6
Event: 22.826 Thread 0x000000001725a800 Uncommon trap: reason=unstable_if action=reinterpret pc=0x000000000349fd78 method=java.lang.String.replace(CC)Ljava/lang/String; @ 2
Event: 22.830 Thread 0x000000001725a800 Uncommon trap: reason=unstable_if action=reinterpret pc=0x0000000003cd1c90 method=groovy.lang.MetaClassImpl.checkIfStdMethod(Lgroovy/lang/MetaMethod;)V @ 55
Event: 22.831 Thread 0x000000001725a800 Uncommon trap: reason=unstable_if action=reinterpret pc=0x0000000003c991d0 method=groovy.lang.MetaClassImpl.checkIfStdMethod(Lgroovy/lang/MetaMethod;)V @ 55
Event: 22.831 Thread 0x000000001725a800 Uncommon trap: reason=unstable_if action=reinterpret pc=0x000000000405be74 method=org.codehaus.groovy.runtime.metaclass.MetaMethodIndex.copyNonPrivateNonNewMetaMethods(Lorg/codehaus/groovy/runtime/metaclass/MetaMethodIndex$Entry;Lorg/codehaus/groovy/runti
Event: 22.831 Thread 0x000000001725a800 Uncommon trap: reason=unstable_if action=reinterpret pc=0x0000000003dd6a04 method=groovy.lang.MetaClassImpl$1MOPIter.methodNameAction(Ljava/lang/Class;Lorg/codehaus/groovy/runtime/metaclass/MetaMethodIndex$Entry;)V @ 259
Event: 23.111 Thread 0x000000001725a800 Uncommon trap: reason=unstable_if action=reinterpret pc=0x0000000003e6f8d0 method=java.lang.Integer.valueOf(I)Ljava/lang/Integer; @ 3
Event: 23.483 Thread 0x000000001725a800 Uncommon trap: reason=unstable_if action=reinterpret pc=0x0000000003a55e74 method=java.util.concurrent.ConcurrentHashMap.get(Ljava/lang/Object;)Ljava/lang/Object; @ 76

Classes redefined (0 events):
No events

Internal exceptions (10 events):
Event: 22.833 Thread 0x000000001725a800 Exception <a 'java/lang/ClassNotFoundException': org/gradle/api/internal/project/DefaultAntBuilderBeanInfo> (0x00000000f96fd5d0) thrown at [D:\src\AOSP-openjdk-cygwin\jdk8u\hotspot\src\share\vm\classfile\systemDictionary.cpp, line 210]
Event: 22.834 Thread 0x000000001725a800 Exception <a 'java/lang/ClassNotFoundException': org/gradle/api/internal/project/ant/BasicAntBuilderBeanInfo> (0x00000000f972b478) thrown at [D:\src\AOSP-openjdk-cygwin\jdk8u\hotspot\src\share\vm\classfile\systemDictionary.cpp, line 210]
Event: 22.835 Thread 0x000000001725a800 Exception <a 'java/lang/ClassNotFoundException': org/gradle/api/AntBuilderBeanInfo> (0x00000000f974b9f0) thrown at [D:\src\AOSP-openjdk-cygwin\jdk8u\hotspot\src\share\vm\classfile\systemDictionary.cpp, line 210]
Event: 22.835 Thread 0x000000001725a800 Exception <a 'java/lang/ClassNotFoundException': groovy/util/AntBuilderBeanInfo> (0x00000000f976aa48) thrown at [D:\src\AOSP-openjdk-cygwin\jdk8u\hotspot\src\share\vm\classfile\systemDictionary.cpp, line 210]
Event: 22.836 Thread 0x000000001725a800 Exception <a 'java/lang/ClassNotFoundException': groovy/util/BuilderSupportBeanInfo> (0x00000000f978af98) thrown at [D:\src\AOSP-openjdk-cygwin\jdk8u\hotspot\src\share\vm\classfile\systemDictionary.cpp, line 210]
Event: 22.837 Thread 0x000000001725a800 Exception <a 'java/lang/ClassNotFoundException': groovy/util/BuilderSupportCustomizer> (0x00000000f97ad378) thrown at [D:\src\AOSP-openjdk-cygwin\jdk8u\hotspot\src\share\vm\classfile\systemDictionary.cpp, line 210]
Event: 22.838 Thread 0x000000001725a800 Exception <a 'java/lang/ClassNotFoundException': groovy/util/AntBuilderCustomizer> (0x00000000f97d0550) thrown at [D:\src\AOSP-openjdk-cygwin\jdk8u\hotspot\src\share\vm\classfile\systemDictionary.cpp, line 210]
Event: 22.839 Thread 0x000000001725a800 Exception <a 'java/lang/ClassNotFoundException': org/gradle/api/AntBuilderCustomizer> (0x00000000f97f8930) thrown at [D:\src\AOSP-openjdk-cygwin\jdk8u\hotspot\src\share\vm\classfile\systemDictionary.cpp, line 210]
Event: 22.841 Thread 0x000000001725a800 Exception <a 'java/lang/ClassNotFoundException': org/gradle/api/internal/project/ant/BasicAntBuilderCustomizer> (0x00000000f9834c68) thrown at [D:\src\AOSP-openjdk-cygwin\jdk8u\hotspot\src\share\vm\classfile\systemDictionary.cpp, line 210]
Event: 22.842 Thread 0x000000001725a800 Exception <a 'java/lang/ClassNotFoundException': org/gradle/api/internal/project/DefaultAntBuilderCustomizer> (0x00000000f9877d50) thrown at [D:\src\AOSP-openjdk-cygwin\jdk8u\hotspot\src\share\vm\classfile\systemDictionary.cpp, line 210]

Events (10 events):
Event: 23.585 loading class org/gradle/platform/base/plugins/ComponentBasePlugin
Event: 23.585 loading class org/gradle/platform/base/plugins/ComponentBasePlugin done
Event: 23.586 loading class org/gradle/platform/base/plugins/ComponentBasePlugin$PluginRules
Event: 23.586 loading class org/gradle/platform/base/plugins/ComponentBasePlugin$PluginRules done
Event: 23.587 loading class org/gradle/model/internal/manage/schema/extract/NodeInitializerExtractionStrategy
Event: 23.587 loading class org/gradle/model/internal/manage/schema/extract/NodeInitializerExtractionStrategy done
Event: 23.588 loading class org/gradle/platform/base/ComponentSpecContainer
Event: 23.588 loading class org/gradle/platform/base/ComponentSpecContainer done
Event: 23.589 loading class org/gradle/platform/base/TypeBuilder
Event: 23.589 loading class org/gradle/platform/base/TypeBuilder done


Dynamic libraries:
0x00007ff62bf30000 - 0x00007ff62bf61000 	X:\Program Files\Android\Android Studio2\jre\bin\java.exe
0x00007ffc7c9d0000 - 0x00007ffc7cba2000 	X:\Windows\SYSTEM32\ntdll.dll
0x00007ffc7af80000 - 0x00007ffc7b02c000 	X:\Windows\System32\KERNEL32.DLL
0x00007ffc79a20000 - 0x00007ffc79c3d000 	X:\Windows\System32\KERNELBASE.dll
0x00007ffc7a950000 - 0x00007ffc7a9f2000 	X:\Windows\System32\ADVAPI32.dll
0x00007ffc7a5b0000 - 0x00007ffc7a64e000 	X:\Windows\System32\msvcrt.dll
0x00007ffc7ace0000 - 0x00007ffc7ad39000 	X:\Windows\System32\sechost.dll
0x00007ffc7a390000 - 0x00007ffc7a4b1000 	X:\Windows\System32\RPCRT4.dll
0x00007ffc7a670000 - 0x00007ffc7a7d5000 	X:\Windows\System32\USER32.dll
0x00007ffc78f40000 - 0x00007ffc78f5e000 	X:\Windows\System32\win32u.dll
0x00007ffc7a510000 - 0x00007ffc7a544000 	X:\Windows\System32\GDI32.dll
0x00007ffc78f60000 - 0x00007ffc790e0000 	X:\Windows\System32\gdi32full.dll
0x00007ffc6b960000 - 0x00007ffc6bbda000 	X:\Windows\WinSxS\amd64_microsoft.windows.common-controls_6595b64144ccf1df_6.0.14393.953_none_42151e83c686086b\COMCTL32.dll
0x00007ffc7aa00000 - 0x00007ffc7acc8000 	X:\Windows\System32\combase.dll
0x00007ffc798c0000 - 0x00007ffc799b5000 	X:\Windows\System32\ucrtbase.dll
0x00007ffc78ed0000 - 0x00007ffc78f3a000 	X:\Windows\System32\bcryptPrimitives.dll
0x00007ffc7a4e0000 - 0x00007ffc7a50e000 	X:\Windows\System32\IMM32.DLL
0x0000000073f90000 - 0x0000000074062000 	X:\Program Files\Android\Android Studio2\jre\jre\bin\msvcr100.dll
0x0000000072ea0000 - 0x00000000736de000 	X:\Program Files\Android\Android Studio2\jre\jre\bin\server\jvm.dll
0x00007ffc7acd0000 - 0x00007ffc7acd8000 	X:\Windows\System32\PSAPI.DLL
0x00007ffc76f20000 - 0x00007ffc76f43000 	X:\Windows\SYSTEM32\WINMM.dll
0x00007ffc566a0000 - 0x00007ffc566a9000 	X:\Windows\SYSTEM32\WSOCK32.dll
0x00007ffc76ec0000 - 0x00007ffc76eeb000 	X:\Windows\SYSTEM32\WINMMBASE.dll
0x00007ffc7a7e0000 - 0x00007ffc7a84a000 	X:\Windows\System32\WS2_32.dll
0x00007ffc74320000 - 0x00007ffc7432a000 	X:\Windows\SYSTEM32\VERSION.dll
0x00007ffc790e0000 - 0x00007ffc79122000 	X:\Windows\System32\cfgmgr32.dll
0x00007ffc761b0000 - 0x00007ffc761bf000 	X:\Program Files\Android\Android Studio2\jre\jre\bin\verify.dll
0x00007ffc76180000 - 0x00007ffc761a9000 	X:\Program Files\Android\Android Studio2\jre\jre\bin\java.dll
0x00007ffc76160000 - 0x00007ffc76176000 	X:\Program Files\Android\Android Studio2\jre\jre\bin\zip.dll
0x00007ffc7b030000 - 0x00007ffc7c538000 	X:\Windows\System32\SHELL32.dll
0x00007ffc791e0000 - 0x00007ffc798b8000 	X:\Windows\System32\windows.storage.dll
0x00007ffc78e80000 - 0x00007ffc78ecc000 	X:\Windows\System32\powrprof.dll
0x00007ffc7a850000 - 0x00007ffc7a8a2000 	X:\Windows\System32\shlwapi.dll
0x00007ffc78e60000 - 0x00007ffc78e6f000 	X:\Windows\System32\kernel.appcore.dll
0x00007ffc79eb0000 - 0x00007ffc79f59000 	X:\Windows\System32\shcore.dll
0x00007ffc78e40000 - 0x00007ffc78e54000 	X:\Windows\System32\profapi.dll
0x00007ffc76140000 - 0x00007ffc7615a000 	X:\Program Files\Android\Android Studio2\jre\jre\bin\net.dll
0x00007ffc78710000 - 0x00007ffc7876c000 	X:\Windows\system32\mswsock.dll
0x00007ffc76100000 - 0x00007ffc76111000 	X:\Program Files\Android\Android Studio2\jre\jre\bin\nio.dll
0x00007ffc6b750000 - 0x00007ffc6b76e000 	X:\Users\asd\.gradle\native\25\windows-amd64\native-platform.dll
0x00007ffc760f0000 - 0x00007ffc760fd000 	X:\Program Files\Android\Android Studio2\jre\jre\bin\management.dll
0x00007ffc788c0000 - 0x00007ffc788d7000 	X:\Windows\SYSTEM32\CRYPTSP.dll
0x00007ffc78310000 - 0x00007ffc78343000 	X:\Windows\system32\rsaenh.dll
0x00007ffc78d80000 - 0x00007ffc78dab000 	X:\Windows\SYSTEM32\bcrypt.dll
0x00007ffc78590000 - 0x00007ffc785af000 	X:\Windows\SYSTEM32\USERENV.dll
0x00007ffc788b0000 - 0x00007ffc788bb000 	X:\Windows\SYSTEM32\CRYPTBASE.dll
0x00007ffc78490000 - 0x00007ffc784c8000 	X:\Windows\SYSTEM32\IPHLPAPI.DLL
0x00007ffc7a4c0000 - 0x00007ffc7a4c8000 	X:\Windows\System32\NSI.dll
0x00007ffc71040000 - 0x00007ffc71056000 	X:\Windows\SYSTEM32\dhcpcsvc6.DLL
0x00007ffc72390000 - 0x00007ffc723aa000 	X:\Windows\SYSTEM32\dhcpcsvc.DLL

VM Arguments:
jvm_args: -XX:MaxPermSize=512m -Xmx512m -Dfile.encoding=GBK -Duser.country=CN -Duser.language=zh -Duser.variant 
java_command: org.gradle.launcher.daemon.bootstrap.GradleDaemon 4.1
java_class_path (initial): X:\Users\asd\.gradle\wrapper\dists\gradle-4.1-all\bzyivzo6n839fup2jbap0tjew\gradle-4.1\lib\gradle-launcher-4.1.jar
Launcher Type: SUN_STANDARD

Environment Variables:
JAVA_HOME=X:\Program Files\Java\jdk1.7.0_17
CLASSPATH=.;%JAVA_HOME%\lib;%JAVA_HOME%\lib\tools.jar;E:\apache-cxf-2.4.2\lib\cxf-manifest.jar;D:\ant\apache-ant-1.9.9\lib;%CXF_HOME%\lib;%JAVA8_HOME%\lib;%JAVA8_HOME%\lib\tools.jar
PATH=X:\ProgramData\Oracle\Java\javapath\;X:\Windows\system32\;X:\Windows\;X:\Windows\System32\Wbem\;X:\Windows\System32\WindowsPowerShell\v1.0\;X:\Program Files (x86)\Java\jdk1.8.0_60\bin\;X:\Program Files (x86)\Java\jdk1.8.0_60\jre\bin;x:\Program Files (x86)\NVIDIA Corporation\PhysX\Common\;E:\mysql-5.6.34-winx64\bin\;x:\Program Files (x86)\Microsoft SQL Server\100\Tools\Binn\;x:\Program Files\Microsoft SQL Server\100\Tools\Binn\;x:\Program Files\Microsoft SQL Server\100\DTS\Binn\;X:\Program Files\Microsoft SQL Server\110\Tools\Binn\;X:\Program Files (x86)\GtkSharp\2.12\bin;X:\Program Files (x86)\Windows Kits\8.1\Windows Performance Toolkit\;X:\Users\asd\Documents\Tencent Files\312018367\FileRecv\cocos2d-x-2.2.6;X:\Program Files (x86)\PCL 1.7.2\bin;X:\Program Files (x86)\PCL 1.7.2\3rdParty\FLANN\bin;X:\Program Files (x86)\PCL 1.7.2\3rdParty\Qhull\bin;X:\Program Files (x86)\PCL 1.7.2\3rdParty\VTK\bin;X:\ProgramData\Microsoft\Windows\Start Menu\Programs\MySQL\MySQL Server 5.6;X:\Program Files (x86)\Java\jdk1.8.0_60\jre;X:\Program Files (x86)\Java\jdk1.8.0_60\bin;X:\Program Files\MySQL\MySQL Utilities 1.6\;X:\ProgramData\Microsoft\Windows\Start Menu\Programs\MySQL\MySQL Server 5.6;X:\Program Files\OpenNI\Bin;X:\Windows\system32\config\systemprofile\.dnx\bin;X:\Program Files\Microsoft DNX\Dnvm\;X:\Program Files\Microsoft SQL Server\120\Tools\Binn\;X:\Program Files\Microsoft SQL Server\130\Tools\Binn\;X:\Program Files\TortoiseSVN\bin;D:\cxf\apache-cxf-2.4.2\bin;x:\Program Files\Git\cmd;%GRADLE_HOME%\bin;X:\Users\asd\AppData\Local\Android\sdk\platforms;X:\Users\asd\AppData\Local\Android\sdk\tools;%SDK_HOME%\tools;%SDK_HOME%\platform-tools;C:\Users\cocos\frameworks\cocos2d-x-3.7\tools\cocos2d-console\bin;E:\BaiduYunDownload\cocos2d-x-3.13.1\templates;E:\BaiduYunDownload\cocos2d-x-3.13.1\tools\cocos2d-console\bin;X:\Users\asd\AppData\Local\Microsoft\WindowsApps;X:\Users\asd\AppData\Roaming\Microsoft\Windows\Start Menu\Programs\Python 3.5£»
USERNAME=asd
OS=Windows_NT
PROCESSOR_IDENTIFIER=Intel64 Family 6 Model 60 Stepping 3, GenuineIntel



---------------  S Y S T E M  ---------------

OS: Windows 10.0 , 64 bit Build 14393 (10.0.14393.1198)

CPU:total 4 (initial active 4) (2 cores per cpu, 2 threads per core) family 6 model 60 stepping 3, cmov, cx8, fxsr, mmx, sse, sse2, sse3, ssse3, sse4.1, sse4.2, popcnt, avx, avx2, aes, clmul, erms, lzcnt, ht, tsc, tscinvbit, bmi1, bmi2

Memory: 4k page, physical 4119916k(116704k free), swap 5949320k(4204k free)

vm_info: OpenJDK 64-Bit Server VM (25.152-b01) for windows-amd64 JRE (1.8.0_152-release-915-b01), built by "builder" with MS VC++ 10.0 (VS2010)

time: Mon Jan 08 15:46:35 2018
elapsed time: 23 seconds (0d 0h 0m 23s)

