#
# There is insufficient memory for the Java Runtime Environment to continue.
# Native memory allocation (malloc) failed to allocate 32744 bytes for ChunkPool::allocate
# Possible reasons:
#   The system is out of physical RAM or swap space
#   In 32 bit mode, the process size limit was hit
# Possible solutions:
#   Reduce memory load on the system
#   Increase physical memory or swap space
#   Check if swap backing store is full
#   Use 64 bit Java on a 64 bit OS
#   Decrease Java heap size (-Xmx/-Xms)
#   Decrease number of Java threads
#   Decrease Java thread stack sizes (-Xss)
#   Set larger code cache with -XX:ReservedCodeCacheSize=
# This output file may be truncated or incomplete.
#
#  Out of Memory Error (allocation.cpp:273), pid=10344, tid=0x0000000000000418
#
# JRE version: OpenJDK Runtime Environment (8.0_152-b01) (build 1.8.0_152-release-915-b01)
# Java VM: OpenJDK 64-Bit Server VM (25.152-b01 mixed mode windows-amd64 compressed oops)
# Failed to write core dump. Minidumps are not enabled by default on client versions of Windows
#

---------------  T H R E A D  ---------------

Current thread (0x0000000013e1d800):  JavaThread "C2 CompilerThread0" daemon [_thread_in_native, id=1048, stack(0x0000000015730000,0x0000000015830000)]

Stack: [0x0000000015730000,0x0000000015830000]
[error occurred during error reporting (printing stack bounds), id 0xc0000005]

Native frames: (J=compiled Java code, j=interpreted, Vv=VM code, C=native code)


Current CompileTask:
C2:1158002 20261   !   4       com.sun.tools.javac.comp.Attr::checkMethod (887 bytes)


---------------  P R O C E S S  ---------------

Java Threads: ( => current thread )
  0x0000000016b4c000 JavaThread "Cache worker for Java compile cache (X:\Users\asd\Clock\.gradle\4.1\javaCompile)" [_thread_blocked, id=10756, stack(0x0000000031f30000,0x0000000032030000)]
  0x0000000016b4e000 JavaThread "Task worker for ':' Thread 3" [_thread_in_Java, id=6264, stack(0x0000000031e30000,0x0000000031f30000)]
  0x0000000016cfc800 JavaThread "Task worker for ':' Thread 2" [_thread_blocked, id=6968, stack(0x0000000031d30000,0x0000000031e30000)]
  0x0000000016d01000 JavaThread "Task worker for ':'" [_thread_blocked, id=2128, stack(0x0000000031c30000,0x0000000031d30000)]
  0x0000000016cfe000 JavaThread "Cache worker for task history cache (X:\Users\asd\Clock\.gradle\4.1\taskHistory)" [_thread_blocked, id=13328, stack(0x0000000031b30000,0x0000000031c30000)]
  0x0000000016d00800 JavaThread "Cache worker for file content cache (X:\Users\asd\Clock\.gradle\4.1\fileContent)" [_thread_blocked, id=10828, stack(0x0000000031a30000,0x0000000031b30000)]
  0x0000000016cff000 JavaThread "build operations Thread 4" [_thread_blocked, id=4092, stack(0x0000000031930000,0x0000000031a30000)]
  0x0000000016cf5000 JavaThread "build operations Thread 3" [_thread_blocked, id=7432, stack(0x0000000031830000,0x0000000031930000)]
  0x0000000016cf4800 JavaThread "build operations Thread 2" [_thread_blocked, id=4088, stack(0x0000000031730000,0x0000000031830000)]
  0x0000000016cfb000 JavaThread "build operations" [_thread_blocked, id=6844, stack(0x0000000031630000,0x0000000031730000)]
  0x0000000016cf6800 JavaThread "Cache worker for Artifact transforms cache (X:\Users\asd\.gradle\caches\transforms-1)" [_thread_blocked, id=13772, stack(0x0000000031530000,0x0000000031630000)]
  0x0000000016cf6000 JavaThread "Cache worker for file hash cache (X:\Users\asd\Clock\.gradle\4.1\fileHashes)" [_thread_blocked, id=13500, stack(0x0000000031430000,0x0000000031530000)]
  0x0000000016cf3000 JavaThread "Stdin handler" [_thread_blocked, id=7588, stack(0x0000000031330000,0x0000000031430000)]
  0x0000000016cf9800 JavaThread "Asynchronous log dispatcher for DefaultDaemonConnection: socket connection from /127.0.0.1:52961 to /127.0.0.1:54564" [_thread_blocked, id=14896, stack(0x0000000031230000,0x0000000031330000)]
  0x0000000016cf8000 JavaThread "Daemon worker Thread 7" [_thread_blocked, id=10420, stack(0x0000000031130000,0x0000000031230000)]
  0x0000000016cf9000 JavaThread "Cancel handler" [_thread_blocked, id=2460, stack(0x0000000031030000,0x0000000031130000)]
  0x0000000016cf3800 JavaThread "Handler for socket connection from /127.0.0.1:52961 to /127.0.0.1:54564" [_thread_in_native, id=7780, stack(0x0000000030f30000,0x0000000031030000)]
  0x0000000016cf2000 JavaThread "Daemon Thread 7" [_thread_blocked, id=5912, stack(0x0000000030e30000,0x0000000030f30000)]
  0x0000000016b4c800 JavaThread "Memory manager" [_thread_blocked, id=10644, stack(0x000000001f1a0000,0x000000001f2a0000)]
  0x0000000016b5e800 JavaThread "File lock request listener" [_thread_in_native, id=9032, stack(0x0000000019390000,0x0000000019490000)]
  0x0000000017229800 JavaThread "Cache worker for file hash cache (X:\Users\asd\.gradle\caches\4.1\fileHashes)" [_thread_blocked, id=10216, stack(0x0000000019290000,0x0000000019390000)]
  0x00000000168d6000 JavaThread "Daemon periodic checks" [_thread_blocked, id=10508, stack(0x0000000018790000,0x0000000018890000)]
  0x0000000016f08800 JavaThread "Incoming local TCP Connector on port 52961" [_thread_in_native, id=10340, stack(0x0000000017400000,0x0000000017500000)]
  0x00000000151bc800 JavaThread "Service Thread" daemon [_thread_blocked, id=3300, stack(0x0000000015a30000,0x0000000015b30000)]
  0x000000001513d000 JavaThread "C1 CompilerThread2" daemon [_thread_blocked, id=10760, stack(0x0000000015930000,0x0000000015a30000)]
  0x000000001513a000 JavaThread "C2 CompilerThread1" daemon [_thread_in_native, id=8956, stack(0x0000000015830000,0x0000000015930000)]
=>0x0000000013e1d800 JavaThread "C2 CompilerThread0" daemon [_thread_in_native, id=1048, stack(0x0000000015730000,0x0000000015830000)]
  0x0000000015138800 JavaThread "Attach Listener" daemon [_thread_blocked, id=4252, stack(0x0000000015630000,0x0000000015730000)]
  0x0000000013dd7800 JavaThread "Signal Dispatcher" daemon [_thread_blocked, id=6436, stack(0x0000000015530000,0x0000000015630000)]
  0x0000000013dae000 JavaThread "Finalizer" daemon [_thread_blocked, id=10280, stack(0x0000000015030000,0x0000000015130000)]
  0x0000000013d87800 JavaThread "Reference Handler" daemon [_thread_blocked, id=9260, stack(0x0000000014f30000,0x0000000015030000)]
  0x0000000002813800 JavaThread "main" [_thread_blocked, id=8220, stack(0x0000000000c90000,0x0000000000d90000)]

Other Threads:
  0x0000000013d86000 VMThread [stack: 0x0000000014e30000,0x0000000014f30000] [id=10736]
  0x0000000015143800 WatcherThread [stack: 0x0000000015b30000,0x0000000015c30000] [id=10768]

VM state:not at safepoint (normal execution)

VM Mutex/Monitor currently owned by a thread: None

Heap:
 PSYoungGen      total 131072K, used 72531K [0x00000000f5580000, 0x00000000ffd80000, 0x0000000100000000)
  eden space 90112K, 58% used [0x00000000f5580000,0x00000000f88ad718,0x00000000fad80000)
  from space 40960K, 49% used [0x00000000fd580000,0x00000000fe9275d8,0x00000000ffd80000)
  to   space 3072K, 0% used [0x00000000fad80000,0x00000000fad80000,0x00000000fb080000)
 ParOldGen       total 182784K, used 83354K [0x00000000e0000000, 0x00000000eb280000, 0x00000000f5580000)
  object space 182784K, 45% used [0x00000000e0000000,0x00000000e5166a90,0x00000000eb280000)
 Metaspace       used 78118K, capacity 82700K, committed 82904K, reserved 1122304K
  class space    used 9702K, capacity 10704K, committed 10752K, reserved 1048576K

Card table byte_map: [0x0000000011d60000,0x0000000011e70000] byte_map_base: 0x0000000011660000

Marking Bits: (ParMarkBitMap*) 0x0000000059cf3950
 Begin Bits: [0x0000000012320000, 0x0000000012b20000)
 End Bits:   [0x0000000012b20000, 0x0000000013320000)

Polling page: 0x00000000003f0000

CodeCache: size=245760Kb used=55697Kb max_used=55707Kb free=190062Kb
 bounds [0x00000000029a0000, 0x0000000006060000, 0x00000000119a0000]
 total_blobs=16247 nmethods=15410 adapters=748
 compilation: enabled

Compilation events (10 events):
Event: 1157.915 Thread 0x0000000013e1d800 nmethod 20257 0x00000000060540d0 code [0x00000000060542c0, 0x0000000006054d98]
Event: 1157.915 Thread 0x0000000013e1d800 20261   !   4       com.sun.tools.javac.comp.Attr::checkMethod (887 bytes)
Event: 1157.929 Thread 0x000000001513a000 nmethod 20258 0x0000000006055f90 code [0x0000000006056180, 0x0000000006056c38]
Event: 1157.934 Thread 0x000000001513a000 20263       4       com.sun.tools.javac.jvm.Pool$Variable::hashCode (38 bytes)
Event: 1157.935 Thread 0x000000001513d000 20264       3       com.sun.tools.javac.jvm.Items$Item::mkCond (16 bytes)
Event: 1157.936 Thread 0x000000001513d000 nmethod 20264 0x0000000006017350 code [0x00000000060174e0, 0x0000000006017898]
Event: 1157.938 Thread 0x000000001513a000 nmethod 20263 0x00000000060520d0 code [0x0000000006052240, 0x0000000006052478]
Event: 1157.939 Thread 0x000000001513a000 20265       4       com.sun.tools.javac.comp.Attr::visitApply (814 bytes)
Event: 1157.940 Thread 0x000000001513d000 20267       3       com.sun.tools.javac.tree.TreeScanner::visitSwitch (17 bytes)
Event: 1157.941 Thread 0x000000001513d000 nmethod 20267 0x000000000604d050 code [0x000000000604d1c0, 0x000000000604d498]

GC Heap History (10 events):
Event: 1015.083 GC heap before
{Heap before GC invocations=41 (full 5):
 PSYoungGen      total 129024K, used 91687K [0x00000000f5580000, 0x00000000ffe80000, 0x0000000100000000)
  eden space 89088K, 100% used [0x00000000f5580000,0x00000000fac80000,0x00000000fac80000)
  from space 39936K, 6% used [0x00000000fac80000,0x00000000faf09ec0,0x00000000fd380000)
  to   space 39424K, 0% used [0x00000000fd800000,0x00000000fd800000,0x00000000ffe80000)
 ParOldGen       total 182784K, used 82319K [0x00000000e0000000, 0x00000000eb280000, 0x00000000f5580000)
  object space 182784K, 45% used [0x00000000e0000000,0x00000000e5063cd8,0x00000000eb280000)
 Metaspace       used 75899K, capacity 79672K, committed 80600K, reserved 1120256K
  class space    used 9437K, capacity 10296K, committed 10496K, reserved 1048576K
Event: 1015.090 GC heap after
Heap after GC invocations=41 (full 5):
 PSYoungGen      total 133632K, used 4776K [0x00000000f5580000, 0x00000000ffd80000, 0x0000000100000000)
  eden space 95232K, 0% used [0x00000000f5580000,0x00000000f5580000,0x00000000fb280000)
  from space 38400K, 12% used [0x00000000fd800000,0x00000000fdcaa320,0x00000000ffd80000)
  to   space 38400K, 0% used [0x00000000fb280000,0x00000000fb280000,0x00000000fd800000)
 ParOldGen       total 182784K, used 82327K [0x00000000e0000000, 0x00000000eb280000, 0x00000000f5580000)
  object space 182784K, 45% used [0x00000000e0000000,0x00000000e5065cd8,0x00000000eb280000)
 Metaspace       used 75899K, capacity 79672K, committed 80600K, reserved 1120256K
  class space    used 9437K, capacity 10296K, committed 10496K, reserved 1048576K
}
Event: 1016.047 GC heap before
{Heap before GC invocations=42 (full 5):
 PSYoungGen      total 133632K, used 100008K [0x00000000f5580000, 0x00000000ffd80000, 0x0000000100000000)
  eden space 95232K, 100% used [0x00000000f5580000,0x00000000fb280000,0x00000000fb280000)
  from space 38400K, 12% used [0x00000000fd800000,0x00000000fdcaa320,0x00000000ffd80000)
  to   space 38400K, 0% used [0x00000000fb280000,0x00000000fb280000,0x00000000fd800000)
 ParOldGen       total 182784K, used 82327K [0x00000000e0000000, 0x00000000eb280000, 0x00000000f5580000)
  object space 182784K, 45% used [0x00000000e0000000,0x00000000e5065cd8,0x00000000eb280000)
 Metaspace       used 76670K, capacity 80490K, committed 80600K, reserved 1120256K
  class space    used 9521K, capacity 10401K, committed 10496K, reserved 1048576K
Event: 1016.083 GC heap after
Heap after GC invocations=42 (full 5):
 PSYoungGen      total 125440K, used 30196K [0x00000000f5580000, 0x0000000100000000, 0x0000000100000000)
  eden space 95232K, 0% used [0x00000000f5580000,0x00000000f5580000,0x00000000fb280000)
  from space 30208K, 99% used [0x00000000fb280000,0x00000000fcffd030,0x00000000fd000000)
  to   space 42496K, 0% used [0x00000000fd680000,0x00000000fd680000,0x0000000100000000)
 ParOldGen       total 182784K, used 82335K [0x00000000e0000000, 0x00000000eb280000, 0x00000000f5580000)
  object space 182784K, 45% used [0x00000000e0000000,0x00000000e5067cd8,0x00000000eb280000)
 Metaspace       used 76670K, capacity 80490K, committed 80600K, reserved 1120256K
  class space    used 9521K, capacity 10401K, committed 10496K, reserved 1048576K
}
Event: 1018.010 GC heap before
{Heap before GC invocations=43 (full 5):
 PSYoungGen      total 125440K, used 125428K [0x00000000f5580000, 0x0000000100000000, 0x0000000100000000)
  eden space 95232K, 100% used [0x00000000f5580000,0x00000000fb280000,0x00000000fb280000)
  from space 30208K, 99% used [0x00000000fb280000,0x00000000fcffd030,0x00000000fd000000)
  to   space 42496K, 0% used [0x00000000fd680000,0x00000000fd680000,0x0000000100000000)
 ParOldGen       total 182784K, used 82335K [0x00000000e0000000, 0x00000000eb280000, 0x00000000f5580000)
  object space 182784K, 45% used [0x00000000e0000000,0x00000000e5067cd8,0x00000000eb280000)
 Metaspace       used 76740K, capacity 80490K, committed 80600K, reserved 1120256K
  class space    used 9521K, capacity 10401K, committed 10496K, reserved 1048576K
Event: 1018.041 GC heap after
Heap after GC invocations=43 (full 5):
 PSYoungGen      total 132608K, used 20258K [0x00000000f5580000, 0x0000000100000000, 0x0000000100000000)
  eden space 90112K, 0% used [0x00000000f5580000,0x00000000f5580000,0x00000000fad80000)
  from space 42496K, 47% used [0x00000000fd680000,0x00000000fea48978,0x0000000100000000)
  to   space 41984K, 0% used [0x00000000fad80000,0x00000000fad80000,0x00000000fd680000)
 ParOldGen       total 182784K, used 82719K [0x00000000e0000000, 0x00000000eb280000, 0x00000000f5580000)
  object space 182784K, 45% used [0x00000000e0000000,0x00000000e50c7d18,0x00000000eb280000)
 Metaspace       used 76740K, capacity 80490K, committed 80600K, reserved 1120256K
  class space    used 9521K, capacity 10401K, committed 10496K, reserved 1048576K
}
Event: 1156.149 GC heap before
{Heap before GC invocations=44 (full 5):
 PSYoungGen      total 132608K, used 110363K [0x00000000f5580000, 0x0000000100000000, 0x0000000100000000)
  eden space 90112K, 99% used [0x00000000f5580000,0x00000000fad7e550,0x00000000fad80000)
  from space 42496K, 47% used [0x00000000fd680000,0x00000000fea48978,0x0000000100000000)
  to   space 41984K, 0% used [0x00000000fad80000,0x00000000fad80000,0x00000000fd680000)
 ParOldGen       total 182784K, used 82719K [0x00000000e0000000, 0x00000000eb280000, 0x00000000f5580000)
  object space 182784K, 45% used [0x00000000e0000000,0x00000000e50c7d18,0x00000000eb280000)
 Metaspace       used 76900K, capacity 80780K, committed 80856K, reserved 1120256K
  class space    used 9536K, capacity 10448K, committed 10496K, reserved 1048576K
Event: 1156.156 GC heap after
Heap after GC invocations=44 (full 5):
 PSYoungGen      total 93184K, used 2568K [0x00000000f5580000, 0x00000000ffd80000, 0x0000000100000000)
  eden space 90112K, 0% used [0x00000000f5580000,0x00000000f5580000,0x00000000fad80000)
  from space 3072K, 83% used [0x00000000fad80000,0x00000000fb002328,0x00000000fb080000)
  to   space 40960K, 0% used [0x00000000fd580000,0x00000000fd580000,0x00000000ffd80000)
 ParOldGen       total 182784K, used 83346K [0x00000000e0000000, 0x00000000eb280000, 0x00000000f5580000)
  object space 182784K, 45% used [0x00000000e0000000,0x00000000e5164a90,0x00000000eb280000)
 Metaspace       used 76900K, capacity 80780K, committed 80856K, reserved 1120256K
  class space    used 9536K, capacity 10448K, committed 10496K, reserved 1048576K
}
Event: 1157.562 GC heap before
{Heap before GC invocations=45 (full 5):
 PSYoungGen      total 93184K, used 92680K [0x00000000f5580000, 0x00000000ffd80000, 0x0000000100000000)
  eden space 90112K, 100% used [0x00000000f5580000,0x00000000fad80000,0x00000000fad80000)
  from space 3072K, 83% used [0x00000000fad80000,0x00000000fb002328,0x00000000fb080000)
  to   space 40960K, 0% used [0x00000000fd580000,0x00000000fd580000,0x00000000ffd80000)
 ParOldGen       total 182784K, used 83346K [0x00000000e0000000, 0x00000000eb280000, 0x00000000f5580000)
  object space 182784K, 45% used [0x00000000e0000000,0x00000000e5164a90,0x00000000eb280000)
 Metaspace       used 78099K, capacity 82636K, committed 82904K, reserved 1122304K
  class space    used 9702K, capacity 10704K, committed 10752K, reserved 1048576K
Event: 1157.582 GC heap after
Heap after GC invocations=45 (full 5):
 PSYoungGen      total 131072K, used 20125K [0x00000000f5580000, 0x00000000ffd80000, 0x0000000100000000)
  eden space 90112K, 0% used [0x00000000f5580000,0x00000000f5580000,0x00000000fad80000)
  from space 40960K, 49% used [0x00000000fd580000,0x00000000fe9275d8,0x00000000ffd80000)
  to   space 3072K, 0% used [0x00000000fad80000,0x00000000fad80000,0x00000000fb080000)
 ParOldGen       total 182784K, used 83354K [0x00000000e0000000, 0x00000000eb280000, 0x00000000f5580000)
  object space 182784K, 45% used [0x00000000e0000000,0x00000000e5166a90,0x00000000eb280000)
 Metaspace       used 78099K, capacity 82636K, committed 82904K, reserved 1122304K
  class space    used 9702K, capacity 10704K, committed 10752K, reserved 1048576K
}

Deoptimization events (10 events):
Event: 1017.685 Thread 0x0000000016cfc800 Uncommon trap: reason=unstable_if action=reinterpret pc=0x0000000003667178 method=java.util.concurrent.ConcurrentHashMap.addCount(JI)V @ 7
Event: 1017.753 Thread 0x0000000016cf3000 Uncommon trap: reason=unstable_if action=reinterpret pc=0x0000000003d7e2b0 method=java.util.concurrent.ConcurrentHashMap.addCount(JI)V @ 7
Event: 1017.825 Thread 0x0000000019936000 Uncommon trap: reason=bimorphic action=maybe_recompile pc=0x00000000057a10ec method=com.android.dx.cf.code.BaseMachine.getLocalTarget(Z)Lcom/android/dx/rop/code/RegisterSpec; @ 70
Event: 1017.825 Thread 0x0000000019936000 Uncommon trap: reason=bimorphic action=maybe_recompile pc=0x0000000005acb868 method=com.android.dx.cf.code.BaseMachine.getLocalTarget(Z)Lcom/android/dx/rop/code/RegisterSpec; @ 70
Event: 1018.430 Thread 0x0000000016cf3000 Uncommon trap: reason=unstable_if action=reinterpret pc=0x0000000003d56100 method=java.util.concurrent.ConcurrentHashMap.addCount(JI)V @ 7
Event: 1155.784 Thread 0x0000000016cf3800 Uncommon trap: reason=class_check action=maybe_recompile pc=0x0000000005f427e0 method=java.lang.reflect.Array.newInstance(Ljava/lang/Class;I)Ljava/lang/Object; @ 2
Event: 1155.785 Thread 0x0000000016cf3800 Uncommon trap: reason=class_check action=maybe_recompile pc=0x0000000005f427e0 method=java.lang.reflect.Array.newInstance(Ljava/lang/Class;I)Ljava/lang/Object; @ 2
Event: 1156.264 Thread 0x0000000016cf8000 Uncommon trap: reason=null_check action=make_not_entrant pc=0x0000000003b474d8 method=java.lang.ThreadLocal$ThreadLocalMap.set(Ljava/lang/ThreadLocal;Ljava/lang/Object;)V @ 36
Event: 1156.745 Thread 0x0000000016b4e000 Uncommon trap: reason=array_check action=maybe_recompile pc=0x0000000005f97f04 method=java.util.TimSort.reverseRange([Ljava/lang/Object;II)V @ 20
Event: 1157.499 Thread 0x0000000016b4e000 Uncommon trap: reason=class_check action=maybe_recompile pc=0x0000000005f427e0 method=java.lang.reflect.Array.newInstance(Ljava/lang/Class;I)Ljava/lang/Object; @ 2

Classes redefined (0 events):
No events

Internal exceptions (10 events):
Event: 918.359 Thread 0x0000000016cf3000 Exception <a 'java/lang/ClassNotFoundException': sync_local_repo15349_6in76jggyw9xsgvr6t69xrdu3Customizer> (0x00000000f8085020) thrown at [D:\src\AOSP-openjdk-cygwin\jdk8u\hotspot\src\share\vm\classfile\systemDictionary.cpp, line 210]
Event: 923.283 Thread 0x0000000016b4f800 Exception <a 'sun/nio/fs/WindowsException'> (0x00000000fa444360) thrown at [D:\src\AOSP-openjdk-cygwin\jdk8u\hotspot\src\share\vm\prims\jni.cpp, line 709]
Event: 924.057 Thread 0x0000000016cf3000 Exception <a 'sun/nio/fs/WindowsException'> (0x00000000f62a1bf8) thrown at [D:\src\AOSP-openjdk-cygwin\jdk8u\hotspot\src\share\vm\prims\jni.cpp, line 709]
Event: 1014.376 Thread 0x0000000016cf3000 Exception <a 'java/lang/ClassNotFoundException': sync_local_repo9684_c03ln824u4zzjkr5cqnw8hoz5BeanInfo> (0x00000000f69e4898) thrown at [D:\src\AOSP-openjdk-cygwin\jdk8u\hotspot\src\share\vm\classfile\systemDictionary.cpp, line 210]
Event: 1014.376 Thread 0x0000000016cf3000 Exception <a 'java/lang/ClassNotFoundException': sync_local_repo9684_c03ln824u4zzjkr5cqnw8hoz5Customizer> (0x00000000f69ef0d0) thrown at [D:\src\AOSP-openjdk-cygwin\jdk8u\hotspot\src\share\vm\classfile\systemDictionary.cpp, line 210]
Event: 1018.196 Thread 0x0000000019936000 Exception <a 'sun/nio/fs/WindowsException'> (0x00000000f65fd5c0) thrown at [D:\src\AOSP-openjdk-cygwin\jdk8u\hotspot\src\share\vm\prims\jni.cpp, line 709]
Event: 1018.866 Thread 0x0000000016cf3000 Exception <a 'sun/nio/fs/WindowsException'> (0x00000000f7beff30) thrown at [D:\src\AOSP-openjdk-cygwin\jdk8u\hotspot\src\share\vm\prims\jni.cpp, line 709]
Event: 1155.906 Thread 0x0000000016cf8000 Exception <a 'java/lang/ClassNotFoundException': sync_local_repo5111_9j50p2fc2kgnwqzh35j3zx2crBeanInfo> (0x00000000f83e6d00) thrown at [D:\src\AOSP-openjdk-cygwin\jdk8u\hotspot\src\share\vm\classfile\systemDictionary.cpp, line 210]
Event: 1155.906 Thread 0x0000000016cf8000 Exception <a 'java/lang/ClassNotFoundException': sync_local_repo5111_9j50p2fc2kgnwqzh35j3zx2crCustomizer> (0x00000000f83f1538) thrown at [D:\src\AOSP-openjdk-cygwin\jdk8u\hotspot\src\share\vm\classfile\systemDictionary.cpp, line 210]
Event: 1156.264 Thread 0x0000000016cf8000 Implicit null exception at 0x0000000003b472d6 to 0x0000000003b474ad

Events (10 events):
Event: 1157.553 loading class com/google/common/collect/Iterators$6
Event: 1157.553 loading class com/google/common/collect/Iterators$6 done
Event: 1157.553 loading class com/google/common/collect/Iterators$13
Event: 1157.553 loading class com/google/common/collect/Iterators$13 done
Event: 1157.553 loading class com/google/common/collect/Iterators$MergingIterator
Event: 1157.553 loading class com/google/common/collect/Iterators$MergingIterator done
Event: 1157.554 loading class com/google/common/collect/Iterators$2
Event: 1157.554 loading class com/google/common/collect/Iterators$2 done
Event: 1157.562 Executing VM operation: ParallelGCFailedAllocation
Event: 1157.582 Executing VM operation: ParallelGCFailedAllocation done


Dynamic libraries:
0x00007ff65a450000 - 0x00007ff65a481000 	X:\Program Files\Android\Android Studio2\jre\bin\java.exe
0x00007fff272f0000 - 0x00007fff274c2000 	X:\Windows\SYSTEM32\ntdll.dll
0x00007fff26670000 - 0x00007fff2671c000 	X:\Windows\System32\KERNEL32.DLL
0x00007fff23ad0000 - 0x00007fff23ced000 	X:\Windows\System32\KERNELBASE.dll
0x00007fff25e70000 - 0x00007fff25f12000 	X:\Windows\System32\ADVAPI32.dll
0x00007fff26de0000 - 0x00007fff26e7e000 	X:\Windows\System32\msvcrt.dll
0x00007fff26d80000 - 0x00007fff26dd9000 	X:\Windows\System32\sechost.dll
0x00007fff26e80000 - 0x00007fff26fa1000 	X:\Windows\System32\RPCRT4.dll
0x00007fff26860000 - 0x00007fff269c5000 	X:\Windows\System32\USER32.dll
0x00007fff23860000 - 0x00007fff2387e000 	X:\Windows\System32\win32u.dll
0x00007fff25e30000 - 0x00007fff25e64000 	X:\Windows\System32\GDI32.dll
0x00007fff24650000 - 0x00007fff247d0000 	X:\Windows\System32\gdi32full.dll
0x00007fff09c70000 - 0x00007fff09eea000 	X:\Windows\WinSxS\amd64_microsoft.windows.common-controls_6595b64144ccf1df_6.0.14393.953_none_42151e83c686086b\COMCTL32.dll
0x00007fff27010000 - 0x00007fff272d8000 	X:\Windows\System32\combase.dll
0x00007fff23880000 - 0x00007fff23975000 	X:\Windows\System32\ucrtbase.dll
0x00007fff237f0000 - 0x00007fff2385a000 	X:\Windows\System32\bcryptPrimitives.dll
0x00007fff26b20000 - 0x00007fff26b4e000 	X:\Windows\System32\IMM32.DLL
0x000000005a690000 - 0x000000005a762000 	X:\Program Files\Android\Android Studio2\jre\jre\bin\msvcr100.dll
0x0000000059530000 - 0x0000000059d6e000 	X:\Program Files\Android\Android Studio2\jre\jre\bin\server\jvm.dll
0x00007fff26d70000 - 0x00007fff26d78000 	X:\Windows\System32\PSAPI.DLL
0x00007fff196b0000 - 0x00007fff196ba000 	X:\Windows\SYSTEM32\VERSION.dll
0x00007fff21cf0000 - 0x00007fff21d13000 	X:\Windows\SYSTEM32\WINMM.dll
0x00007fff1b970000 - 0x00007fff1b979000 	X:\Windows\SYSTEM32\WSOCK32.dll
0x00007fff269d0000 - 0x00007fff26a3a000 	X:\Windows\System32\WS2_32.dll
0x0000000000720000 - 0x000000000074b000 	X:\Windows\SYSTEM32\WINMMBASE.dll
0x00007fff23f20000 - 0x00007fff23f62000 	X:\Windows\System32\cfgmgr32.dll
0x00007fff216e0000 - 0x00007fff216ef000 	X:\Program Files\Android\Android Studio2\jre\jre\bin\verify.dll
0x00007fff1ac30000 - 0x00007fff1ac59000 	X:\Program Files\Android\Android Studio2\jre\jre\bin\java.dll
0x00007fff19a50000 - 0x00007fff19a66000 	X:\Program Files\Android\Android Studio2\jre\jre\bin\zip.dll
0x00007fff24880000 - 0x00007fff25d88000 	X:\Windows\System32\SHELL32.dll
0x00007fff23f70000 - 0x00007fff24648000 	X:\Windows\System32\windows.storage.dll
0x00007fff23780000 - 0x00007fff237cc000 	X:\Windows\System32\powrprof.dll
0x00007fff26fb0000 - 0x00007fff27002000 	X:\Windows\System32\shlwapi.dll
0x00007fff237e0000 - 0x00007fff237ef000 	X:\Windows\System32\kernel.appcore.dll
0x00007fff23980000 - 0x00007fff23a29000 	X:\Windows\System32\shcore.dll
0x00007fff23760000 - 0x00007fff23774000 	X:\Windows\System32\profapi.dll
0x00007fff07e40000 - 0x00007fff07e5a000 	X:\Program Files\Android\Android Studio2\jre\jre\bin\net.dll
0x00007fff23030000 - 0x00007fff2308c000 	X:\Windows\system32\mswsock.dll
0x00007fff07320000 - 0x00007fff07331000 	X:\Program Files\Android\Android Studio2\jre\jre\bin\nio.dll
0x00007fff15fc0000 - 0x00007fff15fde000 	X:\Users\asd\.gradle\native\25\windows-amd64\native-platform.dll
0x00007fff19a40000 - 0x00007fff19a4d000 	X:\Program Files\Android\Android Studio2\jre\jre\bin\management.dll
0x00007fff231d0000 - 0x00007fff231e7000 	X:\Windows\SYSTEM32\CRYPTSP.dll
0x00007fff22c30000 - 0x00007fff22c63000 	X:\Windows\system32\rsaenh.dll
0x00007fff236a0000 - 0x00007fff236cb000 	X:\Windows\SYSTEM32\bcrypt.dll
0x00007fff22eb0000 - 0x00007fff22ecf000 	X:\Windows\SYSTEM32\USERENV.dll
0x00007fff231f0000 - 0x00007fff231fb000 	X:\Windows\SYSTEM32\CRYPTBASE.dll
0x00007fff22db0000 - 0x00007fff22de8000 	X:\Windows\SYSTEM32\IPHLPAPI.DLL
0x00007fff272e0000 - 0x00007fff272e8000 	X:\Windows\System32\NSI.dll
0x00007fff1c920000 - 0x00007fff1c936000 	X:\Windows\SYSTEM32\dhcpcsvc6.DLL
0x00007fff1cfe0000 - 0x00007fff1cffa000 	X:\Windows\SYSTEM32\dhcpcsvc.DLL

VM Arguments:
jvm_args: -XX:MaxPermSize=512m -Xmx512m -Dfile.encoding=GBK -Duser.country=CN -Duser.language=zh -Duser.variant 
java_command: org.gradle.launcher.daemon.bootstrap.GradleDaemon 4.1
java_class_path (initial): X:\Users\asd\.gradle\wrapper\dists\gradle-4.1-all\bzyivzo6n839fup2jbap0tjew\gradle-4.1\lib\gradle-launcher-4.1.jar
Launcher Type: SUN_STANDARD

Environment Variables:
JAVA_HOME=X:\Program Files\Java\jdk1.7.0_17
CLASSPATH=.;%JAVA_HOME%\lib;%JAVA_HOME%\lib\tools.jar;E:\apache-cxf-2.4.2\lib\cxf-manifest.jar;D:\ant\apache-ant-1.9.9\lib;%CXF_HOME%\lib;%JAVA8_HOME%\lib;%JAVA8_HOME%\lib\tools.jar
PATH=X:\ProgramData\Oracle\Java\javapath\;X:\Windows\system32\;X:\Windows\;X:\Windows\System32\Wbem\;X:\Windows\System32\WindowsPowerShell\v1.0\;X:\Program Files (x86)\Java\jdk1.8.0_60\bin\;X:\Program Files (x86)\Java\jdk1.8.0_60\jre\bin;x:\Program Files (x86)\NVIDIA Corporation\PhysX\Common\;E:\mysql-5.6.34-winx64\bin\;x:\Program Files (x86)\Microsoft SQL Server\100\Tools\Binn\;x:\Program Files\Microsoft SQL Server\100\Tools\Binn\;x:\Program Files\Microsoft SQL Server\100\DTS\Binn\;X:\Program Files\Microsoft SQL Server\110\Tools\Binn\;X:\Program Files (x86)\GtkSharp\2.12\bin;X:\Program Files (x86)\Windows Kits\8.1\Windows Performance Toolkit\;X:\Users\asd\Documents\Tencent Files\312018367\FileRecv\cocos2d-x-2.2.6;X:\Program Files (x86)\PCL 1.7.2\bin;X:\Program Files (x86)\PCL 1.7.2\3rdParty\FLANN\bin;X:\Program Files (x86)\PCL 1.7.2\3rdParty\Qhull\bin;X:\Program Files (x86)\PCL 1.7.2\3rdParty\VTK\bin;X:\ProgramData\Microsoft\Windows\Start Menu\Programs\MySQL\MySQL Server 5.6;X:\Program Files (x86)\Java\jdk1.8.0_60\jre;X:\Program Files (x86)\Java\jdk1.8.0_60\bin;X:\Program Files\MySQL\MySQL Utilities 1.6\;X:\ProgramData\Microsoft\Windows\Start Menu\Programs\MySQL\MySQL Server 5.6;X:\Program Files\OpenNI\Bin;X:\Windows\system32\config\systemprofile\.dnx\bin;X:\Program Files\Microsoft DNX\Dnvm\;X:\Program Files\Microsoft SQL Server\120\Tools\Binn\;X:\Program Files\Microsoft SQL Server\130\Tools\Binn\;X:\Program Files\TortoiseSVN\bin;D:\cxf\apache-cxf-2.4.2\bin;x:\Program Files\Git\cmd;%GRADLE_HOME%\bin;X:\Users\asd\AppData\Local\Android\sdk\platforms;X:\Users\asd\AppData\Local\Android\sdk\tools;%SDK_HOME%\tools;%SDK_HOME%\platform-tools;C:\Users\cocos\frameworks\cocos2d-x-3.7\tools\cocos2d-console\bin;E:\BaiduYunDownload\cocos2d-x-3.13.1\templates;E:\BaiduYunDownload\cocos2d-x-3.13.1\tools\cocos2d-console\bin;X:\Users\asd\AppData\Local\Microsoft\WindowsApps;X:\Users\asd\AppData\Roaming\Microsoft\Windows\Start Menu\Programs\Python 3.5£»
USERNAME=asd
OS=Windows_NT
PROCESSOR_IDENTIFIER=Intel64 Family 6 Model 60 Stepping 3, GenuineIntel



---------------  S Y S T E M  ---------------

OS: Windows 10.0 , 64 bit Build 14393 (10.0.14393.1198)

CPU:total 4 (initial active 4) (2 cores per cpu, 2 threads per core) family 6 model 60 stepping 3, cmov, cx8, fxsr, mmx, sse, sse2, sse3, ssse3, sse4.1, sse4.2, popcnt, avx, avx2, aes, clmul, erms, lzcnt, ht, tsc, tscinvbit, bmi1, bmi2

Memory: 4k page, physical 4119916k(148744k free), swap 5461096k(2680k free)

vm_info: OpenJDK 64-Bit Server VM (25.152-b01) for windows-amd64 JRE (1.8.0_152-release-915-b01), built by "builder" with MS VC++ 10.0 (VS2010)

time: Sat Jan 13 17:59:23 2018
elapsed time: 1157 seconds (0d 0h 19m 17s)

