#
# There is insufficient memory for the Java Runtime Environment to continue.
# Native memory allocation (malloc) failed to allocate 32744 bytes for ChunkPool::allocate
# Possible reasons:
#   The system is out of physical RAM or swap space
#   In 32 bit mode, the process size limit was hit
# Possible solutions:
#   Reduce memory load on the system
#   Increase physical memory or swap space
#   Check if swap backing store is full
#   Use 64 bit Java on a 64 bit OS
#   Decrease Java heap size (-Xmx/-Xms)
#   Decrease number of Java threads
#   Decrease Java thread stack sizes (-Xss)
#   Set larger code cache with -XX:ReservedCodeCacheSize=
# This output file may be truncated or incomplete.
#
#  Out of Memory Error (allocation.cpp:273), pid=17848, tid=0x0000000000004ae4
#
# JRE version: OpenJDK Runtime Environment (8.0_152-b01) (build 1.8.0_152-release-915-b01)
# Java VM: OpenJDK 64-Bit Server VM (25.152-b01 mixed mode windows-amd64 compressed oops)
# Failed to write core dump. Minidumps are not enabled by default on client versions of Windows
#

---------------  T H R E A D  ---------------

Current thread (0x000000001561a000):  JavaThread "C2 CompilerThread1" daemon [_thread_in_native, id=19172, stack(0x0000000015d10000,0x0000000015e10000)]

Stack: [0x0000000015d10000,0x0000000015e10000]
[error occurred during error reporting (printing stack bounds), id 0xc0000005]

Native frames: (J=compiled Java code, j=interpreted, Vv=VM code, C=native code)


Current CompileTask:
C2:10026400 30599   !   4       java.nio.channels.spi.AbstractInterruptibleChannel::close (37 bytes)


---------------  P R O C E S S  ---------------

Java Threads: ( => current thread )
  0x0000000016df4000 JavaThread "ForkJoinPool.commonPool-worker-6" daemon [_thread_in_native, id=19896, stack(0x0000000079450000,0x0000000079550000)]
  0x0000000016df2800 JavaThread "ForkJoinPool.commonPool-worker-5" daemon [_thread_blocked, id=19276, stack(0x0000000079350000,0x0000000079450000)]
  0x0000000018224000 JavaThread "ForkJoinPool.commonPool-worker-4" daemon [_thread_blocked, id=22080, stack(0x0000000079250000,0x0000000079350000)]
  0x0000000018223000 JavaThread "ForkJoinPool.commonPool-worker-3" daemon [_thread_blocked, id=22404, stack(0x0000000079150000,0x0000000079250000)]
  0x0000000018226000 JavaThread "Cache worker for Java compile cache (X:\Users\asd\Clock\.gradle\4.1\javaCompile)" [_thread_blocked, id=20116, stack(0x0000000079050000,0x0000000079150000)]
  0x0000000018225800 JavaThread "Task worker for ':' Thread 3" [_thread_blocked, id=20436, stack(0x0000000078f50000,0x0000000079050000)]
  0x0000000018224800 JavaThread "Task worker for ':' Thread 2" [_thread_blocked, id=3956, stack(0x0000000078e50000,0x0000000078f50000)]
  0x0000000018219800 JavaThread "Task worker for ':'" [_thread_blocked, id=20160, stack(0x0000000078d50000,0x0000000078e50000)]
  0x0000000018220000 JavaThread "Cache worker for task history cache (X:\Users\asd\Clock\.gradle\4.1\taskHistory)" [_thread_blocked, id=18992, stack(0x0000000078c50000,0x0000000078d50000)]
  0x0000000018218800 JavaThread "Cache worker for file content cache (X:\Users\asd\Clock\.gradle\4.1\fileContent)" [_thread_blocked, id=18664, stack(0x0000000078b50000,0x0000000078c50000)]
  0x000000001821c800 JavaThread "build operations Thread 4" [_thread_blocked, id=22144, stack(0x0000000078a50000,0x0000000078b50000)]
  0x000000001821f800 JavaThread "build operations Thread 3" [_thread_blocked, id=22212, stack(0x0000000078950000,0x0000000078a50000)]
  0x0000000018218000 JavaThread "build operations Thread 2" [_thread_blocked, id=19508, stack(0x0000000078850000,0x0000000078950000)]
  0x0000000019c98800 JavaThread "build operations" [_thread_blocked, id=22160, stack(0x0000000078750000,0x0000000078850000)]
  0x0000000019c99000 JavaThread "Cache worker for Artifact transforms cache (X:\Users\asd\.gradle\caches\transforms-1)" [_thread_blocked, id=21424, stack(0x0000000078650000,0x0000000078750000)]
  0x0000000019c9b800 JavaThread "Cache worker for file hash cache (X:\Users\asd\Clock\.gradle\4.1\fileHashes)" [_thread_blocked, id=22140, stack(0x0000000078550000,0x0000000078650000)]
  0x0000000019c90000 JavaThread "Stdin handler" [_thread_blocked, id=18500, stack(0x0000000078450000,0x0000000078550000)]
  0x0000000019c8f800 JavaThread "Asynchronous log dispatcher for DefaultDaemonConnection: socket connection from /127.0.0.1:59059 to /127.0.0.1:50166" [_thread_blocked, id=16500, stack(0x0000000078350000,0x0000000078450000)]
  0x0000000019c95800 JavaThread "Cancel handler" [_thread_blocked, id=20504, stack(0x0000000078250000,0x0000000078350000)]
  0x0000000019c8e000 JavaThread "Handler for socket connection from /127.0.0.1:59059 to /127.0.0.1:50166" [_thread_in_native, id=22188, stack(0x0000000078150000,0x0000000078250000)]
  0x000000001f460800 JavaThread "Worker Daemon Execution" [_thread_blocked, id=18156, stack(0x0000000074c50000,0x0000000074d50000)]
  0x0000000019c94800 JavaThread "Daemon worker Thread 26" [_thread_blocked, id=19312, stack(0x000000006ed50000,0x000000006ee50000)]
  0x0000000019c8c800 JavaThread "Daemon Thread 26" [_thread_blocked, id=20220, stack(0x000000006ea50000,0x000000006eb50000)]
  0x0000000016dec800 JavaThread "Memory manager" [_thread_blocked, id=17464, stack(0x000000001e740000,0x000000001e840000)]
  0x00000000177a9000 JavaThread "File lock request listener" [_thread_in_native, id=18732, stack(0x0000000019890000,0x0000000019990000)]
  0x00000000178c2800 JavaThread "Cache worker for file hash cache (X:\Users\asd\.gradle\caches\4.1\fileHashes)" [_thread_blocked, id=18756, stack(0x0000000019790000,0x0000000019890000)]
  0x00000000170ff800 JavaThread "Daemon periodic checks" [_thread_blocked, id=10272, stack(0x0000000018c90000,0x0000000018d90000)]
  0x0000000016ce5000 JavaThread "Incoming local TCP Connector on port 59059" [_thread_in_native, id=19160, stack(0x0000000018af0000,0x0000000018bf0000)]
  0x000000001569a800 JavaThread "Service Thread" daemon [_thread_blocked, id=19108, stack(0x0000000015f10000,0x0000000016010000)]
  0x0000000015620000 JavaThread "C1 CompilerThread2" daemon [_thread_blocked, id=19168, stack(0x0000000015e10000,0x0000000015f10000)]
=>0x000000001561a000 JavaThread "C2 CompilerThread1" daemon [_thread_in_native, id=19172, stack(0x0000000015d10000,0x0000000015e10000)]
  0x000000001429d800 JavaThread "C2 CompilerThread0" daemon [_thread_in_native, id=19136, stack(0x0000000015c10000,0x0000000015d10000)]
  0x000000001423b000 JavaThread "Attach Listener" daemon [_thread_blocked, id=19140, stack(0x0000000015b10000,0x0000000015c10000)]
  0x0000000014257800 JavaThread "Signal Dispatcher" daemon [_thread_blocked, id=19144, stack(0x0000000015a10000,0x0000000015b10000)]
  0x000000001422a000 JavaThread "Finalizer" daemon [_thread_blocked, id=19156, stack(0x00000000154a0000,0x00000000155a0000)]
  0x0000000002e16000 JavaThread "Reference Handler" daemon [_thread_blocked, id=19164, stack(0x00000000153a0000,0x00000000154a0000)]
  0x0000000002d23800 JavaThread "main" [_thread_blocked, id=19032, stack(0x0000000002c20000,0x0000000002d20000)]

Other Threads:
  0x0000000014207000 VMThread [stack: 0x00000000152a0000,0x00000000153a0000] [id=19176]
  0x000000001569b800 WatcherThread [stack: 0x0000000016010000,0x0000000016110000] [id=19092]

VM state:not at safepoint (normal execution)

VM Mutex/Monitor currently owned by a thread: None

Heap:
 PSYoungGen      total 131584K, used 96282K [0x00000000f5580000, 0x0000000100000000, 0x0000000100000000)
  eden space 96768K, 67% used [0x00000000f5580000,0x00000000f95952d8,0x00000000fb400000)
  from space 34816K, 88% used [0x00000000fdd80000,0x00000000ffb717d0,0x00000000fff80000)
  to   space 38912K, 0% used [0x00000000fb400000,0x00000000fb400000,0x00000000fda00000)
 ParOldGen       total 218112K, used 102616K [0x00000000e0000000, 0x00000000ed500000, 0x00000000f5580000)
  object space 218112K, 47% used [0x00000000e0000000,0x00000000e64360b0,0x00000000ed500000)
 Metaspace       used 85074K, capacity 93410K, committed 95576K, reserved 1132544K
  class space    used 10472K, capacity 12446K, committed 12672K, reserved 1048576K

Card table byte_map: [0x00000000121e0000,0x00000000122f0000] byte_map_base: 0x0000000011ae0000

Marking Bits: (ParMarkBitMap*) 0x000000006a2a3950
 Begin Bits: [0x00000000127a0000, 0x0000000012fa0000)
 End Bits:   [0x0000000012fa0000, 0x00000000137a0000)

Polling page: 0x0000000002880000

CodeCache: size=245760Kb used=80703Kb max_used=84027Kb free=165056Kb
 bounds [0x0000000002e20000, 0x00000000080e0000, 0x0000000011e20000]
 total_blobs=22151 nmethods=21311 adapters=751
 compilation: enabled

Compilation events (10 events):
Event: 10025.849 Thread 0x0000000015620000 nmethod 30594 0x0000000005ee9e10 code [0x0000000005ee9fc0, 0x0000000005eea528]
Event: 10025.870 Thread 0x000000001561a000 30595       4       com.android.dx.dex.file.EncodedMethod::compareTo (9 bytes)
Event: 10025.871 Thread 0x000000001561a000 nmethod 30595 0x00000000078260d0 code [0x0000000007826220, 0x0000000007826308]
Event: 10025.871 Thread 0x000000001561a000 30596       4       com.android.dx.dex.code.form.Form22c::isCompatible (99 bytes)
Event: 10025.872 Thread 0x0000000015620000 30597       3       com.android.dx.dex.code.form.Form12x::isCompatible (119 bytes)
Event: 10025.873 Thread 0x0000000015620000 nmethod 30597 0x0000000006b4f5d0 code [0x0000000006b4f820, 0x0000000006b50de8]
Event: 10025.874 Thread 0x000000001561a000 nmethod 30596 0x00000000078ca190 code [0x00000000078ca300, 0x00000000078ca4f8]
Event: 10026.115 Thread 0x0000000015620000 30598       3       com.android.build.gradle.internal.transforms.DexMergerTransform::getDexOutputLocation (16 bytes)
Event: 10026.116 Thread 0x0000000015620000 nmethod 30598 0x0000000007d97f50 code [0x0000000007d980e0, 0x0000000007d983a8]
Event: 10026.117 Thread 0x000000001561a000 30599   !   4       java.nio.channels.spi.AbstractInterruptibleChannel::close (37 bytes)

GC Heap History (10 events):
Event: 9993.213 GC heap before
{Heap before GC invocations=136 (full 8):
 PSYoungGen      total 133632K, used 109575K [0x00000000f5580000, 0x00000000ffc00000, 0x0000000100000000)
  eden space 94720K, 100% used [0x00000000f5580000,0x00000000fb200000,0x00000000fb200000)
  from space 38912K, 38% used [0x00000000fb200000,0x00000000fc081ec0,0x00000000fd800000)
  to   space 36352K, 0% used [0x00000000fd880000,0x00000000fd880000,0x00000000ffc00000)
 ParOldGen       total 218112K, used 93591K [0x00000000e0000000, 0x00000000ed500000, 0x00000000f5580000)
  object space 218112K, 42% used [0x00000000e0000000,0x00000000e5b65d00,0x00000000ed500000)
 Metaspace       used 83452K, capacity 91636K, committed 95576K, reserved 1132544K
  class space    used 10293K, capacity 12193K, committed 12672K, reserved 1048576K
Event: 9993.220 GC heap after
Heap after GC invocations=136 (full 8):
 PSYoungGen      total 134144K, used 4855K [0x00000000f5580000, 0x00000000ffd80000, 0x0000000100000000)
  eden space 97792K, 0% used [0x00000000f5580000,0x00000000f5580000,0x00000000fb500000)
  from space 36352K, 13% used [0x00000000fd880000,0x00000000fdd3de70,0x00000000ffc00000)
  to   space 36352K, 0% used [0x00000000fb500000,0x00000000fb500000,0x00000000fd880000)
 ParOldGen       total 218112K, used 93759K [0x00000000e0000000, 0x00000000ed500000, 0x00000000f5580000)
  object space 218112K, 42% used [0x00000000e0000000,0x00000000e5b8fd60,0x00000000ed500000)
 Metaspace       used 83452K, capacity 91636K, committed 95576K, reserved 1132544K
  class space    used 10293K, capacity 12193K, committed 12672K, reserved 1048576K
}
Event: 9994.658 GC heap before
{Heap before GC invocations=137 (full 8):
 PSYoungGen      total 134144K, used 102647K [0x00000000f5580000, 0x00000000ffd80000, 0x0000000100000000)
  eden space 97792K, 100% used [0x00000000f5580000,0x00000000fb500000,0x00000000fb500000)
  from space 36352K, 13% used [0x00000000fd880000,0x00000000fdd3de70,0x00000000ffc00000)
  to   space 36352K, 0% used [0x00000000fb500000,0x00000000fb500000,0x00000000fd880000)
 ParOldGen       total 218112K, used 93759K [0x00000000e0000000, 0x00000000ed500000, 0x00000000f5580000)
  object space 218112K, 42% used [0x00000000e0000000,0x00000000e5b8fd60,0x00000000ed500000)
 Metaspace       used 84224K, capacity 92448K, committed 95576K, reserved 1132544K
  class space    used 10376K, capacity 12297K, committed 12672K, reserved 1048576K
Event: 9994.681 GC heap after
Heap after GC invocations=137 (full 8):
 PSYoungGen      total 134144K, used 17627K [0x00000000f5580000, 0x00000000ffe00000, 0x0000000100000000)
  eden space 97792K, 0% used [0x00000000f5580000,0x00000000f5580000,0x00000000fb500000)
  from space 36352K, 48% used [0x00000000fb500000,0x00000000fc636ec0,0x00000000fd880000)
  to   space 35328K, 0% used [0x00000000fdb80000,0x00000000fdb80000,0x00000000ffe00000)
 ParOldGen       total 218112K, used 94986K [0x00000000e0000000, 0x00000000ed500000, 0x00000000f5580000)
  object space 218112K, 43% used [0x00000000e0000000,0x00000000e5cc2860,0x00000000ed500000)
 Metaspace       used 84224K, capacity 92448K, committed 95576K, reserved 1132544K
  class space    used 10376K, capacity 12297K, committed 12672K, reserved 1048576K
}
Event: 9996.566 GC heap before
{Heap before GC invocations=138 (full 8):
 PSYoungGen      total 134144K, used 115419K [0x00000000f5580000, 0x00000000ffe00000, 0x0000000100000000)
  eden space 97792K, 100% used [0x00000000f5580000,0x00000000fb500000,0x00000000fb500000)
  from space 36352K, 48% used [0x00000000fb500000,0x00000000fc636ec0,0x00000000fd880000)
  to   space 35328K, 0% used [0x00000000fdb80000,0x00000000fdb80000,0x00000000ffe00000)
 ParOldGen       total 218112K, used 94986K [0x00000000e0000000, 0x00000000ed500000, 0x00000000f5580000)
  object space 218112K, 43% used [0x00000000e0000000,0x00000000e5cc2860,0x00000000ed500000)
 Metaspace       used 84240K, capacity 92448K, committed 95576K, reserved 1132544K
  class space    used 10376K, capacity 12297K, committed 12672K, reserved 1048576K
Event: 9996.577 GC heap after
Heap after GC invocations=138 (full 8):
 PSYoungGen      total 137728K, used 4399K [0x00000000f5580000, 0x00000000ffe00000, 0x0000000100000000)
  eden space 102400K, 0% used [0x00000000f5580000,0x00000000f5580000,0x00000000fb980000)
  from space 35328K, 12% used [0x00000000fdb80000,0x00000000fdfcbf08,0x00000000ffe00000)
  to   space 34816K, 0% used [0x00000000fb980000,0x00000000fb980000,0x00000000fdb80000)
 ParOldGen       total 218112K, used 97953K [0x00000000e0000000, 0x00000000ed500000, 0x00000000f5580000)
  object space 218112K, 44% used [0x00000000e0000000,0x00000000e5fa8540,0x00000000ed500000)
 Metaspace       used 84240K, capacity 92448K, committed 95576K, reserved 1132544K
  class space    used 10376K, capacity 12297K, committed 12672K, reserved 1048576K
}
Event: 10022.991 GC heap before
{Heap before GC invocations=139 (full 8):
 PSYoungGen      total 137728K, used 106799K [0x00000000f5580000, 0x00000000ffe00000, 0x0000000100000000)
  eden space 102400K, 100% used [0x00000000f5580000,0x00000000fb980000,0x00000000fb980000)
  from space 35328K, 12% used [0x00000000fdb80000,0x00000000fdfcbf08,0x00000000ffe00000)
  to   space 34816K, 0% used [0x00000000fb980000,0x00000000fb980000,0x00000000fdb80000)
 ParOldGen       total 218112K, used 97953K [0x00000000e0000000, 0x00000000ed500000, 0x00000000f5580000)
  object space 218112K, 44% used [0x00000000e0000000,0x00000000e5fa8540,0x00000000ed500000)
 Metaspace       used 84310K, capacity 92592K, committed 95576K, reserved 1132544K
  class space    used 10389K, capacity 12341K, committed 12672K, reserved 1048576K
Event: 10023.008 GC heap after
Heap after GC invocations=139 (full 8):
 PSYoungGen      total 137216K, used 4128K [0x00000000f5580000, 0x00000000fff80000, 0x0000000100000000)
  eden space 102400K, 0% used [0x00000000f5580000,0x00000000f5580000,0x00000000fb980000)
  from space 34816K, 11% used [0x00000000fb980000,0x00000000fbd88000,0x00000000fdb80000)
  to   space 34816K, 0% used [0x00000000fdd80000,0x00000000fdd80000,0x00000000fff80000)
 ParOldGen       total 218112K, used 98861K [0x00000000e0000000, 0x00000000ed500000, 0x00000000f5580000)
  object space 218112K, 45% used [0x00000000e0000000,0x00000000e608b4f0,0x00000000ed500000)
 Metaspace       used 84310K, capacity 92592K, committed 95576K, reserved 1132544K
  class space    used 10389K, capacity 12341K, committed 12672K, reserved 1048576K
}
Event: 10024.338 GC heap before
{Heap before GC invocations=140 (full 8):
 PSYoungGen      total 137216K, used 106528K [0x00000000f5580000, 0x00000000fff80000, 0x0000000100000000)
  eden space 102400K, 100% used [0x00000000f5580000,0x00000000fb980000,0x00000000fb980000)
  from space 34816K, 11% used [0x00000000fb980000,0x00000000fbd88000,0x00000000fdb80000)
  to   space 34816K, 0% used [0x00000000fdd80000,0x00000000fdd80000,0x00000000fff80000)
 ParOldGen       total 218112K, used 98861K [0x00000000e0000000, 0x00000000ed500000, 0x00000000f5580000)
  object space 218112K, 45% used [0x00000000e0000000,0x00000000e608b4f0,0x00000000ed500000)
 Metaspace       used 85057K, capacity 93404K, committed 95576K, reserved 1132544K
  class space    used 10472K, capacity 12445K, committed 12672K, reserved 1048576K
Event: 10024.380 GC heap after
Heap after GC invocations=140 (full 8):
 PSYoungGen      total 131584K, used 30661K [0x00000000f5580000, 0x0000000100000000, 0x0000000100000000)
  eden space 96768K, 0% used [0x00000000f5580000,0x00000000f5580000,0x00000000fb400000)
  from space 34816K, 88% used [0x00000000fdd80000,0x00000000ffb717d0,0x00000000fff80000)
  to   space 38912K, 0% used [0x00000000fb400000,0x00000000fb400000,0x00000000fda00000)
 ParOldGen       total 218112K, used 102616K [0x00000000e0000000, 0x00000000ed500000, 0x00000000f5580000)
  object space 218112K, 47% used [0x00000000e0000000,0x00000000e64360b0,0x00000000ed500000)
 Metaspace       used 85057K, capacity 93404K, committed 95576K, reserved 1132544K
  class space    used 10472K, capacity 12445K, committed 12672K, reserved 1048576K
}

Deoptimization events (10 events):
Event: 9993.492 Thread 0x0000000019c94800 Uncommon trap: reason=null_check action=make_not_entrant pc=0x000000000610e95c method=org.gradle.api.internal.project.taskfactory.InputPropertyAnnotationHandler.attachActions(Lorg/gradle/api/internal/project/taskfactory/TaskPropertyActionContext;)V @ 36
Event: 9993.536 Thread 0x0000000019c94800 Uncommon trap: reason=bimorphic action=maybe_recompile pc=0x00000000078c8f70 method=com.sun.org.apache.xerces.internal.dom.ElementImpl.getAttributes()Lorg/w3c/dom/NamedNodeMap; @ 8
Event: 9995.956 Thread 0x0000000018222800 Uncommon trap: reason=unstable_if action=reinterpret pc=0x000000000505d618 method=java.util.concurrent.locks.LockSupport.unpark(Ljava/lang/Thread;)V @ 1
Event: 9997.554 Thread 0x0000000016df4800 Uncommon trap: reason=class_check action=maybe_recompile pc=0x00000000033fa700 method=java.lang.Throwable.<init>(Ljava/lang/String;Ljava/lang/Throwable;)V @ 24
Event: 9997.554 Thread 0x0000000016df4800 Uncommon trap: reason=class_check action=maybe_recompile pc=0x00000000033fa700 method=java.lang.Throwable.<init>(Ljava/lang/String;Ljava/lang/Throwable;)V @ 24
Event: 10002.403 Thread 0x0000000016df4800 Uncommon trap: reason=unstable_if action=reinterpret pc=0x00000000061df110 method=org.gradle.internal.logging.events.LogEvent.render(Lorg/gradle/internal/logging/text/StyledTextOutput;)V @ 22
Event: 10002.421 Thread 0x0000000019c94800 Uncommon trap: reason=class_check action=maybe_recompile pc=0x0000000005f15900 method=java.util.Formatter$FormatSpecifier.print(Ljava/lang/Object;Ljava/util/Locale;)V @ 201
Event: 10002.421 Thread 0x0000000019c94800 Uncommon trap: reason=bimorphic action=maybe_recompile pc=0x000000000446329c method=org.gradle.internal.logging.text.AbstractStyledTextOutput.text(Ljava/lang/Object;)Lorg/gradle/internal/logging/text/StyledTextOutput; @ 11
Event: 10002.505 Thread 0x0000000019c8c800 Uncommon trap: reason=unstable_if action=reinterpret pc=0x0000000006ab271c method=java.io.ObjectOutputStream.writeObject0(Ljava/lang/Object;Z)V @ 498
Event: 10022.630 Thread 0x0000000019c94800 Uncommon trap: reason=bimorphic action=maybe_recompile pc=0x00000000078c8f70 method=com.sun.org.apache.xerces.internal.dom.ElementImpl.getAttributes()Lorg/w3c/dom/NamedNodeMap; @ 8

Classes redefined (0 events):
No events

Internal exceptions (10 events):
Event: 9993.004 Thread 0x0000000019c94800 Exception <a 'java/lang/ClassNotFoundException': sync_local_repo3068_2nw4myj8u0rqhpev6hlmmy4uoBeanInfo> (0x00000000f9386a18) thrown at [D:\src\AOSP-openjdk-cygwin\jdk8u\hotspot\src\share\vm\classfile\systemDictionary.cpp, line 210]
Event: 9993.004 Thread 0x0000000019c94800 Exception <a 'java/lang/ClassNotFoundException': sync_local_repo3068_2nw4myj8u0rqhpev6hlmmy4uoCustomizer> (0x00000000f9391250) thrown at [D:\src\AOSP-openjdk-cygwin\jdk8u\hotspot\src\share\vm\classfile\systemDictionary.cpp, line 210]
Event: 9996.633 Thread 0x000000001f466800 Exception <a 'sun/nio/fs/WindowsException'> (0x00000000f594ea70) thrown at [D:\src\AOSP-openjdk-cygwin\jdk8u\hotspot\src\share\vm\prims\jni.cpp, line 709]
Event: 9996.640 Thread 0x0000000016df7000 Exception <a 'sun/nio/fs/WindowsException'> (0x00000000f5584258) thrown at [D:\src\AOSP-openjdk-cygwin\jdk8u\hotspot\src\share\vm\prims\jni.cpp, line 709]
Event: 9996.648 Thread 0x0000000016df8800 Exception <a 'sun/nio/fs/WindowsException'> (0x00000000f55bf578) thrown at [D:\src\AOSP-openjdk-cygwin\jdk8u\hotspot\src\share\vm\prims\jni.cpp, line 709]
Event: 10002.467 Thread 0x0000000019c94800 Exception <a 'sun/nio/fs/WindowsException'> (0x00000000f6e3eb58) thrown at [D:\src\AOSP-openjdk-cygwin\jdk8u\hotspot\src\share\vm\prims\jni.cpp, line 709]
Event: 10002.507 Thread 0x0000000019c8c800 Exception <a 'java/lang/NoSuchMethodError': <clinit>> (0x00000000f70e04a8) thrown at [D:\src\AOSP-openjdk-cygwin\jdk8u\hotspot\src\share\vm\prims\jni.cpp, line 1613]
Event: 10022.112 Thread 0x0000000019c94800 Exception <a 'java/lang/ClassNotFoundException': sync_local_repo13645_53c8rmyb2qxgdtle4t97vnhoyBeanInfo> (0x00000000f7472b40) thrown at [D:\src\AOSP-openjdk-cygwin\jdk8u\hotspot\src\share\vm\classfile\systemDictionary.cpp, line 210]
Event: 10022.112 Thread 0x0000000019c94800 Exception <a 'java/lang/ClassNotFoundException': sync_local_repo13645_53c8rmyb2qxgdtle4t97vnhoyCustomizer> (0x00000000f747d598) thrown at [D:\src\AOSP-openjdk-cygwin\jdk8u\hotspot\src\share\vm\classfile\systemDictionary.cpp, line 210]
Event: 10025.875 Thread 0x0000000018224000 Exception <a 'sun/nio/fs/WindowsException'> (0x00000000f8a47d08) thrown at [D:\src\AOSP-openjdk-cygwin\jdk8u\hotspot\src\share\vm\prims\jni.cpp, line 709]

Events (10 events):
Event: 10025.091 Thread 0x0000000015620000 flushing nmethod 0x000000000610dfd0
Event: 10025.094 Thread 0x0000000015620000 flushing nmethod 0x0000000006621b10
Event: 10025.184 Thread 0x000000001561a000 flushing nmethod 0x0000000007825f90
Event: 10025.186 Thread 0x000000001561a000 flushing nmethod 0x0000000007ad5710
Event: 10025.385 Thread 0x0000000018223000 Thread added: 0x0000000018223000
Event: 10025.808 Executing VM operation: RevokeBias
Event: 10025.808 Executing VM operation: RevokeBias done
Event: 10025.816 Thread 0x0000000018224000 Thread added: 0x0000000018224000
Event: 10025.817 Thread 0x0000000016df2800 Thread added: 0x0000000016df2800
Event: 10025.819 Thread 0x0000000016df4000 Thread added: 0x0000000016df4000


Dynamic libraries:
0x00007ff72e9c0000 - 0x00007ff72e9f1000 	X:\Program Files\Android\Android Studio2\jre\bin\java.exe
0x00007ffc1f1f0000 - 0x00007ffc1f3c2000 	X:\Windows\SYSTEM32\ntdll.dll
0x00007ffc1ecb0000 - 0x00007ffc1ed5c000 	X:\Windows\System32\KERNEL32.DLL
0x00007ffc1c4b0000 - 0x00007ffc1c6cd000 	X:\Windows\System32\KERNELBASE.dll
0x00007ffc1ed80000 - 0x00007ffc1ee22000 	X:\Windows\System32\ADVAPI32.dll
0x00007ffc1e5d0000 - 0x00007ffc1e66e000 	X:\Windows\System32\msvcrt.dll
0x00007ffc1c780000 - 0x00007ffc1c7d9000 	X:\Windows\System32\sechost.dll
0x00007ffc1cd20000 - 0x00007ffc1ce41000 	X:\Windows\System32\RPCRT4.dll
0x00007ffc1cf50000 - 0x00007ffc1d0b5000 	X:\Windows\System32\USER32.dll
0x00007ffc1bc00000 - 0x00007ffc1bc1e000 	X:\Windows\System32\win32u.dll
0x00007ffc1e6d0000 - 0x00007ffc1e704000 	X:\Windows\System32\GDI32.dll
0x00007ffc1ba30000 - 0x00007ffc1bbb0000 	X:\Windows\System32\gdi32full.dll
0x00007ffc0e180000 - 0x00007ffc0e3fa000 	X:\Windows\WinSxS\amd64_microsoft.windows.common-controls_6595b64144ccf1df_6.0.14393.953_none_42151e83c686086b\COMCTL32.dll
0x00007ffc1c7e0000 - 0x00007ffc1caa8000 	X:\Windows\System32\combase.dll
0x00007ffc1b6f0000 - 0x00007ffc1b7e5000 	X:\Windows\System32\ucrtbase.dll
0x00007ffc1b7f0000 - 0x00007ffc1b85a000 	X:\Windows\System32\bcryptPrimitives.dll
0x00007ffc1f120000 - 0x00007ffc1f14e000 	X:\Windows\System32\IMM32.DLL
0x000000006af70000 - 0x000000006b042000 	X:\Program Files\Android\Android Studio2\jre\jre\bin\msvcr100.dll
0x0000000069ae0000 - 0x000000006a31e000 	X:\Program Files\Android\Android Studio2\jre\jre\bin\server\jvm.dll
0x00007ffc1cc50000 - 0x00007ffc1cc58000 	X:\Windows\System32\PSAPI.DLL
0x00007ffc19ab0000 - 0x00007ffc19ad3000 	X:\Windows\SYSTEM32\WINMM.dll
0x00007ffc168f0000 - 0x00007ffc168fa000 	X:\Windows\SYSTEM32\VERSION.dll
0x00007ffbfc970000 - 0x00007ffbfc979000 	X:\Windows\SYSTEM32\WSOCK32.dll
0x00007ffc196b0000 - 0x00007ffc196db000 	X:\Windows\SYSTEM32\WINMMBASE.dll
0x00007ffc1ef60000 - 0x00007ffc1efca000 	X:\Windows\System32\WS2_32.dll
0x00007ffc1bbb0000 - 0x00007ffc1bbf2000 	X:\Windows\System32\cfgmgr32.dll
0x00007ffc188f0000 - 0x00007ffc188ff000 	X:\Program Files\Android\Android Studio2\jre\jre\bin\verify.dll
0x00007ffc0df50000 - 0x00007ffc0df79000 	X:\Program Files\Android\Android Studio2\jre\jre\bin\java.dll
0x00007ffc0e5a0000 - 0x00007ffc0e5b6000 	X:\Program Files\Android\Android Studio2\jre\jre\bin\zip.dll
0x00007ffc1d0c0000 - 0x00007ffc1e5c8000 	X:\Windows\System32\SHELL32.dll
0x00007ffc1bcd0000 - 0x00007ffc1c3a8000 	X:\Windows\System32\windows.storage.dll
0x00007ffc1b690000 - 0x00007ffc1b6dc000 	X:\Windows\System32\powrprof.dll
0x00007ffc1e670000 - 0x00007ffc1e6c2000 	X:\Windows\System32\shlwapi.dll
0x00007ffc1b680000 - 0x00007ffc1b68f000 	X:\Windows\System32\kernel.appcore.dll
0x00007ffc1c6d0000 - 0x00007ffc1c779000 	X:\Windows\System32\shcore.dll
0x00007ffc1b660000 - 0x00007ffc1b674000 	X:\Windows\System32\profapi.dll
0x00007ffc0e110000 - 0x00007ffc0e12a000 	X:\Program Files\Android\Android Studio2\jre\jre\bin\net.dll
0x00007ffc1af30000 - 0x00007ffc1af8c000 	X:\Windows\system32\mswsock.dll
0x00007ffc0dde0000 - 0x00007ffc0ddf1000 	X:\Program Files\Android\Android Studio2\jre\jre\bin\nio.dll
0x00007ffc0d120000 - 0x00007ffc0d13e000 	X:\Users\asd\.gradle\native\25\windows-amd64\native-platform.dll
0x00007ffc0e670000 - 0x00007ffc0e67d000 	X:\Program Files\Android\Android Studio2\jre\jre\bin\management.dll
0x00007ffc1b0e0000 - 0x00007ffc1b0f7000 	X:\Windows\SYSTEM32\CRYPTSP.dll
0x00007ffc1ab30000 - 0x00007ffc1ab63000 	X:\Windows\system32\rsaenh.dll
0x00007ffc1b5b0000 - 0x00007ffc1b5db000 	X:\Windows\SYSTEM32\bcrypt.dll
0x00007ffc1adb0000 - 0x00007ffc1adcf000 	X:\Windows\SYSTEM32\USERENV.dll
0x00007ffc1b0d0000 - 0x00007ffc1b0db000 	X:\Windows\SYSTEM32\CRYPTBASE.dll
0x00007ffc1acb0000 - 0x00007ffc1ace8000 	X:\Windows\SYSTEM32\IPHLPAPI.DLL
0x00007ffc1eca0000 - 0x00007ffc1eca8000 	X:\Windows\System32\NSI.dll
0x00007ffc14cb0000 - 0x00007ffc14cc6000 	X:\Windows\SYSTEM32\dhcpcsvc6.DLL
0x00007ffc15b10000 - 0x00007ffc15b2a000 	X:\Windows\SYSTEM32\dhcpcsvc.DLL
0x00007ffc1a3a0000 - 0x00007ffc1a3d2000 	X:\Windows\SYSTEM32\ntmarta.dll

VM Arguments:
jvm_args: -XX:MaxPermSize=512m -Xmx512m -Dfile.encoding=GBK -Duser.country=CN -Duser.language=zh -Duser.variant 
java_command: org.gradle.launcher.daemon.bootstrap.GradleDaemon 4.1
java_class_path (initial): X:\Users\asd\.gradle\wrapper\dists\gradle-4.1-all\bzyivzo6n839fup2jbap0tjew\gradle-4.1\lib\gradle-launcher-4.1.jar
Launcher Type: SUN_STANDARD

Environment Variables:
JAVA_HOME=X:\Program Files\Java\jdk1.7.0_17
CLASSPATH=.;%JAVA_HOME%\lib;%JAVA_HOME%\lib\tools.jar;E:\apache-cxf-2.4.2\lib\cxf-manifest.jar;D:\ant\apache-ant-1.9.9\lib;%CXF_HOME%\lib;%JAVA8_HOME%\lib;%JAVA8_HOME%\lib\tools.jar
PATH=X:\ProgramData\Oracle\Java\javapath\;X:\Windows\system32\;X:\Windows\;X:\Windows\System32\Wbem\;X:\Windows\System32\WindowsPowerShell\v1.0\;X:\Program Files (x86)\Java\jdk1.8.0_60\bin\;X:\Program Files (x86)\Java\jdk1.8.0_60\jre\bin;x:\Program Files (x86)\NVIDIA Corporation\PhysX\Common\;E:\mysql-5.6.34-winx64\bin\;x:\Program Files (x86)\Microsoft SQL Server\100\Tools\Binn\;x:\Program Files\Microsoft SQL Server\100\Tools\Binn\;x:\Program Files\Microsoft SQL Server\100\DTS\Binn\;X:\Program Files\Microsoft SQL Server\110\Tools\Binn\;X:\Program Files (x86)\GtkSharp\2.12\bin;X:\Program Files (x86)\Windows Kits\8.1\Windows Performance Toolkit\;X:\Users\asd\Documents\Tencent Files\312018367\FileRecv\cocos2d-x-2.2.6;X:\Program Files (x86)\PCL 1.7.2\bin;X:\Program Files (x86)\PCL 1.7.2\3rdParty\FLANN\bin;X:\Program Files (x86)\PCL 1.7.2\3rdParty\Qhull\bin;X:\Program Files (x86)\PCL 1.7.2\3rdParty\VTK\bin;X:\ProgramData\Microsoft\Windows\Start Menu\Programs\MySQL\MySQL Server 5.6;X:\Program Files (x86)\Java\jdk1.8.0_60\jre;X:\Program Files (x86)\Java\jdk1.8.0_60\bin;X:\Program Files\MySQL\MySQL Utilities 1.6\;X:\ProgramData\Microsoft\Windows\Start Menu\Programs\MySQL\MySQL Server 5.6;X:\Program Files\OpenNI\Bin;X:\Windows\system32\config\systemprofile\.dnx\bin;X:\Program Files\Microsoft DNX\Dnvm\;X:\Program Files\Microsoft SQL Server\120\Tools\Binn\;X:\Program Files\Microsoft SQL Server\130\Tools\Binn\;X:\Program Files\TortoiseSVN\bin;D:\cxf\apache-cxf-2.4.2\bin;x:\Program Files\Git\cmd;%GRADLE_HOME%\bin;X:\Users\asd\AppData\Local\Android\sdk\platforms;X:\Users\asd\AppData\Local\Android\sdk\tools;%SDK_HOME%\tools;%SDK_HOME%\platform-tools;C:\Users\cocos\frameworks\cocos2d-x-3.7\tools\cocos2d-console\bin;E:\BaiduYunDownload\cocos2d-x-3.13.1\templates;E:\BaiduYunDownload\cocos2d-x-3.13.1\tools\cocos2d-console\bin;X:\Users\asd\AppData\Local\Microsoft\WindowsApps;X:\Users\asd\AppData\Roaming\Microsoft\Windows\Start Menu\Programs\Python 3.5£»
USERNAME=asd
OS=Windows_NT
PROCESSOR_IDENTIFIER=Intel64 Family 6 Model 60 Stepping 3, GenuineIntel



---------------  S Y S T E M  ---------------

OS: Windows 10.0 , 64 bit Build 14393 (10.0.14393.1198)

CPU:total 4 (initial active 4) (2 cores per cpu, 2 threads per core) family 6 model 60 stepping 3, cmov, cx8, fxsr, mmx, sse, sse2, sse3, ssse3, sse4.1, sse4.2, popcnt, avx, avx2, aes, clmul, erms, lzcnt, ht, tsc, tscinvbit, bmi1, bmi2

Memory: 4k page, physical 4119916k(176004k free), swap 5774272k(4032k free)

vm_info: OpenJDK 64-Bit Server VM (25.152-b01) for windows-amd64 JRE (1.8.0_152-release-915-b01), built by "builder" with MS VC++ 10.0 (VS2010)

time: Wed Jan 10 19:44:53 2018
elapsed time: 10026 seconds (0d 2h 47m 6s)

