#
# There is insufficient memory for the Java Runtime Environment to continue.
# Native memory allocation (malloc) failed to allocate 1077792 bytes for Chunk::new
# Possible reasons:
#   The system is out of physical RAM or swap space
#   In 32 bit mode, the process size limit was hit
# Possible solutions:
#   Reduce memory load on the system
#   Increase physical memory or swap space
#   Check if swap backing store is full
#   Use 64 bit Java on a 64 bit OS
#   Decrease Java heap size (-Xmx/-Xms)
#   Decrease number of Java threads
#   Decrease Java thread stack sizes (-Xss)
#   Set larger code cache with -XX:ReservedCodeCacheSize=
# This output file may be truncated or incomplete.
#
#  Out of Memory Error (allocation.cpp:390), pid=4628, tid=0x0000000000005654
#
# JRE version: OpenJDK Runtime Environment (8.0_152-b01) (build 1.8.0_152-release-915-b01)
# Java VM: OpenJDK 64-Bit Server VM (25.152-b01 mixed mode windows-amd64 compressed oops)
# Failed to write core dump. Minidumps are not enabled by default on client versions of Windows
#

---------------  T H R E A D  ---------------

Current thread (0x0000000014fb9000):  JavaThread "C2 CompilerThread1" daemon [_thread_in_native, id=22100, stack(0x00000000156b0000,0x00000000157b0000)]

Stack: [0x00000000156b0000,0x00000000157b0000]
[error occurred during error reporting (printing stack bounds), id 0xc0000005]

Native frames: (J=compiled Java code, j=interpreted, Vv=VM code, C=native code)


Current CompileTask:
C2:2290809 17260       4       java.lang.Enum::valueOf (73 bytes)


---------------  P R O C E S S  ---------------

Java Threads: ( => current thread )
  0x000000001b148000 JavaThread "stdout" daemon [_thread_in_native, id=24072, stack(0x000000002be20000,0x000000002bf20000)]
  0x000000001b146800 JavaThread "stderr" daemon [_thread_in_native, id=21796, stack(0x000000002bd20000,0x000000002be20000)]
  0x0000000018076000 JavaThread "stdout" daemon [_thread_in_native, id=24256, stack(0x000000002bc20000,0x000000002bd20000)]
  0x0000000018075000 JavaThread "stderr" daemon [_thread_in_native, id=22200, stack(0x000000002bb20000,0x000000002bc20000)]
  0x0000000018074800 JavaThread "stdout" daemon [_thread_in_native, id=17936, stack(0x000000002ba20000,0x000000002bb20000)]
  0x0000000018073800 JavaThread "stderr" daemon [_thread_in_native, id=24108, stack(0x000000002b920000,0x000000002ba20000)]
  0x0000000018078000 JavaThread "queued-resource-processor_20" daemon [_thread_blocked, id=12188, stack(0x000000002b820000,0x000000002b920000)]
  0x0000000018076800 JavaThread "queued-resource-processor_19" daemon [_thread_blocked, id=24216, stack(0x000000002b720000,0x000000002b820000)]
  0x0000000014ffc800 JavaThread "queued-resource-processor_18" daemon [_thread_blocked, id=24444, stack(0x000000002b620000,0x000000002b720000)]
  0x0000000014ffc000 JavaThread "queued-resource-processor_17" daemon [_thread_blocked, id=22412, stack(0x000000002b520000,0x000000002b620000)]
  0x0000000014ffb000 JavaThread "ForkJoinPool.commonPool-worker-0" daemon [_thread_blocked, id=18784, stack(0x000000002b420000,0x000000002b520000)]
  0x0000000014ff9000 JavaThread "ForkJoinPool.commonPool-worker-3" daemon [_thread_blocked, id=1148, stack(0x000000002b320000,0x000000002b420000)]
  0x0000000014ff1000 JavaThread "ForkJoinPool.commonPool-worker-2" daemon [_thread_blocked, id=21168, stack(0x000000002b220000,0x000000002b320000)]
  0x0000000014ff0800 JavaThread "ForkJoinPool.commonPool-worker-1" daemon [_thread_blocked, id=21716, stack(0x000000002b120000,0x000000002b220000)]
  0x0000000014ff3800 JavaThread "Cache worker for Java compile cache (X:\Users\asd\Clock\.gradle\4.1\javaCompile)" [_thread_blocked, id=24212, stack(0x000000002b020000,0x000000002b120000)]
  0x0000000014fef800 JavaThread "Task worker for ':' Thread 3" [_thread_blocked, id=21516, stack(0x000000002af20000,0x000000002b020000)]
  0x0000000014ff3000 JavaThread "Task worker for ':' Thread 2" [_thread_blocked, id=24412, stack(0x000000002ae20000,0x000000002af20000)]
  0x0000000014fee000 JavaThread "Task worker for ':'" [_thread_blocked, id=11584, stack(0x000000002ad20000,0x000000002ae20000)]
  0x000000001af5a800 JavaThread "Cache worker for task history cache (X:\Users\asd\Clock\.gradle\4.1\taskHistory)" [_thread_blocked, id=4728, stack(0x000000002ac20000,0x000000002ad20000)]
  0x000000001af53000 JavaThread "Cache worker for file content cache (X:\Users\asd\Clock\.gradle\4.1\fileContent)" [_thread_blocked, id=9880, stack(0x000000002ab20000,0x000000002ac20000)]
  0x000000001af58000 JavaThread "build operations Thread 4" [_thread_blocked, id=8656, stack(0x000000002aa20000,0x000000002ab20000)]
  0x000000001af56000 JavaThread "build operations Thread 3" [_thread_blocked, id=22132, stack(0x000000002a920000,0x000000002aa20000)]
  0x000000001af56800 JavaThread "build operations Thread 2" [_thread_blocked, id=24416, stack(0x000000002a820000,0x000000002a920000)]
  0x000000001af59800 JavaThread "build operations" [_thread_blocked, id=24236, stack(0x000000002a720000,0x000000002a820000)]
  0x000000001af55000 JavaThread "Cache worker for Artifact transforms cache (X:\Users\asd\.gradle\caches\transforms-1)" [_thread_blocked, id=20768, stack(0x000000002a620000,0x000000002a720000)]
  0x000000001af53800 JavaThread "Cache worker for file hash cache (X:\Users\asd\Clock\.gradle\4.1\fileHashes)" [_thread_blocked, id=21124, stack(0x000000002a520000,0x000000002a620000)]
  0x000000001af57800 JavaThread "Stdin handler" [_thread_blocked, id=24192, stack(0x000000002a420000,0x000000002a520000)]
  0x000000001af4b800 JavaThread "Asynchronous log dispatcher for DefaultDaemonConnection: socket connection from /127.0.0.1:59644 to /127.0.0.1:62033" [_thread_blocked, id=24180, stack(0x000000002a320000,0x000000002a420000)]
  0x000000001af51800 JavaThread "Daemon worker Thread 4" [_thread_blocked, id=24368, stack(0x000000002a220000,0x000000002a320000)]
  0x000000001af4e800 JavaThread "Cancel handler" [_thread_blocked, id=24076, stack(0x000000002a120000,0x000000002a220000)]
  0x000000001af4d000 JavaThread "Handler for socket connection from /127.0.0.1:59644 to /127.0.0.1:62033" [_thread_in_native, id=24168, stack(0x000000002a020000,0x000000002a120000)]
  0x000000001af50800 JavaThread "Daemon Thread 4" [_thread_blocked, id=20976, stack(0x0000000029f20000,0x000000002a020000)]
  0x0000000018079000 JavaThread "Memory manager" [_thread_blocked, id=21948, stack(0x000000001ec10000,0x000000001ed10000)]
  0x0000000016d8e000 JavaThread "File lock request listener" [_thread_in_native, id=21364, stack(0x0000000019220000,0x0000000019320000)]
  0x0000000016734000 JavaThread "Cache worker for file hash cache (X:\Users\asd\.gradle\caches\4.1\fileHashes)" [_thread_blocked, id=18464, stack(0x0000000019120000,0x0000000019220000)]
  0x0000000016f91000 JavaThread "Daemon periodic checks" [_thread_blocked, id=21400, stack(0x0000000018620000,0x0000000018720000)]
  0x0000000016711000 JavaThread "Incoming local TCP Connector on port 59644" [_thread_in_native, id=20892, stack(0x0000000017280000,0x0000000017380000)]
  0x0000000015033800 JavaThread "Service Thread" daemon [_thread_blocked, id=21804, stack(0x00000000158b0000,0x00000000159b0000)]
  0x0000000014fbf800 JavaThread "C1 CompilerThread2" daemon [_thread_blocked, id=14348, stack(0x00000000157b0000,0x00000000158b0000)]
=>0x0000000014fb9000 JavaThread "C2 CompilerThread1" daemon [_thread_in_native, id=22100, stack(0x00000000156b0000,0x00000000157b0000)]
  0x0000000013cac000 JavaThread "C2 CompilerThread0" daemon [_thread_blocked, id=21620, stack(0x00000000155b0000,0x00000000156b0000)]
  0x0000000013caa000 JavaThread "Attach Listener" daemon [_thread_blocked, id=21056, stack(0x00000000154b0000,0x00000000155b0000)]
  0x0000000013c60000 JavaThread "Signal Dispatcher" daemon [_thread_blocked, id=20428, stack(0x00000000153b0000,0x00000000154b0000)]
  0x0000000013c38000 JavaThread "Finalizer" daemon [_thread_blocked, id=20152, stack(0x0000000014eb0000,0x0000000014fb0000)]
  0x0000000002823800 JavaThread "Reference Handler" daemon [_thread_blocked, id=17480, stack(0x0000000014db0000,0x0000000014eb0000)]
  0x0000000002733800 JavaThread "main" [_thread_blocked, id=17900, stack(0x0000000002630000,0x0000000002730000)]

Other Threads:
  0x0000000013c16800 VMThread [stack: 0x0000000014cb0000,0x0000000014db0000] [id=20696]
  0x0000000015036800 WatcherThread [stack: 0x00000000159b0000,0x0000000015ab0000] [id=21424]

VM state:not at safepoint (normal execution)

VM Mutex/Monitor currently owned by a thread: None

Heap:
 PSYoungGen      total 139776K, used 14119K [0x00000000f5580000, 0x0000000100000000, 0x0000000100000000)
  eden space 103424K, 0% used [0x00000000f5580000,0x00000000f5635380,0x00000000fba80000)
  from space 36352K, 36% used [0x00000000fdc80000,0x00000000fe994978,0x0000000100000000)
  to   space 34816K, 0% used [0x00000000fba80000,0x00000000fba80000,0x00000000fdc80000)
 ParOldGen       total 143360K, used 62142K [0x00000000e0000000, 0x00000000e8c00000, 0x00000000f5580000)
  object space 143360K, 43% used [0x00000000e0000000,0x00000000e3cafba8,0x00000000e8c00000)
 Metaspace       used 74970K, capacity 78414K, committed 79832K, reserved 1118208K
  class space    used 9374K, capacity 10170K, committed 10496K, reserved 1048576K

Card table byte_map: [0x0000000011bf0000,0x0000000011d00000] byte_map_base: 0x00000000114f0000

Marking Bits: (ParMarkBitMap*) 0x000000005a363950
 Begin Bits: [0x00000000121b0000, 0x00000000129b0000)
 End Bits:   [0x00000000129b0000, 0x00000000131b0000)

Polling page: 0x0000000000bb0000

CodeCache: size=245760Kb used=51139Kb max_used=51149Kb free=194620Kb
 bounds [0x0000000002830000, 0x0000000005a70000, 0x0000000011830000]
 total_blobs=14634 nmethods=13798 adapters=748
 compilation: enabled

Compilation events (10 events):
Event: 2290.386 Thread 0x0000000013cac000 17292       4       com.google.common.cache.LocalCache::rehash (49 bytes)
Event: 2290.387 Thread 0x0000000013cac000 nmethod 17292 0x0000000003e16c90 code [0x0000000003e16dc0, 0x0000000003e16e58]
Event: 2290.390 Thread 0x0000000014fbf800 17293       1       org.gradle.api.internal.project.taskfactory.AnnotationProcessingTaskFactory$1::isSatisfiedBy (2 bytes)
Event: 2290.390 Thread 0x0000000014fbf800 nmethod 17293 0x0000000005a5c250 code [0x0000000005a5c3a0, 0x0000000005a5c4b0]
Event: 2290.405 Thread 0x0000000014fbf800 17294       3       com.google.common.collect.ImmutableEnumSet::contains (9 bytes)
Event: 2290.405 Thread 0x0000000013cac000 17295       4       com.google.common.collect.Iterators$8::next (25 bytes)
Event: 2290.405 Thread 0x0000000014fbf800 nmethod 17294 0x0000000005a67f50 code [0x0000000005a680c0, 0x0000000005a682e8]
Event: 2290.405 Thread 0x0000000013cac000 nmethod 17295 0x00000000042bac10 code [0x00000000042bad40, 0x00000000042badd8]
Event: 2290.513 Thread 0x0000000014fbf800 17296  s!   3       com.google.common.io.FileBackedOutputStream::reset (187 bytes)
Event: 2290.517 Thread 0x0000000014fbf800 nmethod 17296 0x0000000005a69b50 code [0x0000000005a69fc0, 0x0000000005a6d4a8]

GC Heap History (10 events):
Event: 2153.720 GC heap before
{Heap before GC invocations=28 (full 3):
 PSYoungGen      total 135680K, used 128106K [0x00000000f5580000, 0x00000000ff900000, 0x0000000100000000)
  eden space 115200K, 100% used [0x00000000f5580000,0x00000000fc600000,0x00000000fc600000)
  from space 20480K, 63% used [0x00000000fe500000,0x00000000ff19a830,0x00000000ff900000)
  to   space 26112K, 0% used [0x00000000fc600000,0x00000000fc600000,0x00000000fdf80000)
 ParOldGen       total 84992K, used 66702K [0x00000000e0000000, 0x00000000e5300000, 0x00000000f5580000)
  object space 84992K, 78% used [0x00000000e0000000,0x00000000e4123b38,0x00000000e5300000)
 Metaspace       used 76046K, capacity 79538K, committed 79832K, reserved 1118208K
  class space    used 9556K, capacity 10395K, committed 10496K, reserved 1048576K
Event: 2153.785 GC heap after
Heap after GC invocations=28 (full 3):
 PSYoungGen      total 141312K, used 26091K [0x00000000f5580000, 0x0000000100000000, 0x0000000100000000)
  eden space 115200K, 0% used [0x00000000f5580000,0x00000000f5580000,0x00000000fc600000)
  from space 26112K, 99% used [0x00000000fc600000,0x00000000fdf7ace8,0x00000000fdf80000)
  to   space 33280K, 0% used [0x00000000fdf80000,0x00000000fdf80000,0x0000000100000000)
 ParOldGen       total 84992K, used 80468K [0x00000000e0000000, 0x00000000e5300000, 0x00000000f5580000)
  object space 84992K, 94% used [0x00000000e0000000,0x00000000e4e95300,0x00000000e5300000)
 Metaspace       used 76046K, capacity 79538K, committed 79832K, reserved 1118208K
  class space    used 9556K, capacity 10395K, committed 10496K, reserved 1048576K
}
Event: 2153.785 GC heap before
{Heap before GC invocations=29 (full 4):
 PSYoungGen      total 141312K, used 26091K [0x00000000f5580000, 0x0000000100000000, 0x0000000100000000)
  eden space 115200K, 0% used [0x00000000f5580000,0x00000000f5580000,0x00000000fc600000)
  from space 26112K, 99% used [0x00000000fc600000,0x00000000fdf7ace8,0x00000000fdf80000)
  to   space 33280K, 0% used [0x00000000fdf80000,0x00000000fdf80000,0x0000000100000000)
 ParOldGen       total 84992K, used 80468K [0x00000000e0000000, 0x00000000e5300000, 0x00000000f5580000)
  object space 84992K, 94% used [0x00000000e0000000,0x00000000e4e95300,0x00000000e5300000)
 Metaspace       used 76046K, capacity 79538K, committed 79832K, reserved 1118208K
  class space    used 9556K, capacity 10395K, committed 10496K, reserved 1048576K
Event: 2154.411 GC heap after
Heap after GC invocations=29 (full 4):
 PSYoungGen      total 141312K, used 0K [0x00000000f5580000, 0x0000000100000000, 0x0000000100000000)
  eden space 115200K, 0% used [0x00000000f5580000,0x00000000f5580000,0x00000000fc600000)
  from space 26112K, 0% used [0x00000000fc600000,0x00000000fc600000,0x00000000fdf80000)
  to   space 33280K, 0% used [0x00000000fdf80000,0x00000000fdf80000,0x0000000100000000)
 ParOldGen       total 143360K, used 62126K [0x00000000e0000000, 0x00000000e8c00000, 0x00000000f5580000)
  object space 143360K, 43% used [0x00000000e0000000,0x00000000e3cabba8,0x00000000e8c00000)
 Metaspace       used 73204K, capacity 76096K, committed 79832K, reserved 1118208K
  class space    used 9209K, capacity 9897K, committed 10496K, reserved 1048576K
}
Event: 2284.797 GC heap before
{Heap before GC invocations=30 (full 4):
 PSYoungGen      total 141312K, used 115200K [0x00000000f5580000, 0x0000000100000000, 0x0000000100000000)
  eden space 115200K, 100% used [0x00000000f5580000,0x00000000fc600000,0x00000000fc600000)
  from space 26112K, 0% used [0x00000000fc600000,0x00000000fc600000,0x00000000fdf80000)
  to   space 33280K, 0% used [0x00000000fdf80000,0x00000000fdf80000,0x0000000100000000)
 ParOldGen       total 143360K, used 62126K [0x00000000e0000000, 0x00000000e8c00000, 0x00000000f5580000)
  object space 143360K, 43% used [0x00000000e0000000,0x00000000e3cabba8,0x00000000e8c00000)
 Metaspace       used 73930K, capacity 77198K, committed 79832K, reserved 1118208K
  class space    used 9286K, capacity 10060K, committed 10496K, reserved 1048576K
Event: 2284.820 GC heap after
Heap after GC invocations=30 (full 4):
 PSYoungGen      total 139264K, used 9030K [0x00000000f5580000, 0x0000000100000000, 0x0000000100000000)
  eden space 105984K, 0% used [0x00000000f5580000,0x00000000f5580000,0x00000000fbd00000)
  from space 33280K, 27% used [0x00000000fdf80000,0x00000000fe851950,0x0000000100000000)
  to   space 34304K, 0% used [0x00000000fbd00000,0x00000000fbd00000,0x00000000fde80000)
 ParOldGen       total 143360K, used 62126K [0x00000000e0000000, 0x00000000e8c00000, 0x00000000f5580000)
  object space 143360K, 43% used [0x00000000e0000000,0x00000000e3cabba8,0x00000000e8c00000)
 Metaspace       used 73930K, capacity 77198K, committed 79832K, reserved 1118208K
  class space    used 9286K, capacity 10060K, committed 10496K, reserved 1048576K
}
Event: 2287.675 GC heap before
{Heap before GC invocations=31 (full 4):
 PSYoungGen      total 139264K, used 115014K [0x00000000f5580000, 0x0000000100000000, 0x0000000100000000)
  eden space 105984K, 100% used [0x00000000f5580000,0x00000000fbd00000,0x00000000fbd00000)
  from space 33280K, 27% used [0x00000000fdf80000,0x00000000fe851950,0x0000000100000000)
  to   space 34304K, 0% used [0x00000000fbd00000,0x00000000fbd00000,0x00000000fde80000)
 ParOldGen       total 143360K, used 62126K [0x00000000e0000000, 0x00000000e8c00000, 0x00000000f5580000)
  object space 143360K, 43% used [0x00000000e0000000,0x00000000e3cabba8,0x00000000e8c00000)
 Metaspace       used 74491K, capacity 77858K, committed 79832K, reserved 1118208K
  class space    used 9334K, capacity 10135K, committed 10496K, reserved 1048576K
Event: 2287.704 GC heap after
Heap after GC invocations=31 (full 4):
 PSYoungGen      total 131584K, used 25550K [0x00000000f5580000, 0x0000000100000000, 0x0000000100000000)
  eden space 105984K, 0% used [0x00000000f5580000,0x00000000f5580000,0x00000000fbd00000)
  from space 25600K, 99% used [0x00000000fbd00000,0x00000000fd5f3a68,0x00000000fd600000)
  to   space 36352K, 0% used [0x00000000fdc80000,0x00000000fdc80000,0x0000000100000000)
 ParOldGen       total 143360K, used 62134K [0x00000000e0000000, 0x00000000e8c00000, 0x00000000f5580000)
  object space 143360K, 43% used [0x00000000e0000000,0x00000000e3cadba8,0x00000000e8c00000)
 Metaspace       used 74491K, capacity 77858K, committed 79832K, reserved 1118208K
  class space    used 9334K, capacity 10135K, committed 10496K, reserved 1048576K
}
Event: 2290.476 GC heap before
{Heap before GC invocations=32 (full 4):
 PSYoungGen      total 131584K, used 131534K [0x00000000f5580000, 0x0000000100000000, 0x0000000100000000)
  eden space 105984K, 100% used [0x00000000f5580000,0x00000000fbd00000,0x00000000fbd00000)
  from space 25600K, 99% used [0x00000000fbd00000,0x00000000fd5f3a68,0x00000000fd600000)
  to   space 36352K, 0% used [0x00000000fdc80000,0x00000000fdc80000,0x0000000100000000)
 ParOldGen       total 143360K, used 62134K [0x00000000e0000000, 0x00000000e8c00000, 0x00000000f5580000)
  object space 143360K, 43% used [0x00000000e0000000,0x00000000e3cadba8,0x00000000e8c00000)
 Metaspace       used 74969K, capacity 78414K, committed 79832K, reserved 1118208K
  class space    used 9374K, capacity 10170K, committed 10496K, reserved 1048576K
Event: 2290.510 GC heap after
Heap after GC invocations=32 (full 4):
 PSYoungGen      total 139776K, used 13394K [0x00000000f5580000, 0x0000000100000000, 0x0000000100000000)
  eden space 103424K, 0% used [0x00000000f5580000,0x00000000f5580000,0x00000000fba80000)
  from space 36352K, 36% used [0x00000000fdc80000,0x00000000fe994978,0x0000000100000000)
  to   space 34816K, 0% used [0x00000000fba80000,0x00000000fba80000,0x00000000fdc80000)
 ParOldGen       total 143360K, used 62142K [0x00000000e0000000, 0x00000000e8c00000, 0x00000000f5580000)
  object space 143360K, 43% used [0x00000000e0000000,0x00000000e3cafba8,0x00000000e8c00000)
 Metaspace       used 74969K, capacity 78414K, committed 79832K, reserved 1118208K
  class space    used 9374K, capacity 10170K, committed 10496K, reserved 1048576K
}

Deoptimization events (10 events):
Event: 2158.922 Thread 0x000000001af50800 Uncommon trap: reason=unstable_if action=reinterpret pc=0x0000000003911b24 method=java.lang.ref.SoftReference.get()Ljava/lang/Object; @ 6
Event: 2159.197 Thread 0x000000001af51800 Uncommon trap: reason=unstable_if action=reinterpret pc=0x000000000518ee58 method=java.lang.ref.SoftReference.get()Ljava/lang/Object; @ 6
Event: 2284.220 Thread 0x000000001af51800 Uncommon trap: reason=unstable_if action=reinterpret pc=0x00000000055cd090 method=java.lang.ref.SoftReference.get()Ljava/lang/Object; @ 6
Event: 2284.437 Thread 0x000000001af51800 Uncommon trap: reason=unstable_if action=reinterpret pc=0x0000000003075490 method=java.lang.ref.SoftReference.get()Ljava/lang/Object; @ 6
Event: 2285.067 Thread 0x000000001af56000 Uncommon trap: reason=unstable_if action=reinterpret pc=0x000000000564e64c method=java.util.concurrent.locks.AbstractQueuedSynchronizer.enq(Ljava/util/concurrent/locks/AbstractQueuedSynchronizer$Node;)Ljava/util/concurrent/locks/AbstractQueuedSynchronizer
Event: 2285.849 Thread 0x0000000014ff3000 Uncommon trap: reason=predicate action=maybe_recompile pc=0x0000000004d359d4 method=java.util.TimSort.reverseRange([Ljava/lang/Object;II)V @ 8
Event: 2287.988 Thread 0x0000000014ff3000 Uncommon trap: reason=class_check action=maybe_recompile pc=0x0000000003ddb4e0 method=com.sun.tools.javac.comp.Check.checkConflicts(Lcom/sun/tools/javac/util/JCDiagnostic$DiagnosticPosition;Lcom/sun/tools/javac/code/Symbol;Lcom/sun/tools/javac/code/Symbol
Event: 2289.256 Thread 0x000000001af4b800 Uncommon trap: reason=unstable_if action=reinterpret pc=0x00000000053c12d8 method=org.gradle.internal.remote.internal.inet.SocketConnection$SocketOutputStream.writeWithNonBlockingRetry()I @ 13
Event: 2289.258 Thread 0x000000001af4b800 Uncommon trap: reason=class_check action=maybe_recompile pc=0x00000000055ff8e8 method=java.lang.ThreadLocal.setInitialValue()Ljava/lang/Object; @ 31
Event: 2289.996 Thread 0x0000000014ff0800 Uncommon trap: reason=class_check action=maybe_recompile pc=0x0000000002eb8cdc method=java.io.BufferedOutputStream.write([BII)V @ 20

Classes redefined (0 events):
No events

Internal exceptions (10 events):
Event: 2284.220 Thread 0x000000001af51800 Implicit null exception at 0x00000000055ca670 to 0x00000000055cd075
Event: 2284.250 Thread 0x000000001af51800 Exception <a 'java/lang/NoSuchMethodError': <clinit>> (0x00000000faa9ca40) thrown at [D:\src\AOSP-openjdk-cygwin\jdk8u\hotspot\src\share\vm\prims\jni.cpp, line 1613]
Event: 2284.251 Thread 0x000000001af51800 Exception <a 'java/lang/NoSuchMethodError': <clinit>> (0x00000000faae8320) thrown at [D:\src\AOSP-openjdk-cygwin\jdk8u\hotspot\src\share\vm\prims\jni.cpp, line 1613]
Event: 2284.252 Thread 0x000000001af51800 Exception <a 'java/lang/NoSuchMethodError': <clinit>> (0x00000000faaf1f10) thrown at [D:\src\AOSP-openjdk-cygwin\jdk8u\hotspot\src\share\vm\prims\jni.cpp, line 1613]
Event: 2284.254 Thread 0x000000001af51800 Exception <a 'java/lang/NoSuchMethodError': <clinit>> (0x00000000fab0e700) thrown at [D:\src\AOSP-openjdk-cygwin\jdk8u\hotspot\src\share\vm\prims\jni.cpp, line 1613]
Event: 2284.255 Thread 0x000000001af51800 Exception <a 'java/lang/NoSuchMethodError': <clinit>> (0x00000000fab12358) thrown at [D:\src\AOSP-openjdk-cygwin\jdk8u\hotspot\src\share\vm\prims\jni.cpp, line 1613]
Event: 2284.255 Thread 0x000000001af51800 Exception <a 'java/lang/NoSuchMethodError': <clinit>> (0x00000000fab13e60) thrown at [D:\src\AOSP-openjdk-cygwin\jdk8u\hotspot\src\share\vm\prims\jni.cpp, line 1613]
Event: 2284.462 Thread 0x000000001af51800 Exception <a 'java/lang/ClassNotFoundException': sync_local_repo5296_80getg8ypkvjm0lg1a9y9taf2BeanInfo> (0x00000000fade0808) thrown at [D:\src\AOSP-openjdk-cygwin\jdk8u\hotspot\src\share\vm\classfile\systemDictionary.cpp, line 210]
Event: 2284.462 Thread 0x000000001af51800 Exception <a 'java/lang/ClassNotFoundException': sync_local_repo5296_80getg8ypkvjm0lg1a9y9taf2Customizer> (0x00000000fadeb040) thrown at [D:\src\AOSP-openjdk-cygwin\jdk8u\hotspot\src\share\vm\classfile\systemDictionary.cpp, line 210]
Event: 2289.993 Thread 0x0000000014ff0800 Exception <a 'sun/nio/fs/WindowsException'> (0x00000000fb4809b8) thrown at [D:\src\AOSP-openjdk-cygwin\jdk8u\hotspot\src\share\vm\prims\jni.cpp, line 709]

Events (10 events):
Event: 2290.642 Executing VM operation: RevokeBias
Event: 2290.643 Executing VM operation: RevokeBias done
Event: 2290.643 Executing VM operation: RevokeBias
Event: 2290.643 Executing VM operation: RevokeBias done
Event: 2290.643 Executing VM operation: RevokeBias
Event: 2290.643 Executing VM operation: RevokeBias done
Event: 2290.643 Thread 0x000000001b148800 Thread exited: 0x000000001b148800
Event: 2290.643 Executing VM operation: RevokeBias
Event: 2290.643 Executing VM operation: RevokeBias done
Event: 2290.643 Thread 0x000000001b147000 Thread exited: 0x000000001b147000


Dynamic libraries:
0x00007ff73aaf0000 - 0x00007ff73ab21000 	X:\Program Files\Android\Android Studio2\jre\bin\java.exe
0x00007ffad0a10000 - 0x00007ffad0be2000 	X:\Windows\SYSTEM32\ntdll.dll
0x00007ffacf1b0000 - 0x00007ffacf25c000 	X:\Windows\System32\KERNEL32.DLL
0x00007ffacdd30000 - 0x00007ffacdf4d000 	X:\Windows\System32\KERNELBASE.dll
0x00007ffad0920000 - 0x00007ffad09c2000 	X:\Windows\System32\ADVAPI32.dll
0x00007ffad0810000 - 0x00007ffad08ae000 	X:\Windows\System32\msvcrt.dll
0x00007ffacdfa0000 - 0x00007ffacdff9000 	X:\Windows\System32\sechost.dll
0x00007ffacee80000 - 0x00007ffacefa1000 	X:\Windows\System32\RPCRT4.dll
0x00007ffacefc0000 - 0x00007ffacf125000 	X:\Windows\System32\USER32.dll
0x00007ffacdd10000 - 0x00007ffacdd2e000 	X:\Windows\System32\win32u.dll
0x00007ffad09d0000 - 0x00007ffad0a04000 	X:\Windows\System32\GDI32.dll
0x00007ffaccf80000 - 0x00007ffacd100000 	X:\Windows\System32\gdi32full.dll
0x00007ffabf9b0000 - 0x00007ffabfc2a000 	X:\Windows\WinSxS\amd64_microsoft.windows.common-controls_6595b64144ccf1df_6.0.14393.953_none_42151e83c686086b\COMCTL32.dll
0x00007fface5d0000 - 0x00007fface898000 	X:\Windows\System32\combase.dll
0x00007ffacd250000 - 0x00007ffacd345000 	X:\Windows\System32\ucrtbase.dll
0x00007ffaccf10000 - 0x00007ffaccf7a000 	X:\Windows\System32\bcryptPrimitives.dll
0x00007fface580000 - 0x00007fface5ae000 	X:\Windows\System32\IMM32.DLL
0x000000005aa10000 - 0x000000005aae2000 	X:\Program Files\Android\Android Studio2\jre\jre\bin\msvcr100.dll
0x0000000059ba0000 - 0x000000005a3de000 	X:\Program Files\Android\Android Studio2\jre\jre\bin\server\jvm.dll
0x00007ffacefb0000 - 0x00007ffacefb8000 	X:\Windows\System32\PSAPI.DLL
0x00007ffac8340000 - 0x00007ffac834a000 	X:\Windows\SYSTEM32\VERSION.dll
0x00007ffacaea0000 - 0x00007ffacaec3000 	X:\Windows\SYSTEM32\WINMM.dll
0x00007ffaaa5a0000 - 0x00007ffaaa5a9000 	X:\Windows\SYSTEM32\WSOCK32.dll
0x0000000002180000 - 0x00000000021ab000 	X:\Windows\SYSTEM32\WINMMBASE.dll
0x00007ffacdf50000 - 0x00007ffacdf92000 	X:\Windows\System32\cfgmgr32.dll
0x00007ffacecd0000 - 0x00007ffaced3a000 	X:\Windows\System32\ws2_32.DLL
0x00007ffac8d90000 - 0x00007ffac8d9f000 	X:\Program Files\Android\Android Studio2\jre\jre\bin\verify.dll
0x00007ffac4100000 - 0x00007ffac4129000 	X:\Program Files\Android\Android Studio2\jre\jre\bin\java.dll
0x00007ffac4c20000 - 0x00007ffac4c36000 	X:\Program Files\Android\Android Studio2\jre\jre\bin\zip.dll
0x00007ffacf300000 - 0x00007ffad0808000 	X:\Windows\System32\SHELL32.dll
0x00007ffacd350000 - 0x00007ffacda28000 	X:\Windows\System32\windows.storage.dll
0x00007ffaccea0000 - 0x00007ffacceec000 	X:\Windows\System32\powrprof.dll
0x00007fface220000 - 0x00007fface272000 	X:\Windows\System32\shlwapi.dll
0x00007ffacce90000 - 0x00007ffacce9f000 	X:\Windows\System32\kernel.appcore.dll
0x00007ffacd100000 - 0x00007ffacd1a9000 	X:\Windows\System32\shcore.dll
0x00007ffaccef0000 - 0x00007ffaccf04000 	X:\Windows\System32\profapi.dll
0x00007ffac40e0000 - 0x00007ffac40fa000 	X:\Program Files\Android\Android Studio2\jre\jre\bin\net.dll
0x00007ffacc750000 - 0x00007ffacc7ac000 	X:\Windows\system32\mswsock.dll
0x00007ffac4010000 - 0x00007ffac4021000 	X:\Program Files\Android\Android Studio2\jre\jre\bin\nio.dll
0x00007ffaca9e0000 - 0x00007ffaca9fe000 	X:\Users\asd\.gradle\native\25\windows-amd64\native-platform.dll
0x00007ffac8d80000 - 0x00007ffac8d8d000 	X:\Program Files\Android\Android Studio2\jre\jre\bin\management.dll
0x00007ffacc900000 - 0x00007ffacc917000 	X:\Windows\SYSTEM32\CRYPTSP.dll
0x00007ffacc350000 - 0x00007ffacc383000 	X:\Windows\system32\rsaenh.dll
0x00007ffaccdc0000 - 0x00007ffaccdeb000 	X:\Windows\SYSTEM32\bcrypt.dll
0x00007ffacc5d0000 - 0x00007ffacc5ef000 	X:\Windows\SYSTEM32\USERENV.dll
0x00007ffacc8f0000 - 0x00007ffacc8fb000 	X:\Windows\SYSTEM32\CRYPTBASE.dll
0x00007ffacc4d0000 - 0x00007ffacc508000 	X:\Windows\SYSTEM32\IPHLPAPI.DLL
0x00007ffacf130000 - 0x00007ffacf138000 	X:\Windows\System32\NSI.dll
0x00007ffac6070000 - 0x00007ffac6086000 	X:\Windows\SYSTEM32\dhcpcsvc6.DLL
0x00007ffac73a0000 - 0x00007ffac73ba000 	X:\Windows\SYSTEM32\dhcpcsvc.DLL

VM Arguments:
jvm_args: -XX:MaxPermSize=512m -Xmx512m -Dfile.encoding=GBK -Duser.country=CN -Duser.language=zh -Duser.variant 
java_command: org.gradle.launcher.daemon.bootstrap.GradleDaemon 4.1
java_class_path (initial): X:\Users\asd\.gradle\wrapper\dists\gradle-4.1-all\bzyivzo6n839fup2jbap0tjew\gradle-4.1\lib\gradle-launcher-4.1.jar
Launcher Type: SUN_STANDARD

Environment Variables:
JAVA_HOME=X:\Program Files\Java\jdk1.7.0_17
CLASSPATH=.;%JAVA_HOME%\lib;%JAVA_HOME%\lib\tools.jar;E:\apache-cxf-2.4.2\lib\cxf-manifest.jar;D:\ant\apache-ant-1.9.9\lib;%CXF_HOME%\lib;%JAVA8_HOME%\lib;%JAVA8_HOME%\lib\tools.jar
PATH=X:\ProgramData\Oracle\Java\javapath\;X:\Windows\system32\;X:\Windows\;X:\Windows\System32\Wbem\;X:\Windows\System32\WindowsPowerShell\v1.0\;X:\Program Files (x86)\Java\jdk1.8.0_60\bin\;X:\Program Files (x86)\Java\jdk1.8.0_60\jre\bin;x:\Program Files (x86)\NVIDIA Corporation\PhysX\Common\;E:\mysql-5.6.34-winx64\bin\;x:\Program Files (x86)\Microsoft SQL Server\100\Tools\Binn\;x:\Program Files\Microsoft SQL Server\100\Tools\Binn\;x:\Program Files\Microsoft SQL Server\100\DTS\Binn\;X:\Program Files\Microsoft SQL Server\110\Tools\Binn\;X:\Program Files (x86)\GtkSharp\2.12\bin;X:\Program Files (x86)\Windows Kits\8.1\Windows Performance Toolkit\;X:\Users\asd\Documents\Tencent Files\312018367\FileRecv\cocos2d-x-2.2.6;X:\Program Files (x86)\PCL 1.7.2\bin;X:\Program Files (x86)\PCL 1.7.2\3rdParty\FLANN\bin;X:\Program Files (x86)\PCL 1.7.2\3rdParty\Qhull\bin;X:\Program Files (x86)\PCL 1.7.2\3rdParty\VTK\bin;X:\ProgramData\Microsoft\Windows\Start Menu\Programs\MySQL\MySQL Server 5.6;X:\Program Files (x86)\Java\jdk1.8.0_60\jre;X:\Program Files (x86)\Java\jdk1.8.0_60\bin;X:\Program Files\MySQL\MySQL Utilities 1.6\;X:\ProgramData\Microsoft\Windows\Start Menu\Programs\MySQL\MySQL Server 5.6;X:\Program Files\OpenNI\Bin;X:\Windows\system32\config\systemprofile\.dnx\bin;X:\Program Files\Microsoft DNX\Dnvm\;X:\Program Files\Microsoft SQL Server\120\Tools\Binn\;X:\Program Files\Microsoft SQL Server\130\Tools\Binn\;X:\Program Files\TortoiseSVN\bin;D:\cxf\apache-cxf-2.4.2\bin;x:\Program Files\Git\cmd;%GRADLE_HOME%\bin;X:\Users\asd\AppData\Local\Android\sdk\platforms;X:\Users\asd\AppData\Local\Android\sdk\tools;%SDK_HOME%\tools;%SDK_HOME%\platform-tools;C:\Users\cocos\frameworks\cocos2d-x-3.7\tools\cocos2d-console\bin;E:\BaiduYunDownload\cocos2d-x-3.13.1\templates;E:\BaiduYunDownload\cocos2d-x-3.13.1\tools\cocos2d-console\bin;X:\Users\asd\AppData\Local\Microsoft\WindowsApps;X:\Users\asd\AppData\Roaming\Microsoft\Windows\Start Menu\Programs\Python 3.5£»
USERNAME=asd
OS=Windows_NT
PROCESSOR_IDENTIFIER=Intel64 Family 6 Model 60 Stepping 3, GenuineIntel



---------------  S Y S T E M  ---------------

OS: Windows 10.0 , 64 bit Build 14393 (10.0.14393.1198)

CPU:total 4 (initial active 4) (2 cores per cpu, 2 threads per core) family 6 model 60 stepping 3, cmov, cx8, fxsr, mmx, sse, sse2, sse3, ssse3, sse4.1, sse4.2, popcnt, avx, avx2, aes, clmul, erms, lzcnt, ht, tsc, tscinvbit, bmi1, bmi2

Memory: 4k page, physical 4119916k(169600k free), swap 6137212k(5268k free)

vm_info: OpenJDK 64-Bit Server VM (25.152-b01) for windows-amd64 JRE (1.8.0_152-release-915-b01), built by "builder" with MS VC++ 10.0 (VS2010)

time: Fri Jan 12 12:43:25 2018
elapsed time: 2290 seconds (0d 0h 38m 10s)

