#
# There is insufficient memory for the Java Runtime Environment to continue.
# Native memory allocation (malloc) failed to allocate 1575744 bytes for Chunk::new
# Possible reasons:
#   The system is out of physical RAM or swap space
#   In 32 bit mode, the process size limit was hit
# Possible solutions:
#   Reduce memory load on the system
#   Increase physical memory or swap space
#   Check if swap backing store is full
#   Use 64 bit Java on a 64 bit OS
#   Decrease Java heap size (-Xmx/-Xms)
#   Decrease number of Java threads
#   Decrease Java thread stack sizes (-Xss)
#   Set larger code cache with -XX:ReservedCodeCacheSize=
# This output file may be truncated or incomplete.
#
#  Out of Memory Error (allocation.cpp:390), pid=1144, tid=0x00000000000014fc
#
# JRE version: OpenJDK Runtime Environment (8.0_152-b01) (build 1.8.0_152-release-915-b01)
# Java VM: OpenJDK 64-Bit Server VM (25.152-b01 mixed mode windows-amd64 compressed oops)
# Failed to write core dump. Minidumps are not enabled by default on client versions of Windows
#

---------------  T H R E A D  ---------------

Current thread (0x0000000013d7b800):  JavaThread "C2 CompilerThread0" daemon [_thread_in_native, id=5372, stack(0x0000000015730000,0x0000000015830000)]

Stack: [0x0000000015730000,0x0000000015830000]
[error occurred during error reporting (printing stack bounds), id 0xc0000005]

Native frames: (J=compiled Java code, j=interpreted, Vv=VM code, C=native code)


Current CompileTask:
C2:  12381 4850   !   4       com.sun.beans.TypeResolver::resolve (274 bytes)


---------------  P R O C E S S  ---------------

Java Threads: ( => current thread )
  0x0000000019958000 JavaThread "Memory manager" [_thread_blocked, id=13412, stack(0x000000001f130000,0x000000001f230000)]
  0x0000000019956800 JavaThread "build operations Thread 4" [_thread_blocked, id=14624, stack(0x000000001d420000,0x000000001d520000)]
  0x0000000019955000 JavaThread "build operations Thread 3" [_thread_blocked, id=17396, stack(0x000000001d110000,0x000000001d210000)]
  0x000000001995b000 JavaThread "build operations Thread 2" [_thread_blocked, id=14388, stack(0x000000001cd80000,0x000000001ce80000)]
  0x0000000019957800 JavaThread "build operations" [_thread_blocked, id=14620, stack(0x000000001ba30000,0x000000001bb30000)]
  0x0000000019959000 JavaThread "Cache worker for Artifact transforms cache (X:\Users\asd\.gradle\caches\transforms-1)" [_thread_blocked, id=13352, stack(0x000000001b930000,0x000000001ba30000)]
  0x0000000016f6d800 JavaThread "Cache worker for file hash cache (X:\Users\asd\Clock\.gradle\4.1\fileHashes)" [_thread_blocked, id=16748, stack(0x0000000019490000,0x0000000019590000)]
  0x00000000171a1800 JavaThread "File lock request listener" [_thread_in_native, id=9028, stack(0x0000000019390000,0x0000000019490000)]
  0x00000000171a0800 JavaThread "Cache worker for file hash cache (X:\Users\asd\.gradle\caches\4.1\fileHashes)" [_thread_blocked, id=1388, stack(0x0000000019290000,0x0000000019390000)]
  0x0000000016bbb000 JavaThread "Stdin handler" [_thread_blocked, id=17032, stack(0x0000000018f90000,0x0000000019090000)]
  0x0000000016bb9000 JavaThread "Asynchronous log dispatcher for DefaultDaemonConnection: socket connection from /127.0.0.1:57432 to /127.0.0.1:57433" [_thread_blocked, id=14324, stack(0x0000000018e90000,0x0000000018f90000)]
  0x0000000016a8d800 JavaThread "Daemon worker" [_thread_in_native, id=4060, stack(0x0000000018d90000,0x0000000018e90000)]
  0x0000000016a89800 JavaThread "Cancel handler" [_thread_blocked, id=17380, stack(0x0000000018c90000,0x0000000018d90000)]
  0x0000000016e72800 JavaThread "Handler for socket connection from /127.0.0.1:57432 to /127.0.0.1:57433" [_thread_in_native, id=16076, stack(0x0000000018990000,0x0000000018a90000)]
  0x0000000016e71800 JavaThread "Daemon" [_thread_blocked, id=14788, stack(0x0000000018890000,0x0000000018990000)]
  0x0000000016c8f800 JavaThread "Daemon periodic checks" [_thread_blocked, id=6348, stack(0x0000000018790000,0x0000000018890000)]
  0x00000000172b4000 JavaThread "Incoming local TCP Connector on port 57432" [_thread_in_native, id=16792, stack(0x0000000017420000,0x0000000017520000)]
  0x00000000151b4000 JavaThread "Service Thread" daemon [_thread_blocked, id=17060, stack(0x0000000015a30000,0x0000000015b30000)]
  0x000000001513c000 JavaThread "C1 CompilerThread2" daemon [_thread_blocked, id=16480, stack(0x0000000015930000,0x0000000015a30000)]
  0x0000000015139000 JavaThread "C2 CompilerThread1" daemon [_thread_blocked, id=11512, stack(0x0000000015830000,0x0000000015930000)]
=>0x0000000013d7b800 JavaThread "C2 CompilerThread0" daemon [_thread_in_native, id=5372, stack(0x0000000015730000,0x0000000015830000)]
  0x0000000015138800 JavaThread "Attach Listener" daemon [_thread_blocked, id=13416, stack(0x0000000015630000,0x0000000015730000)]
  0x0000000013d97800 JavaThread "Signal Dispatcher" daemon [_thread_blocked, id=16956, stack(0x0000000015530000,0x0000000015630000)]
  0x0000000013d6e000 JavaThread "Finalizer" daemon [_thread_blocked, id=16908, stack(0x0000000014fd0000,0x00000000150d0000)]
  0x0000000013d47800 JavaThread "Reference Handler" daemon [_thread_blocked, id=13884, stack(0x0000000014ed0000,0x0000000014fd0000)]
  0x0000000002863800 JavaThread "main" [_thread_blocked, id=16304, stack(0x0000000002760000,0x0000000002860000)]

Other Threads:
  0x0000000013d46000 VMThread [stack: 0x0000000014dd0000,0x0000000014ed0000] [id=13360]
  0x00000000151b5000 WatcherThread [stack: 0x0000000015b30000,0x0000000015c30000] [id=14000]

VM state:not at safepoint (normal execution)

VM Mutex/Monitor currently owned by a thread: None

Heap:
 PSYoungGen      total 120832K, used 44288K [0x00000000f5580000, 0x00000000fdb00000, 0x0000000100000000)
  eden space 108544K, 30% used [0x00000000f5580000,0x00000000f75d5630,0x00000000fbf80000)
  from space 12288K, 90% used [0x00000000fcc80000,0x00000000fd76ab88,0x00000000fd880000)
  to   space 13312K, 0% used [0x00000000fbf80000,0x00000000fbf80000,0x00000000fcc80000)
 ParOldGen       total 63488K, used 16683K [0x00000000e0000000, 0x00000000e3e00000, 0x00000000f5580000)
  object space 63488K, 26% used [0x00000000e0000000,0x00000000e104ad98,0x00000000e3e00000)
 Metaspace       used 43124K, capacity 44270K, committed 44376K, reserved 1087488K
  class space    used 5797K, capacity 6195K, committed 6272K, reserved 1048576K

Card table byte_map: [0x0000000011d20000,0x0000000011e30000] byte_map_base: 0x0000000011620000

Marking Bits: (ParMarkBitMap*) 0x0000000070f53950
 Begin Bits: [0x00000000122e0000, 0x0000000012ae0000)
 End Bits:   [0x0000000012ae0000, 0x00000000132e0000)

Polling page: 0x00000000026e0000

CodeCache: size=245760Kb used=15944Kb max_used=15955Kb free=229815Kb
 bounds [0x0000000002960000, 0x0000000003910000, 0x0000000011960000]
 total_blobs=5168 nmethods=4443 adapters=638
 compilation: enabled

Compilation events (10 events):
Event: 12.293 Thread 0x000000001513c000 nmethod 4937 0x00000000038e8f90 code [0x00000000038e90e0, 0x00000000038e9290]
Event: 12.305 Thread 0x0000000015139000 nmethod 4934 0x00000000038feb90 code [0x00000000038fed80, 0x0000000003900898]
Event: 12.305 Thread 0x0000000015139000 4936  s    4       java.io.BufferedInputStream::read (113 bytes)
Event: 12.318 Thread 0x0000000015139000 nmethod 4936 0x0000000003902190 code [0x0000000003902340, 0x0000000003903130]
Event: 12.318 Thread 0x0000000015139000 4935       4       java.io.BufferedInputStream::read1 (108 bytes)
Event: 12.321 Thread 0x0000000015139000 nmethod 4935 0x00000000038e8850 code [0x00000000038e89c0, 0x00000000038e8c48]
Event: 12.322 Thread 0x000000001513c000 4938       1       sun.nio.fs.WindowsPath::getPathForExceptionMessage (5 bytes)
Event: 12.323 Thread 0x000000001513c000 nmethod 4938 0x00000000038f6150 code [0x00000000038f62a0, 0x00000000038f63b0]
Event: 12.354 Thread 0x0000000015139000 4939       4       java.io.WinNTFileSystem::prefixLength (91 bytes)
Event: 12.357 Thread 0x0000000015139000 nmethod 4939 0x00000000038f9850 code [0x00000000038f99a0, 0x00000000038f9b98]

GC Heap History (10 events):
Event: 5.868 GC heap before
{Heap before GC invocations=8 (full 1):
 PSYoungGen      total 72192K, used 64512K [0x00000000f5580000, 0x00000000fa680000, 0x0000000100000000)
  eden space 64512K, 100% used [0x00000000f5580000,0x00000000f9480000,0x00000000f9480000)
  from space 7680K, 0% used [0x00000000f9d00000,0x00000000f9d00000,0x00000000fa480000)
  to   space 8704K, 0% used [0x00000000f9480000,0x00000000f9480000,0x00000000f9d00000)
 ParOldGen       total 43520K, used 12330K [0x00000000e0000000, 0x00000000e2a80000, 0x00000000f5580000)
  object space 43520K, 28% used [0x00000000e0000000,0x00000000e0c0a878,0x00000000e2a80000)
 Metaspace       used 25502K, capacity 26014K, committed 26240K, reserved 1071104K
  class space    used 3527K, capacity 3682K, committed 3712K, reserved 1048576K
Event: 5.884 GC heap after
Heap after GC invocations=8 (full 1):
 PSYoungGen      total 73216K, used 6531K [0x00000000f5580000, 0x00000000fc080000, 0x0000000100000000)
  eden space 64512K, 0% used [0x00000000f5580000,0x00000000f5580000,0x00000000f9480000)
  from space 8704K, 75% used [0x00000000f9480000,0x00000000f9ae0fe0,0x00000000f9d00000)
  to   space 9216K, 0% used [0x00000000fb780000,0x00000000fb780000,0x00000000fc080000)
 ParOldGen       total 43520K, used 12338K [0x00000000e0000000, 0x00000000e2a80000, 0x00000000f5580000)
  object space 43520K, 28% used [0x00000000e0000000,0x00000000e0c0c878,0x00000000e2a80000)
 Metaspace       used 25502K, capacity 26014K, committed 26240K, reserved 1071104K
  class space    used 3527K, capacity 3682K, committed 3712K, reserved 1048576K
}
Event: 7.347 GC heap before
{Heap before GC invocations=9 (full 1):
 PSYoungGen      total 73216K, used 71043K [0x00000000f5580000, 0x00000000fc080000, 0x0000000100000000)
  eden space 64512K, 100% used [0x00000000f5580000,0x00000000f9480000,0x00000000f9480000)
  from space 8704K, 75% used [0x00000000f9480000,0x00000000f9ae0fe0,0x00000000f9d00000)
  to   space 9216K, 0% used [0x00000000fb780000,0x00000000fb780000,0x00000000fc080000)
 ParOldGen       total 43520K, used 12338K [0x00000000e0000000, 0x00000000e2a80000, 0x00000000f5580000)
  object space 43520K, 28% used [0x00000000e0000000,0x00000000e0c0c878,0x00000000e2a80000)
 Metaspace       used 31204K, capacity 31854K, committed 32000K, reserved 1077248K
  class space    used 4314K, capacity 4584K, committed 4608K, reserved 1048576K
Event: 7.362 GC heap after
Heap after GC invocations=9 (full 1):
 PSYoungGen      total 98816K, used 9194K [0x00000000f5580000, 0x00000000fc280000, 0x0000000100000000)
  eden space 89600K, 0% used [0x00000000f5580000,0x00000000f5580000,0x00000000fad00000)
  from space 9216K, 99% used [0x00000000fb780000,0x00000000fc07aad8,0x00000000fc080000)
  to   space 10752K, 0% used [0x00000000fad00000,0x00000000fad00000,0x00000000fb780000)
 ParOldGen       total 43520K, used 13089K [0x00000000e0000000, 0x00000000e2a80000, 0x00000000f5580000)
  object space 43520K, 30% used [0x00000000e0000000,0x00000000e0cc85d0,0x00000000e2a80000)
 Metaspace       used 31204K, capacity 31854K, committed 32000K, reserved 1077248K
  class space    used 4314K, capacity 4584K, committed 4608K, reserved 1048576K
}
Event: 9.652 GC heap before
{Heap before GC invocations=10 (full 1):
 PSYoungGen      total 98816K, used 82208K [0x00000000f5580000, 0x00000000fc280000, 0x0000000100000000)
  eden space 89600K, 81% used [0x00000000f5580000,0x00000000f9ccd5a0,0x00000000fad00000)
  from space 9216K, 99% used [0x00000000fb780000,0x00000000fc07aad8,0x00000000fc080000)
  to   space 10752K, 0% used [0x00000000fad00000,0x00000000fad00000,0x00000000fb780000)
 ParOldGen       total 43520K, used 13089K [0x00000000e0000000, 0x00000000e2a80000, 0x00000000f5580000)
  object space 43520K, 30% used [0x00000000e0000000,0x00000000e0cc85d0,0x00000000e2a80000)
 Metaspace       used 34495K, capacity 35244K, committed 35416K, reserved 1079296K
  class space    used 4695K, capacity 4974K, committed 4992K, reserved 1048576K
Event: 9.667 GC heap after
Heap after GC invocations=10 (full 1):
 PSYoungGen      total 100352K, used 10432K [0x00000000f5580000, 0x00000000fd880000, 0x0000000100000000)
  eden space 89600K, 0% used [0x00000000f5580000,0x00000000f5580000,0x00000000fad00000)
  from space 10752K, 97% used [0x00000000fad00000,0x00000000fb730030,0x00000000fb780000)
  to   space 12288K, 0% used [0x00000000fcc80000,0x00000000fcc80000,0x00000000fd880000)
 ParOldGen       total 43520K, used 13161K [0x00000000e0000000, 0x00000000e2a80000, 0x00000000f5580000)
  object space 43520K, 30% used [0x00000000e0000000,0x00000000e0cda5e0,0x00000000e2a80000)
 Metaspace       used 34495K, capacity 35244K, committed 35416K, reserved 1079296K
  class space    used 4695K, capacity 4974K, committed 4992K, reserved 1048576K
}
Event: 9.667 GC heap before
{Heap before GC invocations=11 (full 2):
 PSYoungGen      total 100352K, used 10432K [0x00000000f5580000, 0x00000000fd880000, 0x0000000100000000)
  eden space 89600K, 0% used [0x00000000f5580000,0x00000000f5580000,0x00000000fad00000)
  from space 10752K, 97% used [0x00000000fad00000,0x00000000fb730030,0x00000000fb780000)
  to   space 12288K, 0% used [0x00000000fcc80000,0x00000000fcc80000,0x00000000fd880000)
 ParOldGen       total 43520K, used 13161K [0x00000000e0000000, 0x00000000e2a80000, 0x00000000f5580000)
  object space 43520K, 30% used [0x00000000e0000000,0x00000000e0cda5e0,0x00000000e2a80000)
 Metaspace       used 34495K, capacity 35244K, committed 35416K, reserved 1079296K
  class space    used 4695K, capacity 4974K, committed 4992K, reserved 1048576K
Event: 9.754 GC heap after
Heap after GC invocations=11 (full 2):
 PSYoungGen      total 100352K, used 0K [0x00000000f5580000, 0x00000000fd880000, 0x0000000100000000)
  eden space 89600K, 0% used [0x00000000f5580000,0x00000000f5580000,0x00000000fad00000)
  from space 10752K, 0% used [0x00000000fad00000,0x00000000fad00000,0x00000000fb780000)
  to   space 12288K, 0% used [0x00000000fcc80000,0x00000000fcc80000,0x00000000fd880000)
 ParOldGen       total 63488K, used 16675K [0x00000000e0000000, 0x00000000e3e00000, 0x00000000f5580000)
  object space 63488K, 26% used [0x00000000e0000000,0x00000000e1048d98,0x00000000e3e00000)
 Metaspace       used 34495K, capacity 35244K, committed 35416K, reserved 1079296K
  class space    used 4695K, capacity 4974K, committed 4992K, reserved 1048576K
}
Event: 11.493 GC heap before
{Heap before GC invocations=12 (full 2):
 PSYoungGen      total 100352K, used 89600K [0x00000000f5580000, 0x00000000fd880000, 0x0000000100000000)
  eden space 89600K, 100% used [0x00000000f5580000,0x00000000fad00000,0x00000000fad00000)
  from space 10752K, 0% used [0x00000000fad00000,0x00000000fad00000,0x00000000fb780000)
  to   space 12288K, 0% used [0x00000000fcc80000,0x00000000fcc80000,0x00000000fd880000)
 ParOldGen       total 63488K, used 16675K [0x00000000e0000000, 0x00000000e3e00000, 0x00000000f5580000)
  object space 63488K, 26% used [0x00000000e0000000,0x00000000e1048d98,0x00000000e3e00000)
 Metaspace       used 41519K, capacity 42390K, committed 42456K, reserved 1085440K
  class space    used 5536K, capacity 5874K, committed 5888K, reserved 1048576K
Event: 11.511 GC heap after
Heap after GC invocations=12 (full 2):
 PSYoungGen      total 120832K, used 11178K [0x00000000f5580000, 0x00000000fdb00000, 0x0000000100000000)
  eden space 108544K, 0% used [0x00000000f5580000,0x00000000f5580000,0x00000000fbf80000)
  from space 12288K, 90% used [0x00000000fcc80000,0x00000000fd76ab88,0x00000000fd880000)
  to   space 13312K, 0% used [0x00000000fbf80000,0x00000000fbf80000,0x00000000fcc80000)
 ParOldGen       total 63488K, used 16683K [0x00000000e0000000, 0x00000000e3e00000, 0x00000000f5580000)
  object space 63488K, 26% used [0x00000000e0000000,0x00000000e104ad98,0x00000000e3e00000)
 Metaspace       used 41519K, capacity 42390K, committed 42456K, reserved 1085440K
  class space    used 5536K, capacity 5874K, committed 5888K, reserved 1048576K
}

Deoptimization events (10 events):
Event: 10.789 Thread 0x0000000016a8d800 Uncommon trap: reason=unstable_if action=reinterpret pc=0x0000000002df447c method=java.lang.CharacterDataLatin1.isWhitespace(I)Z @ 14
Event: 10.835 Thread 0x0000000016a8d800 Uncommon trap: reason=bimorphic action=maybe_recompile pc=0x000000000334c2b0 method=java.util.Hashtable.get(Ljava/lang/Object;)Ljava/lang/Object; @ 6
Event: 10.838 Thread 0x0000000016a8d800 Uncommon trap: reason=bimorphic action=maybe_recompile pc=0x000000000334c2b0 method=java.util.Hashtable.get(Ljava/lang/Object;)Ljava/lang/Object; @ 6
Event: 10.838 Thread 0x0000000016a8d800 Uncommon trap: reason=bimorphic action=maybe_recompile pc=0x000000000334c2b0 method=java.util.Hashtable.get(Ljava/lang/Object;)Ljava/lang/Object; @ 6
Event: 10.857 Thread 0x0000000016a8d800 Uncommon trap: reason=unstable_if action=reinterpret pc=0x0000000002e0f5b4 method=java.util.jar.JarFile.getInputStream(Ljava/util/zip/ZipEntry;)Ljava/io/InputStream; @ 37
Event: 10.861 Thread 0x0000000016a8d800 Uncommon trap: reason=unstable_if action=reinterpret pc=0x00000000032dc56c method=java.security.CodeSource.getCertificates()[Ljava/security/cert/Certificate; @ 22
Event: 10.864 Thread 0x0000000016a8d800 Uncommon trap: reason=unstable_if action=reinterpret pc=0x0000000002ed1804 method=java.util.jar.JarFile.maybeInstantiateVerifier()V @ 75
Event: 10.868 Thread 0x0000000016a8d800 Uncommon trap: reason=unstable_if action=reinterpret pc=0x0000000002ccba3c method=java.util.LinkedHashMap.get(Ljava/lang/Object;)Ljava/lang/Object; @ 20
Event: 10.952 Thread 0x0000000016a8d800 Uncommon trap: reason=range_check action=make_not_entrant pc=0x00000000036e39a0 method=java.lang.String.charAt(I)C @ 27
Event: 11.456 Thread 0x0000000016a8d800 Uncommon trap: reason=unstable_if action=reinterpret pc=0x0000000003806dac method=java.lang.ClassLoader.compareCerts([Ljava/security/cert/Certificate;[Ljava/security/cert/Certificate;)Z @ 1

Classes redefined (0 events):
No events

Internal exceptions (10 events):
Event: 12.344 Thread 0x0000000016a8d800 Exception <a 'sun/nio/fs/WindowsException'> (0x00000000f7411430) thrown at [D:\src\AOSP-openjdk-cygwin\jdk8u\hotspot\src\share\vm\prims\jni.cpp, line 709]
Event: 12.344 Thread 0x0000000016a8d800 Exception <a 'sun/nio/fs/WindowsException'> (0x00000000f74122b8) thrown at [D:\src\AOSP-openjdk-cygwin\jdk8u\hotspot\src\share\vm\prims\jni.cpp, line 709]
Event: 12.347 Thread 0x0000000016a8d800 Exception <a 'sun/nio/fs/WindowsException'> (0x00000000f7422198) thrown at [D:\src\AOSP-openjdk-cygwin\jdk8u\hotspot\src\share\vm\prims\jni.cpp, line 709]
Event: 12.347 Thread 0x0000000016a8d800 Exception <a 'sun/nio/fs/WindowsException'> (0x00000000f7422fc8) thrown at [D:\src\AOSP-openjdk-cygwin\jdk8u\hotspot\src\share\vm\prims\jni.cpp, line 709]
Event: 12.347 Thread 0x0000000016a8d800 Exception <a 'sun/nio/fs/WindowsException'> (0x00000000f7424e40) thrown at [D:\src\AOSP-openjdk-cygwin\jdk8u\hotspot\src\share\vm\prims\jni.cpp, line 709]
Event: 12.347 Thread 0x0000000016a8d800 Exception <a 'sun/nio/fs/WindowsException'> (0x00000000f7425ca8) thrown at [D:\src\AOSP-openjdk-cygwin\jdk8u\hotspot\src\share\vm\prims\jni.cpp, line 709]
Event: 12.350 Thread 0x0000000016a8d800 Exception <a 'sun/nio/fs/WindowsException'> (0x00000000f74324c8) thrown at [D:\src\AOSP-openjdk-cygwin\jdk8u\hotspot\src\share\vm\prims\jni.cpp, line 709]
Event: 12.351 Thread 0x0000000016a8d800 Exception <a 'sun/nio/fs/WindowsException'> (0x00000000f74332f8) thrown at [D:\src\AOSP-openjdk-cygwin\jdk8u\hotspot\src\share\vm\prims\jni.cpp, line 709]
Event: 12.351 Thread 0x0000000016a8d800 Exception <a 'sun/nio/fs/WindowsException'> (0x00000000f7435170) thrown at [D:\src\AOSP-openjdk-cygwin\jdk8u\hotspot\src\share\vm\prims\jni.cpp, line 709]
Event: 12.351 Thread 0x0000000016a8d800 Exception <a 'sun/nio/fs/WindowsException'> (0x00000000f7435fd8) thrown at [D:\src\AOSP-openjdk-cygwin\jdk8u\hotspot\src\share\vm\prims\jni.cpp, line 709]

Events (10 events):
Event: 12.290 Thread 0x0000000016a8d800 DEOPT PACKING pc=0x00000000038e1724 sp=0x0000000018e8b480
Event: 12.290 Thread 0x0000000016a8d800 DEOPT UNPACKING pc=0x00000000029a75bf sp=0x0000000018e8b338 mode 0
Event: 12.296 loading class org/gradle/launcher/daemon/server/DaemonRegistryUnavailableExpirationStrategy$1
Event: 12.296 loading class org/gradle/launcher/daemon/server/DaemonRegistryUnavailableExpirationStrategy$1 done
Event: 12.297 loading class com/google/common/collect/Lists$TransformingSequentialList$1
Event: 12.297 loading class com/google/common/collect/Lists$TransformingSequentialList$1 done
Event: 12.297 loading class com/google/common/collect/TransformedListIterator
Event: 12.297 loading class com/google/common/collect/TransformedListIterator done
Event: 12.301 Thread 0x0000000016a8d800 DEOPT PACKING pc=0x00000000038e1724 sp=0x0000000018e8b480
Event: 12.301 Thread 0x0000000016a8d800 DEOPT UNPACKING pc=0x00000000029a75bf sp=0x0000000018e8b338 mode 0


Dynamic libraries:
0x00007ff65e290000 - 0x00007ff65e2c1000 	X:\Program Files\Android\Android Studio2\jre\bin\java.exe
0x00007ffc3e9b0000 - 0x00007ffc3eb82000 	X:\Windows\SYSTEM32\ntdll.dll
0x00007ffc3e790000 - 0x00007ffc3e83c000 	X:\Windows\System32\KERNEL32.DLL
0x00007ffc3af00000 - 0x00007ffc3b11d000 	X:\Windows\System32\KERNELBASE.dll
0x00007ffc3c2a0000 - 0x00007ffc3c342000 	X:\Windows\System32\ADVAPI32.dll
0x00007ffc3e910000 - 0x00007ffc3e9ae000 	X:\Windows\System32\msvcrt.dll
0x00007ffc3c1e0000 - 0x00007ffc3c239000 	X:\Windows\System32\sechost.dll
0x00007ffc3c0b0000 - 0x00007ffc3c1d1000 	X:\Windows\System32\RPCRT4.dll
0x00007ffc3e620000 - 0x00007ffc3e785000 	X:\Windows\System32\USER32.dll
0x00007ffc3bad0000 - 0x00007ffc3baee000 	X:\Windows\System32\win32u.dll
0x00007ffc3c060000 - 0x00007ffc3c094000 	X:\Windows\System32\GDI32.dll
0x00007ffc3bb50000 - 0x00007ffc3bcd0000 	X:\Windows\System32\gdi32full.dll
0x00007ffc2fa70000 - 0x00007ffc2fcea000 	X:\Windows\WinSxS\amd64_microsoft.windows.common-controls_6595b64144ccf1df_6.0.14393.953_none_42151e83c686086b\COMCTL32.dll
0x00007ffc3df00000 - 0x00007ffc3e1c8000 	X:\Windows\System32\combase.dll
0x00007ffc3b120000 - 0x00007ffc3b215000 	X:\Windows\System32\ucrtbase.dll
0x00007ffc3b9b0000 - 0x00007ffc3ba1a000 	X:\Windows\System32\bcryptPrimitives.dll
0x00007ffc3ded0000 - 0x00007ffc3defe000 	X:\Windows\System32\IMM32.DLL
0x0000000071b20000 - 0x0000000071bf2000 	X:\Program Files\Android\Android Studio2\jre\jre\bin\msvcr100.dll
0x0000000070790000 - 0x0000000070fce000 	X:\Program Files\Android\Android Studio2\jre\jre\bin\server\jvm.dll
0x00007ffc3dbe0000 - 0x00007ffc3dbe8000 	X:\Windows\System32\PSAPI.DLL
0x00007ffc1c0b0000 - 0x00007ffc1c0b9000 	X:\Windows\SYSTEM32\WSOCK32.dll
0x00007ffc392a0000 - 0x00007ffc392c3000 	X:\Windows\SYSTEM32\WINMM.dll
0x00007ffc2f750000 - 0x00007ffc2f75a000 	X:\Windows\SYSTEM32\VERSION.dll
0x00000000026b0000 - 0x00000000026db000 	X:\Windows\SYSTEM32\WINMMBASE.dll
0x00007ffc3aeb0000 - 0x00007ffc3aef2000 	X:\Windows\System32\cfgmgr32.dll
0x00007ffc3e8a0000 - 0x00007ffc3e90a000 	X:\Windows\System32\WS2_32.dll
0x00007ffc36f80000 - 0x00007ffc36f8f000 	X:\Program Files\Android\Android Studio2\jre\jre\bin\verify.dll
0x00007ffc31a30000 - 0x00007ffc31a59000 	X:\Program Files\Android\Android Studio2\jre\jre\bin\java.dll
0x00007ffc31950000 - 0x00007ffc31966000 	X:\Program Files\Android\Android Studio2\jre\jre\bin\zip.dll
0x00007ffc3c410000 - 0x00007ffc3d918000 	X:\Windows\System32\SHELL32.dll
0x00007ffc3b2d0000 - 0x00007ffc3b9a8000 	X:\Windows\System32\windows.storage.dll
0x00007ffc3ae40000 - 0x00007ffc3ae8c000 	X:\Windows\System32\powrprof.dll
0x00007ffc3c240000 - 0x00007ffc3c292000 	X:\Windows\System32\shlwapi.dll
0x00007ffc3aea0000 - 0x00007ffc3aeaf000 	X:\Windows\System32\kernel.appcore.dll
0x00007ffc3ba20000 - 0x00007ffc3bac9000 	X:\Windows\System32\shcore.dll
0x00007ffc3ae20000 - 0x00007ffc3ae34000 	X:\Windows\System32\profapi.dll
0x00007ffc31930000 - 0x00007ffc3194a000 	X:\Program Files\Android\Android Studio2\jre\jre\bin\net.dll
0x00007ffc3a6f0000 - 0x00007ffc3a74c000 	X:\Windows\system32\mswsock.dll
0x00007ffc31910000 - 0x00007ffc31921000 	X:\Program Files\Android\Android Studio2\jre\jre\bin\nio.dll
0x00007ffc2e910000 - 0x00007ffc2e92e000 	X:\Users\asd\.gradle\native\25\windows-amd64\native-platform.dll
0x00007ffc36f50000 - 0x00007ffc36f5d000 	X:\Program Files\Android\Android Studio2\jre\jre\bin\management.dll
0x00007ffc3a890000 - 0x00007ffc3a8a7000 	X:\Windows\SYSTEM32\CRYPTSP.dll
0x00007ffc3a2f0000 - 0x00007ffc3a323000 	X:\Windows\system32\rsaenh.dll
0x00007ffc3ad60000 - 0x00007ffc3ad8b000 	X:\Windows\SYSTEM32\bcrypt.dll
0x00007ffc3a570000 - 0x00007ffc3a58f000 	X:\Windows\SYSTEM32\USERENV.dll
0x00007ffc3a8b0000 - 0x00007ffc3a8bb000 	X:\Windows\SYSTEM32\CRYPTBASE.dll
0x00007ffc3a470000 - 0x00007ffc3a4a8000 	X:\Windows\SYSTEM32\IPHLPAPI.DLL
0x00007ffc3c0a0000 - 0x00007ffc3c0a8000 	X:\Windows\System32\NSI.dll
0x00007ffc314f0000 - 0x00007ffc31506000 	X:\Windows\SYSTEM32\dhcpcsvc6.DLL
0x00007ffc314a0000 - 0x00007ffc314ba000 	X:\Windows\SYSTEM32\dhcpcsvc.DLL

VM Arguments:
jvm_args: -XX:MaxPermSize=512m -Xmx512m -Dfile.encoding=GBK -Duser.country=CN -Duser.language=zh -Duser.variant 
java_command: org.gradle.launcher.daemon.bootstrap.GradleDaemon 4.1
java_class_path (initial): X:\Users\asd\.gradle\wrapper\dists\gradle-4.1-all\bzyivzo6n839fup2jbap0tjew\gradle-4.1\lib\gradle-launcher-4.1.jar
Launcher Type: SUN_STANDARD

Environment Variables:
JAVA_HOME=X:\Program Files\Java\jdk1.7.0_17
CLASSPATH=.;%JAVA_HOME%\lib;%JAVA_HOME%\lib\tools.jar;E:\apache-cxf-2.4.2\lib\cxf-manifest.jar;D:\ant\apache-ant-1.9.9\lib;%CXF_HOME%\lib;%JAVA8_HOME%\lib;%JAVA8_HOME%\lib\tools.jar
PATH=X:\ProgramData\Oracle\Java\javapath\;X:\Windows\system32\;X:\Windows\;X:\Windows\System32\Wbem\;X:\Windows\System32\WindowsPowerShell\v1.0\;X:\Program Files (x86)\Java\jdk1.8.0_60\bin\;X:\Program Files (x86)\Java\jdk1.8.0_60\jre\bin;x:\Program Files (x86)\NVIDIA Corporation\PhysX\Common\;E:\mysql-5.6.34-winx64\bin\;x:\Program Files (x86)\Microsoft SQL Server\100\Tools\Binn\;x:\Program Files\Microsoft SQL Server\100\Tools\Binn\;x:\Program Files\Microsoft SQL Server\100\DTS\Binn\;X:\Program Files\Microsoft SQL Server\110\Tools\Binn\;X:\Program Files (x86)\GtkSharp\2.12\bin;X:\Program Files (x86)\Windows Kits\8.1\Windows Performance Toolkit\;X:\Users\asd\Documents\Tencent Files\312018367\FileRecv\cocos2d-x-2.2.6;X:\Program Files (x86)\PCL 1.7.2\bin;X:\Program Files (x86)\PCL 1.7.2\3rdParty\FLANN\bin;X:\Program Files (x86)\PCL 1.7.2\3rdParty\Qhull\bin;X:\Program Files (x86)\PCL 1.7.2\3rdParty\VTK\bin;X:\ProgramData\Microsoft\Windows\Start Menu\Programs\MySQL\MySQL Server 5.6;X:\Program Files (x86)\Java\jdk1.8.0_60\jre;X:\Program Files (x86)\Java\jdk1.8.0_60\bin;X:\Program Files\MySQL\MySQL Utilities 1.6\;X:\ProgramData\Microsoft\Windows\Start Menu\Programs\MySQL\MySQL Server 5.6;X:\Program Files\OpenNI\Bin;X:\Windows\system32\config\systemprofile\.dnx\bin;X:\Program Files\Microsoft DNX\Dnvm\;X:\Program Files\Microsoft SQL Server\120\Tools\Binn\;X:\Program Files\Microsoft SQL Server\130\Tools\Binn\;X:\Program Files\TortoiseSVN\bin;D:\cxf\apache-cxf-2.4.2\bin;x:\Program Files\Git\cmd;%GRADLE_HOME%\bin;X:\Users\asd\AppData\Local\Android\sdk\platforms;X:\Users\asd\AppData\Local\Android\sdk\tools;%SDK_HOME%\tools;%SDK_HOME%\platform-tools;C:\Users\cocos\frameworks\cocos2d-x-3.7\tools\cocos2d-console\bin;E:\BaiduYunDownload\cocos2d-x-3.13.1\templates;E:\BaiduYunDownload\cocos2d-x-3.13.1\tools\cocos2d-console\bin;X:\Users\asd\AppData\Local\Microsoft\WindowsApps;X:\Users\asd\AppData\Roaming\Microsoft\Windows\Start Menu\Programs\Python 3.5£»
USERNAME=asd
OS=Windows_NT
PROCESSOR_IDENTIFIER=Intel64 Family 6 Model 60 Stepping 3, GenuineIntel



---------------  S Y S T E M  ---------------

OS: Windows 10.0 , 64 bit Build 14393 (10.0.14393.1198)

CPU:total 4 (initial active 4) (2 cores per cpu, 2 threads per core) family 6 model 60 stepping 3, cmov, cx8, fxsr, mmx, sse, sse2, sse3, ssse3, sse4.1, sse4.2, popcnt, avx, avx2, aes, clmul, erms, lzcnt, ht, tsc, tscinvbit, bmi1, bmi2

Memory: 4k page, physical 4119916k(180000k free), swap 6692372k(5228k free)

vm_info: OpenJDK 64-Bit Server VM (25.152-b01) for windows-amd64 JRE (1.8.0_152-release-915-b01), built by "builder" with MS VC++ 10.0 (VS2010)

time: Mon Jan 08 01:49:21 2018
elapsed time: 12 seconds (0d 0h 0m 12s)

