#
# There is insufficient memory for the Java Runtime Environment to continue.
# Native memory allocation (malloc) failed to allocate 1241984 bytes for Chunk::new
# Possible reasons:
#   The system is out of physical RAM or swap space
#   In 32 bit mode, the process size limit was hit
# Possible solutions:
#   Reduce memory load on the system
#   Increase physical memory or swap space
#   Check if swap backing store is full
#   Use 64 bit Java on a 64 bit OS
#   Decrease Java heap size (-Xmx/-Xms)
#   Decrease number of Java threads
#   Decrease Java thread stack sizes (-Xss)
#   Set larger code cache with -XX:ReservedCodeCacheSize=
# This output file may be truncated or incomplete.
#
#  Out of Memory Error (allocation.cpp:390), pid=13404, tid=0x0000000000004128
#
# JRE version: OpenJDK Runtime Environment (8.0_152-b01) (build 1.8.0_152-release-915-b01)
# Java VM: OpenJDK 64-Bit Server VM (25.152-b01 mixed mode windows-amd64 compressed oops)
# Failed to write core dump. Minidumps are not enabled by default on client versions of Windows
#

---------------  T H R E A D  ---------------

Current thread (0x000000001656e000):  JavaThread "C2 CompilerThread1" daemon [_thread_in_native, id=16680, stack(0x0000000017fd0000,0x00000000180d0000)]

Stack: [0x0000000017fd0000,0x00000000180d0000]
[error occurred during error reporting (printing stack bounds), id 0xc0000005]

Native frames: (J=compiled Java code, j=interpreted, Vv=VM code, C=native code)


Current CompileTask:
C2:  29391 10350   !   4       com.android.dx.cf.code.Ropper::processBlock (1101 bytes)


---------------  P R O C E S S  ---------------

Java Threads: ( => current thread )
  0x0000000019728000 JavaThread "queued-resource-processor_4" daemon [_thread_blocked, id=15388, stack(0x0000000023d00000,0x0000000023e00000)]
  0x000000001972e000 JavaThread "queued-resource-processor_3" daemon [_thread_blocked, id=16692, stack(0x0000000023c00000,0x0000000023d00000)]
  0x000000001972a000 JavaThread "queued-resource-processor_2" daemon [_thread_blocked, id=15460, stack(0x0000000023b00000,0x0000000023c00000)]
  0x0000000019729800 JavaThread "queued-resource-processor_1" daemon [_thread_blocked, id=17072, stack(0x0000000023a00000,0x0000000023b00000)]
  0x0000000019720800 JavaThread "ForkJoinPool.commonPool-worker-4" daemon [_thread_blocked, id=13920, stack(0x0000000023900000,0x0000000023a00000)]
  0x0000000019727000 JavaThread "ForkJoinPool.commonPool-worker-3" daemon [_thread_blocked, id=16832, stack(0x0000000022fe0000,0x00000000230e0000)]
  0x000000001971f800 JavaThread "ForkJoinPool.commonPool-worker-0" daemon [_thread_blocked, id=16624, stack(0x0000000022ee0000,0x0000000022fe0000)]
  0x0000000019722800 JavaThread "ForkJoinPool.commonPool-worker-2" daemon [_thread_blocked, id=9416, stack(0x0000000022de0000,0x0000000022ee0000)]
  0x0000000019722000 JavaThread "ForkJoinPool.commonPool-worker-1" daemon [_thread_blocked, id=16640, stack(0x0000000022aa0000,0x0000000022ba0000)]
  0x0000000019726800 JavaThread "Task worker for ':' Thread 3" [_thread_blocked, id=15748, stack(0x00000000229a0000,0x0000000022aa0000)]
  0x0000000019725000 JavaThread "Task worker for ':' Thread 2" [_thread_blocked, id=14984, stack(0x00000000228a0000,0x00000000229a0000)]
  0x0000000019725800 JavaThread "Task worker for ':'" [_thread_blocked, id=17012, stack(0x00000000227a0000,0x00000000228a0000)]
  0x0000000019721000 JavaThread "Cache worker for task history cache (X:\Users\asd\Clock\.gradle\4.1\taskHistory)" [_thread_blocked, id=7528, stack(0x00000000226a0000,0x00000000227a0000)]
  0x0000000019724000 JavaThread "Cache worker for file content cache (X:\Users\asd\Clock\.gradle\4.1\fileContent)" [_thread_blocked, id=15248, stack(0x00000000225a0000,0x00000000226a0000)]
  0x0000000019bb7000 JavaThread "Memory manager" [_thread_blocked, id=16080, stack(0x0000000021870000,0x0000000021970000)]
  0x0000000019bb6800 JavaThread "build operations Thread 4" [_thread_blocked, id=14768, stack(0x0000000021050000,0x0000000021150000)]
  0x0000000019bb5800 JavaThread "build operations Thread 3" [_thread_blocked, id=16044, stack(0x0000000020cd0000,0x0000000020dd0000)]
  0x0000000019bb9800 JavaThread "build operations Thread 2" [_thread_blocked, id=15764, stack(0x000000001f980000,0x000000001fa80000)]
  0x0000000019bb4800 JavaThread "build operations" [_thread_blocked, id=14656, stack(0x000000001f880000,0x000000001f980000)]
  0x0000000019bb8000 JavaThread "Cache worker for Artifact transforms cache (X:\Users\asd\.gradle\caches\transforms-1)" [_thread_blocked, id=1388, stack(0x000000001cd30000,0x000000001ce30000)]
  0x0000000019bbe000 JavaThread "Cache worker for file hash cache (X:\Users\asd\Clock\.gradle\4.1\fileHashes)" [_thread_blocked, id=8700, stack(0x000000001bc60000,0x000000001bd60000)]
  0x0000000019770000 JavaThread "File lock request listener" [_thread_in_native, id=2068, stack(0x000000001bb60000,0x000000001bc60000)]
  0x00000000196a2000 JavaThread "Cache worker for file hash cache (X:\Users\asd\.gradle\caches\4.1\fileHashes)" [_thread_blocked, id=13672, stack(0x000000001ba60000,0x000000001bb60000)]
  0x00000000195db800 JavaThread "Stdin handler" [_thread_blocked, id=17180, stack(0x000000001b760000,0x000000001b860000)]
  0x00000000195d4800 JavaThread "Asynchronous log dispatcher for DefaultDaemonConnection: socket connection from /127.0.0.1:57213 to /127.0.0.1:57214" [_thread_blocked, id=16544, stack(0x000000001b660000,0x000000001b760000)]
  0x000000001924e800 JavaThread "Daemon worker" [_thread_blocked, id=16428, stack(0x000000001b560000,0x000000001b660000)]
  0x00000000195eb800 JavaThread "Cancel handler" [_thread_blocked, id=16748, stack(0x000000001b460000,0x000000001b560000)]
  0x00000000193bb800 JavaThread "Handler for socket connection from /127.0.0.1:57213 to /127.0.0.1:57214" [_thread_in_native, id=9028, stack(0x000000001b160000,0x000000001b260000)]
  0x0000000018f4c000 JavaThread "Daemon" [_thread_blocked, id=14800, stack(0x000000001b060000,0x000000001b160000)]
  0x00000000191c2000 JavaThread "Daemon periodic checks" [_thread_blocked, id=17324, stack(0x000000001af60000,0x000000001b060000)]
  0x00000000194d7000 JavaThread "Incoming local TCP Connector on port 57213" [_thread_in_native, id=8756, stack(0x0000000019be0000,0x0000000019ce0000)]
  0x00000000178e3000 JavaThread "Service Thread" daemon [_thread_blocked, id=16864, stack(0x00000000181d0000,0x00000000182d0000)]
  0x00000000178db000 JavaThread "C1 CompilerThread2" daemon [_thread_blocked, id=3816, stack(0x00000000180d0000,0x00000000181d0000)]
=>0x000000001656e000 JavaThread "C2 CompilerThread1" daemon [_thread_in_native, id=16680, stack(0x0000000017fd0000,0x00000000180d0000)]
  0x000000001656c000 JavaThread "C2 CompilerThread0" daemon [_thread_blocked, id=17148, stack(0x0000000017ed0000,0x0000000017fd0000)]
  0x000000001656b000 JavaThread "Attach Listener" daemon [_thread_blocked, id=15108, stack(0x0000000017dd0000,0x0000000017ed0000)]
  0x0000000016521000 JavaThread "Signal Dispatcher" daemon [_thread_blocked, id=14292, stack(0x0000000017cd0000,0x0000000017dd0000)]
  0x00000000164fe000 JavaThread "Finalizer" daemon [_thread_blocked, id=3912, stack(0x0000000017760000,0x0000000017860000)]
  0x0000000002b75000 JavaThread "Reference Handler" daemon [_thread_blocked, id=10900, stack(0x0000000017660000,0x0000000017760000)]
  0x0000000002a82800 JavaThread "main" [_thread_blocked, id=14864, stack(0x0000000002980000,0x0000000002a80000)]

Other Threads:
  0x00000000164d7000 VMThread [stack: 0x0000000017560000,0x0000000017660000] [id=8680]
  0x00000000178e3800 WatcherThread [stack: 0x00000000182d0000,0x00000000183d0000] [id=17356]

VM state:not at safepoint (normal execution)

VM Mutex/Monitor currently owned by a thread: None

Heap:
 PSYoungGen      total 210944K, used 162693K [0x00000000e0000000, 0x00000000f1300000, 0x0000000100000000)
  eden space 195584K, 83% used [0x00000000e0000000,0x00000000e9ee1680,0x00000000ebf00000)
  from space 15360K, 0% used [0x00000000ebf00000,0x00000000ebf00000,0x00000000ece00000)
  to   space 23040K, 0% used [0x00000000efc80000,0x00000000efc80000,0x00000000f1300000)
 ParOldGen       total 58368K, used 58291K [0x00000000a0000000, 0x00000000a3900000, 0x00000000e0000000)
  object space 58368K, 99% used [0x00000000a0000000,0x00000000a38ecff0,0x00000000a3900000)
 Metaspace       used 59421K, capacity 61376K, committed 61528K, reserved 1101824K
  class space    used 7752K, capacity 8231K, committed 8320K, reserved 1048576K

Card table byte_map: [0x0000000011f40000,0x0000000012250000] byte_map_base: 0x0000000011a40000

Marking Bits: (ParMarkBitMap*) 0x0000000070f53950
 Begin Bits: [0x0000000012850000, 0x0000000014050000)
 End Bits:   [0x0000000014050000, 0x0000000015850000)

Polling page: 0x0000000000e50000

CodeCache: size=245760Kb used=33152Kb max_used=33165Kb free=212607Kb
 bounds [0x0000000002b80000, 0x0000000004c10000, 0x0000000011b80000]
 total_blobs=10639 nmethods=9864 adapters=688
 compilation: enabled

Compilation events (10 events):
Event: 28.918 Thread 0x000000001656c000 11529       4       com.android.dex.Dex$MethodIdTable::size (14 bytes)
Event: 28.919 Thread 0x000000001656c000 nmethod 11529 0x0000000004becdd0 code [0x0000000004becf00, 0x0000000004becf98]
Event: 28.919 Thread 0x000000001656c000 11528       4       com.android.builder.dexing.AutoValue_ReferenceCountMergingStrategy_MethodEvaluated::<init> (104 bytes)
Event: 28.920 Thread 0x000000001656c000 nmethod 11528 0x0000000004bec9d0 code [0x0000000004becb20, 0x0000000004becc98]
Event: 28.920 Thread 0x000000001656c000 11525       4       com.android.dex.Dex$MethodIdTable::get (46 bytes)
Event: 28.938 Thread 0x000000001656c000 nmethod 11525 0x0000000004c036d0 code [0x0000000004c03860, 0x0000000004c040b8]
Event: 28.938 Thread 0x000000001656c000 11526       4       com.android.dex.Dex$MethodIdTable::get (6 bytes)
Event: 28.939 Thread 0x000000001656c000 nmethod 11526 0x0000000004bec750 code [0x0000000004bec8a0, 0x0000000004bec928]
Event: 28.939 Thread 0x000000001656c000 11524       4       com.android.dex.Dex$ProtoIdTable::get (46 bytes)
Event: 28.954 Thread 0x000000001656c000 nmethod 11524 0x0000000004c05290 code [0x0000000004c05420, 0x0000000004c05bf8]

GC Heap History (10 events):
Event: 21.846 GC heap before
{Heap before GC invocations=18 (full 3):
 PSYoungGen      total 201216K, used 200360K [0x00000000e0000000, 0x00000000edd00000, 0x0000000100000000)
  eden space 195584K, 100% used [0x00000000e0000000,0x00000000ebf00000,0x00000000ebf00000)
  from space 5632K, 84% used [0x00000000ed780000,0x00000000edc2a030,0x00000000edd00000)
  to   space 15360K, 0% used [0x00000000ebf00000,0x00000000ebf00000,0x00000000ece00000)
 ParOldGen       total 58368K, used 36891K [0x00000000a0000000, 0x00000000a3900000, 0x00000000e0000000)
  object space 58368K, 63% used [0x00000000a0000000,0x00000000a2406ff0,0x00000000a3900000)
 Metaspace       used 58020K, capacity 60000K, committed 60376K, reserved 1101824K
  class space    used 7600K, capacity 8081K, committed 8192K, reserved 1048576K
Event: 21.862 GC heap after
Heap after GC invocations=18 (full 3):
 PSYoungGen      total 210944K, used 6380K [0x00000000e0000000, 0x00000000f0500000, 0x0000000100000000)
  eden space 195584K, 0% used [0x00000000e0000000,0x00000000e0000000,0x00000000ebf00000)
  from space 15360K, 41% used [0x00000000ebf00000,0x00000000ec53b0b0,0x00000000ece00000)
  to   space 14848K, 0% used [0x00000000ef680000,0x00000000ef680000,0x00000000f0500000)
 ParOldGen       total 58368K, used 36907K [0x00000000a0000000, 0x00000000a3900000, 0x00000000e0000000)
  object space 58368K, 63% used [0x00000000a0000000,0x00000000a240aff0,0x00000000a3900000)
 Metaspace       used 58020K, capacity 60000K, committed 60376K, reserved 1101824K
  class space    used 7600K, capacity 8081K, committed 8192K, reserved 1048576K
}
Event: 24.044 GC heap before
{Heap before GC invocations=19 (full 3):
 PSYoungGen      total 210944K, used 201964K [0x00000000e0000000, 0x00000000f0500000, 0x0000000100000000)
  eden space 195584K, 100% used [0x00000000e0000000,0x00000000ebf00000,0x00000000ebf00000)
  from space 15360K, 41% used [0x00000000ebf00000,0x00000000ec53b0b0,0x00000000ece00000)
  to   space 14848K, 0% used [0x00000000ef680000,0x00000000ef680000,0x00000000f0500000)
 ParOldGen       total 58368K, used 36907K [0x00000000a0000000, 0x00000000a3900000, 0x00000000e0000000)
  object space 58368K, 63% used [0x00000000a0000000,0x00000000a240aff0,0x00000000a3900000)
 Metaspace       used 58133K, capacity 60092K, committed 60376K, reserved 1101824K
  class space    used 7608K, capacity 8085K, committed 8192K, reserved 1048576K
Event: 24.130 GC heap after
Heap after GC invocations=19 (full 3):
 PSYoungGen      total 210432K, used 14832K [0x00000000e0000000, 0x00000000f0500000, 0x0000000100000000)
  eden space 195584K, 0% used [0x00000000e0000000,0x00000000e0000000,0x00000000ebf00000)
  from space 14848K, 99% used [0x00000000ef680000,0x00000000f04fc178,0x00000000f0500000)
  to   space 15360K, 0% used [0x00000000ebf00000,0x00000000ebf00000,0x00000000ece00000)
 ParOldGen       total 58368K, used 37486K [0x00000000a0000000, 0x00000000a3900000, 0x00000000e0000000)
  object space 58368K, 64% used [0x00000000a0000000,0x00000000a249b888,0x00000000a3900000)
 Metaspace       used 58133K, capacity 60092K, committed 60376K, reserved 1101824K
  class space    used 7608K, capacity 8085K, committed 8192K, reserved 1048576K
}
Event: 25.628 GC heap before
{Heap before GC invocations=20 (full 3):
 PSYoungGen      total 210432K, used 210416K [0x00000000e0000000, 0x00000000f0500000, 0x0000000100000000)
  eden space 195584K, 100% used [0x00000000e0000000,0x00000000ebf00000,0x00000000ebf00000)
  from space 14848K, 99% used [0x00000000ef680000,0x00000000f04fc178,0x00000000f0500000)
  to   space 15360K, 0% used [0x00000000ebf00000,0x00000000ebf00000,0x00000000ece00000)
 ParOldGen       total 58368K, used 37486K [0x00000000a0000000, 0x00000000a3900000, 0x00000000e0000000)
  object space 58368K, 64% used [0x00000000a0000000,0x00000000a249b888,0x00000000a3900000)
 Metaspace       used 58486K, capacity 60474K, committed 60632K, reserved 1101824K
  class space    used 7656K, capacity 8124K, committed 8192K, reserved 1048576K
Event: 25.673 GC heap after
Heap after GC invocations=20 (full 3):
 PSYoungGen      total 210944K, used 15333K [0x00000000e0000000, 0x00000000f1300000, 0x0000000100000000)
  eden space 195584K, 0% used [0x00000000e0000000,0x00000000e0000000,0x00000000ebf00000)
  from space 15360K, 99% used [0x00000000ebf00000,0x00000000ecdf95c8,0x00000000ece00000)
  to   space 23040K, 0% used [0x00000000efc80000,0x00000000efc80000,0x00000000f1300000)
 ParOldGen       total 58368K, used 48913K [0x00000000a0000000, 0x00000000a3900000, 0x00000000e0000000)
  object space 58368K, 83% used [0x00000000a0000000,0x00000000a2fc4438,0x00000000a3900000)
 Metaspace       used 58486K, capacity 60474K, committed 60632K, reserved 1101824K
  class space    used 7656K, capacity 8124K, committed 8192K, reserved 1048576K
}
Event: 25.673 GC heap before
{Heap before GC invocations=21 (full 4):
 PSYoungGen      total 210944K, used 15333K [0x00000000e0000000, 0x00000000f1300000, 0x0000000100000000)
  eden space 195584K, 0% used [0x00000000e0000000,0x00000000e0000000,0x00000000ebf00000)
  from space 15360K, 99% used [0x00000000ebf00000,0x00000000ecdf95c8,0x00000000ece00000)
  to   space 23040K, 0% used [0x00000000efc80000,0x00000000efc80000,0x00000000f1300000)
 ParOldGen       total 58368K, used 48913K [0x00000000a0000000, 0x00000000a3900000, 0x00000000e0000000)
  object space 58368K, 83% used [0x00000000a0000000,0x00000000a2fc4438,0x00000000a3900000)
 Metaspace       used 58486K, capacity 60474K, committed 60632K, reserved 1101824K
  class space    used 7656K, capacity 8124K, committed 8192K, reserved 1048576K
Event: 25.901 GC heap after
Heap after GC invocations=21 (full 4):
 PSYoungGen      total 210944K, used 0K [0x00000000e0000000, 0x00000000f1300000, 0x0000000100000000)
  eden space 195584K, 0% used [0x00000000e0000000,0x00000000e0000000,0x00000000ebf00000)
  from space 15360K, 0% used [0x00000000ebf00000,0x00000000ebf00000,0x00000000ece00000)
  to   space 23040K, 0% used [0x00000000efc80000,0x00000000efc80000,0x00000000f1300000)
 ParOldGen       total 58368K, used 57719K [0x00000000a0000000, 0x00000000a3900000, 0x00000000e0000000)
  object space 58368K, 98% used [0x00000000a0000000,0x00000000a385ddd0,0x00000000a3900000)
 Metaspace       used 58486K, capacity 60474K, committed 60632K, reserved 1101824K
  class space    used 7656K, capacity 8124K, committed 8192K, reserved 1048576K
}
Event: 26.996 GC heap before
{Heap before GC invocations=22 (full 5):
 PSYoungGen      total 210944K, used 195584K [0x00000000e0000000, 0x00000000f1300000, 0x0000000100000000)
  eden space 195584K, 100% used [0x00000000e0000000,0x00000000ebf00000,0x00000000ebf00000)
  from space 15360K, 0% used [0x00000000ebf00000,0x00000000ebf00000,0x00000000ece00000)
  to   space 23040K, 0% used [0x00000000efc80000,0x00000000efc80000,0x00000000f1300000)
 ParOldGen       total 58368K, used 57719K [0x00000000a0000000, 0x00000000a3900000, 0x00000000e0000000)
  object space 58368K, 98% used [0x00000000a0000000,0x00000000a385ddd0,0x00000000a3900000)
 Metaspace       used 59099K, capacity 61052K, committed 61144K, reserved 1101824K
  class space    used 7719K, capacity 8189K, committed 8192K, reserved 1048576K
Event: 27.421 GC heap after
Heap after GC invocations=22 (full 5):
 PSYoungGen      total 210944K, used 21465K [0x00000000e0000000, 0x00000000f1300000, 0x0000000100000000)
  eden space 195584K, 10% used [0x00000000e0000000,0x00000000e14f6740,0x00000000ebf00000)
  from space 15360K, 0% used [0x00000000ebf00000,0x00000000ebf00000,0x00000000ece00000)
  to   space 23040K, 0% used [0x00000000efc80000,0x00000000efc80000,0x00000000f1300000)
 ParOldGen       total 58368K, used 58291K [0x00000000a0000000, 0x00000000a3900000, 0x00000000e0000000)
  object space 58368K, 99% used [0x00000000a0000000,0x00000000a38ecff0,0x00000000a3900000)
 Metaspace       used 59099K, capacity 61052K, committed 61144K, reserved 1101824K
  class space    used 7719K, capacity 8189K, committed 8192K, reserved 1048576K
}

Deoptimization events (10 events):
Event: 26.566 Thread 0x0000000019727000 Uncommon trap: reason=unstable_if action=reinterpret pc=0x00000000042e6abc method=java.lang.Long.numberOfTrailingZeros(J)I @ 3
Event: 26.666 Thread 0x0000000019727000 Uncommon trap: reason=unstable_if action=reinterpret pc=0x00000000033d5c30 method=java.util.Arrays$ArrayList.indexOf(Ljava/lang/Object;)I @ 6
Event: 27.424 Thread 0x0000000019727000 Uncommon trap: reason=predicate action=maybe_recompile pc=0x0000000004720598 method=com.android.dex.Leb128.readUnsignedLeb128(Lcom/android/dex/util/ByteInput;)I @ 41
Event: 28.086 Thread 0x0000000019727000 Uncommon trap: reason=array_check action=maybe_recompile pc=0x00000000042db30c method=java.util.ComparableTimSort.binarySort([Ljava/lang/Object;III)V @ 183
Event: 28.086 Thread 0x0000000019727000 Uncommon trap: reason=array_check action=maybe_recompile pc=0x00000000042db30c method=java.util.ComparableTimSort.binarySort([Ljava/lang/Object;III)V @ 183
Event: 28.174 Thread 0x0000000019722000 Uncommon trap: reason=unstable_if action=reinterpret pc=0x0000000004b143f0 method=com.android.dx.merge.DexMerger.transformCode(Lcom/android/dex/Dex;Lcom/android/dex/Code;Lcom/android/dx/merge/IndexMap;)V @ 86
Event: 28.210 Thread 0x000000001971f800 Uncommon trap: reason=unstable_if action=reinterpret pc=0x0000000004b51124 method=sun.nio.ch.Util$BufferCache.get(I)Ljava/nio/ByteBuffer; @ 47
Event: 28.358 Thread 0x0000000019720800 Uncommon trap: reason=bimorphic action=maybe_recompile pc=0x0000000004b33098 method=java.lang.ThreadLocal.setInitialValue()Ljava/lang/Object; @ 31
Event: 28.375 Thread 0x0000000019722000 Uncommon trap: reason=unstable_if action=reinterpret pc=0x0000000004bbbb80 method=java.util.concurrent.ForkJoinPool.tryCompensate(Ljava/util/concurrent/ForkJoinPool$WorkQueue;)Z @ 130
Event: 28.397 Thread 0x0000000019720800 Uncommon trap: reason=unstable_if action=reinterpret pc=0x000000000422791c method=sun.nio.ch.Util$BufferCache.get(I)Ljava/nio/ByteBuffer; @ 47

Classes redefined (0 events):
No events

Internal exceptions (10 events):
Event: 24.301 Thread 0x000000001971f800 Exception <a 'sun/nio/fs/WindowsException'> (0x00000000e17d03e0) thrown at [D:\src\AOSP-openjdk-cygwin\jdk8u\hotspot\src\share\vm\prims\jni.cpp, line 709]
Event: 24.301 Thread 0x000000001971f800 Exception <a 'sun/nio/fs/WindowsException'> (0x00000000e17d0a58) thrown at [D:\src\AOSP-openjdk-cygwin\jdk8u\hotspot\src\share\vm\prims\jni.cpp, line 709]
Event: 24.301 Thread 0x000000001971f800 Exception <a 'sun/nio/fs/WindowsException'> (0x00000000e17d1258) thrown at [D:\src\AOSP-openjdk-cygwin\jdk8u\hotspot\src\share\vm\prims\jni.cpp, line 709]
Event: 24.358 Thread 0x0000000019722000 Exception <a 'sun/nio/fs/WindowsException'> (0x00000000e14198b8) thrown at [D:\src\AOSP-openjdk-cygwin\jdk8u\hotspot\src\share\vm\prims\jni.cpp, line 709]
Event: 24.429 Thread 0x0000000019722800 Exception <a 'sun/nio/fs/WindowsException'> (0x00000000e1d89ee0) thrown at [D:\src\AOSP-openjdk-cygwin\jdk8u\hotspot\src\share\vm\prims\jni.cpp, line 709]
Event: 24.505 Thread 0x0000000019722800 Exception <a 'sun/nio/fs/WindowsException'> (0x00000000e23e8530) thrown at [D:\src\AOSP-openjdk-cygwin\jdk8u\hotspot\src\share\vm\prims\jni.cpp, line 709]
Event: 24.813 Thread 0x000000001971f800 Exception <a 'sun/nio/fs/WindowsException'> (0x00000000e58f4570) thrown at [D:\src\AOSP-openjdk-cygwin\jdk8u\hotspot\src\share\vm\prims\jni.cpp, line 709]
Event: 24.990 Thread 0x0000000019727000 Exception <a 'sun/nio/fs/WindowsException'> (0x00000000e65ba410) thrown at [D:\src\AOSP-openjdk-cygwin\jdk8u\hotspot\src\share\vm\prims\jni.cpp, line 709]
Event: 26.666 Thread 0x0000000019727000 Implicit null exception at 0x00000000033d5990 to 0x00000000033d5c1d
Event: 28.375 Thread 0x0000000019722000 Implicit null exception at 0x0000000004bbb88c to 0x0000000004bbbb49

Events (10 events):
Event: 29.346 Executing VM operation: RevokeBias
Event: 29.346 Executing VM operation: RevokeBias done
Event: 29.346 Executing VM operation: RevokeBias
Event: 29.346 Executing VM operation: RevokeBias done
Event: 29.346 Thread 0x000000001972b800 Thread exited: 0x000000001972b800
Event: 29.346 Executing VM operation: RevokeBias
Event: 29.346 Executing VM operation: RevokeBias done
Event: 29.346 Thread 0x000000001972b000 Thread exited: 0x000000001972b000
Event: 29.364 Thread 0x0000000019728800 Thread added: 0x0000000019728800
Event: 29.364 Thread 0x000000001972c800 Thread added: 0x000000001972c800


Dynamic libraries:
0x00007ff65e290000 - 0x00007ff65e2c1000 	X:\Program Files\Android\Android Studio2\jre\bin\java.exe
0x00007ffc3e9b0000 - 0x00007ffc3eb82000 	X:\Windows\SYSTEM32\ntdll.dll
0x00007ffc3e790000 - 0x00007ffc3e83c000 	X:\Windows\System32\KERNEL32.DLL
0x00007ffc3af00000 - 0x00007ffc3b11d000 	X:\Windows\System32\KERNELBASE.dll
0x00007ffc3c2a0000 - 0x00007ffc3c342000 	X:\Windows\System32\ADVAPI32.dll
0x00007ffc3e910000 - 0x00007ffc3e9ae000 	X:\Windows\System32\msvcrt.dll
0x00007ffc3c1e0000 - 0x00007ffc3c239000 	X:\Windows\System32\sechost.dll
0x00007ffc3c0b0000 - 0x00007ffc3c1d1000 	X:\Windows\System32\RPCRT4.dll
0x00007ffc3e620000 - 0x00007ffc3e785000 	X:\Windows\System32\USER32.dll
0x00007ffc3bad0000 - 0x00007ffc3baee000 	X:\Windows\System32\win32u.dll
0x00007ffc3c060000 - 0x00007ffc3c094000 	X:\Windows\System32\GDI32.dll
0x00007ffc3bb50000 - 0x00007ffc3bcd0000 	X:\Windows\System32\gdi32full.dll
0x00007ffc2fa70000 - 0x00007ffc2fcea000 	X:\Windows\WinSxS\amd64_microsoft.windows.common-controls_6595b64144ccf1df_6.0.14393.953_none_42151e83c686086b\COMCTL32.dll
0x00007ffc3df00000 - 0x00007ffc3e1c8000 	X:\Windows\System32\combase.dll
0x00007ffc3b120000 - 0x00007ffc3b215000 	X:\Windows\System32\ucrtbase.dll
0x00007ffc3b9b0000 - 0x00007ffc3ba1a000 	X:\Windows\System32\bcryptPrimitives.dll
0x00007ffc3ded0000 - 0x00007ffc3defe000 	X:\Windows\System32\IMM32.DLL
0x0000000071b20000 - 0x0000000071bf2000 	X:\Program Files\Android\Android Studio2\jre\jre\bin\msvcr100.dll
0x0000000070790000 - 0x0000000070fce000 	X:\Program Files\Android\Android Studio2\jre\jre\bin\server\jvm.dll
0x00007ffc3dbe0000 - 0x00007ffc3dbe8000 	X:\Windows\System32\PSAPI.DLL
0x00007ffc1c0b0000 - 0x00007ffc1c0b9000 	X:\Windows\SYSTEM32\WSOCK32.dll
0x00007ffc392a0000 - 0x00007ffc392c3000 	X:\Windows\SYSTEM32\WINMM.dll
0x00007ffc2f750000 - 0x00007ffc2f75a000 	X:\Windows\SYSTEM32\VERSION.dll
0x00000000025d0000 - 0x00000000025fb000 	X:\Windows\SYSTEM32\WINMMBASE.dll
0x00007ffc3e8a0000 - 0x00007ffc3e90a000 	X:\Windows\System32\WS2_32.dll
0x00007ffc3aeb0000 - 0x00007ffc3aef2000 	X:\Windows\System32\cfgmgr32.dll
0x00007ffc36f80000 - 0x00007ffc36f8f000 	X:\Program Files\Android\Android Studio2\jre\jre\bin\verify.dll
0x00007ffc31a30000 - 0x00007ffc31a59000 	X:\Program Files\Android\Android Studio2\jre\jre\bin\java.dll
0x00007ffc31950000 - 0x00007ffc31966000 	X:\Program Files\Android\Android Studio2\jre\jre\bin\zip.dll
0x00007ffc3c410000 - 0x00007ffc3d918000 	X:\Windows\System32\SHELL32.dll
0x00007ffc3b2d0000 - 0x00007ffc3b9a8000 	X:\Windows\System32\windows.storage.dll
0x00007ffc3ae40000 - 0x00007ffc3ae8c000 	X:\Windows\System32\powrprof.dll
0x00007ffc3c240000 - 0x00007ffc3c292000 	X:\Windows\System32\shlwapi.dll
0x00007ffc3aea0000 - 0x00007ffc3aeaf000 	X:\Windows\System32\kernel.appcore.dll
0x00007ffc3ba20000 - 0x00007ffc3bac9000 	X:\Windows\System32\shcore.dll
0x00007ffc3ae20000 - 0x00007ffc3ae34000 	X:\Windows\System32\profapi.dll
0x00007ffc31930000 - 0x00007ffc3194a000 	X:\Program Files\Android\Android Studio2\jre\jre\bin\net.dll
0x00007ffc3a6f0000 - 0x00007ffc3a74c000 	X:\Windows\system32\mswsock.dll
0x00007ffc31910000 - 0x00007ffc31921000 	X:\Program Files\Android\Android Studio2\jre\jre\bin\nio.dll
0x00007ffc2e910000 - 0x00007ffc2e92e000 	X:\Users\asd\.gradle\native\25\windows-amd64\native-platform.dll
0x00007ffc36f50000 - 0x00007ffc36f5d000 	X:\Program Files\Android\Android Studio2\jre\jre\bin\management.dll
0x00007ffc3a890000 - 0x00007ffc3a8a7000 	X:\Windows\SYSTEM32\CRYPTSP.dll
0x00007ffc3a2f0000 - 0x00007ffc3a323000 	X:\Windows\system32\rsaenh.dll
0x00007ffc3ad60000 - 0x00007ffc3ad8b000 	X:\Windows\SYSTEM32\bcrypt.dll
0x00007ffc3a570000 - 0x00007ffc3a58f000 	X:\Windows\SYSTEM32\USERENV.dll
0x00007ffc3a8b0000 - 0x00007ffc3a8bb000 	X:\Windows\SYSTEM32\CRYPTBASE.dll
0x00007ffc3a470000 - 0x00007ffc3a4a8000 	X:\Windows\SYSTEM32\IPHLPAPI.DLL
0x00007ffc3c0a0000 - 0x00007ffc3c0a8000 	X:\Windows\System32\NSI.dll
0x00007ffc314f0000 - 0x00007ffc31506000 	X:\Windows\SYSTEM32\dhcpcsvc6.DLL
0x00007ffc314a0000 - 0x00007ffc314ba000 	X:\Windows\SYSTEM32\dhcpcsvc.DLL
0x00007ffc39bf0000 - 0x00007ffc39c22000 	X:\Windows\SYSTEM32\ntmarta.dll

VM Arguments:
jvm_args: -Xmx1536m -Dfile.encoding=GBK -Duser.country=CN -Duser.language=zh -Duser.variant 
java_command: org.gradle.launcher.daemon.bootstrap.GradleDaemon 4.1
java_class_path (initial): X:\Users\asd\.gradle\wrapper\dists\gradle-4.1-all\bzyivzo6n839fup2jbap0tjew\gradle-4.1\lib\gradle-launcher-4.1.jar
Launcher Type: SUN_STANDARD

Environment Variables:
JAVA_HOME=X:\Program Files\Java\jdk1.7.0_17
CLASSPATH=.;%JAVA_HOME%\lib;%JAVA_HOME%\lib\tools.jar;E:\apache-cxf-2.4.2\lib\cxf-manifest.jar;D:\ant\apache-ant-1.9.9\lib;%CXF_HOME%\lib;%JAVA8_HOME%\lib;%JAVA8_HOME%\lib\tools.jar
PATH=X:\ProgramData\Oracle\Java\javapath\;X:\Windows\system32\;X:\Windows\;X:\Windows\System32\Wbem\;X:\Windows\System32\WindowsPowerShell\v1.0\;X:\Program Files (x86)\Java\jdk1.8.0_60\bin\;X:\Program Files (x86)\Java\jdk1.8.0_60\jre\bin;x:\Program Files (x86)\NVIDIA Corporation\PhysX\Common\;E:\mysql-5.6.34-winx64\bin\;x:\Program Files (x86)\Microsoft SQL Server\100\Tools\Binn\;x:\Program Files\Microsoft SQL Server\100\Tools\Binn\;x:\Program Files\Microsoft SQL Server\100\DTS\Binn\;X:\Program Files\Microsoft SQL Server\110\Tools\Binn\;X:\Program Files (x86)\GtkSharp\2.12\bin;X:\Program Files (x86)\Windows Kits\8.1\Windows Performance Toolkit\;X:\Users\asd\Documents\Tencent Files\312018367\FileRecv\cocos2d-x-2.2.6;X:\Program Files (x86)\PCL 1.7.2\bin;X:\Program Files (x86)\PCL 1.7.2\3rdParty\FLANN\bin;X:\Program Files (x86)\PCL 1.7.2\3rdParty\Qhull\bin;X:\Program Files (x86)\PCL 1.7.2\3rdParty\VTK\bin;X:\ProgramData\Microsoft\Windows\Start Menu\Programs\MySQL\MySQL Server 5.6;X:\Program Files (x86)\Java\jdk1.8.0_60\jre;X:\Program Files (x86)\Java\jdk1.8.0_60\bin;X:\Program Files\MySQL\MySQL Utilities 1.6\;X:\ProgramData\Microsoft\Windows\Start Menu\Programs\MySQL\MySQL Server 5.6;X:\Program Files\OpenNI\Bin;X:\Windows\system32\config\systemprofile\.dnx\bin;X:\Program Files\Microsoft DNX\Dnvm\;X:\Program Files\Microsoft SQL Server\120\Tools\Binn\;X:\Program Files\Microsoft SQL Server\130\Tools\Binn\;X:\Program Files\TortoiseSVN\bin;D:\cxf\apache-cxf-2.4.2\bin;x:\Program Files\Git\cmd;%GRADLE_HOME%\bin;X:\Users\asd\AppData\Local\Android\sdk\platforms;X:\Users\asd\AppData\Local\Android\sdk\tools;%SDK_HOME%\tools;%SDK_HOME%\platform-tools;C:\Users\cocos\frameworks\cocos2d-x-3.7\tools\cocos2d-console\bin;E:\BaiduYunDownload\cocos2d-x-3.13.1\templates;E:\BaiduYunDownload\cocos2d-x-3.13.1\tools\cocos2d-console\bin;X:\Users\asd\AppData\Local\Microsoft\WindowsApps;X:\Users\asd\AppData\Roaming\Microsoft\Windows\Start Menu\Programs\Python 3.5£»
USERNAME=asd
OS=Windows_NT
PROCESSOR_IDENTIFIER=Intel64 Family 6 Model 60 Stepping 3, GenuineIntel



---------------  S Y S T E M  ---------------

OS: Windows 10.0 , 64 bit Build 14393 (10.0.14393.1198)

CPU:total 4 (initial active 4) (2 cores per cpu, 2 threads per core) family 6 model 60 stepping 3, cmov, cx8, fxsr, mmx, sse, sse2, sse3, ssse3, sse4.1, sse4.2, popcnt, avx, avx2, aes, clmul, erms, lzcnt, ht, tsc, tscinvbit, bmi1, bmi2

Memory: 4k page, physical 4119916k(148760k free), swap 6692372k(7048k free)

vm_info: OpenJDK 64-Bit Server VM (25.152-b01) for windows-amd64 JRE (1.8.0_152-release-915-b01), built by "builder" with MS VC++ 10.0 (VS2010)

time: Mon Jan 08 01:47:20 2018
elapsed time: 29 seconds (0d 0h 0m 29s)

