#
# There is insufficient memory for the Java Runtime Environment to continue.
# Native memory allocation (malloc) failed to allocate 1400912 bytes for Chunk::new
# Possible reasons:
#   The system is out of physical RAM or swap space
#   In 32 bit mode, the process size limit was hit
# Possible solutions:
#   Reduce memory load on the system
#   Increase physical memory or swap space
#   Check if swap backing store is full
#   Use 64 bit Java on a 64 bit OS
#   Decrease Java heap size (-Xmx/-Xms)
#   Decrease number of Java threads
#   Decrease Java thread stack sizes (-Xss)
#   Set larger code cache with -XX:ReservedCodeCacheSize=
# This output file may be truncated or incomplete.
#
#  Out of Memory Error (allocation.cpp:390), pid=14432, tid=0x0000000000003b98
#
# JRE version: OpenJDK Runtime Environment (8.0_152-b01) (build 1.8.0_152-release-915-b01)
# Java VM: OpenJDK 64-Bit Server VM (25.152-b01 mixed mode windows-amd64 compressed oops)
# Failed to write core dump. Minidumps are not enabled by default on client versions of Windows
#

---------------  T H R E A D  ---------------

Current thread (0x0000000015c69000):  JavaThread "C2 CompilerThread1" daemon [_thread_in_native, id=15256, stack(0x0000000016360000,0x0000000016460000)]

Stack: [0x0000000016360000,0x0000000016460000]
[error occurred during error reporting (printing stack bounds), id 0xc0000005]

Native frames: (J=compiled Java code, j=interpreted, Vv=VM code, C=native code)


Current CompileTask:
C2:   6781 2542       4       groovy.lang.MetaClassImpl$1MOPIter::methodNameAction (479 bytes)


---------------  P R O C E S S  ---------------

Java Threads: ( => current thread )
  0x0000000017b53000 JavaThread "Cache worker for Artifact transforms cache (X:\Users\asd\.gradle\caches\transforms-1)" [_thread_blocked, id=13416, stack(0x000000001dd50000,0x000000001de50000)]
  0x0000000017f24000 JavaThread "Cache worker for file hash cache (X:\Users\asd\Clock\.gradle\4.1\fileHashes)" [_thread_blocked, id=11704, stack(0x0000000019fc0000,0x000000001a0c0000)]
  0x000000001790c800 JavaThread "File lock request listener" [_thread_in_native, id=8396, stack(0x0000000019ec0000,0x0000000019fc0000)]
  0x000000001790b800 JavaThread "Cache worker for file hash cache (X:\Users\asd\.gradle\caches\4.1\fileHashes)" [_thread_blocked, id=16008, stack(0x0000000019dc0000,0x0000000019ec0000)]
  0x0000000017960800 JavaThread "Stdin handler" [_thread_blocked, id=15848, stack(0x0000000019ac0000,0x0000000019bc0000)]
  0x000000001762f800 JavaThread "Asynchronous log dispatcher for DefaultDaemonConnection: socket connection from /127.0.0.1:57547 to /127.0.0.1:57548" [_thread_blocked, id=16256, stack(0x00000000199c0000,0x0000000019ac0000)]
  0x000000001795d000 JavaThread "Daemon worker" [_thread_in_Java, id=16044, stack(0x00000000198c0000,0x00000000199c0000)]
  0x0000000017630800 JavaThread "Cancel handler" [_thread_blocked, id=17036, stack(0x00000000197c0000,0x00000000198c0000)]
  0x000000001793b800 JavaThread "Handler for socket connection from /127.0.0.1:57547 to /127.0.0.1:57548" [_thread_in_native, id=15120, stack(0x00000000194c0000,0x00000000195c0000)]
  0x00000000179a6000 JavaThread "Daemon" [_thread_blocked, id=17344, stack(0x00000000193c0000,0x00000000194c0000)]
  0x0000000017333000 JavaThread "Daemon periodic checks" [_thread_blocked, id=11412, stack(0x00000000192c0000,0x00000000193c0000)]
  0x0000000017d60000 JavaThread "Incoming local TCP Connector on port 57547" [_thread_in_native, id=7588, stack(0x0000000017f30000,0x0000000018030000)]
  0x0000000015ce3800 JavaThread "Service Thread" daemon [_thread_blocked, id=16224, stack(0x0000000016560000,0x0000000016660000)]
  0x0000000015c6c000 JavaThread "C1 CompilerThread2" daemon [_thread_in_native, id=16080, stack(0x0000000016460000,0x0000000016560000)]
=>0x0000000015c69000 JavaThread "C2 CompilerThread1" daemon [_thread_in_native, id=15256, stack(0x0000000016360000,0x0000000016460000)]
  0x0000000014890000 JavaThread "C2 CompilerThread0" daemon [_thread_in_native, id=14768, stack(0x0000000016260000,0x0000000016360000)]
  0x00000000148de800 JavaThread "Attach Listener" daemon [_thread_blocked, id=16072, stack(0x0000000016160000,0x0000000016260000)]
  0x0000000015c68800 JavaThread "Signal Dispatcher" daemon [_thread_blocked, id=16760, stack(0x0000000016060000,0x0000000016160000)]
  0x000000000350a800 JavaThread "Finalizer" daemon [_thread_blocked, id=14120, stack(0x0000000015b00000,0x0000000015c00000)]
  0x0000000003505800 JavaThread "Reference Handler" daemon [_thread_blocked, id=15924, stack(0x0000000015a00000,0x0000000015b00000)]
  0x0000000003413800 JavaThread "main" [_thread_blocked, id=16980, stack(0x0000000002f80000,0x0000000003080000)]

Other Threads:
  0x0000000014846000 VMThread [stack: 0x0000000015900000,0x0000000015a00000] [id=11460]
  0x0000000015ce6800 WatcherThread [stack: 0x0000000016660000,0x0000000016760000] [id=14840]

VM state:not at safepoint (normal execution)

VM Mutex/Monitor currently owned by a thread: None

Heap:
 PSYoungGen      total 101376K, used 13569K [0x00000000f5580000, 0x00000000fcc00000, 0x0000000100000000)
  eden space 92672K, 5% used [0x00000000f5580000,0x00000000f5a41d70,0x00000000fb000000)
  from space 8704K, 99% used [0x00000000fba80000,0x00000000fc2fe948,0x00000000fc300000)
  to   space 10752K, 0% used [0x00000000fb000000,0x00000000fb000000,0x00000000fba80000)
 ParOldGen       total 42496K, used 13429K [0x00000000e0000000, 0x00000000e2980000, 0x00000000f5580000)
  object space 42496K, 31% used [0x00000000e0000000,0x00000000e0d1d530,0x00000000e2980000)
 Metaspace       used 31260K, capacity 31982K, committed 32256K, reserved 1077248K
  class space    used 4314K, capacity 4584K, committed 4608K, reserved 1048576K

Card table byte_map: [0x00000000128d0000,0x00000000129e0000] byte_map_base: 0x00000000121d0000

Marking Bits: (ParMarkBitMap*) 0x0000000070f53950
 Begin Bits: [0x0000000012de0000, 0x00000000135e0000)
 End Bits:   [0x00000000135e0000, 0x0000000013de0000)

Polling page: 0x0000000000ff0000

CodeCache: size=245760Kb used=11233Kb max_used=11233Kb free=234526Kb
 bounds [0x0000000003510000, 0x0000000004010000, 0x0000000012510000]
 total_blobs=3501 nmethods=2839 adapters=575
 compilation: enabled

Compilation events (10 events):
Event: 6.777 Thread 0x0000000015c6c000 2883       2       java.util.HashMap::entrySet (27 bytes)
Event: 6.778 Thread 0x0000000015c6c000 nmethod 2883 0x000000000400b7d0 code [0x000000000400b920, 0x000000000400bb10]
Event: 6.778 Thread 0x0000000015c6c000 2884       1       org.gradle.internal.component.external.descriptor.ModuleDescriptorState::getComponentIdentifier (5 bytes)
Event: 6.778 Thread 0x0000000015c6c000 nmethod 2884 0x000000000400bb90 code [0x000000000400bce0, 0x000000000400bdf0]
Event: 6.778 Thread 0x0000000015c6c000 2885       2       java.util.Collections$SingletonSet::contains (9 bytes)
Event: 6.778 Thread 0x0000000015c6c000 nmethod 2885 0x000000000400be50 code [0x000000000400bfc0, 0x000000000400c168]
Event: 6.778 Thread 0x0000000015c6c000 2886       2       java.util.Collections::eq (22 bytes)
Event: 6.778 Thread 0x0000000015c6c000 nmethod 2886 0x000000000400c210 code [0x000000000400c380, 0x000000000400c508]
Event: 6.778 Thread 0x0000000015c6c000 2887       1       org.gradle.internal.component.external.model.DefaultModuleComponentIdentifier::getModule (5 bytes)
Event: 6.778 Thread 0x0000000015c6c000 nmethod 2887 0x000000000400c590 code [0x000000000400c6e0, 0x000000000400c7f0]

GC Heap History (10 events):
Event: 2.660 GC heap before
{Heap before GC invocations=5 (full 0):
 PSYoungGen      total 35328K, used 35304K [0x00000000f5580000, 0x00000000f7a80000, 0x0000000100000000)
  eden space 32768K, 100% used [0x00000000f5580000,0x00000000f7580000,0x00000000f7580000)
  from space 2560K, 99% used [0x00000000f7800000,0x00000000f7a7a020,0x00000000f7a80000)
  to   space 2560K, 0% used [0x00000000f7580000,0x00000000f7580000,0x00000000f7800000)
 ParOldGen       total 44032K, used 4807K [0x00000000e0000000, 0x00000000e2b00000, 0x00000000f5580000)
  object space 44032K, 10% used [0x00000000e0000000,0x00000000e04b1c28,0x00000000e2b00000)
 Metaspace       used 15769K, capacity 16200K, committed 16512K, reserved 1062912K
  class space    used 2211K, capacity 2348K, committed 2432K, reserved 1048576K
Event: 2.669 GC heap after
Heap after GC invocations=5 (full 0):
 PSYoungGen      total 35328K, used 2536K [0x00000000f5580000, 0x00000000fa480000, 0x0000000100000000)
  eden space 32768K, 0% used [0x00000000f5580000,0x00000000f5580000,0x00000000f7580000)
  from space 2560K, 99% used [0x00000000f7580000,0x00000000f77fa020,0x00000000f7800000)
  to   space 7680K, 0% used [0x00000000f9d00000,0x00000000f9d00000,0x00000000fa480000)
 ParOldGen       total 44032K, used 9332K [0x00000000e0000000, 0x00000000e2b00000, 0x00000000f5580000)
  object space 44032K, 21% used [0x00000000e0000000,0x00000000e091d0f8,0x00000000e2b00000)
 Metaspace       used 15769K, capacity 16200K, committed 16512K, reserved 1062912K
  class space    used 2211K, capacity 2348K, committed 2432K, reserved 1048576K
}
Event: 3.688 GC heap before
{Heap before GC invocations=6 (full 0):
 PSYoungGen      total 35328K, used 29882K [0x00000000f5580000, 0x00000000fa480000, 0x0000000100000000)
  eden space 32768K, 83% used [0x00000000f5580000,0x00000000f70349b8,0x00000000f7580000)
  from space 2560K, 99% used [0x00000000f7580000,0x00000000f77fa020,0x00000000f7800000)
  to   space 7680K, 0% used [0x00000000f9d00000,0x00000000f9d00000,0x00000000fa480000)
 ParOldGen       total 44032K, used 9332K [0x00000000e0000000, 0x00000000e2b00000, 0x00000000f5580000)
  object space 44032K, 21% used [0x00000000e0000000,0x00000000e091d0f8,0x00000000e2b00000)
 Metaspace       used 20636K, capacity 21084K, committed 21248K, reserved 1067008K
  class space    used 2846K, capacity 3007K, committed 3072K, reserved 1048576K
Event: 3.698 GC heap after
Heap after GC invocations=6 (full 0):
 PSYoungGen      total 72192K, used 7185K [0x00000000f5580000, 0x00000000fa680000, 0x0000000100000000)
  eden space 64512K, 0% used [0x00000000f5580000,0x00000000f5580000,0x00000000f9480000)
  from space 7680K, 93% used [0x00000000f9d00000,0x00000000fa404488,0x00000000fa480000)
  to   space 8704K, 0% used [0x00000000f9480000,0x00000000f9480000,0x00000000f9d00000)
 ParOldGen       total 44032K, used 9340K [0x00000000e0000000, 0x00000000e2b00000, 0x00000000f5580000)
  object space 44032K, 21% used [0x00000000e0000000,0x00000000e091f0f8,0x00000000e2b00000)
 Metaspace       used 20636K, capacity 21084K, committed 21248K, reserved 1067008K
  class space    used 2846K, capacity 3007K, committed 3072K, reserved 1048576K
}
Event: 3.698 GC heap before
{Heap before GC invocations=7 (full 1):
 PSYoungGen      total 72192K, used 7185K [0x00000000f5580000, 0x00000000fa680000, 0x0000000100000000)
  eden space 64512K, 0% used [0x00000000f5580000,0x00000000f5580000,0x00000000f9480000)
  from space 7680K, 93% used [0x00000000f9d00000,0x00000000fa404488,0x00000000fa480000)
  to   space 8704K, 0% used [0x00000000f9480000,0x00000000f9480000,0x00000000f9d00000)
 ParOldGen       total 44032K, used 9340K [0x00000000e0000000, 0x00000000e2b00000, 0x00000000f5580000)
  object space 44032K, 21% used [0x00000000e0000000,0x00000000e091f0f8,0x00000000e2b00000)
 Metaspace       used 20636K, capacity 21084K, committed 21248K, reserved 1067008K
  class space    used 2846K, capacity 3007K, committed 3072K, reserved 1048576K
Event: 3.747 GC heap after
Heap after GC invocations=7 (full 1):
 PSYoungGen      total 72192K, used 0K [0x00000000f5580000, 0x00000000fa680000, 0x0000000100000000)
  eden space 64512K, 0% used [0x00000000f5580000,0x00000000f5580000,0x00000000f9480000)
  from space 7680K, 0% used [0x00000000f9d00000,0x00000000f9d00000,0x00000000fa480000)
  to   space 8704K, 0% used [0x00000000f9480000,0x00000000f9480000,0x00000000f9d00000)
 ParOldGen       total 42496K, used 12331K [0x00000000e0000000, 0x00000000e2980000, 0x00000000f5580000)
  object space 42496K, 29% used [0x00000000e0000000,0x00000000e0c0ae40,0x00000000e2980000)
 Metaspace       used 20636K, capacity 21084K, committed 21248K, reserved 1067008K
  class space    used 2846K, capacity 3007K, committed 3072K, reserved 1048576K
}
Event: 5.385 GC heap before
{Heap before GC invocations=8 (full 1):
 PSYoungGen      total 72192K, used 64512K [0x00000000f5580000, 0x00000000fa680000, 0x0000000100000000)
  eden space 64512K, 100% used [0x00000000f5580000,0x00000000f9480000,0x00000000f9480000)
  from space 7680K, 0% used [0x00000000f9d00000,0x00000000f9d00000,0x00000000fa480000)
  to   space 8704K, 0% used [0x00000000f9480000,0x00000000f9480000,0x00000000f9d00000)
 ParOldGen       total 42496K, used 12331K [0x00000000e0000000, 0x00000000e2980000, 0x00000000f5580000)
  object space 42496K, 29% used [0x00000000e0000000,0x00000000e0c0ae40,0x00000000e2980000)
 Metaspace       used 25532K, capacity 26014K, committed 26240K, reserved 1071104K
  class space    used 3528K, capacity 3682K, committed 3712K, reserved 1048576K
Event: 5.397 GC heap after
Heap after GC invocations=8 (full 1):
 PSYoungGen      total 73216K, used 6537K [0x00000000f5580000, 0x00000000fc300000, 0x0000000100000000)
  eden space 64512K, 0% used [0x00000000f5580000,0x00000000f5580000,0x00000000f9480000)
  from space 8704K, 75% used [0x00000000f9480000,0x00000000f9ae24e0,0x00000000f9d00000)
  to   space 8704K, 0% used [0x00000000fba80000,0x00000000fba80000,0x00000000fc300000)
 ParOldGen       total 42496K, used 12339K [0x00000000e0000000, 0x00000000e2980000, 0x00000000f5580000)
  object space 42496K, 29% used [0x00000000e0000000,0x00000000e0c0ce40,0x00000000e2980000)
 Metaspace       used 25532K, capacity 26014K, committed 26240K, reserved 1071104K
  class space    used 3528K, capacity 3682K, committed 3712K, reserved 1048576K
}
Event: 6.635 GC heap before
{Heap before GC invocations=9 (full 1):
 PSYoungGen      total 73216K, used 71049K [0x00000000f5580000, 0x00000000fc300000, 0x0000000100000000)
  eden space 64512K, 100% used [0x00000000f5580000,0x00000000f9480000,0x00000000f9480000)
  from space 8704K, 75% used [0x00000000f9480000,0x00000000f9ae24e0,0x00000000f9d00000)
  to   space 8704K, 0% used [0x00000000fba80000,0x00000000fba80000,0x00000000fc300000)
 ParOldGen       total 42496K, used 12339K [0x00000000e0000000, 0x00000000e2980000, 0x00000000f5580000)
  object space 42496K, 29% used [0x00000000e0000000,0x00000000e0c0ce40,0x00000000e2980000)
 Metaspace       used 31208K, capacity 31854K, committed 32000K, reserved 1077248K
  class space    used 4314K, capacity 4584K, committed 4608K, reserved 1048576K
Event: 6.670 GC heap after
Heap after GC invocations=9 (full 1):
 PSYoungGen      total 101376K, used 8698K [0x00000000f5580000, 0x00000000fcc00000, 0x0000000100000000)
  eden space 92672K, 0% used [0x00000000f5580000,0x00000000f5580000,0x00000000fb000000)
  from space 8704K, 99% used [0x00000000fba80000,0x00000000fc2fe948,0x00000000fc300000)
  to   space 10752K, 0% used [0x00000000fb000000,0x00000000fb000000,0x00000000fba80000)
 ParOldGen       total 42496K, used 13429K [0x00000000e0000000, 0x00000000e2980000, 0x00000000f5580000)
  object space 42496K, 31% used [0x00000000e0000000,0x00000000e0d1d530,0x00000000e2980000)
 Metaspace       used 31208K, capacity 31854K, committed 32000K, reserved 1077248K
  class space    used 4314K, capacity 4584K, committed 4608K, reserved 1048576K
}

Deoptimization events (10 events):
Event: 5.966 Thread 0x000000001795d000 Uncommon trap: reason=unstable_if action=reinterpret pc=0x0000000003dc2274 method=java.net.URLClassLoader.isSealed(Ljava/lang/String;Ljava/util/jar/Manifest;)Z @ 26
Event: 6.063 Thread 0x000000001795d000 Uncommon trap: reason=bimorphic action=maybe_recompile pc=0x0000000003cb541c method=org.codehaus.groovy.runtime.metaclass.MetaMethodIndex.addMethodToList(Ljava/lang/Object;Lgroovy/lang/MetaMethod;)Ljava/lang/Object; @ 96
Event: 6.273 Thread 0x000000001795d000 Uncommon trap: reason=unstable_if action=reinterpret pc=0x0000000003d57620 method=java.net.URI.match(CJJ)Z @ 45
Event: 6.334 Thread 0x000000001795d000 Uncommon trap: reason=unstable_if action=reinterpret pc=0x0000000003d6b7e4 method=java.util.regex.Pattern.has(I)Z @ 6
Event: 6.356 Thread 0x000000001795d000 Uncommon trap: reason=class_check action=maybe_recompile pc=0x0000000003c79e9c method=com.google.common.io.CountingInputStream.read([BII)I @ 7
Event: 6.407 Thread 0x000000001795d000 Uncommon trap: reason=class_check action=maybe_recompile pc=0x0000000003c79e9c method=com.google.common.io.CountingInputStream.read([BII)I @ 7
Event: 6.440 Thread 0x000000001795d000 Uncommon trap: reason=class_check action=maybe_recompile pc=0x0000000003c79e9c method=com.google.common.io.CountingInputStream.read([BII)I @ 7
Event: 6.451 Thread 0x000000001795d000 Uncommon trap: reason=class_check action=maybe_recompile pc=0x0000000003c79e9c method=com.google.common.io.CountingInputStream.read([BII)I @ 7
Event: 6.515 Thread 0x000000001795d000 Uncommon trap: reason=unstable_if action=reinterpret pc=0x0000000003d3c8a8 method=java.util.regex.Pattern$BmpCharProperty.match(Ljava/util/regex/Matcher;ILjava/lang/CharSequence;)Z @ 34
Event: 6.675 Thread 0x000000000350a800 Uncommon trap: reason=unstable_if action=reinterpret pc=0x0000000003adf724 method=java.util.WeakHashMap.expungeStaleEntries()V @ 9

Classes redefined (0 events):
No events

Internal exceptions (10 events):
Event: 6.125 Thread 0x000000001795d000 Exception <a 'java/lang/ClassNotFoundException': java/util/ArrayListBeanInfo> (0x00000000f7d8efa0) thrown at [D:\src\AOSP-openjdk-cygwin\jdk8u\hotspot\src\share\vm\classfile\systemDictionary.cpp, line 210]
Event: 6.125 Thread 0x000000001795d000 Exception <a 'java/lang/ClassNotFoundException': java/util/AbstractListBeanInfo> (0x00000000f7d966c8) thrown at [D:\src\AOSP-openjdk-cygwin\jdk8u\hotspot\src\share\vm\classfile\systemDictionary.cpp, line 210]
Event: 6.125 Thread 0x000000001795d000 Exception <a 'java/lang/ClassNotFoundException': java/util/AbstractListCustomizer> (0x00000000f7d9e1a8) thrown at [D:\src\AOSP-openjdk-cygwin\jdk8u\hotspot\src\share\vm\classfile\systemDictionary.cpp, line 210]
Event: 6.126 Thread 0x000000001795d000 Exception <a 'java/lang/ClassNotFoundException': java/util/ArrayListCustomizer> (0x00000000f7db38f0) thrown at [D:\src\AOSP-openjdk-cygwin\jdk8u\hotspot\src\share\vm\classfile\systemDictionary.cpp, line 210]
Event: 6.129 Thread 0x000000001795d000 Exception <a 'java/lang/ClassNotFoundException': java/util/CollectionBeanInfo> (0x00000000f7df54b0) thrown at [D:\src\AOSP-openjdk-cygwin\jdk8u\hotspot\src\share\vm\classfile\systemDictionary.cpp, line 210]
Event: 6.129 Thread 0x000000001795d000 Exception <a 'java/lang/ClassNotFoundException': java/util/CollectionCustomizer> (0x00000000f7dfcb68) thrown at [D:\src\AOSP-openjdk-cygwin\jdk8u\hotspot\src\share\vm\classfile\systemDictionary.cpp, line 210]
Event: 6.218 Thread 0x000000001795d000 Exception <a 'java/lang/ClassNotFoundException': build_9lmymwxu6m4j1jwmdujm2hpnxBeanInfo> (0x00000000f8396bd8) thrown at [D:\src\AOSP-openjdk-cygwin\jdk8u\hotspot\src\share\vm\classfile\systemDictionary.cpp, line 210]
Event: 6.219 Thread 0x000000001795d000 Exception <a 'java/lang/ClassNotFoundException': org/gradle/api/internal/project/ProjectScriptBeanInfo> (0x00000000f83a86e8) thrown at [D:\src\AOSP-openjdk-cygwin\jdk8u\hotspot\src\share\vm\classfile\systemDictionary.cpp, line 210]
Event: 6.219 Thread 0x000000001795d000 Exception <a 'java/lang/ClassNotFoundException': org/gradle/api/internal/project/ProjectScriptCustomizer> (0x00000000f83ba800) thrown at [D:\src\AOSP-openjdk-cygwin\jdk8u\hotspot\src\share\vm\classfile\systemDictionary.cpp, line 210]
Event: 6.221 Thread 0x000000001795d000 Exception <a 'java/lang/ClassNotFoundException': build_9lmymwxu6m4j1jwmdujm2hpnxCustomizer> (0x00000000f83d8c50) thrown at [D:\src\AOSP-openjdk-cygwin\jdk8u\hotspot\src\share\vm\classfile\systemDictionary.cpp, line 210]

Events (10 events):
Event: 6.677 Executing VM operation: RevokeBias
Event: 6.677 Executing VM operation: RevokeBias done
Event: 6.677 Executing VM operation: RevokeBias
Event: 6.677 Executing VM operation: RevokeBias done
Event: 6.677 Executing VM operation: BulkRevokeBias
Event: 6.677 Executing VM operation: BulkRevokeBias done
Event: 6.677 Executing VM operation: RevokeBias
Event: 6.677 Executing VM operation: RevokeBias done
Event: 6.730 Thread 0x000000001795d000 DEOPT PACKING pc=0x000000000364569d sp=0x00000000199baaa0
Event: 6.730 Thread 0x000000001795d000 DEOPT UNPACKING pc=0x00000000035575bf sp=0x00000000199ba820 mode 0


Dynamic libraries:
0x00007ff65e290000 - 0x00007ff65e2c1000 	X:\Program Files\Android\Android Studio2\jre\bin\java.exe
0x00007ffc3e9b0000 - 0x00007ffc3eb82000 	X:\Windows\SYSTEM32\ntdll.dll
0x00007ffc3e790000 - 0x00007ffc3e83c000 	X:\Windows\System32\KERNEL32.DLL
0x00007ffc3af00000 - 0x00007ffc3b11d000 	X:\Windows\System32\KERNELBASE.dll
0x00007ffc3c2a0000 - 0x00007ffc3c342000 	X:\Windows\System32\ADVAPI32.dll
0x00007ffc3e910000 - 0x00007ffc3e9ae000 	X:\Windows\System32\msvcrt.dll
0x00007ffc3c1e0000 - 0x00007ffc3c239000 	X:\Windows\System32\sechost.dll
0x00007ffc3c0b0000 - 0x00007ffc3c1d1000 	X:\Windows\System32\RPCRT4.dll
0x00007ffc3e620000 - 0x00007ffc3e785000 	X:\Windows\System32\USER32.dll
0x00007ffc3bad0000 - 0x00007ffc3baee000 	X:\Windows\System32\win32u.dll
0x00007ffc3c060000 - 0x00007ffc3c094000 	X:\Windows\System32\GDI32.dll
0x00007ffc3bb50000 - 0x00007ffc3bcd0000 	X:\Windows\System32\gdi32full.dll
0x00007ffc2fa70000 - 0x00007ffc2fcea000 	X:\Windows\WinSxS\amd64_microsoft.windows.common-controls_6595b64144ccf1df_6.0.14393.953_none_42151e83c686086b\COMCTL32.dll
0x00007ffc3df00000 - 0x00007ffc3e1c8000 	X:\Windows\System32\combase.dll
0x00007ffc3b120000 - 0x00007ffc3b215000 	X:\Windows\System32\ucrtbase.dll
0x00007ffc3b9b0000 - 0x00007ffc3ba1a000 	X:\Windows\System32\bcryptPrimitives.dll
0x00007ffc3ded0000 - 0x00007ffc3defe000 	X:\Windows\System32\IMM32.DLL
0x0000000071b20000 - 0x0000000071bf2000 	X:\Program Files\Android\Android Studio2\jre\jre\bin\msvcr100.dll
0x0000000070790000 - 0x0000000070fce000 	X:\Program Files\Android\Android Studio2\jre\jre\bin\server\jvm.dll
0x00007ffc3dbe0000 - 0x00007ffc3dbe8000 	X:\Windows\System32\PSAPI.DLL
0x00007ffc1c0b0000 - 0x00007ffc1c0b9000 	X:\Windows\SYSTEM32\WSOCK32.dll
0x00007ffc392a0000 - 0x00007ffc392c3000 	X:\Windows\SYSTEM32\WINMM.dll
0x00007ffc2f750000 - 0x00007ffc2f75a000 	X:\Windows\SYSTEM32\VERSION.dll
0x00007ffc3e8a0000 - 0x00007ffc3e90a000 	X:\Windows\System32\WS2_32.dll
0x00007ffc39240000 - 0x00007ffc3926b000 	X:\Windows\SYSTEM32\WINMMBASE.dll
0x00007ffc3aeb0000 - 0x00007ffc3aef2000 	X:\Windows\System32\cfgmgr32.dll
0x00007ffc36f80000 - 0x00007ffc36f8f000 	X:\Program Files\Android\Android Studio2\jre\jre\bin\verify.dll
0x00007ffc31a30000 - 0x00007ffc31a59000 	X:\Program Files\Android\Android Studio2\jre\jre\bin\java.dll
0x00007ffc31950000 - 0x00007ffc31966000 	X:\Program Files\Android\Android Studio2\jre\jre\bin\zip.dll
0x00007ffc3c410000 - 0x00007ffc3d918000 	X:\Windows\System32\SHELL32.dll
0x00007ffc3b2d0000 - 0x00007ffc3b9a8000 	X:\Windows\System32\windows.storage.dll
0x00007ffc3ae40000 - 0x00007ffc3ae8c000 	X:\Windows\System32\powrprof.dll
0x00007ffc3c240000 - 0x00007ffc3c292000 	X:\Windows\System32\shlwapi.dll
0x00007ffc3aea0000 - 0x00007ffc3aeaf000 	X:\Windows\System32\kernel.appcore.dll
0x00007ffc3ba20000 - 0x00007ffc3bac9000 	X:\Windows\System32\shcore.dll
0x00007ffc3ae20000 - 0x00007ffc3ae34000 	X:\Windows\System32\profapi.dll
0x00007ffc31930000 - 0x00007ffc3194a000 	X:\Program Files\Android\Android Studio2\jre\jre\bin\net.dll
0x00007ffc3a6f0000 - 0x00007ffc3a74c000 	X:\Windows\system32\mswsock.dll
0x00007ffc31910000 - 0x00007ffc31921000 	X:\Program Files\Android\Android Studio2\jre\jre\bin\nio.dll
0x00007ffc2e910000 - 0x00007ffc2e92e000 	X:\Users\asd\.gradle\native\25\windows-amd64\native-platform.dll
0x00007ffc36f50000 - 0x00007ffc36f5d000 	X:\Program Files\Android\Android Studio2\jre\jre\bin\management.dll
0x00007ffc3a890000 - 0x00007ffc3a8a7000 	X:\Windows\SYSTEM32\CRYPTSP.dll
0x00007ffc3a2f0000 - 0x00007ffc3a323000 	X:\Windows\system32\rsaenh.dll
0x00007ffc3ad60000 - 0x00007ffc3ad8b000 	X:\Windows\SYSTEM32\bcrypt.dll
0x00007ffc3a570000 - 0x00007ffc3a58f000 	X:\Windows\SYSTEM32\USERENV.dll
0x00007ffc3a8b0000 - 0x00007ffc3a8bb000 	X:\Windows\SYSTEM32\CRYPTBASE.dll
0x00007ffc3a470000 - 0x00007ffc3a4a8000 	X:\Windows\SYSTEM32\IPHLPAPI.DLL
0x00007ffc3c0a0000 - 0x00007ffc3c0a8000 	X:\Windows\System32\NSI.dll
0x00007ffc314f0000 - 0x00007ffc31506000 	X:\Windows\SYSTEM32\dhcpcsvc6.DLL
0x00007ffc314a0000 - 0x00007ffc314ba000 	X:\Windows\SYSTEM32\dhcpcsvc.DLL

VM Arguments:
jvm_args: -XX:MaxPermSize=512m -Xmx512m -Dfile.encoding=GBK -Duser.country=CN -Duser.language=zh -Duser.variant 
java_command: org.gradle.launcher.daemon.bootstrap.GradleDaemon 4.1
java_class_path (initial): X:\Users\asd\.gradle\wrapper\dists\gradle-4.1-all\bzyivzo6n839fup2jbap0tjew\gradle-4.1\lib\gradle-launcher-4.1.jar
Launcher Type: SUN_STANDARD

Environment Variables:
JAVA_HOME=X:\Program Files\Java\jdk1.7.0_17
CLASSPATH=.;%JAVA_HOME%\lib;%JAVA_HOME%\lib\tools.jar;E:\apache-cxf-2.4.2\lib\cxf-manifest.jar;D:\ant\apache-ant-1.9.9\lib;%CXF_HOME%\lib;%JAVA8_HOME%\lib;%JAVA8_HOME%\lib\tools.jar
PATH=X:\ProgramData\Oracle\Java\javapath\;X:\Windows\system32\;X:\Windows\;X:\Windows\System32\Wbem\;X:\Windows\System32\WindowsPowerShell\v1.0\;X:\Program Files (x86)\Java\jdk1.8.0_60\bin\;X:\Program Files (x86)\Java\jdk1.8.0_60\jre\bin;x:\Program Files (x86)\NVIDIA Corporation\PhysX\Common\;E:\mysql-5.6.34-winx64\bin\;x:\Program Files (x86)\Microsoft SQL Server\100\Tools\Binn\;x:\Program Files\Microsoft SQL Server\100\Tools\Binn\;x:\Program Files\Microsoft SQL Server\100\DTS\Binn\;X:\Program Files\Microsoft SQL Server\110\Tools\Binn\;X:\Program Files (x86)\GtkSharp\2.12\bin;X:\Program Files (x86)\Windows Kits\8.1\Windows Performance Toolkit\;X:\Users\asd\Documents\Tencent Files\312018367\FileRecv\cocos2d-x-2.2.6;X:\Program Files (x86)\PCL 1.7.2\bin;X:\Program Files (x86)\PCL 1.7.2\3rdParty\FLANN\bin;X:\Program Files (x86)\PCL 1.7.2\3rdParty\Qhull\bin;X:\Program Files (x86)\PCL 1.7.2\3rdParty\VTK\bin;X:\ProgramData\Microsoft\Windows\Start Menu\Programs\MySQL\MySQL Server 5.6;X:\Program Files (x86)\Java\jdk1.8.0_60\jre;X:\Program Files (x86)\Java\jdk1.8.0_60\bin;X:\Program Files\MySQL\MySQL Utilities 1.6\;X:\ProgramData\Microsoft\Windows\Start Menu\Programs\MySQL\MySQL Server 5.6;X:\Program Files\OpenNI\Bin;X:\Windows\system32\config\systemprofile\.dnx\bin;X:\Program Files\Microsoft DNX\Dnvm\;X:\Program Files\Microsoft SQL Server\120\Tools\Binn\;X:\Program Files\Microsoft SQL Server\130\Tools\Binn\;X:\Program Files\TortoiseSVN\bin;D:\cxf\apache-cxf-2.4.2\bin;x:\Program Files\Git\cmd;%GRADLE_HOME%\bin;X:\Users\asd\AppData\Local\Android\sdk\platforms;X:\Users\asd\AppData\Local\Android\sdk\tools;%SDK_HOME%\tools;%SDK_HOME%\platform-tools;C:\Users\cocos\frameworks\cocos2d-x-3.7\tools\cocos2d-console\bin;E:\BaiduYunDownload\cocos2d-x-3.13.1\templates;E:\BaiduYunDownload\cocos2d-x-3.13.1\tools\cocos2d-console\bin;X:\Users\asd\AppData\Local\Microsoft\WindowsApps;X:\Users\asd\AppData\Roaming\Microsoft\Windows\Start Menu\Programs\Python 3.5£»
USERNAME=asd
OS=Windows_NT
PROCESSOR_IDENTIFIER=Intel64 Family 6 Model 60 Stepping 3, GenuineIntel



---------------  S Y S T E M  ---------------

OS: Windows 10.0 , 64 bit Build 14393 (10.0.14393.1198)

CPU:total 4 (initial active 4) (2 cores per cpu, 2 threads per core) family 6 model 60 stepping 3, cmov, cx8, fxsr, mmx, sse, sse2, sse3, ssse3, sse4.1, sse4.2, popcnt, avx, avx2, aes, clmul, erms, lzcnt, ht, tsc, tscinvbit, bmi1, bmi2

Memory: 4k page, physical 4119916k(197528k free), swap 6692372k(6476k free)

vm_info: OpenJDK 64-Bit Server VM (25.152-b01) for windows-amd64 JRE (1.8.0_152-release-915-b01), built by "builder" with MS VC++ 10.0 (VS2010)

time: Mon Jan 08 01:50:01 2018
elapsed time: 6 seconds (0d 0h 0m 6s)

