#
# There is insufficient memory for the Java Runtime Environment to continue.
# Native memory allocation (malloc) failed to allocate 1343776 bytes for Chunk::new
# Possible reasons:
#   The system is out of physical RAM or swap space
#   In 32 bit mode, the process size limit was hit
# Possible solutions:
#   Reduce memory load on the system
#   Increase physical memory or swap space
#   Check if swap backing store is full
#   Use 64 bit Java on a 64 bit OS
#   Decrease Java heap size (-Xmx/-Xms)
#   Decrease number of Java threads
#   Decrease Java thread stack sizes (-Xss)
#   Set larger code cache with -XX:ReservedCodeCacheSize=
# This output file may be truncated or incomplete.
#
#  Out of Memory Error (allocation.cpp:390), pid=12908, tid=0x00000000000050b4
#
# JRE version: OpenJDK Runtime Environment (8.0_152-b01) (build 1.8.0_152-release-915-b01)
# Java VM: OpenJDK 64-Bit Server VM (25.152-b01 mixed mode windows-amd64 compressed oops)
# Failed to write core dump. Minidumps are not enabled by default on client versions of Windows
#

---------------  T H R E A D  ---------------

Current thread (0x000000001507a000):  JavaThread "C2 CompilerThread0" daemon [_thread_in_native, id=20660, stack(0x0000000015670000,0x0000000015770000)]

Stack: [0x0000000015670000,0x0000000015770000]
[error occurred during error reporting (printing stack bounds), id 0xc0000005]

Native frames: (J=compiled Java code, j=interpreted, Vv=VM code, C=native code)


Current CompileTask:
C2: 264719 21782       4       com.android.dx.merge.IndexMap$EncodedValueTransformer::transform (543 bytes)


---------------  P R O C E S S  ---------------

Java Threads: ( => current thread )
  0x0000000016df7000 JavaThread "ForkJoinPool.commonPool-worker-0" daemon [_thread_blocked, id=20568, stack(0x0000000038640000,0x0000000038740000)]
  0x0000000016df5800 JavaThread "ForkJoinPool.commonPool-worker-7" daemon [_thread_blocked, id=20936, stack(0x0000000038540000,0x0000000038640000)]
  0x0000000016df3800 JavaThread "ForkJoinPool.commonPool-worker-6" daemon [_thread_blocked, id=13676, stack(0x0000000038440000,0x0000000038540000)]
  0x0000000016df4000 JavaThread "ForkJoinPool.commonPool-worker-5" daemon [_thread_blocked, id=8896, stack(0x0000000038240000,0x0000000038340000)]
  0x0000000016df2800 JavaThread "Worker Daemon Execution" [_thread_blocked, id=3832, stack(0x0000000038140000,0x0000000038240000)]
  0x00000000179a3000 JavaThread "Cache worker for Java compile cache (X:\Users\asd\Clock\.gradle\4.1\javaCompile)" [_thread_blocked, id=21816, stack(0x0000000038040000,0x0000000038140000)]
  0x0000000016dec800 JavaThread "Task worker for ':' Thread 3" [_thread_blocked, id=21368, stack(0x0000000037240000,0x0000000037340000)]
  0x0000000016deb000 JavaThread "Task worker for ':' Thread 2" [_thread_in_Java, id=22004, stack(0x0000000037140000,0x0000000037240000)]
  0x0000000016df2000 JavaThread "Task worker for ':'" [_thread_blocked, id=21600, stack(0x0000000037040000,0x0000000037140000)]
  0x0000000016dec000 JavaThread "Cache worker for task history cache (X:\Users\asd\Clock\.gradle\4.1\taskHistory)" [_thread_blocked, id=19572, stack(0x0000000036f40000,0x0000000037040000)]
  0x0000000016df1000 JavaThread "Cache worker for file content cache (X:\Users\asd\Clock\.gradle\4.1\fileContent)" [_thread_blocked, id=14488, stack(0x0000000036e40000,0x0000000036f40000)]
  0x0000000016df0800 JavaThread "build operations Thread 4" [_thread_blocked, id=16592, stack(0x0000000036d40000,0x0000000036e40000)]
  0x00000000151ae800 JavaThread "build operations Thread 3" [_thread_blocked, id=22464, stack(0x0000000036c40000,0x0000000036d40000)]
  0x00000000151ac800 JavaThread "build operations Thread 2" [_thread_blocked, id=14968, stack(0x0000000036b40000,0x0000000036c40000)]
  0x00000000151af800 JavaThread "build operations" [_thread_blocked, id=13596, stack(0x0000000036a40000,0x0000000036b40000)]
  0x00000000151a8800 JavaThread "Cache worker for Artifact transforms cache (X:\Users\asd\.gradle\caches\transforms-1)" [_thread_blocked, id=17604, stack(0x0000000036940000,0x0000000036a40000)]
  0x00000000151ae000 JavaThread "Cache worker for file hash cache (X:\Users\asd\Clock\.gradle\4.1\fileHashes)" [_thread_blocked, id=20212, stack(0x0000000036840000,0x0000000036940000)]
  0x00000000151ab000 JavaThread "Stdin handler" [_thread_blocked, id=22080, stack(0x0000000036740000,0x0000000036840000)]
  0x00000000151a2800 JavaThread "Asynchronous log dispatcher for DefaultDaemonConnection: socket connection from /127.0.0.1:50185 to /127.0.0.1:50322" [_thread_blocked, id=21828, stack(0x0000000036640000,0x0000000036740000)]
  0x00000000151a2000 JavaThread "Cancel handler" [_thread_blocked, id=17736, stack(0x0000000036540000,0x0000000036640000)]
  0x00000000151a7000 JavaThread "Handler for socket connection from /127.0.0.1:50185 to /127.0.0.1:50322" [_thread_in_native, id=20868, stack(0x0000000036440000,0x0000000036540000)]
  0x00000000179a1000 JavaThread "Daemon worker Thread 2" [_thread_blocked, id=20252, stack(0x0000000032240000,0x0000000032340000)]
  0x00000000179a1800 JavaThread "Daemon Thread 2" [_thread_blocked, id=21696, stack(0x0000000031f40000,0x0000000032040000)]
  0x00000000151a4000 JavaThread "Memory manager" [_thread_blocked, id=19980, stack(0x000000001ed00000,0x000000001ee00000)]
  0x0000000016544000 JavaThread "File lock request listener" [_thread_in_native, id=21748, stack(0x00000000192e0000,0x00000000193e0000)]
  0x0000000016d30000 JavaThread "Cache worker for file hash cache (X:\Users\asd\.gradle\caches\4.1\fileHashes)" [_thread_blocked, id=20216, stack(0x00000000191e0000,0x00000000192e0000)]
  0x0000000016607800 JavaThread "Daemon periodic checks" [_thread_blocked, id=21548, stack(0x00000000186e0000,0x00000000187e0000)]
  0x0000000016501800 JavaThread "Incoming local TCP Connector on port 50185" [_thread_in_native, id=10812, stack(0x0000000017370000,0x0000000017470000)]
  0x00000000150f4000 JavaThread "Service Thread" daemon [_thread_blocked, id=21700, stack(0x0000000015970000,0x0000000015a70000)]
  0x000000001507f000 JavaThread "C1 CompilerThread2" daemon [_thread_blocked, id=22108, stack(0x0000000015870000,0x0000000015970000)]
  0x000000001507c800 JavaThread "C2 CompilerThread1" daemon [_thread_in_native, id=17976, stack(0x0000000015770000,0x0000000015870000)]
=>0x000000001507a000 JavaThread "C2 CompilerThread0" daemon [_thread_in_native, id=20660, stack(0x0000000015670000,0x0000000015770000)]
  0x0000000015078800 JavaThread "Attach Listener" daemon [_thread_blocked, id=21560, stack(0x0000000015570000,0x0000000015670000)]
  0x0000000013d11000 JavaThread "Signal Dispatcher" daemon [_thread_blocked, id=21148, stack(0x0000000015470000,0x0000000015570000)]
  0x0000000013ced000 JavaThread "Finalizer" daemon [_thread_blocked, id=20412, stack(0x0000000014f70000,0x0000000015070000)]
  0x0000000002826000 JavaThread "Reference Handler" daemon [_thread_blocked, id=21940, stack(0x0000000014e70000,0x0000000014f70000)]
  0x0000000002733800 JavaThread "main" [_thread_blocked, id=16372, stack(0x00000000022c0000,0x00000000023c0000)]

Other Threads:
  0x0000000013cc6000 VMThread [stack: 0x0000000014d70000,0x0000000014e70000] [id=17136]
  0x00000000150f9000 WatcherThread [stack: 0x0000000015a70000,0x0000000015b70000] [id=21516]

VM state:not at safepoint (normal execution)

VM Mutex/Monitor currently owned by a thread: None

Heap:
 PSYoungGen      total 138240K, used 10284K [0x00000000f5580000, 0x0000000100000000, 0x0000000100000000)
  eden space 110080K, 9% used [0x00000000f5580000,0x00000000f5f8b1b0,0x00000000fc100000)
  from space 28160K, 0% used [0x00000000fe480000,0x00000000fe480000,0x0000000100000000)
  to   space 32256K, 0% used [0x00000000fc100000,0x00000000fc100000,0x00000000fe080000)
 ParOldGen       total 173568K, used 91630K [0x00000000e0000000, 0x00000000ea980000, 0x00000000f5580000)
  object space 173568K, 52% used [0x00000000e0000000,0x00000000e597b828,0x00000000ea980000)
 Metaspace       used 78002K, capacity 81744K, committed 82776K, reserved 1122304K
  class space    used 9625K, capacity 10443K, committed 10624K, reserved 1048576K

Card table byte_map: [0x0000000011ca0000,0x0000000011db0000] byte_map_base: 0x00000000115a0000

Marking Bits: (ParMarkBitMap*) 0x000000006a2a3950
 Begin Bits: [0x0000000012260000, 0x0000000012a60000)
 End Bits:   [0x0000000012a60000, 0x0000000013260000)

Polling page: 0x0000000002710000

CodeCache: size=245760Kb used=62276Kb max_used=62288Kb free=183483Kb
 bounds [0x00000000028e0000, 0x0000000006610000, 0x00000000118e0000]
 total_blobs=17514 nmethods=16675 adapters=751
 compilation: enabled

Compilation events (10 events):
Event: 264.284 Thread 0x000000001507c800 nmethod 21816 0x0000000006601650 code [0x00000000066017a0, 0x0000000006601a18]
Event: 264.284 Thread 0x000000001507c800 21809       4       com.android.dx.io.instructions.InstructionCodec::codeUnit (85 bytes)
Event: 264.285 Thread 0x000000001507c800 nmethod 21809 0x0000000006601dd0 code [0x0000000006601f00, 0x0000000006602018]
Event: 264.285 Thread 0x000000001507c800 21821       4       com.android.dx.io.instructions.InstructionCodec$13::decode (43 bytes)
Event: 264.285 Thread 0x000000001507f000 21822       2       com.android.dx.io.instructions.SparseSwitchPayloadDecodedInstruction::<init> (40 bytes)
Event: 264.286 Thread 0x000000001507f000 nmethod 21822 0x00000000066010d0 code [0x0000000006601240, 0x00000000066014d8]
Event: 264.288 Thread 0x000000001507c800 nmethod 21821 0x0000000006600ad0 code [0x0000000006600c20, 0x0000000006600e58]
Event: 264.288 Thread 0x000000001507c800 21810       4       com.android.dx.io.instructions.InstructionCodec$25::encode (6 bytes)
Event: 264.295 Thread 0x000000001507c800 nmethod 21810 0x00000000065fa4d0 code [0x00000000065fa640, 0x00000000065faa38]
Event: 264.295 Thread 0x000000001507c800 21824       4       com.android.dx.merge.DexMerger::transformMethods (126 bytes)

GC Heap History (10 events):
Event: 262.160 GC heap before
{Heap before GC invocations=56 (full 5):
 PSYoungGen      total 148992K, used 130352K [0x00000000f5580000, 0x00000000ffc80000, 0x0000000100000000)
  eden space 126976K, 100% used [0x00000000f5580000,0x00000000fd180000,0x00000000fd180000)
  from space 22016K, 15% used [0x00000000fe700000,0x00000000fea4c0b0,0x00000000ffc80000)
  to   space 22016K, 0% used [0x00000000fd180000,0x00000000fd180000,0x00000000fe700000)
 ParOldGen       total 128000K, used 99447K [0x00000000e0000000, 0x00000000e7d00000, 0x00000000f5580000)
  object space 128000K, 77% used [0x00000000e0000000,0x00000000e611dca8,0x00000000e7d00000)
 Metaspace       used 78745K, capacity 82566K, committed 82776K, reserved 1122304K
  class space    used 9710K, capacity 10549K, committed 10624K, reserved 1048576K
Event: 262.178 GC heap after
Heap after GC invocations=56 (full 5):
 PSYoungGen      total 148992K, used 18270K [0x00000000f5580000, 0x0000000100000000, 0x0000000100000000)
  eden space 126976K, 0% used [0x00000000f5580000,0x00000000f5580000,0x00000000fd180000)
  from space 22016K, 82% used [0x00000000fd180000,0x00000000fe357b00,0x00000000fe700000)
  to   space 25088K, 0% used [0x00000000fe780000,0x00000000fe780000,0x0000000100000000)
 ParOldGen       total 128000K, used 101191K [0x00000000e0000000, 0x00000000e7d00000, 0x00000000f5580000)
  object space 128000K, 79% used [0x00000000e0000000,0x00000000e62d1ca8,0x00000000e7d00000)
 Metaspace       used 78745K, capacity 82566K, committed 82776K, reserved 1122304K
  class space    used 9710K, capacity 10549K, committed 10624K, reserved 1048576K
}
Event: 263.389 GC heap before
{Heap before GC invocations=57 (full 5):
 PSYoungGen      total 148992K, used 145246K [0x00000000f5580000, 0x0000000100000000, 0x0000000100000000)
  eden space 126976K, 100% used [0x00000000f5580000,0x00000000fd180000,0x00000000fd180000)
  from space 22016K, 82% used [0x00000000fd180000,0x00000000fe357b00,0x00000000fe700000)
  to   space 25088K, 0% used [0x00000000fe780000,0x00000000fe780000,0x0000000100000000)
 ParOldGen       total 128000K, used 101191K [0x00000000e0000000, 0x00000000e7d00000, 0x00000000f5580000)
  object space 128000K, 79% used [0x00000000e0000000,0x00000000e62d1ca8,0x00000000e7d00000)
 Metaspace       used 78747K, capacity 82566K, committed 82776K, reserved 1122304K
  class space    used 9710K, capacity 10549K, committed 10624K, reserved 1048576K
Event: 263.413 GC heap after
Heap after GC invocations=57 (full 5):
 PSYoungGen      total 146432K, used 16064K [0x00000000f5580000, 0x0000000100000000, 0x0000000100000000)
  eden space 121344K, 0% used [0x00000000f5580000,0x00000000f5580000,0x00000000fcc00000)
  from space 25088K, 64% used [0x00000000fe780000,0x00000000ff730068,0x0000000100000000)
  to   space 26624K, 0% used [0x00000000fcc00000,0x00000000fcc00000,0x00000000fe600000)
 ParOldGen       total 128000K, used 102663K [0x00000000e0000000, 0x00000000e7d00000, 0x00000000f5580000)
  object space 128000K, 80% used [0x00000000e0000000,0x00000000e6441ca8,0x00000000e7d00000)
 Metaspace       used 78747K, capacity 82566K, committed 82776K, reserved 1122304K
  class space    used 9710K, capacity 10549K, committed 10624K, reserved 1048576K
}
Event: 263.858 GC heap before
{Heap before GC invocations=58 (full 5):
 PSYoungGen      total 146432K, used 137408K [0x00000000f5580000, 0x0000000100000000, 0x0000000100000000)
  eden space 121344K, 100% used [0x00000000f5580000,0x00000000fcc00000,0x00000000fcc00000)
  from space 25088K, 64% used [0x00000000fe780000,0x00000000ff730068,0x0000000100000000)
  to   space 26624K, 0% used [0x00000000fcc00000,0x00000000fcc00000,0x00000000fe600000)
 ParOldGen       total 128000K, used 102663K [0x00000000e0000000, 0x00000000e7d00000, 0x00000000f5580000)
  object space 128000K, 80% used [0x00000000e0000000,0x00000000e6441ca8,0x00000000e7d00000)
 Metaspace       used 78748K, capacity 82566K, committed 82776K, reserved 1122304K
  class space    used 9710K, capacity 10549K, committed 10624K, reserved 1048576K
Event: 263.882 GC heap after
Heap after GC invocations=58 (full 5):
 PSYoungGen      total 146432K, used 24918K [0x00000000f5580000, 0x0000000100000000, 0x0000000100000000)
  eden space 121344K, 0% used [0x00000000f5580000,0x00000000f5580000,0x00000000fcc00000)
  from space 25088K, 99% used [0x00000000fcc00000,0x00000000fe455a38,0x00000000fe480000)
  to   space 28160K, 0% used [0x00000000fe480000,0x00000000fe480000,0x0000000100000000)
 ParOldGen       total 128000K, used 103503K [0x00000000e0000000, 0x00000000e7d00000, 0x00000000f5580000)
  object space 128000K, 80% used [0x00000000e0000000,0x00000000e6513ca8,0x00000000e7d00000)
 Metaspace       used 78748K, capacity 82566K, committed 82776K, reserved 1122304K
  class space    used 9710K, capacity 10549K, committed 10624K, reserved 1048576K
}
Event: 264.305 GC heap before
{Heap before GC invocations=59 (full 5):
 PSYoungGen      total 146432K, used 146262K [0x00000000f5580000, 0x0000000100000000, 0x0000000100000000)
  eden space 121344K, 100% used [0x00000000f5580000,0x00000000fcc00000,0x00000000fcc00000)
  from space 25088K, 99% used [0x00000000fcc00000,0x00000000fe455a38,0x00000000fe480000)
  to   space 28160K, 0% used [0x00000000fe480000,0x00000000fe480000,0x0000000100000000)
 ParOldGen       total 128000K, used 103503K [0x00000000e0000000, 0x00000000e7d00000, 0x00000000f5580000)
  object space 128000K, 80% used [0x00000000e0000000,0x00000000e6513ca8,0x00000000e7d00000)
 Metaspace       used 78754K, capacity 82566K, committed 82776K, reserved 1122304K
  class space    used 9710K, capacity 10549K, committed 10624K, reserved 1048576K
Event: 264.335 GC heap after
Heap after GC invocations=59 (full 5):
 PSYoungGen      total 138240K, used 19999K [0x00000000f5580000, 0x0000000100000000, 0x0000000100000000)
  eden space 110080K, 0% used [0x00000000f5580000,0x00000000f5580000,0x00000000fc100000)
  from space 28160K, 71% used [0x00000000fe480000,0x00000000ff807f78,0x0000000100000000)
  to   space 32256K, 0% used [0x00000000fc100000,0x00000000fc100000,0x00000000fe080000)
 ParOldGen       total 128000K, used 120827K [0x00000000e0000000, 0x00000000e7d00000, 0x00000000f5580000)
  object space 128000K, 94% used [0x00000000e0000000,0x00000000e75feef0,0x00000000e7d00000)
 Metaspace       used 78754K, capacity 82566K, committed 82776K, reserved 1122304K
  class space    used 9710K, capacity 10549K, committed 10624K, reserved 1048576K
}
Event: 264.335 GC heap before
{Heap before GC invocations=60 (full 6):
 PSYoungGen      total 138240K, used 19999K [0x00000000f5580000, 0x0000000100000000, 0x0000000100000000)
  eden space 110080K, 0% used [0x00000000f5580000,0x00000000f5580000,0x00000000fc100000)
  from space 28160K, 71% used [0x00000000fe480000,0x00000000ff807f78,0x0000000100000000)
  to   space 32256K, 0% used [0x00000000fc100000,0x00000000fc100000,0x00000000fe080000)
 ParOldGen       total 128000K, used 120827K [0x00000000e0000000, 0x00000000e7d00000, 0x00000000f5580000)
  object space 128000K, 94% used [0x00000000e0000000,0x00000000e75feef0,0x00000000e7d00000)
 Metaspace       used 78754K, capacity 82566K, committed 82776K, reserved 1122304K
  class space    used 9710K, capacity 10549K, committed 10624K, reserved 1048576K
Event: 264.644 GC heap after
Heap after GC invocations=60 (full 6):
 PSYoungGen      total 138240K, used 0K [0x00000000f5580000, 0x0000000100000000, 0x0000000100000000)
  eden space 110080K, 0% used [0x00000000f5580000,0x00000000f5580000,0x00000000fc100000)
  from space 28160K, 0% used [0x00000000fe480000,0x00000000fe480000,0x0000000100000000)
  to   space 32256K, 0% used [0x00000000fc100000,0x00000000fc100000,0x00000000fe080000)
 ParOldGen       total 173568K, used 91630K [0x00000000e0000000, 0x00000000ea980000, 0x00000000f5580000)
  object space 173568K, 52% used [0x00000000e0000000,0x00000000e597b828,0x00000000ea980000)
 Metaspace       used 78002K, capacity 81744K, committed 82776K, reserved 1122304K
  class space    used 9625K, capacity 10443K, committed 10624K, reserved 1048576K
}

Deoptimization events (10 events):
Event: 261.533 Thread 0x0000000016df3800 Uncommon trap: reason=unstable_if action=reinterpret pc=0x0000000005877a9c method=com.android.dx.cf.code.Merger.mergeType(Lcom/android/dx/rop/type/TypeBearer;Lcom/android/dx/rop/type/TypeBearer;)Lcom/android/dx/rop/type/TypeBearer; @ 77
Event: 263.273 Thread 0x0000000016df5800 Uncommon trap: reason=class_check action=maybe_recompile pc=0x00000000057d9184 method=com.android.dx.ssa.back.InterferenceGraph.add(II)V @ 19
Event: 263.273 Thread 0x0000000016df5800 Uncommon trap: reason=class_check action=maybe_recompile pc=0x00000000057d9184 method=com.android.dx.ssa.back.InterferenceGraph.add(II)V @ 19
Event: 263.273 Thread 0x0000000016df5800 Uncommon trap: reason=unstable_if action=reinterpret pc=0x000000000323e5c0 method=com.android.dx.util.IntList.insert(II)V @ 91
Event: 263.273 Thread 0x0000000016df5800 Uncommon trap: reason=class_check action=maybe_recompile pc=0x00000000057d9184 method=com.android.dx.ssa.back.InterferenceGraph.add(II)V @ 19
Event: 263.273 Thread 0x0000000016df5800 Uncommon trap: reason=class_check action=maybe_recompile pc=0x00000000057d9184 method=com.android.dx.ssa.back.InterferenceGraph.add(II)V @ 19
Event: 263.360 Thread 0x0000000016df5800 Uncommon trap: reason=class_check action=maybe_recompile pc=0x0000000003fefc14 method=com.android.dx.util.BitIntSet.merge(Lcom/android/dx/util/IntSet;)V @ 1
Event: 263.360 Thread 0x0000000016df5800 Uncommon trap: reason=class_check action=maybe_recompile pc=0x0000000003fefc14 method=com.android.dx.util.BitIntSet.merge(Lcom/android/dx/util/IntSet;)V @ 1
Event: 263.360 Thread 0x0000000016df5800 Uncommon trap: reason=class_check action=maybe_recompile pc=0x0000000003fefc14 method=com.android.dx.util.BitIntSet.merge(Lcom/android/dx/util/IntSet;)V @ 1
Event: 263.361 Thread 0x0000000016df5800 Uncommon trap: reason=class_check action=maybe_recompile pc=0x0000000003fefc14 method=com.android.dx.util.BitIntSet.merge(Lcom/android/dx/util/IntSet;)V @ 1

Classes redefined (0 events):
No events

Internal exceptions (10 events):
Event: 262.699 Thread 0x0000000016df5800 Exception <a 'sun/nio/fs/WindowsException'> (0x00000000f83da080) thrown at [D:\src\AOSP-openjdk-cygwin\jdk8u\hotspot\src\share\vm\prims\jni.cpp, line 709]
Event: 262.699 Thread 0x0000000016df5800 Exception <a 'sun/nio/fs/WindowsException'> (0x00000000f83da8b0) thrown at [D:\src\AOSP-openjdk-cygwin\jdk8u\hotspot\src\share\vm\prims\jni.cpp, line 709]
Event: 262.699 Thread 0x0000000016df5800 Exception <a 'sun/nio/fs/WindowsException'> (0x00000000f83daf68) thrown at [D:\src\AOSP-openjdk-cygwin\jdk8u\hotspot\src\share\vm\prims\jni.cpp, line 709]
Event: 262.699 Thread 0x0000000016df5800 Exception <a 'sun/nio/fs/WindowsException'> (0x00000000f83db788) thrown at [D:\src\AOSP-openjdk-cygwin\jdk8u\hotspot\src\share\vm\prims\jni.cpp, line 709]
Event: 262.699 Thread 0x0000000016df5800 Exception <a 'sun/nio/fs/WindowsException'> (0x00000000f83dbe00) thrown at [D:\src\AOSP-openjdk-cygwin\jdk8u\hotspot\src\share\vm\prims\jni.cpp, line 709]
Event: 262.699 Thread 0x0000000016df5800 Exception <a 'sun/nio/fs/WindowsException'> (0x00000000f83dc600) thrown at [D:\src\AOSP-openjdk-cygwin\jdk8u\hotspot\src\share\vm\prims\jni.cpp, line 709]
Event: 262.747 Thread 0x0000000016df7000 Exception <a 'sun/nio/fs/WindowsException'> (0x00000000f8bcee00) thrown at [D:\src\AOSP-openjdk-cygwin\jdk8u\hotspot\src\share\vm\prims\jni.cpp, line 709]
Event: 262.764 Thread 0x0000000016df7000 Exception <a 'sun/nio/fs/WindowsException'> (0x00000000f9188ee8) thrown at [D:\src\AOSP-openjdk-cygwin\jdk8u\hotspot\src\share\vm\prims\jni.cpp, line 709]
Event: 263.024 Thread 0x0000000016df5800 Exception <a 'sun/nio/fs/WindowsException'> (0x00000000fa66ef28) thrown at [D:\src\AOSP-openjdk-cygwin\jdk8u\hotspot\src\share\vm\prims\jni.cpp, line 709]
Event: 263.468 Thread 0x0000000016df5800 Exception <a 'sun/nio/fs/WindowsException'> (0x00000000f5b02a80) thrown at [D:\src\AOSP-openjdk-cygwin\jdk8u\hotspot\src\share\vm\prims\jni.cpp, line 709]

Events (10 events):
Event: 264.182 Thread 0x0000000016deb000 DEOPT PACKING pc=0x0000000004741e97 sp=0x000000003723cf90
Event: 264.182 Thread 0x0000000016deb000 DEOPT UNPACKING pc=0x00000000029275bf sp=0x000000003723ccf8 mode 0
Event: 264.187 Thread 0x0000000016deb000 DEOPT PACKING pc=0x0000000004741e97 sp=0x000000003723cf90
Event: 264.187 Thread 0x0000000016deb000 DEOPT UNPACKING pc=0x00000000029275bf sp=0x000000003723ccf8 mode 0
Event: 264.187 Thread 0x0000000016deb000 DEOPT PACKING pc=0x0000000004748d3f sp=0x000000003723cf70
Event: 264.187 Thread 0x0000000016deb000 DEOPT UNPACKING pc=0x00000000029275bf sp=0x000000003723ccf0 mode 0
Event: 264.189 Thread 0x0000000016deb000 DEOPT PACKING pc=0x0000000004748d3f sp=0x000000003723cf70
Event: 264.189 Thread 0x0000000016deb000 DEOPT UNPACKING pc=0x00000000029275bf sp=0x000000003723ccf0 mode 0
Event: 264.305 Executing VM operation: ParallelGCFailedAllocation
Event: 264.645 Executing VM operation: ParallelGCFailedAllocation done


Dynamic libraries:
0x00007ff72e9c0000 - 0x00007ff72e9f1000 	X:\Program Files\Android\Android Studio2\jre\bin\java.exe
0x00007ffc1f1f0000 - 0x00007ffc1f3c2000 	X:\Windows\SYSTEM32\ntdll.dll
0x00007ffc1ecb0000 - 0x00007ffc1ed5c000 	X:\Windows\System32\KERNEL32.DLL
0x00007ffc1c4b0000 - 0x00007ffc1c6cd000 	X:\Windows\System32\KERNELBASE.dll
0x00007ffc1ed80000 - 0x00007ffc1ee22000 	X:\Windows\System32\ADVAPI32.dll
0x00007ffc1e5d0000 - 0x00007ffc1e66e000 	X:\Windows\System32\msvcrt.dll
0x00007ffc1c780000 - 0x00007ffc1c7d9000 	X:\Windows\System32\sechost.dll
0x00007ffc1cd20000 - 0x00007ffc1ce41000 	X:\Windows\System32\RPCRT4.dll
0x00007ffc1cf50000 - 0x00007ffc1d0b5000 	X:\Windows\System32\USER32.dll
0x00007ffc1bc00000 - 0x00007ffc1bc1e000 	X:\Windows\System32\win32u.dll
0x00007ffc1e6d0000 - 0x00007ffc1e704000 	X:\Windows\System32\GDI32.dll
0x00007ffc1ba30000 - 0x00007ffc1bbb0000 	X:\Windows\System32\gdi32full.dll
0x00007ffc0e180000 - 0x00007ffc0e3fa000 	X:\Windows\WinSxS\amd64_microsoft.windows.common-controls_6595b64144ccf1df_6.0.14393.953_none_42151e83c686086b\COMCTL32.dll
0x00007ffc1c7e0000 - 0x00007ffc1caa8000 	X:\Windows\System32\combase.dll
0x00007ffc1b6f0000 - 0x00007ffc1b7e5000 	X:\Windows\System32\ucrtbase.dll
0x00007ffc1b7f0000 - 0x00007ffc1b85a000 	X:\Windows\System32\bcryptPrimitives.dll
0x00007ffc1f120000 - 0x00007ffc1f14e000 	X:\Windows\System32\IMM32.DLL
0x000000006af70000 - 0x000000006b042000 	X:\Program Files\Android\Android Studio2\jre\jre\bin\msvcr100.dll
0x0000000069ae0000 - 0x000000006a31e000 	X:\Program Files\Android\Android Studio2\jre\jre\bin\server\jvm.dll
0x00007ffc1cc50000 - 0x00007ffc1cc58000 	X:\Windows\System32\PSAPI.DLL
0x00007ffbfc970000 - 0x00007ffbfc979000 	X:\Windows\SYSTEM32\WSOCK32.dll
0x00007ffc19ab0000 - 0x00007ffc19ad3000 	X:\Windows\SYSTEM32\WINMM.dll
0x00007ffc168f0000 - 0x00007ffc168fa000 	X:\Windows\SYSTEM32\VERSION.dll
0x00007ffc1ef60000 - 0x00007ffc1efca000 	X:\Windows\System32\WS2_32.dll
0x0000000002290000 - 0x00000000022bb000 	X:\Windows\SYSTEM32\WINMMBASE.dll
0x00007ffc1bbb0000 - 0x00007ffc1bbf2000 	X:\Windows\System32\cfgmgr32.dll
0x00007ffc188f0000 - 0x00007ffc188ff000 	X:\Program Files\Android\Android Studio2\jre\jre\bin\verify.dll
0x00007ffc0df50000 - 0x00007ffc0df79000 	X:\Program Files\Android\Android Studio2\jre\jre\bin\java.dll
0x00007ffc0e5a0000 - 0x00007ffc0e5b6000 	X:\Program Files\Android\Android Studio2\jre\jre\bin\zip.dll
0x00007ffc1d0c0000 - 0x00007ffc1e5c8000 	X:\Windows\System32\SHELL32.dll
0x00007ffc1bcd0000 - 0x00007ffc1c3a8000 	X:\Windows\System32\windows.storage.dll
0x00007ffc1b690000 - 0x00007ffc1b6dc000 	X:\Windows\System32\powrprof.dll
0x00007ffc1e670000 - 0x00007ffc1e6c2000 	X:\Windows\System32\shlwapi.dll
0x00007ffc1b680000 - 0x00007ffc1b68f000 	X:\Windows\System32\kernel.appcore.dll
0x00007ffc1c6d0000 - 0x00007ffc1c779000 	X:\Windows\System32\shcore.dll
0x00007ffc1b660000 - 0x00007ffc1b674000 	X:\Windows\System32\profapi.dll
0x00007ffc0e110000 - 0x00007ffc0e12a000 	X:\Program Files\Android\Android Studio2\jre\jre\bin\net.dll
0x00007ffc1af30000 - 0x00007ffc1af8c000 	X:\Windows\system32\mswsock.dll
0x00007ffc0dde0000 - 0x00007ffc0ddf1000 	X:\Program Files\Android\Android Studio2\jre\jre\bin\nio.dll
0x00007ffc0d120000 - 0x00007ffc0d13e000 	X:\Users\asd\.gradle\native\25\windows-amd64\native-platform.dll
0x00007ffc0e670000 - 0x00007ffc0e67d000 	X:\Program Files\Android\Android Studio2\jre\jre\bin\management.dll
0x00007ffc1b0e0000 - 0x00007ffc1b0f7000 	X:\Windows\SYSTEM32\CRYPTSP.dll
0x00007ffc1ab30000 - 0x00007ffc1ab63000 	X:\Windows\system32\rsaenh.dll
0x00007ffc1b5b0000 - 0x00007ffc1b5db000 	X:\Windows\SYSTEM32\bcrypt.dll
0x00007ffc1adb0000 - 0x00007ffc1adcf000 	X:\Windows\SYSTEM32\USERENV.dll
0x00007ffc1b0d0000 - 0x00007ffc1b0db000 	X:\Windows\SYSTEM32\CRYPTBASE.dll
0x00007ffc1acb0000 - 0x00007ffc1ace8000 	X:\Windows\SYSTEM32\IPHLPAPI.DLL
0x00007ffc1eca0000 - 0x00007ffc1eca8000 	X:\Windows\System32\NSI.dll
0x00007ffc14cb0000 - 0x00007ffc14cc6000 	X:\Windows\SYSTEM32\dhcpcsvc6.DLL
0x00007ffc15b10000 - 0x00007ffc15b2a000 	X:\Windows\SYSTEM32\dhcpcsvc.DLL
0x00007ffc1a3a0000 - 0x00007ffc1a3d2000 	X:\Windows\SYSTEM32\ntmarta.dll

VM Arguments:
jvm_args: -XX:MaxPermSize=512m -Xmx512m -Dfile.encoding=GBK -Duser.country=CN -Duser.language=zh -Duser.variant 
java_command: org.gradle.launcher.daemon.bootstrap.GradleDaemon 4.1
java_class_path (initial): X:\Users\asd\.gradle\wrapper\dists\gradle-4.1-all\bzyivzo6n839fup2jbap0tjew\gradle-4.1\lib\gradle-launcher-4.1.jar
Launcher Type: SUN_STANDARD

Environment Variables:
JAVA_HOME=X:\Program Files\Java\jdk1.7.0_17
CLASSPATH=.;%JAVA_HOME%\lib;%JAVA_HOME%\lib\tools.jar;E:\apache-cxf-2.4.2\lib\cxf-manifest.jar;D:\ant\apache-ant-1.9.9\lib;%CXF_HOME%\lib;%JAVA8_HOME%\lib;%JAVA8_HOME%\lib\tools.jar
PATH=X:\ProgramData\Oracle\Java\javapath\;X:\Windows\system32\;X:\Windows\;X:\Windows\System32\Wbem\;X:\Windows\System32\WindowsPowerShell\v1.0\;X:\Program Files (x86)\Java\jdk1.8.0_60\bin\;X:\Program Files (x86)\Java\jdk1.8.0_60\jre\bin;x:\Program Files (x86)\NVIDIA Corporation\PhysX\Common\;E:\mysql-5.6.34-winx64\bin\;x:\Program Files (x86)\Microsoft SQL Server\100\Tools\Binn\;x:\Program Files\Microsoft SQL Server\100\Tools\Binn\;x:\Program Files\Microsoft SQL Server\100\DTS\Binn\;X:\Program Files\Microsoft SQL Server\110\Tools\Binn\;X:\Program Files (x86)\GtkSharp\2.12\bin;X:\Program Files (x86)\Windows Kits\8.1\Windows Performance Toolkit\;X:\Users\asd\Documents\Tencent Files\312018367\FileRecv\cocos2d-x-2.2.6;X:\Program Files (x86)\PCL 1.7.2\bin;X:\Program Files (x86)\PCL 1.7.2\3rdParty\FLANN\bin;X:\Program Files (x86)\PCL 1.7.2\3rdParty\Qhull\bin;X:\Program Files (x86)\PCL 1.7.2\3rdParty\VTK\bin;X:\ProgramData\Microsoft\Windows\Start Menu\Programs\MySQL\MySQL Server 5.6;X:\Program Files (x86)\Java\jdk1.8.0_60\jre;X:\Program Files (x86)\Java\jdk1.8.0_60\bin;X:\Program Files\MySQL\MySQL Utilities 1.6\;X:\ProgramData\Microsoft\Windows\Start Menu\Programs\MySQL\MySQL Server 5.6;X:\Program Files\OpenNI\Bin;X:\Windows\system32\config\systemprofile\.dnx\bin;X:\Program Files\Microsoft DNX\Dnvm\;X:\Program Files\Microsoft SQL Server\120\Tools\Binn\;X:\Program Files\Microsoft SQL Server\130\Tools\Binn\;X:\Program Files\TortoiseSVN\bin;D:\cxf\apache-cxf-2.4.2\bin;x:\Program Files\Git\cmd;%GRADLE_HOME%\bin;X:\Users\asd\AppData\Local\Android\sdk\platforms;X:\Users\asd\AppData\Local\Android\sdk\tools;%SDK_HOME%\tools;%SDK_HOME%\platform-tools;C:\Users\cocos\frameworks\cocos2d-x-3.7\tools\cocos2d-console\bin;E:\BaiduYunDownload\cocos2d-x-3.13.1\templates;E:\BaiduYunDownload\cocos2d-x-3.13.1\tools\cocos2d-console\bin;X:\Users\asd\AppData\Local\Microsoft\WindowsApps;X:\Users\asd\AppData\Roaming\Microsoft\Windows\Start Menu\Programs\Python 3.5£»
USERNAME=asd
OS=Windows_NT
PROCESSOR_IDENTIFIER=Intel64 Family 6 Model 60 Stepping 3, GenuineIntel



---------------  S Y S T E M  ---------------

OS: Windows 10.0 , 64 bit Build 14393 (10.0.14393.1198)

CPU:total 4 (initial active 4) (2 cores per cpu, 2 threads per core) family 6 model 60 stepping 3, cmov, cx8, fxsr, mmx, sse, sse2, sse3, ssse3, sse4.1, sse4.2, popcnt, avx, avx2, aes, clmul, erms, lzcnt, ht, tsc, tscinvbit, bmi1, bmi2

Memory: 4k page, physical 4119916k(178712k free), swap 5774272k(4920k free)

vm_info: OpenJDK 64-Bit Server VM (25.152-b01) for windows-amd64 JRE (1.8.0_152-release-915-b01), built by "builder" with MS VC++ 10.0 (VS2010)

time: Wed Jan 10 19:49:25 2018
elapsed time: 264 seconds (0d 0h 4m 24s)

