#
# There is insufficient memory for the Java Runtime Environment to continue.
# Native memory allocation (malloc) failed to allocate 410336 bytes for Chunk::new
# Possible reasons:
#   The system is out of physical RAM or swap space
#   In 32 bit mode, the process size limit was hit
# Possible solutions:
#   Reduce memory load on the system
#   Increase physical memory or swap space
#   Check if swap backing store is full
#   Use 64 bit Java on a 64 bit OS
#   Decrease Java heap size (-Xmx/-Xms)
#   Decrease number of Java threads
#   Decrease Java thread stack sizes (-Xss)
#   Set larger code cache with -XX:ReservedCodeCacheSize=
# This output file may be truncated or incomplete.
#
#  Out of Memory Error (allocation.cpp:390), pid=21660, tid=0x00000000000056b8
#
# JRE version: OpenJDK Runtime Environment (8.0_152-b01) (build 1.8.0_152-release-915-b01)
# Java VM: OpenJDK 64-Bit Server VM (25.152-b01 mixed mode windows-amd64 compressed oops)
# Failed to write core dump. Minidumps are not enabled by default on client versions of Windows
#

---------------  T H R E A D  ---------------

Current thread (0x0000000015439000):  JavaThread "C2 CompilerThread1" daemon [_thread_in_native, id=22200, stack(0x0000000015b30000,0x0000000015c30000)]

Stack: [0x0000000015b30000,0x0000000015c30000]
[error occurred during error reporting (printing stack bounds), id 0xc0000005]

Native frames: (J=compiled Java code, j=interpreted, Vv=VM code, C=native code)


Current CompileTask:
C2: 114165 17843       4       java.util.Formatter$FormatSpecifier::<init> (246 bytes)


---------------  P R O C E S S  ---------------

Java Threads: ( => current thread )
  0x000000001cead000 JavaThread "ForkJoinPool.commonPool-worker-0" daemon [_thread_blocked, id=22864, stack(0x00000000280e0000,0x00000000281e0000)]
  0x000000001ceab800 JavaThread "ForkJoinPool.commonPool-worker-1" daemon [_thread_blocked, id=22684, stack(0x0000000027fe0000,0x00000000280e0000)]
  0x0000000017350800 JavaThread "ForkJoinPool.commonPool-worker-3" daemon [_thread_blocked, id=22652, stack(0x0000000027de0000,0x0000000027ee0000)]
  0x000000001ceae800 JavaThread "Worker Daemon Execution" [_thread_blocked, id=20444, stack(0x00000000278e0000,0x00000000279e0000)]
  0x000000001ceaa000 JavaThread "Cache worker for Java compile cache (X:\Users\asd\Clock\.gradle\4.1\javaCompile)" [_thread_blocked, id=18664, stack(0x00000000277e0000,0x00000000278e0000)]
  0x000000001ceac000 JavaThread "Task worker for ':' Thread 3" [_thread_blocked, id=23160, stack(0x0000000025ce0000,0x0000000025de0000)]
  0x000000001cea2800 JavaThread "Task worker for ':' Thread 2" [_thread_blocked, id=23156, stack(0x0000000025be0000,0x0000000025ce0000)]
  0x000000001cea9000 JavaThread "Task worker for ':'" [_thread_in_Java, id=23152, stack(0x0000000025ae0000,0x0000000025be0000)]
  0x000000001cea1800 JavaThread "Cache worker for task history cache (X:\Users\asd\Clock\.gradle\4.1\taskHistory)" [_thread_blocked, id=23148, stack(0x00000000259e0000,0x0000000025ae0000)]
  0x000000001cea8800 JavaThread "Cache worker for file content cache (X:\Users\asd\Clock\.gradle\4.1\fileContent)" [_thread_blocked, id=23144, stack(0x00000000258e0000,0x00000000259e0000)]
  0x000000001cea0000 JavaThread "build operations Thread 4" [_thread_blocked, id=23140, stack(0x00000000257e0000,0x00000000258e0000)]
  0x000000001ce9f800 JavaThread "build operations Thread 3" [_thread_blocked, id=23136, stack(0x00000000256e0000,0x00000000257e0000)]
  0x000000001cea1000 JavaThread "build operations Thread 2" [_thread_blocked, id=23132, stack(0x00000000255e0000,0x00000000256e0000)]
  0x000000001cea6000 JavaThread "build operations" [_thread_blocked, id=23128, stack(0x00000000254e0000,0x00000000255e0000)]
  0x000000001cea3000 JavaThread "Cache worker for Artifact transforms cache (X:\Users\asd\.gradle\caches\transforms-1)" [_thread_blocked, id=23124, stack(0x00000000253e0000,0x00000000254e0000)]
  0x000000001cea4000 JavaThread "Cache worker for file hash cache (X:\Users\asd\Clock\.gradle\4.1\fileHashes)" [_thread_blocked, id=23120, stack(0x00000000252e0000,0x00000000253e0000)]
  0x0000000017120800 JavaThread "Stdin handler" [_thread_blocked, id=23116, stack(0x00000000251e0000,0x00000000252e0000)]
  0x000000001711e000 JavaThread "Asynchronous log dispatcher for DefaultDaemonConnection: socket connection from /127.0.0.1:50406 to /127.0.0.1:50728" [_thread_blocked, id=23112, stack(0x00000000250e0000,0x00000000251e0000)]
  0x000000001711c000 JavaThread "Cancel handler" [_thread_blocked, id=23100, stack(0x0000000024fe0000,0x00000000250e0000)]
  0x0000000017120000 JavaThread "Handler for socket connection from /127.0.0.1:50406 to /127.0.0.1:50728" [_thread_in_native, id=23096, stack(0x0000000024ee0000,0x0000000024fe0000)]
  0x000000001cea4800 JavaThread "Memory manager" [_thread_blocked, id=15920, stack(0x000000001f040000,0x000000001f140000)]
  0x000000001734e000 JavaThread "File lock request listener" [_thread_in_native, id=19136, stack(0x00000000196a0000,0x00000000197a0000)]
  0x000000001734f800 JavaThread "Cache worker for file hash cache (X:\Users\asd\.gradle\caches\4.1\fileHashes)" [_thread_blocked, id=20004, stack(0x00000000195a0000,0x00000000196a0000)]
  0x0000000017352000 JavaThread "Daemon worker" [_thread_blocked, id=16224, stack(0x00000000190a0000,0x00000000191a0000)]
  0x000000001734c000 JavaThread "Daemon" [_thread_blocked, id=21688, stack(0x0000000018ba0000,0x0000000018ca0000)]
  0x0000000016de1800 JavaThread "Daemon periodic checks" [_thread_blocked, id=20220, stack(0x0000000018aa0000,0x0000000018ba0000)]
  0x0000000016dd9000 JavaThread "Incoming local TCP Connector on port 50406" [_thread_in_native, id=18156, stack(0x0000000017700000,0x0000000017800000)]
  0x00000000154b0000 JavaThread "Service Thread" daemon [_thread_blocked, id=19168, stack(0x0000000015d30000,0x0000000015e30000)]
  0x0000000015440000 JavaThread "C1 CompilerThread2" daemon [_thread_in_native, id=21952, stack(0x0000000015c30000,0x0000000015d30000)]
=>0x0000000015439000 JavaThread "C2 CompilerThread1" daemon [_thread_in_native, id=22200, stack(0x0000000015b30000,0x0000000015c30000)]
  0x00000000140ad000 JavaThread "C2 CompilerThread0" daemon [_thread_in_native, id=20352, stack(0x0000000015a30000,0x0000000015b30000)]
  0x00000000140ab000 JavaThread "Attach Listener" daemon [_thread_blocked, id=21484, stack(0x0000000015930000,0x0000000015a30000)]
  0x0000000014060800 JavaThread "Signal Dispatcher" daemon [_thread_blocked, id=17296, stack(0x0000000015830000,0x0000000015930000)]
  0x0000000002c2e000 JavaThread "Finalizer" daemon [_thread_blocked, id=21156, stack(0x00000000152d0000,0x00000000153d0000)]
  0x0000000002c25000 JavaThread "Reference Handler" daemon [_thread_blocked, id=18744, stack(0x00000000151d0000,0x00000000152d0000)]
  0x0000000002b33800 JavaThread "main" [_thread_blocked, id=21604, stack(0x0000000002690000,0x0000000002790000)]

Other Threads:
  0x0000000014017000 VMThread [stack: 0x00000000150d0000,0x00000000151d0000] [id=22016]
  0x00000000154c9000 WatcherThread [stack: 0x0000000015e30000,0x0000000015f30000] [id=19764]

VM state:not at safepoint (normal execution)

VM Mutex/Monitor currently owned by a thread: None

Heap:
 PSYoungGen      total 140288K, used 31092K [0x00000000f5580000, 0x0000000100000000, 0x0000000100000000)
  eden space 105984K, 29% used [0x00000000f5580000,0x00000000f73dd3f8,0x00000000fbd00000)
  from space 34304K, 0% used [0x00000000fbd00000,0x00000000fbd00000,0x00000000fde80000)
  to   space 32768K, 0% used [0x00000000fe000000,0x00000000fe000000,0x0000000100000000)
 ParOldGen       total 185856K, used 93312K [0x00000000e0000000, 0x00000000eb580000, 0x00000000f5580000)
  object space 185856K, 50% used [0x00000000e0000000,0x00000000e5b202a0,0x00000000eb580000)
 Metaspace       used 74208K, capacity 77174K, committed 77272K, reserved 1116160K
  class space    used 9256K, capacity 9952K, committed 9984K, reserved 1048576K

Card table byte_map: [0x0000000011ff0000,0x0000000012100000] byte_map_base: 0x00000000118f0000

Marking Bits: (ParMarkBitMap*) 0x000000006a2a3950
 Begin Bits: [0x00000000125b0000, 0x0000000012db0000)
 End Bits:   [0x0000000012db0000, 0x00000000135b0000)

Polling page: 0x0000000000b10000

CodeCache: size=245760Kb used=50450Kb max_used=52090Kb free=195309Kb
 bounds [0x0000000002c30000, 0x0000000005f50000, 0x0000000011c30000]
 total_blobs=15056 nmethods=14231 adapters=737
 compilation: enabled

Compilation events (10 events):
Event: 114.156 Thread 0x0000000015440000 nmethod 17855 0x0000000003a59b10 code [0x0000000003a59e00, 0x0000000003a5b108]
Event: 114.156 Thread 0x0000000015440000 17856       3       sun.misc.FormattedFloatingDecimal::valueOf (30 bytes)
Event: 114.157 Thread 0x0000000015440000 nmethod 17856 0x0000000004f01f90 code [0x0000000004f02100, 0x0000000004f02378]
Event: 114.157 Thread 0x0000000015440000 17857       3       sun.misc.FormattedFloatingDecimal::getBuffer (13 bytes)
Event: 114.157 Thread 0x0000000015440000 nmethod 17857 0x00000000055a4c90 code [0x00000000055a4e00, 0x00000000055a50e8]
Event: 114.157 Thread 0x0000000015440000 17858       3       sun.misc.FloatingDecimal$BinaryToASCIIBuffer::getDigits (22 bytes)
Event: 114.157 Thread 0x0000000015440000 nmethod 17858 0x000000000544c550 code [0x000000000544c6c0, 0x000000000544c8e8]
Event: 114.158 Thread 0x0000000015440000 17859       3       sun.misc.FormattedFloatingDecimal::applyPrecision (162 bytes)
Event: 114.159 Thread 0x0000000015440000 nmethod 17859 0x000000000418e050 code [0x000000000418e2a0, 0x000000000418eea8]
Event: 114.159 Thread 0x0000000015440000 17860       3       sun.misc.FormattedFloatingDecimal::fillDecimal (352 bytes)

GC Heap History (10 events):
Event: 108.032 GC heap before
{Heap before GC invocations=34 (full 4):
 PSYoungGen      total 143872K, used 123299K [0x00000000f5580000, 0x00000000ffd00000, 0x0000000100000000)
  eden space 115712K, 100% used [0x00000000f5580000,0x00000000fc680000,0x00000000fc680000)
  from space 28160K, 26% used [0x00000000fc680000,0x00000000fcde8e10,0x00000000fe200000)
  to   space 26624K, 0% used [0x00000000fe300000,0x00000000fe300000,0x00000000ffd00000)
 ParOldGen       total 119808K, used 53732K [0x00000000e0000000, 0x00000000e7500000, 0x00000000f5580000)
  object space 119808K, 44% used [0x00000000e0000000,0x00000000e3479378,0x00000000e7500000)
 Metaspace       used 73330K, capacity 76276K, committed 76504K, reserved 1116160K
  class space    used 9172K, capacity 9862K, committed 9984K, reserved 1048576K
Event: 108.052 GC heap after
Heap after GC invocations=34 (full 4):
 PSYoungGen      total 145408K, used 11563K [0x00000000f5580000, 0x00000000ffc80000, 0x0000000100000000)
  eden space 119296K, 0% used [0x00000000f5580000,0x00000000f5580000,0x00000000fca00000)
  from space 26112K, 44% used [0x00000000fe300000,0x00000000fee4afd8,0x00000000ffc80000)
  to   space 25600K, 0% used [0x00000000fca00000,0x00000000fca00000,0x00000000fe300000)
 ParOldGen       total 119808K, used 55484K [0x00000000e0000000, 0x00000000e7500000, 0x00000000f5580000)
  object space 119808K, 46% used [0x00000000e0000000,0x00000000e362f3f8,0x00000000e7500000)
 Metaspace       used 73330K, capacity 76276K, committed 76504K, reserved 1116160K
  class space    used 9172K, capacity 9862K, committed 9984K, reserved 1048576K
}
Event: 109.882 GC heap before
{Heap before GC invocations=35 (full 4):
 PSYoungGen      total 145408K, used 130859K [0x00000000f5580000, 0x00000000ffc80000, 0x0000000100000000)
  eden space 119296K, 100% used [0x00000000f5580000,0x00000000fca00000,0x00000000fca00000)
  from space 26112K, 44% used [0x00000000fe300000,0x00000000fee4afd8,0x00000000ffc80000)
  to   space 25600K, 0% used [0x00000000fca00000,0x00000000fca00000,0x00000000fe300000)
 ParOldGen       total 119808K, used 55484K [0x00000000e0000000, 0x00000000e7500000, 0x00000000f5580000)
  object space 119808K, 46% used [0x00000000e0000000,0x00000000e362f3f8,0x00000000e7500000)
 Metaspace       used 73416K, capacity 76340K, committed 76504K, reserved 1116160K
  class space    used 9182K, capacity 9862K, committed 9984K, reserved 1048576K
Event: 109.900 GC heap after
Heap after GC invocations=35 (full 4):
 PSYoungGen      total 144896K, used 11923K [0x00000000f5580000, 0x00000000ffe80000, 0x0000000100000000)
  eden space 119296K, 0% used [0x00000000f5580000,0x00000000f5580000,0x00000000fca00000)
  from space 25600K, 46% used [0x00000000fca00000,0x00000000fd5a4e08,0x00000000fe300000)
  to   space 25088K, 0% used [0x00000000fe600000,0x00000000fe600000,0x00000000ffe80000)
 ParOldGen       total 119808K, used 56613K [0x00000000e0000000, 0x00000000e7500000, 0x00000000f5580000)
  object space 119808K, 47% used [0x00000000e0000000,0x00000000e3749408,0x00000000e7500000)
 Metaspace       used 73416K, capacity 76340K, committed 76504K, reserved 1116160K
  class space    used 9182K, capacity 9862K, committed 9984K, reserved 1048576K
}
Event: 111.070 GC heap before
{Heap before GC invocations=36 (full 4):
 PSYoungGen      total 144896K, used 131219K [0x00000000f5580000, 0x00000000ffe80000, 0x0000000100000000)
  eden space 119296K, 100% used [0x00000000f5580000,0x00000000fca00000,0x00000000fca00000)
  from space 25600K, 46% used [0x00000000fca00000,0x00000000fd5a4e08,0x00000000fe300000)
  to   space 25088K, 0% used [0x00000000fe600000,0x00000000fe600000,0x00000000ffe80000)
 ParOldGen       total 119808K, used 56613K [0x00000000e0000000, 0x00000000e7500000, 0x00000000f5580000)
  object space 119808K, 47% used [0x00000000e0000000,0x00000000e3749408,0x00000000e7500000)
 Metaspace       used 73698K, capacity 76642K, committed 76760K, reserved 1116160K
  class space    used 9212K, capacity 9897K, committed 9984K, reserved 1048576K
Event: 111.112 GC heap after
Heap after GC invocations=36 (full 4):
 PSYoungGen      total 131072K, used 25067K [0x00000000f5580000, 0x0000000100000000, 0x0000000100000000)
  eden space 105984K, 0% used [0x00000000f5580000,0x00000000f5580000,0x00000000fbd00000)
  from space 25088K, 99% used [0x00000000fe600000,0x00000000ffe7ac88,0x00000000ffe80000)
  to   space 34304K, 0% used [0x00000000fbd00000,0x00000000fbd00000,0x00000000fde80000)
 ParOldGen       total 119808K, used 69655K [0x00000000e0000000, 0x00000000e7500000, 0x00000000f5580000)
  object space 119808K, 58% used [0x00000000e0000000,0x00000000e4405c10,0x00000000e7500000)
 Metaspace       used 73698K, capacity 76642K, committed 76760K, reserved 1116160K
  class space    used 9212K, capacity 9897K, committed 9984K, reserved 1048576K
}
Event: 113.505 GC heap before
{Heap before GC invocations=37 (full 4):
 PSYoungGen      total 131072K, used 131051K [0x00000000f5580000, 0x0000000100000000, 0x0000000100000000)
  eden space 105984K, 100% used [0x00000000f5580000,0x00000000fbd00000,0x00000000fbd00000)
  from space 25088K, 99% used [0x00000000fe600000,0x00000000ffe7ac88,0x00000000ffe80000)
  to   space 34304K, 0% used [0x00000000fbd00000,0x00000000fbd00000,0x00000000fde80000)
 ParOldGen       total 119808K, used 69655K [0x00000000e0000000, 0x00000000e7500000, 0x00000000f5580000)
  object space 119808K, 58% used [0x00000000e0000000,0x00000000e4405c10,0x00000000e7500000)
 Metaspace       used 74187K, capacity 77154K, committed 77272K, reserved 1116160K
  class space    used 9261K, capacity 9961K, committed 9984K, reserved 1048576K
Event: 113.539 GC heap after
Heap after GC invocations=37 (full 4):
 PSYoungGen      total 140288K, used 7301K [0x00000000f5580000, 0x0000000100000000, 0x0000000100000000)
  eden space 105984K, 0% used [0x00000000f5580000,0x00000000f5580000,0x00000000fbd00000)
  from space 34304K, 21% used [0x00000000fbd00000,0x00000000fc421658,0x00000000fde80000)
  to   space 32768K, 0% used [0x00000000fe000000,0x00000000fe000000,0x0000000100000000)
 ParOldGen       total 119808K, used 100839K [0x00000000e0000000, 0x00000000e7500000, 0x00000000f5580000)
  object space 119808K, 84% used [0x00000000e0000000,0x00000000e6279e00,0x00000000e7500000)
 Metaspace       used 74187K, capacity 77154K, committed 77272K, reserved 1116160K
  class space    used 9261K, capacity 9961K, committed 9984K, reserved 1048576K
}
Event: 113.539 GC heap before
{Heap before GC invocations=38 (full 5):
 PSYoungGen      total 140288K, used 7301K [0x00000000f5580000, 0x0000000100000000, 0x0000000100000000)
  eden space 105984K, 0% used [0x00000000f5580000,0x00000000f5580000,0x00000000fbd00000)
  from space 34304K, 21% used [0x00000000fbd00000,0x00000000fc421658,0x00000000fde80000)
  to   space 32768K, 0% used [0x00000000fe000000,0x00000000fe000000,0x0000000100000000)
 ParOldGen       total 119808K, used 100839K [0x00000000e0000000, 0x00000000e7500000, 0x00000000f5580000)
  object space 119808K, 84% used [0x00000000e0000000,0x00000000e6279e00,0x00000000e7500000)
 Metaspace       used 74187K, capacity 77154K, committed 77272K, reserved 1116160K
  class space    used 9261K, capacity 9961K, committed 9984K, reserved 1048576K
Event: 114.020 GC heap after
Heap after GC invocations=38 (full 5):
 PSYoungGen      total 140288K, used 0K [0x00000000f5580000, 0x0000000100000000, 0x0000000100000000)
  eden space 105984K, 0% used [0x00000000f5580000,0x00000000f5580000,0x00000000fbd00000)
  from space 34304K, 0% used [0x00000000fbd00000,0x00000000fbd00000,0x00000000fde80000)
  to   space 32768K, 0% used [0x00000000fe000000,0x00000000fe000000,0x0000000100000000)
 ParOldGen       total 185856K, used 93312K [0x00000000e0000000, 0x00000000eb580000, 0x00000000f5580000)
  object space 185856K, 50% used [0x00000000e0000000,0x00000000e5b202a0,0x00000000eb580000)
 Metaspace       used 74170K, capacity 77110K, committed 77272K, reserved 1116160K
  class space    used 9256K, capacity 9952K, committed 9984K, reserved 1048576K
}

Deoptimization events (10 events):
Event: 111.724 Thread 0x000000001cea9000 Uncommon trap: reason=unstable_if action=reinterpret pc=0x0000000004909cbc method=java.lang.Long.numberOfTrailingZeros(J)I @ 3
Event: 111.851 Thread 0x000000001cea9000 Uncommon trap: reason=unstable_if action=reinterpret pc=0x0000000005e243dc method=java.lang.Long.numberOfLeadingZeros(J)I @ 18
Event: 111.852 Thread 0x000000001cea9000 Uncommon trap: reason=class_check action=maybe_recompile pc=0x0000000005dcc564 method=com.android.dx.merge.DexMerger$IdMerger$UnsortedValue.compareTo(Lcom/android/dx/merge/DexMerger$IdMerger$UnsortedValue;)I @ 8
Event: 111.853 Thread 0x000000001cea9000 Uncommon trap: reason=class_check action=maybe_recompile pc=0x0000000005dcc564 method=com.android.dx.merge.DexMerger$IdMerger$UnsortedValue.compareTo(Lcom/android/dx/merge/DexMerger$IdMerger$UnsortedValue;)I @ 8
Event: 111.853 Thread 0x000000001cea9000 Uncommon trap: reason=class_check action=maybe_recompile pc=0x0000000005dcc564 method=com.android.dx.merge.DexMerger$IdMerger$UnsortedValue.compareTo(Lcom/android/dx/merge/DexMerger$IdMerger$UnsortedValue;)I @ 8
Event: 111.853 Thread 0x000000001cea9000 Uncommon trap: reason=class_check action=maybe_recompile pc=0x0000000005dcc564 method=com.android.dx.merge.DexMerger$IdMerger$UnsortedValue.compareTo(Lcom/android/dx/merge/DexMerger$IdMerger$UnsortedValue;)I @ 8
Event: 111.853 Thread 0x000000001cea9000 Uncommon trap: reason=class_check action=maybe_recompile pc=0x0000000005ddb600 method=com.android.dx.merge.DexMerger$IdMerger$UnsortedValue.compareTo(Lcom/android/dx/merge/DexMerger$IdMerger$UnsortedValue;)I @ 8
Event: 112.064 Thread 0x000000001cea9000 Uncommon trap: reason=unstable_if action=reinterpret pc=0x0000000005e24828 method=com.android.dex.EncodedValueCodec.readUnsignedInt(Lcom/android/dex/util/ByteInput;IZ)I @ 3
Event: 112.082 Thread 0x000000001cea9000 Uncommon trap: reason=null_check action=make_not_entrant pc=0x0000000004a436a0 method=java.util.TimSort.binarySort([Ljava/lang/Object;IIILjava/util/Comparator;)V @ 193
Event: 112.194 Thread 0x000000001cea9000 Uncommon trap: reason=unstable_if action=reinterpret pc=0x0000000005e70434 method=com.android.dx.merge.IndexMap.adjustString(I)I @ 2

Classes redefined (0 events):
No events

Internal exceptions (10 events):
Event: 107.759 Thread 0x0000000017352800 Exception <a 'sun/nio/fs/WindowsException'> (0x00000000f931c9b0) thrown at [D:\src\AOSP-openjdk-cygwin\jdk8u\hotspot\src\share\vm\prims\jni.cpp, line 709]
Event: 107.771 Thread 0x000000001ceab800 Exception <a 'sun/nio/fs/WindowsException'> (0x00000000f9453378) thrown at [D:\src\AOSP-openjdk-cygwin\jdk8u\hotspot\src\share\vm\prims\jni.cpp, line 709]
Event: 107.786 Thread 0x000000001ceab800 Exception <a 'sun/nio/fs/WindowsException'> (0x00000000f945cf88) thrown at [D:\src\AOSP-openjdk-cygwin\jdk8u\hotspot\src\share\vm\prims\jni.cpp, line 709]
Event: 107.790 Thread 0x000000001cead000 Exception <a 'sun/nio/fs/WindowsException'> (0x00000000f9576f58) thrown at [D:\src\AOSP-openjdk-cygwin\jdk8u\hotspot\src\share\vm\prims\jni.cpp, line 709]
Event: 107.931 Thread 0x0000000017350800 Exception <a 'sun/nio/fs/WindowsException'> (0x00000000faedb100) thrown at [D:\src\AOSP-openjdk-cygwin\jdk8u\hotspot\src\share\vm\prims\jni.cpp, line 709]
Event: 108.091 Thread 0x0000000017352800 Exception <a 'sun/nio/fs/WindowsException'> (0x00000000f56b7658) thrown at [D:\src\AOSP-openjdk-cygwin\jdk8u\hotspot\src\share\vm\prims\jni.cpp, line 709]
Event: 108.229 Thread 0x0000000017350800 Exception <a 'sun/nio/fs/WindowsException'> (0x00000000f6c0ce58) thrown at [D:\src\AOSP-openjdk-cygwin\jdk8u\hotspot\src\share\vm\prims\jni.cpp, line 709]
Event: 108.243 Thread 0x0000000017350800 Exception <a 'sun/nio/fs/WindowsException'> (0x00000000f77d6420) thrown at [D:\src\AOSP-openjdk-cygwin\jdk8u\hotspot\src\share\vm\prims\jni.cpp, line 709]
Event: 109.006 Thread 0x0000000017352800 Exception <a 'sun/nio/fs/WindowsException'> (0x00000000f9884788) thrown at [D:\src\AOSP-openjdk-cygwin\jdk8u\hotspot\src\share\vm\prims\jni.cpp, line 709]
Event: 112.082 Thread 0x000000001cea9000 Implicit null exception at 0x0000000004a431b8 to 0x0000000004a4365d

Events (10 events):
Event: 114.128 Thread 0x0000000015440000 flushing nmethod 0x0000000005955f10
Event: 114.128 Thread 0x0000000015440000 flushing nmethod 0x000000000599fd90
Event: 114.128 Thread 0x0000000015440000 flushing nmethod 0x00000000059ccf10
Event: 114.128 Thread 0x0000000015440000 flushing nmethod 0x00000000059f9890
Event: 114.128 Thread 0x0000000015440000 flushing nmethod 0x0000000005a0fdd0
Event: 114.128 Thread 0x0000000015440000 flushing nmethod 0x0000000005a12a90
Event: 114.132 Thread 0x0000000015440000 flushing nmethod 0x0000000005a3bd90
Event: 114.132 Thread 0x0000000015440000 flushing nmethod 0x0000000005a5c490
Event: 114.132 Thread 0x0000000015440000 flushing nmethod 0x0000000005aa31d0
Event: 114.133 Thread 0x0000000015440000 flushing nmethod 0x0000000005b3af50


Dynamic libraries:
0x00007ff72e9c0000 - 0x00007ff72e9f1000 	X:\Program Files\Android\Android Studio2\jre\bin\java.exe
0x00007ffc1f1f0000 - 0x00007ffc1f3c2000 	X:\Windows\SYSTEM32\ntdll.dll
0x00007ffc1ecb0000 - 0x00007ffc1ed5c000 	X:\Windows\System32\KERNEL32.DLL
0x00007ffc1c4b0000 - 0x00007ffc1c6cd000 	X:\Windows\System32\KERNELBASE.dll
0x00007ffc1ed80000 - 0x00007ffc1ee22000 	X:\Windows\System32\ADVAPI32.dll
0x00007ffc1e5d0000 - 0x00007ffc1e66e000 	X:\Windows\System32\msvcrt.dll
0x00007ffc1c780000 - 0x00007ffc1c7d9000 	X:\Windows\System32\sechost.dll
0x00007ffc1cd20000 - 0x00007ffc1ce41000 	X:\Windows\System32\RPCRT4.dll
0x00007ffc1cf50000 - 0x00007ffc1d0b5000 	X:\Windows\System32\USER32.dll
0x00007ffc1bc00000 - 0x00007ffc1bc1e000 	X:\Windows\System32\win32u.dll
0x00007ffc1e6d0000 - 0x00007ffc1e704000 	X:\Windows\System32\GDI32.dll
0x00007ffc1ba30000 - 0x00007ffc1bbb0000 	X:\Windows\System32\gdi32full.dll
0x00007ffc0e180000 - 0x00007ffc0e3fa000 	X:\Windows\WinSxS\amd64_microsoft.windows.common-controls_6595b64144ccf1df_6.0.14393.953_none_42151e83c686086b\COMCTL32.dll
0x00007ffc1c7e0000 - 0x00007ffc1caa8000 	X:\Windows\System32\combase.dll
0x00007ffc1b6f0000 - 0x00007ffc1b7e5000 	X:\Windows\System32\ucrtbase.dll
0x00007ffc1b7f0000 - 0x00007ffc1b85a000 	X:\Windows\System32\bcryptPrimitives.dll
0x00007ffc1f120000 - 0x00007ffc1f14e000 	X:\Windows\System32\IMM32.DLL
0x000000006af70000 - 0x000000006b042000 	X:\Program Files\Android\Android Studio2\jre\jre\bin\msvcr100.dll
0x0000000069ae0000 - 0x000000006a31e000 	X:\Program Files\Android\Android Studio2\jre\jre\bin\server\jvm.dll
0x00007ffc1cc50000 - 0x00007ffc1cc58000 	X:\Windows\System32\PSAPI.DLL
0x00007ffbfc970000 - 0x00007ffbfc979000 	X:\Windows\SYSTEM32\WSOCK32.dll
0x00007ffc19ab0000 - 0x00007ffc19ad3000 	X:\Windows\SYSTEM32\WINMM.dll
0x00007ffc168f0000 - 0x00007ffc168fa000 	X:\Windows\SYSTEM32\VERSION.dll
0x00007ffc1ef60000 - 0x00007ffc1efca000 	X:\Windows\System32\WS2_32.dll
0x00007ffc196b0000 - 0x00007ffc196db000 	X:\Windows\SYSTEM32\WINMMBASE.dll
0x00007ffc1bbb0000 - 0x00007ffc1bbf2000 	X:\Windows\System32\cfgmgr32.dll
0x00007ffc188f0000 - 0x00007ffc188ff000 	X:\Program Files\Android\Android Studio2\jre\jre\bin\verify.dll
0x00007ffc0df50000 - 0x00007ffc0df79000 	X:\Program Files\Android\Android Studio2\jre\jre\bin\java.dll
0x00007ffc0e5a0000 - 0x00007ffc0e5b6000 	X:\Program Files\Android\Android Studio2\jre\jre\bin\zip.dll
0x00007ffc1d0c0000 - 0x00007ffc1e5c8000 	X:\Windows\System32\SHELL32.dll
0x00007ffc1bcd0000 - 0x00007ffc1c3a8000 	X:\Windows\System32\windows.storage.dll
0x00007ffc1b690000 - 0x00007ffc1b6dc000 	X:\Windows\System32\powrprof.dll
0x00007ffc1e670000 - 0x00007ffc1e6c2000 	X:\Windows\System32\shlwapi.dll
0x00007ffc1b680000 - 0x00007ffc1b68f000 	X:\Windows\System32\kernel.appcore.dll
0x00007ffc1c6d0000 - 0x00007ffc1c779000 	X:\Windows\System32\shcore.dll
0x00007ffc1b660000 - 0x00007ffc1b674000 	X:\Windows\System32\profapi.dll
0x00007ffc0e110000 - 0x00007ffc0e12a000 	X:\Program Files\Android\Android Studio2\jre\jre\bin\net.dll
0x00007ffc1af30000 - 0x00007ffc1af8c000 	X:\Windows\system32\mswsock.dll
0x00007ffc0dde0000 - 0x00007ffc0ddf1000 	X:\Program Files\Android\Android Studio2\jre\jre\bin\nio.dll
0x00007ffc0d120000 - 0x00007ffc0d13e000 	X:\Users\asd\.gradle\native\25\windows-amd64\native-platform.dll
0x00007ffc0e670000 - 0x00007ffc0e67d000 	X:\Program Files\Android\Android Studio2\jre\jre\bin\management.dll
0x00007ffc1b0e0000 - 0x00007ffc1b0f7000 	X:\Windows\SYSTEM32\CRYPTSP.dll
0x00007ffc1ab30000 - 0x00007ffc1ab63000 	X:\Windows\system32\rsaenh.dll
0x00007ffc1b5b0000 - 0x00007ffc1b5db000 	X:\Windows\SYSTEM32\bcrypt.dll
0x00007ffc1adb0000 - 0x00007ffc1adcf000 	X:\Windows\SYSTEM32\USERENV.dll
0x00007ffc1b0d0000 - 0x00007ffc1b0db000 	X:\Windows\SYSTEM32\CRYPTBASE.dll
0x00007ffc1acb0000 - 0x00007ffc1ace8000 	X:\Windows\SYSTEM32\IPHLPAPI.DLL
0x00007ffc1eca0000 - 0x00007ffc1eca8000 	X:\Windows\System32\NSI.dll
0x00007ffc14cb0000 - 0x00007ffc14cc6000 	X:\Windows\SYSTEM32\dhcpcsvc6.DLL
0x00007ffc15b10000 - 0x00007ffc15b2a000 	X:\Windows\SYSTEM32\dhcpcsvc.DLL
0x00007ffc1a3a0000 - 0x00007ffc1a3d2000 	X:\Windows\SYSTEM32\ntmarta.dll

VM Arguments:
jvm_args: -XX:MaxPermSize=512m -Xmx512m -Dfile.encoding=GBK -Duser.country=CN -Duser.language=zh -Duser.variant 
java_command: org.gradle.launcher.daemon.bootstrap.GradleDaemon 4.1
java_class_path (initial): X:\Users\asd\.gradle\wrapper\dists\gradle-4.1-all\bzyivzo6n839fup2jbap0tjew\gradle-4.1\lib\gradle-launcher-4.1.jar
Launcher Type: SUN_STANDARD

Environment Variables:
JAVA_HOME=X:\Program Files\Java\jdk1.7.0_17
CLASSPATH=.;%JAVA_HOME%\lib;%JAVA_HOME%\lib\tools.jar;E:\apache-cxf-2.4.2\lib\cxf-manifest.jar;D:\ant\apache-ant-1.9.9\lib;%CXF_HOME%\lib;%JAVA8_HOME%\lib;%JAVA8_HOME%\lib\tools.jar
PATH=X:\ProgramData\Oracle\Java\javapath\;X:\Windows\system32\;X:\Windows\;X:\Windows\System32\Wbem\;X:\Windows\System32\WindowsPowerShell\v1.0\;X:\Program Files (x86)\Java\jdk1.8.0_60\bin\;X:\Program Files (x86)\Java\jdk1.8.0_60\jre\bin;x:\Program Files (x86)\NVIDIA Corporation\PhysX\Common\;E:\mysql-5.6.34-winx64\bin\;x:\Program Files (x86)\Microsoft SQL Server\100\Tools\Binn\;x:\Program Files\Microsoft SQL Server\100\Tools\Binn\;x:\Program Files\Microsoft SQL Server\100\DTS\Binn\;X:\Program Files\Microsoft SQL Server\110\Tools\Binn\;X:\Program Files (x86)\GtkSharp\2.12\bin;X:\Program Files (x86)\Windows Kits\8.1\Windows Performance Toolkit\;X:\Users\asd\Documents\Tencent Files\312018367\FileRecv\cocos2d-x-2.2.6;X:\Program Files (x86)\PCL 1.7.2\bin;X:\Program Files (x86)\PCL 1.7.2\3rdParty\FLANN\bin;X:\Program Files (x86)\PCL 1.7.2\3rdParty\Qhull\bin;X:\Program Files (x86)\PCL 1.7.2\3rdParty\VTK\bin;X:\ProgramData\Microsoft\Windows\Start Menu\Programs\MySQL\MySQL Server 5.6;X:\Program Files (x86)\Java\jdk1.8.0_60\jre;X:\Program Files (x86)\Java\jdk1.8.0_60\bin;X:\Program Files\MySQL\MySQL Utilities 1.6\;X:\ProgramData\Microsoft\Windows\Start Menu\Programs\MySQL\MySQL Server 5.6;X:\Program Files\OpenNI\Bin;X:\Windows\system32\config\systemprofile\.dnx\bin;X:\Program Files\Microsoft DNX\Dnvm\;X:\Program Files\Microsoft SQL Server\120\Tools\Binn\;X:\Program Files\Microsoft SQL Server\130\Tools\Binn\;X:\Program Files\TortoiseSVN\bin;D:\cxf\apache-cxf-2.4.2\bin;x:\Program Files\Git\cmd;%GRADLE_HOME%\bin;X:\Users\asd\AppData\Local\Android\sdk\platforms;X:\Users\asd\AppData\Local\Android\sdk\tools;%SDK_HOME%\tools;%SDK_HOME%\platform-tools;C:\Users\cocos\frameworks\cocos2d-x-3.7\tools\cocos2d-console\bin;E:\BaiduYunDownload\cocos2d-x-3.13.1\templates;E:\BaiduYunDownload\cocos2d-x-3.13.1\tools\cocos2d-console\bin;X:\Users\asd\AppData\Local\Microsoft\WindowsApps;X:\Users\asd\AppData\Roaming\Microsoft\Windows\Start Menu\Programs\Python 3.5£»
USERNAME=asd
OS=Windows_NT
PROCESSOR_IDENTIFIER=Intel64 Family 6 Model 60 Stepping 3, GenuineIntel



---------------  S Y S T E M  ---------------

OS: Windows 10.0 , 64 bit Build 14393 (10.0.14393.1198)

CPU:total 4 (initial active 4) (2 cores per cpu, 2 threads per core) family 6 model 60 stepping 3, cmov, cx8, fxsr, mmx, sse, sse2, sse3, ssse3, sse4.1, sse4.2, popcnt, avx, avx2, aes, clmul, erms, lzcnt, ht, tsc, tscinvbit, bmi1, bmi2

Memory: 4k page, physical 4119916k(196284k free), swap 5774272k(2488k free)

vm_info: OpenJDK 64-Bit Server VM (25.152-b01) for windows-amd64 JRE (1.8.0_152-release-915-b01), built by "builder" with MS VC++ 10.0 (VS2010)

time: Wed Jan 10 19:51:28 2018
elapsed time: 114 seconds (0d 0h 1m 54s)

